[ 2018-10-19T23:48:06+08:00 ] 172.24.117.196 117.136.38.150 GET /charge/public/index.php/port/check/BudgetMoney?openid=oOcH90BusmnYjB7bxxFC4VmQd_Ak
[ log ] www.qinlh.com/charge/public/index.php/port/check/BudgetMoney?openid=oOcH90BusmnYjB7bxxFC4VmQd_Ak [运行时间：0.041059s][吞吐率：24.36req/s] [内存消耗：2,732.62kb] [文件加载：41]
[ sql ] [ DB ] CONNECT:[ UseTime:0.008565s ] mysql:dbname=bill_charge;host=39.104.52.159;port=3306;charset=utf8
[ sql ] [ SQL ] SHOW COLUMNS FROM `bill_public_follow` [ RunTime:0.001436s ]
[ sql ] [ SQL ] SELECT `f`.`uid` FROM `bill_public_follow` `f` INNER JOIN `bill_user` `u` ON `f`.`uid`=`u`.`uid` WHERE  `f`.`openid` = 'oOcH90BusmnYjB7bxxFC4VmQd_Ak' LIMIT 1   [ RunTime:0.000387s ]
[ sql ] [ SQL ] SELECT `butged`,`butged_start` FROM `bill_public_follow` WHERE  `openid` = 'oOcH90BusmnYjB7bxxFC4VmQd_Ak' LIMIT 1    [ RunTime:0.000450s ]

---------------------------------------------------------------
[ 2018-10-19T23:48:06+08:00 ] 172.24.117.196 117.136.38.150 GET /charge/public/index.php/port/check/UserCheck?openid=oOcH90BusmnYjB7bxxFC4VmQd_Ak&limit=3&lastid=0
[ log ] www.qinlh.com/charge/public/index.php/port/check/UserCheck?openid=oOcH90BusmnYjB7bxxFC4VmQd_Ak&limit=3&lastid=0 [运行时间：0.034939s][吞吐率：28.62req/s] [内存消耗：2,739.20kb] [文件加载：41]
[ sql ] [ DB ] CONNECT:[ UseTime:0.001277s ] mysql:dbname=bill_charge;host=39.104.52.159;port=3306;charset=utf8
[ sql ] [ SQL ] SHOW COLUMNS FROM `bill_public_follow` [ RunTime:0.001736s ]
[ sql ] [ SQL ] SELECT `f`.`uid` FROM `bill_public_follow` `f` INNER JOIN `bill_user` `u` ON `f`.`uid`=`u`.`uid` WHERE  `f`.`openid` = 'oOcH90BusmnYjB7bxxFC4VmQd_Ak' LIMIT 1   [ RunTime:0.000946s ]
[ sql ] [ SQL ] 
							SELECT
								sum(`money`) AS `money`,
								`time`
							FROM
								`bill_charge`
							WHERE
								`user_id` = '33495'
							AND `inout_start` = 1
							AND `time` >= unix_timestamp('2018-10-01 00:00:00')
							AND `time` <= unix_timestamp('2018-10-31 23:29:59')
							ORDER BY
								`a_id` DESC
						 [ RunTime:0.001021s ]
[ sql ] [ SQL ] 
							SELECT
								sum(`money`) AS `money`,
								`time`
							FROM
								`bill_charge`
							WHERE
								`user_id` = '33495'
							AND `inout_start` = 2
							AND `time` >= unix_timestamp('2018-10-01 00:00:00')
							AND `time` <= unix_timestamp('2018-10-31 23:29:59')
							ORDER BY
								`a_id` DESC
						 [ RunTime:0.002335s ]
[ sql ] [ SQL ] SHOW COLUMNS FROM `bill_charge` [ RunTime:0.000735s ]
[ sql ] [ SQL ] SELECT COUNT(*) AS tp_count FROM `bill_charge` WHERE  `user_id` = 33495 LIMIT 1    [ RunTime:0.000360s ]

---------------------------------------------------------------
[ 2018-10-19T23:48:07+08:00 ] 172.24.117.196 117.136.38.150 GET /charge/public/index.php/port/check/inoutClass
[ log ] www.qinlh.com/charge/public/index.php/port/check/inoutClass [运行时间：0.035116s][吞吐率：28.48req/s] [内存消耗：2,421.55kb] [文件加载：39]
[ sql ] [ DB ] CONNECT:[ UseTime:0.003031s ] mysql:dbname=bill_charge;host=39.104.52.159;port=3306;charset=utf8
[ sql ] [ SQL ] SHOW COLUMNS FROM `bill_inout_class` [ RunTime:0.002279s ]
[ sql ] [ SQL ] SELECT * FROM `bill_inout_class` WHERE  `start` = 1   [ RunTime:0.000438s ]
[ sql ] [ SQL ] SELECT * FROM `bill_inout_class` WHERE  `start` = 2   [ RunTime:0.000322s ]

---------------------------------------------------------------
[ 2018-10-19T23:48:10+08:00 ] 172.24.117.196 117.136.38.150 GET /charge/public/index.php/port/check/ThisIncomOut?openid=oOcH90BusmnYjB7bxxFC4VmQd_Ak
[ log ] www.qinlh.com/charge/public/index.php/port/check/ThisIncomOut?openid=oOcH90BusmnYjB7bxxFC4VmQd_Ak [运行时间：0.084627s][吞吐率：11.82req/s] [内存消耗：2,737.78kb] [文件加载：41]
[ sql ] [ DB ] CONNECT:[ UseTime:0.000915s ] mysql:dbname=bill_charge;host=39.104.52.159;port=3306;charset=utf8
[ sql ] [ SQL ] SHOW COLUMNS FROM `bill_public_follow` [ RunTime:0.000843s ]
[ sql ] [ SQL ] SELECT `f`.`uid` FROM `bill_public_follow` `f` INNER JOIN `bill_user` `u` ON `f`.`uid`=`u`.`uid` WHERE  `f`.`openid` = 'oOcH90BusmnYjB7bxxFC4VmQd_Ak' LIMIT 1   [ RunTime:0.000339s ]
[ sql ] [ SQL ] 
							SELECT
								sum(`money`) AS `money`
							FROM
								`bill_charge`
							WHERE
								`inout_start` = 1
							AND `time` >= unix_timestamp('2018-10-01 00:00:00')
							AND `time` <= unix_timestamp('2018-10-31 23:29:59')
							AND `user_id` = 33495
						 [ RunTime:0.015811s ]
[ sql ] [ SQL ] 
							SELECT
								ic.`a_id`,
								SUM(`money`) AS `money`,
								ic.`inout_class`,
								bc.`inout_url`,
								bc.`describe`,
								bc.`color`,
								ic.`inout_start`
							FROM
								bill_charge AS ic
							INNER JOIN `bill_inout_class` AS bc ON ic.inout_class = bc.c_id
							WHERE
								`inout_start` = 1
							AND `time` >= unix_timestamp('2018-10-01 00:00:00')
							AND `time` <= unix_timestamp('2018-10-31 23:29:59')
							AND `user_id` = 33495
							GROUP BY
								`inout_class`
							ORDER BY
							`a_id` DESC
					 [ RunTime:0.015945s ]
[ sql ] [ SQL ] 
							SELECT
								sum(`money`) AS `money`
							FROM
								`bill_charge`
							WHERE
								`inout_start` = 2
							AND `time` >= unix_timestamp('2018-10-01 00:00:00')
							AND `time` <= unix_timestamp('2018-10-31 23:29:59')
							AND `user_id` = 33495
						 [ RunTime:0.015822s ]
[ sql ] [ SQL ] 
						SELECT
							ic.`a_id`,
							SUM(`money`) AS `money`,
							ic.`inout_class`,
							bc.`inout_url`,
							bc.`describe`,
							bc.`color`,
							ic.`inout_start`
						FROM
							bill_charge AS ic
						INNER JOIN `bill_inout_class` AS bc ON ic.inout_class = bc.c_id
						WHERE
							`inout_start` = 2
						AND `time` >= unix_timestamp('2018-10-01 00:00:00')
						AND `time` <= unix_timestamp('2018-10-31 23:29:59')
						AND `user_id` = 33495
						GROUP BY
							`inout_class`
						ORDER BY
							`a_id` DESC
					 [ RunTime:0.015957s ]

---------------------------------------------------------------
[ 2018-10-19T23:48:11+08:00 ] 172.24.117.196 117.136.38.150 GET /charge/public/index.php/port/set/BudgetStart?openid=oOcH90BusmnYjB7bxxFC4VmQd_Ak
[ log ] www.qinlh.com/charge/public/index.php/port/set/BudgetStart?openid=oOcH90BusmnYjB7bxxFC4VmQd_Ak [运行时间：0.021521s][吞吐率：46.47req/s] [内存消耗：2,679.28kb] [文件加载：41]
[ sql ] [ DB ] CONNECT:[ UseTime:0.000957s ] mysql:dbname=bill_charge;host=39.104.52.159;port=3306;charset=utf8
[ sql ] [ SQL ] SHOW COLUMNS FROM `bill_public_follow` [ RunTime:0.000885s ]
[ sql ] [ SQL ] SELECT `butged`,`butged_start` FROM `bill_public_follow` WHERE  `openid` = 'oOcH90BusmnYjB7bxxFC4VmQd_Ak' LIMIT 1    [ RunTime:0.000388s ]

---------------------------------------------------------------
[ 2018-10-19T23:51:44+08:00 ] 172.24.117.196 111.147.216.120 GET /charge/public/index.php/port/login/sendCode?code=081uYdF40MjnNK1L7oE40POSE40uYdFm&PHPSESSID=
[ log ] www.qinlh.com/charge/public/index.php/port/login/sendCode?code=081uYdF40MjnNK1L7oE40POSE40uYdFm&PHPSESSID= [运行时间：0.291984s][吞吐率：3.42req/s] [内存消耗：2,548.84kb] [文件加载：42]
[ sql ] [ DB ] CONNECT:[ UseTime:0.000925s ] mysql:dbname=bill_charge;host=39.104.52.159;port=3306;charset=utf8
[ sql ] [ SQL ] SHOW COLUMNS FROM `bill_public_follow` [ RunTime:0.000839s ]
[ sql ] [ SQL ] SELECT * FROM `bill_public_follow` WHERE  `openid` = 'oOcH90M6ljehfeGa4mQjvHXxCrfQ' LIMIT 1    [ RunTime:0.000497s ]
[ sql ] [ SQL ] SHOW COLUMNS FROM `bill_user` [ RunTime:0.000748s ]
[ sql ] [ SQL ] INSERT INTO `bill_user` (`headimgurl` , `nickname` , `reg_time`) VALUES ('https://h5php.xingyuanauto.com/charge/public/uploads/images/头像.png' , '未获取' , 1539964304)     [ RunTime:0.000396s ]
[ sql ] [ SQL ] SHOW COLUMNS FROM `bill_friend` [ RunTime:0.000616s ]
[ sql ] [ SQL ] INSERT INTO `bill_friend` (`uid` , `friend_name` , `friend_imgurl` , `start` , `time`) VALUES (33496 , '未获取' , 'https://h5php.xingyuanauto.com/charge/public/uploads/images/头像.png' , 1 , 1539964304)       [ RunTime:0.000478s ]
[ sql ] [ SQL ] INSERT INTO `bill_public_follow` (`openid` , `uid` , `token`) VALUES ('oOcH90M6ljehfeGa4mQjvHXxCrfQ' , 33496 , 'gh_6d3bf5d72981')     [ RunTime:0.000660s ]

---------------------------------------------------------------
[ 2018-10-19T23:51:44+08:00 ] 172.24.117.196 111.147.216.120 GET /charge/public/index.php/port/login/sendCode?code=081np4jd26XFUD0kF7id2C89jd2np4jx&PHPSESSID=
[ log ] www.qinlh.com/charge/public/index.php/port/login/sendCode?code=081np4jd26XFUD0kF7id2C89jd2np4jx&PHPSESSID= [运行时间：0.327969s][吞吐率：3.05req/s] [内存消耗：2,533.00kb] [文件加载：42]
[ sql ] [ DB ] CONNECT:[ UseTime:0.009458s ] mysql:dbname=bill_charge;host=39.104.52.159;port=3306;charset=utf8
[ sql ] [ SQL ] SHOW COLUMNS FROM `bill_public_follow` [ RunTime:0.001661s ]
[ sql ] [ SQL ] SELECT * FROM `bill_public_follow` WHERE  `openid` = 'oOcH90M6ljehfeGa4mQjvHXxCrfQ' LIMIT 1    [ RunTime:0.000841s ]

---------------------------------------------------------------
[ 2018-10-19T23:51:44+08:00 ] 172.24.117.196 111.147.216.120 GET /charge/public/index.php/port/login/sendCode?code=001rjpZi1U9iuw0Wq2Zi1SVfZi1rjpZx&PHPSESSID=
[ log ] www.qinlh.com/charge/public/index.php/port/login/sendCode?code=001rjpZi1U9iuw0Wq2Zi1SVfZi1rjpZx&PHPSESSID= [运行时间：0.309714s][吞吐率：3.23req/s] [内存消耗：2,533.00kb] [文件加载：42]
[ sql ] [ DB ] CONNECT:[ UseTime:0.001469s ] mysql:dbname=bill_charge;host=39.104.52.159;port=3306;charset=utf8
[ sql ] [ SQL ] SHOW COLUMNS FROM `bill_public_follow` [ RunTime:0.001417s ]
[ sql ] [ SQL ] SELECT * FROM `bill_public_follow` WHERE  `openid` = 'oOcH90M6ljehfeGa4mQjvHXxCrfQ' LIMIT 1    [ RunTime:0.001394s ]

---------------------------------------------------------------
[ 2018-10-19T23:51:45+08:00 ] 172.24.117.196 111.147.216.120 GET /charge/public/index.php/port/login/saveUserInfo?encryptedData=EkZ07gqkfFzlQiFaF8iZUw2VenExhj5Jyc4SLSvFB7yurkf%2Bz0b6%2BcUikDz685nmlQ6vCGTb750qfqgl0MSCJiwNcKUpv4PgBUwv1ChkZuaV4o9euGTkogd2qeqrVralQVzpWquXgaonv0aYzkk%2B4M4XQGYayqa95i1tl0gMreNIj9pRZkTGkY%2Fx8Ks67fBzCVPiTibHN9vCPJ3x9qKmBMpEG9Ic%2BSvlNfb03C%2BOM1xTa2j7XHNnJnxN95CPCcAApQ6tViWOrZesCnE%2BJA%2BJsQmvAmB6bgmKHA5OYIOjDA1VDTyehtLBe18cVIyTiOthjfXmUkVWZEr4tK3UREZYDkNd5qdClSmsoLmLd1B3bFAv1xO5xT%2FLGaegfdBdbDQnVTrEyzXhJJW09ZXQX7M0xh6CxjPuvnmQ8KLBrSwUfO0JuvDqGPCquuA5NJ3TfwAq1Zhy6Ti4yjDlUO4VhgPzXGPSjmuV1EXVJIHI2HKtUqs%3D&PHPSESSID=YOXOzKOVwOxLnHPaKGYfniI3Bqd&iv=UCdW7igl2nxSBXsfjOjdLA%3D%3D
[ log ] www.qinlh.com/charge/public/index.php/port/login/saveUserInfo?encryptedData=EkZ07gqkfFzlQiFaF8iZUw2VenExhj5Jyc4SLSvFB7yurkf%2Bz0b6%2BcUikDz685nmlQ6vCGTb750qfqgl0MSCJiwNcKUpv4PgBUwv1ChkZuaV4o9euGTkogd2qeqrVralQVzpWquXgaonv0aYzkk%2B4M4XQGYayqa95i1tl0gMreNIj9pRZkTGkY%2Fx8Ks67fBzCVPiTibHN9vCPJ3x9qKmBMpEG9Ic%2BSvlNfb03C%2BOM1xTa2j7XHNnJnxN95CPCcAApQ6tViWOrZesCnE%2BJA%2BJsQmvAmB6bgmKHA5OYIOjDA1VDTyehtLBe18cVIyTiOthjfXmUkVWZEr4tK3UREZYDkNd5qdClSmsoLmLd1B3bFAv1xO5xT%2FLGaegfdBdbDQnVTrEyzXhJJW09ZXQX7M0xh6CxjPuvnmQ8KLBrSwUfO0JuvDqGPCquuA5NJ3TfwAq1Zhy6Ti4yjDlUO4VhgPzXGPSjmuV1EXVJIHI2HKtUqs%3D&PHPSESSID=YOXOzKOVwOxLnHPaKGYfniI3Bqd&iv=UCdW7igl2nxSBXsfjOjdLA%3D%3D [运行时间：0.076483s][吞吐率：13.07req/s] [内存消耗：2,570.41kb] [文件加载：45]
[ sql ] [ DB ] CONNECT:[ UseTime:0.000878s ] mysql:dbname=bill_charge;host=39.104.52.159;port=3306;charset=utf8
[ sql ] [ SQL ] SHOW COLUMNS FROM `bill_user` [ RunTime:0.000931s ]
[ sql ] [ SQL ] UPDATE `bill_user`  SET `nickname`='广林八千日',`sex`=1,`city`='Fuzhou',`province`='Fujian',`country`='China',`headimgurl`='https://wx.qlogo.cn/mmopen/vi_32/DYAIOgq83epA2kZKMsc6QXYnxnlMhom9KSdsv27dkbPOk0pln9GYuAEbF2viabqjvgwqoicKmJlsuaQ8xRKPv1Hg/132'  WHERE  `uid` = 33496          [ RunTime:0.000477s ]
[ sql ] [ SQL ] SHOW COLUMNS FROM `bill_friend` [ RunTime:0.000688s ]
[ sql ] [ SQL ] SELECT * FROM `bill_friend` WHERE  `uid` = 33496 LIMIT 1    [ RunTime:0.007008s ]
[ sql ] [ SQL ] UPDATE `bill_friend`  SET `start`=1,`friend_name`='广林八千日',`friend_imgurl`='https://wx.qlogo.cn/mmopen/vi_32/DYAIOgq83epA2kZKMsc6QXYnxnlMhom9KSdsv27dkbPOk0pln9GYuAEbF2viabqjvgwqoicKmJlsuaQ8xRKPv1Hg/132',`time`=1539964305  WHERE  `uid` = 33496        [ RunTime:0.047300s ]

---------------------------------------------------------------
[ 2018-10-19T23:51:45+08:00 ] 172.24.117.196 111.147.216.120 GET /charge/public/index.php/port/login/saveUserInfo?encryptedData=KUohh8ECT6Wg0pYwandtj8Xd8x12tDOjHyPE%2FSLxZwJTkKhMNmhvWd7vYvEeg5Nunul8qeABNcrgXDcJ7mEbXAsjfdf88C9psS7UayriBMMBi8XsIJy1TIvjw5oScxrLA1R8GuUC2wvEqya0736wwV5QlF9ZWfC3dKExZaoMVvp5ZBKepS8RXt9eWTSeZ71IrJ3sl%2BAHfEBvigqD46hQbKShKFC0hg%2Bxj6W2BNVgDq1eaAAtVSn9yUbs0758ViTGIiyFK1isZo2xOFwnV6ZXeHWbbYu8EA3J9G94DVIpPP0RUVLwNlZG8fxT1wCzGLdvKBmO1U%2FUiZTYl1FCfBteOuneo7aO%2FHg8Anm4eXPrwuSMl6I%2BRaeaR%2FsWBJkzVLli5NghDcLq6vx8btrzQ0XJ6Qju%2F8lEJsaMxiJkfaKi7rkQApLOLARXsV2utGxud33wNwXdlCcMZZLwvGW5lMAdp9oWyozPjxyjBT1qbPFh9lU%3D&PHPSESSID=YOXOzKOVwOxLnHPaKGYfniI3Bqd&iv=riaa5y4gTxH9%2Bt9avlbKGQ%3D%3D
[ log ] www.qinlh.com/charge/public/index.php/port/login/saveUserInfo?encryptedData=KUohh8ECT6Wg0pYwandtj8Xd8x12tDOjHyPE%2FSLxZwJTkKhMNmhvWd7vYvEeg5Nunul8qeABNcrgXDcJ7mEbXAsjfdf88C9psS7UayriBMMBi8XsIJy1TIvjw5oScxrLA1R8GuUC2wvEqya0736wwV5QlF9ZWfC3dKExZaoMVvp5ZBKepS8RXt9eWTSeZ71IrJ3sl%2BAHfEBvigqD46hQbKShKFC0hg%2Bxj6W2BNVgDq1eaAAtVSn9yUbs0758ViTGIiyFK1isZo2xOFwnV6ZXeHWbbYu8EA3J9G94DVIpPP0RUVLwNlZG8fxT1wCzGLdvKBmO1U%2FUiZTYl1FCfBteOuneo7aO%2FHg8Anm4eXPrwuSMl6I%2BRaeaR%2FsWBJkzVLli5NghDcLq6vx8btrzQ0XJ6Qju%2F8lEJsaMxiJkfaKi7rkQApLOLARXsV2utGxud33wNwXdlCcMZZLwvGW5lMAdp9oWyozPjxyjBT1qbPFh9lU%3D&PHPSESSID=YOXOzKOVwOxLnHPaKGYfniI3Bqd&iv=riaa5y4gTxH9%2Bt9avlbKGQ%3D%3D [运行时间：0.077172s][吞吐率：12.96req/s] [内存消耗：2,570.45kb] [文件加载：45]
[ sql ] [ DB ] CONNECT:[ UseTime:0.000904s ] mysql:dbname=bill_charge;host=39.104.52.159;port=3306;charset=utf8
[ sql ] [ SQL ] SHOW COLUMNS FROM `bill_user` [ RunTime:0.000938s ]
[ sql ] [ SQL ] UPDATE `bill_user`  SET `nickname`='广林八千日',`sex`=1,`city`='Fuzhou',`province`='Fujian',`country`='China',`headimgurl`='https://wx.qlogo.cn/mmopen/vi_32/DYAIOgq83epA2kZKMsc6QXYnxnlMhom9KSdsv27dkbPOk0pln9GYuAEbF2viabqjvgwqoicKmJlsuaQ8xRKPv1Hg/132'  WHERE  `uid` = 33496          [ RunTime:0.000477s ]
[ sql ] [ SQL ] SHOW COLUMNS FROM `bill_friend` [ RunTime:0.000645s ]
[ sql ] [ SQL ] SELECT * FROM `bill_friend` WHERE  `uid` = 33496 LIMIT 1    [ RunTime:0.007936s ]
[ sql ] [ SQL ] UPDATE `bill_friend`  SET `start`=1,`friend_name`='广林八千日',`friend_imgurl`='https://wx.qlogo.cn/mmopen/vi_32/DYAIOgq83epA2kZKMsc6QXYnxnlMhom9KSdsv27dkbPOk0pln9GYuAEbF2viabqjvgwqoicKmJlsuaQ8xRKPv1Hg/132',`time`=1539964305  WHERE  `uid` = 33496        [ RunTime:0.046264s ]

---------------------------------------------------------------
[ 2018-10-19T23:51:45+08:00 ] 172.24.117.196 111.147.216.120 GET /charge/public/index.php/port/login/saveUserInfo?encryptedData=FHcIkcT1r%2FFTEKjbdI0rDwjCWpG%2B5AyQnZ9nldv9WFDI3qW8b7AjhkSTHBV5VpIu1nUqsMPdhOFOPDDS5PnmtbQIxRGk0bZhfR5s9ELXCK7Q3F1d9vJH2n8chi5bTLSPKRsUdQnjFwkyfasWOI6nUVYtjVJFajY%2FHL4Z4N%2BUOnQKYpGV9nGjIUmaBsf19oFEx77I26PhUy8uPoRxQvKyLNj7PdjpQROfw09GPxbixmdm3VRPq6t0CjdygufAkjt%2BNKf%2Fc0UhKz5uBAyifpwawSENIuZ5ZWmvVY8oHRsS%2F%2FOKNvew1MpyMrWjyXRg3KPeDcGIxcjkKo2AiBmXiLexyFQC%2FN7NTjEyzhR%2FA7JtfwhHStsB%2BqR%2B%2BtrohBq3sxPpx2lMWzj49%2BHbV0EWjAdsI07AtlzX0S7RkfyHR5TFQ7KGS7iQcsqVmQR2KDxmO6%2FEuxMWuP57UTIqDI%2FnRy0rqRFe634skKduCh13VxrX3tM%3D&PHPSESSID=YOXOzKOVwOxLnHPaKGYfniI3Bqd&iv=ESIPyvtzZfn7YH8iPX5yzw%3D%3D
[ log ] www.qinlh.com/charge/public/index.php/port/login/saveUserInfo?encryptedData=FHcIkcT1r%2FFTEKjbdI0rDwjCWpG%2B5AyQnZ9nldv9WFDI3qW8b7AjhkSTHBV5VpIu1nUqsMPdhOFOPDDS5PnmtbQIxRGk0bZhfR5s9ELXCK7Q3F1d9vJH2n8chi5bTLSPKRsUdQnjFwkyfasWOI6nUVYtjVJFajY%2FHL4Z4N%2BUOnQKYpGV9nGjIUmaBsf19oFEx77I26PhUy8uPoRxQvKyLNj7PdjpQROfw09GPxbixmdm3VRPq6t0CjdygufAkjt%2BNKf%2Fc0UhKz5uBAyifpwawSENIuZ5ZWmvVY8oHRsS%2F%2FOKNvew1MpyMrWjyXRg3KPeDcGIxcjkKo2AiBmXiLexyFQC%2FN7NTjEyzhR%2FA7JtfwhHStsB%2BqR%2B%2BtrohBq3sxPpx2lMWzj49%2BHbV0EWjAdsI07AtlzX0S7RkfyHR5TFQ7KGS7iQcsqVmQR2KDxmO6%2FEuxMWuP57UTIqDI%2FnRy0rqRFe634skKduCh13VxrX3tM%3D&PHPSESSID=YOXOzKOVwOxLnHPaKGYfniI3Bqd&iv=ESIPyvtzZfn7YH8iPX5yzw%3D%3D [运行时间：0.068451s][吞吐率：14.61req/s] [内存消耗：2,570.28kb] [文件加载：45]
[ sql ] [ DB ] CONNECT:[ UseTime:0.000919s ] mysql:dbname=bill_charge;host=39.104.52.159;port=3306;charset=utf8
[ sql ] [ SQL ] SHOW COLUMNS FROM `bill_user` [ RunTime:0.000948s ]
[ sql ] [ SQL ] UPDATE `bill_user`  SET `nickname`='广林八千日',`sex`=1,`city`='Fuzhou',`province`='Fujian',`country`='China',`headimgurl`='https://wx.qlogo.cn/mmopen/vi_32/DYAIOgq83epA2kZKMsc6QXYnxnlMhom9KSdsv27dkbPOk0pln9GYuAEbF2viabqjvgwqoicKmJlsuaQ8xRKPv1Hg/132'  WHERE  `uid` = 33496          [ RunTime:0.000464s ]
[ sql ] [ SQL ] SHOW COLUMNS FROM `bill_friend` [ RunTime:0.000659s ]
[ sql ] [ SQL ] SELECT * FROM `bill_friend` WHERE  `uid` = 33496 LIMIT 1    [ RunTime:0.000325s ]
[ sql ] [ SQL ] UPDATE `bill_friend`  SET `start`=1,`friend_name`='广林八千日',`friend_imgurl`='https://wx.qlogo.cn/mmopen/vi_32/DYAIOgq83epA2kZKMsc6QXYnxnlMhom9KSdsv27dkbPOk0pln9GYuAEbF2viabqjvgwqoicKmJlsuaQ8xRKPv1Hg/132',`time`=1539964305  WHERE  `uid` = 33496        [ RunTime:0.046284s ]

---------------------------------------------------------------
[ 2018-10-19T23:52:19+08:00 ] 172.24.117.196 223.166.222.11 GET /charge/public/index.php/port/login/sendCode?code=011Ve33w0o99Hj1dX44w0y1f3w0Ve33j&PHPSESSID=
[ log ] www.qinlh.com/charge/public/index.php/port/login/sendCode?code=011Ve33w0o99Hj1dX44w0y1f3w0Ve33j&PHPSESSID= [运行时间：0.335587s][吞吐率：2.98req/s] [内存消耗：2,532.94kb] [文件加载：42]
[ sql ] [ DB ] CONNECT:[ UseTime:0.001054s ] mysql:dbname=bill_charge;host=39.104.52.159;port=3306;charset=utf8
[ sql ] [ SQL ] SHOW COLUMNS FROM `bill_public_follow` [ RunTime:0.000929s ]
[ sql ] [ SQL ] SELECT * FROM `bill_public_follow` WHERE  `openid` = 'oOcH90GytPSCG6Qe6vhHnbHUKnjo' LIMIT 1    [ RunTime:0.000609s ]

---------------------------------------------------------------
[ 2018-10-19T23:52:22+08:00 ] 172.24.117.196 223.166.222.11 GET /charge/public/index.php/port/login/sendCode?code=001dVneC0JegYe2UvxdC0ruFeC0dVne7&PHPSESSID=
[ log ] www.qinlh.com/charge/public/index.php/port/login/sendCode?code=001dVneC0JegYe2UvxdC0ruFeC0dVne7&PHPSESSID= [运行时间：0.300893s][吞吐率：3.32req/s] [内存消耗：2,532.94kb] [文件加载：42]
[ sql ] [ DB ] CONNECT:[ UseTime:0.000969s ] mysql:dbname=bill_charge;host=39.104.52.159;port=3306;charset=utf8
[ sql ] [ SQL ] SHOW COLUMNS FROM `bill_public_follow` [ RunTime:0.002835s ]
[ sql ] [ SQL ] SELECT * FROM `bill_public_follow` WHERE  `openid` = 'oOcH90GytPSCG6Qe6vhHnbHUKnjo' LIMIT 1    [ RunTime:0.000378s ]

---------------------------------------------------------------
[ 2018-10-19T23:52:23+08:00 ] 172.24.117.196 223.166.222.11 GET /charge/public/index.php/port/login/saveUserInfo?encryptedData=IkZNEToHMzsio0tG%2FOrNAVVcImqdawEJ7qmloUH45A7g6yF9kzmEjOBkVlKvU%2F%2FN0Bb2nwPV0aw%2B69upmB0r5fGychtnGgxcogdvMfhMNdm22B1nyLQgvCEWXWg6%2Fjxw3DJp4bQLphtLml9nU7o3Ip7%2FlbC%2FDVNAoBsucScLkOZBIKqmuL9%2BqaIUGo6jHxEl1rjn0oDyOrtqixWc04Hq0FROHDqKtcl1nq7p7VbszoIqiZjGDxqHWk%2FbTMUvosOma4%2BIVuPqHeSn7PvLESH5ONUMYdLG4IUBk9b1jhi%2BSC4pwzfVxqk%2F9ms2c%2FVWI3pNEDs4p3khtmZF%2BRqpe%2FRhmoTqloCDlRlArjKqLKYxXzmH%2FF20ACNm2EZFETrcGizrWtsnPLZ%2B3fGo3gVrfGT2yy3VVk5QeIqucmIzBRvLIReDGCG6KtCYxzqiwMSZ8oqJ&PHPSESSID=RQppJ6X3NfDHfCfOJopKYQiOOPk&iv=LEtsawn2UmmdEWdMrp5cuA%3D%3D
[ log ] www.qinlh.com/charge/public/index.php/port/login/saveUserInfo?encryptedData=IkZNEToHMzsio0tG%2FOrNAVVcImqdawEJ7qmloUH45A7g6yF9kzmEjOBkVlKvU%2F%2FN0Bb2nwPV0aw%2B69upmB0r5fGychtnGgxcogdvMfhMNdm22B1nyLQgvCEWXWg6%2Fjxw3DJp4bQLphtLml9nU7o3Ip7%2FlbC%2FDVNAoBsucScLkOZBIKqmuL9%2BqaIUGo6jHxEl1rjn0oDyOrtqixWc04Hq0FROHDqKtcl1nq7p7VbszoIqiZjGDxqHWk%2FbTMUvosOma4%2BIVuPqHeSn7PvLESH5ONUMYdLG4IUBk9b1jhi%2BSC4pwzfVxqk%2F9ms2c%2FVWI3pNEDs4p3khtmZF%2BRqpe%2FRhmoTqloCDlRlArjKqLKYxXzmH%2FF20ACNm2EZFETrcGizrWtsnPLZ%2B3fGo3gVrfGT2yy3VVk5QeIqucmIzBRvLIReDGCG6KtCYxzqiwMSZ8oqJ&PHPSESSID=RQppJ6X3NfDHfCfOJopKYQiOOPk&iv=LEtsawn2UmmdEWdMrp5cuA%3D%3D [运行时间：0.075725s][吞吐率：13.21req/s] [内存消耗：2,570.29kb] [文件加载：45]
[ sql ] [ DB ] CONNECT:[ UseTime:0.000950s ] mysql:dbname=bill_charge;host=39.104.52.159;port=3306;charset=utf8
[ sql ] [ SQL ] SHOW COLUMNS FROM `bill_user` [ RunTime:0.000940s ]
[ sql ] [ SQL ] UPDATE `bill_user`  SET `nickname`='武松',`sex`=0,`city`='',`province`='',`country`='',`headimgurl`='https://wx.qlogo.cn/mmopen/vi_32/Q0j4TwGTfTIbN16WmJbeEl70GlVOBibTOFHrm7hYqv4icicXy3hagGzTybO0F6an1HJU0gXZvxxPDsKSVzocX11VQ/132'  WHERE  `uid` = 31878          [ RunTime:0.000781s ]
[ sql ] [ SQL ] SHOW COLUMNS FROM `bill_friend` [ RunTime:0.000744s ]
[ sql ] [ SQL ] SELECT * FROM `bill_friend` WHERE  `uid` = 31878 LIMIT 1    [ RunTime:0.006623s ]
[ sql ] [ SQL ] UPDATE `bill_friend`  SET `start`=1,`friend_name`='武松',`friend_imgurl`='https://wx.qlogo.cn/mmopen/vi_32/Q0j4TwGTfTIbN16WmJbeEl70GlVOBibTOFHrm7hYqv4icicXy3hagGzTybO0F6an1HJU0gXZvxxPDsKSVzocX11VQ/132',`time`=1539964343  WHERE  `uid` = 31878        [ RunTime:0.046675s ]

---------------------------------------------------------------
[ 2018-10-19T23:52:32+08:00 ] 172.24.117.196 223.166.222.11 GET /charge/public/index.php/port/check/UserCheck?openid=oOcH90GytPSCG6Qe6vhHnbHUKnjo&limit=3&lastid=0
[ log ] www.qinlh.com/charge/public/index.php/port/check/UserCheck?openid=oOcH90GytPSCG6Qe6vhHnbHUKnjo&limit=3&lastid=0 [运行时间：0.145474s][吞吐率：6.87req/s] [内存消耗：2,739.55kb] [文件加载：41]
[ sql ] [ DB ] CONNECT:[ UseTime:0.001161s ] mysql:dbname=bill_charge;host=39.104.52.159;port=3306;charset=utf8
[ sql ] [ SQL ] SHOW COLUMNS FROM `bill_public_follow` [ RunTime:0.001104s ]
[ sql ] [ SQL ] SELECT `f`.`uid` FROM `bill_public_follow` `f` INNER JOIN `bill_user` `u` ON `f`.`uid`=`u`.`uid` WHERE  `f`.`openid` = 'oOcH90GytPSCG6Qe6vhHnbHUKnjo' LIMIT 1   [ RunTime:0.000624s ]
[ sql ] [ SQL ] 
							SELECT
								sum(`money`) AS `money`,
								`time`
							FROM
								`bill_charge`
							WHERE
								`user_id` = '31878'
							AND `inout_start` = 1
							AND `time` >= unix_timestamp('2018-10-01 00:00:00')
							AND `time` <= unix_timestamp('2018-10-31 23:29:59')
							ORDER BY
								`a_id` DESC
						 [ RunTime:0.027233s ]
[ sql ] [ SQL ] 
							SELECT
								sum(`money`) AS `money`,
								`time`
							FROM
								`bill_charge`
							WHERE
								`user_id` = '31878'
							AND `inout_start` = 2
							AND `time` >= unix_timestamp('2018-10-01 00:00:00')
							AND `time` <= unix_timestamp('2018-10-31 23:29:59')
							ORDER BY
								`a_id` DESC
						 [ RunTime:0.028838s ]
[ sql ] [ SQL ] SHOW COLUMNS FROM `bill_charge` [ RunTime:0.027454s ]
[ sql ] [ SQL ] SELECT COUNT(*) AS tp_count FROM `bill_charge` WHERE  `user_id` = 31878 LIMIT 1    [ RunTime:0.028926s ]

---------------------------------------------------------------
[ 2018-10-19T23:52:32+08:00 ] 172.24.117.196 223.166.222.11 GET /charge/public/index.php/port/check/BudgetMoney?openid=oOcH90GytPSCG6Qe6vhHnbHUKnjo
[ log ] www.qinlh.com/charge/public/index.php/port/check/BudgetMoney?openid=oOcH90GytPSCG6Qe6vhHnbHUKnjo [运行时间：0.063794s][吞吐率：15.68req/s] [内存消耗：2,732.91kb] [文件加载：41]
[ sql ] [ DB ] CONNECT:[ UseTime:0.012900s ] mysql:dbname=bill_charge;host=39.104.52.159;port=3306;charset=utf8
[ sql ] [ SQL ] SHOW COLUMNS FROM `bill_public_follow` [ RunTime:0.011601s ]
[ sql ] [ SQL ] SELECT `f`.`uid` FROM `bill_public_follow` `f` INNER JOIN `bill_user` `u` ON `f`.`uid`=`u`.`uid` WHERE  `f`.`openid` = 'oOcH90GytPSCG6Qe6vhHnbHUKnjo' LIMIT 1   [ RunTime:0.009251s ]
[ sql ] [ SQL ] SELECT `butged`,`butged_start` FROM `bill_public_follow` WHERE  `openid` = 'oOcH90GytPSCG6Qe6vhHnbHUKnjo' LIMIT 1    [ RunTime:0.000745s ]

---------------------------------------------------------------
[ 2018-10-19T23:52:32+08:00 ] 172.24.117.196 223.166.222.11 GET /charge/public/index.php/port/login/sendCode?code=061yf5J52G7L9L0bLhL52KyaJ52yf5J4&PHPSESSID=RQppJ6X3NfDHfCfOJopKYQiOOPk
[ log ] www.qinlh.com/charge/public/index.php/port/login/sendCode?code=061yf5J52G7L9L0bLhL52KyaJ52yf5J4&PHPSESSID=RQppJ6X3NfDHfCfOJopKYQiOOPk [运行时间：0.300707s][吞吐率：3.33req/s] [内存消耗：2,532.88kb] [文件加载：42]
[ sql ] [ DB ] CONNECT:[ UseTime:0.001168s ] mysql:dbname=bill_charge;host=39.104.52.159;port=3306;charset=utf8
[ sql ] [ SQL ] SHOW COLUMNS FROM `bill_public_follow` [ RunTime:0.001053s ]
[ sql ] [ SQL ] SELECT * FROM `bill_public_follow` WHERE  `openid` = 'oOcH90GytPSCG6Qe6vhHnbHUKnjo' LIMIT 1    [ RunTime:0.000405s ]

---------------------------------------------------------------
[ 2018-10-19T23:52:33+08:00 ] 172.24.117.196 223.166.222.11 GET /charge/public/index.php/port/login/saveUserInfo?encryptedData=4tgOFov%2F8sa6w83eJyfsuFn0ze9NJj52qMem5CJH6yOYWsKVQkkUa%2FwZaf7PY9MzFjklkXr%2F%2F5VHh2FrL8QDowQEYlidWoNDzM5cwhJQBFAvVh7G8d6flthPugnLwvXX4WpayD7fge%2F1bZeDJ2xz9B15YyunY2jm9hi%2FmibyJe3aKVJTu7LlP93z8%2BsszrMD0mdUcHZNHcq%2BkGXsWmBuZDw0iCNfZzBy%2B4zQznKXt1PeeEgqLkK%2FHW6gAWfMABq2iVB%2BT7DKukRQfD4toSDtNP4a959qS1dstoMfNCOaOybp2R6JykEmQO9U3qrWyIAMt9kbkD1SyU2FdWYazTiDZ2MPYI7SdvMcQNyQtZ%2F9dh7eLJYPY9fgtoOTGP6CoNbYBFH1aiJ%2FE0WvAo2A8JayYAGwAGorZkKyqQj2qdLQJlrMGxc7oxkE5xbTAUvKbrDl&PHPSESSID=5XvbQwkB2GH6pwVJw2nPrVuom42&iv=PrH3inh7uPHdNaZCuwLRZQ%3D%3D
[ log ] www.qinlh.com/charge/public/index.php/port/login/saveUserInfo?encryptedData=4tgOFov%2F8sa6w83eJyfsuFn0ze9NJj52qMem5CJH6yOYWsKVQkkUa%2FwZaf7PY9MzFjklkXr%2F%2F5VHh2FrL8QDowQEYlidWoNDzM5cwhJQBFAvVh7G8d6flthPugnLwvXX4WpayD7fge%2F1bZeDJ2xz9B15YyunY2jm9hi%2FmibyJe3aKVJTu7LlP93z8%2BsszrMD0mdUcHZNHcq%2BkGXsWmBuZDw0iCNfZzBy%2B4zQznKXt1PeeEgqLkK%2FHW6gAWfMABq2iVB%2BT7DKukRQfD4toSDtNP4a959qS1dstoMfNCOaOybp2R6JykEmQO9U3qrWyIAMt9kbkD1SyU2FdWYazTiDZ2MPYI7SdvMcQNyQtZ%2F9dh7eLJYPY9fgtoOTGP6CoNbYBFH1aiJ%2FE0WvAo2A8JayYAGwAGorZkKyqQj2qdLQJlrMGxc7oxkE5xbTAUvKbrDl&PHPSESSID=5XvbQwkB2GH6pwVJw2nPrVuom42&iv=PrH3inh7uPHdNaZCuwLRZQ%3D%3D [运行时间：0.109798s][吞吐率：9.11req/s] [内存消耗：2,570.30kb] [文件加载：45]
[ sql ] [ DB ] CONNECT:[ UseTime:0.001365s ] mysql:dbname=bill_charge;host=39.104.52.159;port=3306;charset=utf8
[ sql ] [ SQL ] SHOW COLUMNS FROM `bill_user` [ RunTime:0.001222s ]
[ sql ] [ SQL ] UPDATE `bill_user`  SET `nickname`='武松',`sex`=0,`city`='',`province`='',`country`='',`headimgurl`='https://wx.qlogo.cn/mmopen/vi_32/Q0j4TwGTfTIbN16WmJbeEl70GlVOBibTOFHrm7hYqv4icicXy3hagGzTybO0F6an1HJU0gXZvxxPDsKSVzocX11VQ/132'  WHERE  `uid` = 31878          [ RunTime:0.000657s ]
[ sql ] [ SQL ] SHOW COLUMNS FROM `bill_friend` [ RunTime:0.000873s ]
[ sql ] [ SQL ] SELECT * FROM `bill_friend` WHERE  `uid` = 31878 LIMIT 1    [ RunTime:0.010210s ]
[ sql ] [ SQL ] UPDATE `bill_friend`  SET `start`=1,`friend_name`='武松',`friend_imgurl`='https://wx.qlogo.cn/mmopen/vi_32/Q0j4TwGTfTIbN16WmJbeEl70GlVOBibTOFHrm7hYqv4icicXy3hagGzTybO0F6an1HJU0gXZvxxPDsKSVzocX11VQ/132',`time`=1539964353  WHERE  `uid` = 31878        [ RunTime:0.066251s ]

---------------------------------------------------------------
[ 2018-10-19T23:53:53+08:00 ] 172.24.117.196 223.166.222.11 GET /charge/public/index.php/port/set/BudgetStart?openid=oOcH90GytPSCG6Qe6vhHnbHUKnjo
[ log ] www.qinlh.com/charge/public/index.php/port/set/BudgetStart?openid=oOcH90GytPSCG6Qe6vhHnbHUKnjo [运行时间：0.019846s][吞吐率：50.39req/s] [内存消耗：2,679.58kb] [文件加载：41]
[ sql ] [ DB ] CONNECT:[ UseTime:0.000978s ] mysql:dbname=bill_charge;host=39.104.52.159;port=3306;charset=utf8
[ sql ] [ SQL ] SHOW COLUMNS FROM `bill_public_follow` [ RunTime:0.000891s ]
[ sql ] [ SQL ] SELECT `butged`,`butged_start` FROM `bill_public_follow` WHERE  `openid` = 'oOcH90GytPSCG6Qe6vhHnbHUKnjo' LIMIT 1    [ RunTime:0.000351s ]

---------------------------------------------------------------
[ 2018-10-19T23:53:58+08:00 ] 172.24.117.196 106.17.2.28 GET /charge/public/index.php/port/check/BudgetMoney?openid=oOcH90NiEoKQvwcGw4bD6qHs5s40
[ log ] www.qinlh.com/charge/public/index.php/port/check/BudgetMoney?openid=oOcH90NiEoKQvwcGw4bD6qHs5s40 [运行时间：0.070424s][吞吐率：14.20req/s] [内存消耗：2,733.02kb] [文件加载：41]
[ sql ] [ DB ] CONNECT:[ UseTime:0.007992s ] mysql:dbname=bill_charge;host=39.104.52.159;port=3306;charset=utf8
[ sql ] [ SQL ] SHOW COLUMNS FROM `bill_public_follow` [ RunTime:0.001818s ]
[ sql ] [ SQL ] SELECT `f`.`uid` FROM `bill_public_follow` `f` INNER JOIN `bill_user` `u` ON `f`.`uid`=`u`.`uid` WHERE  `f`.`openid` = 'oOcH90NiEoKQvwcGw4bD6qHs5s40' LIMIT 1   [ RunTime:0.000801s ]
[ sql ] [ SQL ] SELECT `butged`,`butged_start` FROM `bill_public_follow` WHERE  `openid` = 'oOcH90NiEoKQvwcGw4bD6qHs5s40' LIMIT 1    [ RunTime:0.018244s ]

---------------------------------------------------------------
[ 2018-10-19T23:53:58+08:00 ] 172.24.117.196 106.17.2.28 GET /charge/public/index.php/port/check/UserCheck?openid=oOcH90NiEoKQvwcGw4bD6qHs5s40&limit=3&lastid=0
[ log ] www.qinlh.com/charge/public/index.php/port/check/UserCheck?openid=oOcH90NiEoKQvwcGw4bD6qHs5s40&limit=3&lastid=0 [运行时间：0.416456s][吞吐率：2.40req/s] [内存消耗：2,754.91kb] [文件加载：41]
[ sql ] [ DB ] CONNECT:[ UseTime:0.001609s ] mysql:dbname=bill_charge;host=39.104.52.159;port=3306;charset=utf8
[ sql ] [ SQL ] SHOW COLUMNS FROM `bill_public_follow` [ RunTime:0.001481s ]
[ sql ] [ SQL ] SELECT `f`.`uid` FROM `bill_public_follow` `f` INNER JOIN `bill_user` `u` ON `f`.`uid`=`u`.`uid` WHERE  `f`.`openid` = 'oOcH90NiEoKQvwcGw4bD6qHs5s40' LIMIT 1   [ RunTime:0.000781s ]
[ sql ] [ SQL ] 
							SELECT
								sum(`money`) AS `money`,
								`time`
							FROM
								`bill_charge`
							WHERE
								`user_id` = '12568'
							AND `inout_start` = 1
							AND `time` >= unix_timestamp('2018-10-01 00:00:00')
							AND `time` <= unix_timestamp('2018-10-31 23:29:59')
							ORDER BY
								`a_id` DESC
						 [ RunTime:0.018924s ]
[ sql ] [ SQL ] 
							SELECT
								sum(`money`) AS `money`,
								`time`
							FROM
								`bill_charge`
							WHERE
								`user_id` = '12568'
							AND `inout_start` = 2
							AND `time` >= unix_timestamp('2018-10-01 00:00:00')
							AND `time` <= unix_timestamp('2018-10-31 23:29:59')
							ORDER BY
								`a_id` DESC
						 [ RunTime:0.020197s ]
[ sql ] [ SQL ] SHOW COLUMNS FROM `bill_charge` [ RunTime:0.000823s ]
[ sql ] [ SQL ] SELECT COUNT(*) AS tp_count FROM `bill_charge` WHERE  `user_id` = 12568 LIMIT 1    [ RunTime:0.026252s ]
[ sql ] [ SQL ] 
						SELECT
							time,
							a_id
						FROM
							bill_charge
						WHERE
							a_id > 0 and user_id = 12568
						GROUP BY
							time
						ORDER BY
							a_id DESC
						LIMIT 3
					 [ RunTime:0.133924s ]
[ sql ] [ SQL ] 
						SELECT
							time,
							a_id
						FROM
							bill_charge
						WHERE
							a_id > 0 and user_id = 12568
						GROUP BY
							time
						ORDER BY
							time DESC
					 [ RunTime:0.016550s ]
[ sql ] [ SQL ] 
									SELECT
										time,
										inout_start,
										sum(money) AS money
									FROM
										bill_charge
									WHERE
										user_id = 12568
									AND inout_start = 1
									AND time = 1539878400
									GROUP BY
										time
							 [ RunTime:0.015834s ]
[ sql ] [ SQL ] 
										SELECT
											time,
											inout_start,
											sum(money) AS money
										FROM
											bill_charge
										WHERE
											user_id = 12568
										AND inout_start = 2
										AND time = 1539878400
										GROUP BY
											time
									 [ RunTime:0.016815s ]
[ sql ] [ SQL ] SELECT * FROM `bill_charge` `c` INNER JOIN `bill_inout_class` `i` ON `c`.`inout_class`=`i`.`c_id` WHERE  `c`.`time` = 1539878400  AND `c`.`user_id` = 12568 ORDER BY c.a_id desc  [ RunTime:0.016671s ]
[ sql ] [ SQL ] 
									SELECT
										time,
										inout_start,
										sum(money) AS money
									FROM
										bill_charge
									WHERE
										user_id = 12568
									AND inout_start = 1
									AND time = 1539792000
									GROUP BY
										time
							 [ RunTime:0.016009s ]
[ sql ] [ SQL ] 
										SELECT
											time,
											inout_start,
											sum(money) AS money
										FROM
											bill_charge
										WHERE
											user_id = 12568
										AND inout_start = 2
										AND time = 1539792000
										GROUP BY
											time
									 [ RunTime:0.015894s ]
[ sql ] [ SQL ] SELECT * FROM `bill_charge` `c` INNER JOIN `bill_inout_class` `i` ON `c`.`inout_class`=`i`.`c_id` WHERE  `c`.`time` = 1539792000  AND `c`.`user_id` = 12568 ORDER BY c.a_id desc  [ RunTime:0.016805s ]
[ sql ] [ SQL ] 
									SELECT
										time,
										inout_start,
										sum(money) AS money
									FROM
										bill_charge
									WHERE
										user_id = 12568
									AND inout_start = 1
									AND time = 1539705600
									GROUP BY
										time
							 [ RunTime:0.015775s ]
[ sql ] [ SQL ] 
										SELECT
											time,
											inout_start,
											sum(money) AS money
										FROM
											bill_charge
										WHERE
											user_id = 12568
										AND inout_start = 2
										AND time = 1539705600
										GROUP BY
											time
									 [ RunTime:0.015816s ]
[ sql ] [ SQL ] SELECT * FROM `bill_charge` `c` INNER JOIN `bill_inout_class` `i` ON `c`.`inout_class`=`i`.`c_id` WHERE  `c`.`time` = 1539705600  AND `c`.`user_id` = 12568 ORDER BY c.a_id desc  [ RunTime:0.025489s ]

---------------------------------------------------------------
[ 2018-10-19T23:53:58+08:00 ] 172.24.117.196 106.17.2.28 GET /charge/public/index.php/port/login/sendCode?code=02382nzZ1rFDz01fIwzZ1Ng5zZ182nza&PHPSESSID=SUL3XQMfcEyUokm3Pxf0zqqHiKp
[ log ] www.qinlh.com/charge/public/index.php/port/login/sendCode?code=02382nzZ1rFDz01fIwzZ1Ng5zZ182nza&PHPSESSID=SUL3XQMfcEyUokm3Pxf0zqqHiKp [运行时间：0.410954s][吞吐率：2.43req/s] [内存消耗：2,533.14kb] [文件加载：42]
[ sql ] [ DB ] CONNECT:[ UseTime:0.009357s ] mysql:dbname=bill_charge;host=39.104.52.159;port=3306;charset=utf8
[ sql ] [ SQL ] SHOW COLUMNS FROM `bill_public_follow` [ RunTime:0.000809s ]
[ sql ] [ SQL ] SELECT * FROM `bill_public_follow` WHERE  `openid` = 'oOcH90NiEoKQvwcGw4bD6qHs5s40' LIMIT 1    [ RunTime:0.000474s ]

---------------------------------------------------------------
[ 2018-10-19T23:53:58+08:00 ] 172.24.117.196 106.17.2.28 GET /charge/public/index.php/port/check/inoutClass
[ log ] www.qinlh.com/charge/public/index.php/port/check/inoutClass [运行时间：0.031985s][吞吐率：31.26req/s] [内存消耗：2,421.70kb] [文件加载：39]
[ sql ] [ DB ] CONNECT:[ UseTime:0.002350s ] mysql:dbname=bill_charge;host=39.104.52.159;port=3306;charset=utf8
[ sql ] [ SQL ] SHOW COLUMNS FROM `bill_inout_class` [ RunTime:0.000950s ]
[ sql ] [ SQL ] SELECT * FROM `bill_inout_class` WHERE  `start` = 1   [ RunTime:0.000408s ]
[ sql ] [ SQL ] SELECT * FROM `bill_inout_class` WHERE  `start` = 2   [ RunTime:0.000320s ]

---------------------------------------------------------------
[ 2018-10-19T23:53:59+08:00 ] 172.24.117.196 106.17.2.28 GET /charge/public/index.php/port/login/saveUserInfo?encryptedData=odhBAIATf8D6L3j1gnmIFag%2BJ6obwKhTZ6fr0andeJ8tSu9Wgn%2F4IJkdoQZZcwFmQ0fEO9M2OnO8YYzz1MVI24zfWFe4a4EG8yBP02%2BlH6lYMt1fygOdCD552H7dyA4LaU3lxvTAwT8xac%2F9QXEFm4HpVsapbjDcqjkpif%2BNzchjm4SaM3XJS53VZrCfFOCN0NlZww1M1%2Bg28yRkA4flP1DNtnya9HmPtCn5M7GE%2FZRc32%2F6la6a%2BKsY4UXPqqdgtaHJvgBTwvj9EiTg1Re2jDjHoagzTAq19Y8oit6C1hsvtGbYYx%2FF4ZNjn1VsLnXhSC%2Fy3X%2BEcVypjZt86vNBuHDR5%2B4XIAQbAC%2B2%2FnGWLSxXroH%2B0taKZ2bMrXl4r%2Fn5ZNeS6Z4IIH8CAovFTHFGi2roZb46NTb%2F1dXqxOI481PPMG1wJtXAo7%2Bl0Fp7zcn44sjxNxPZ5z3B5eCoU37rjyAIA4TgQR7HqHpLU9qbno4%3D&PHPSESSID=MwI9Aooeem3VbGJ0rVnJPnh1VsV&iv=wFs2N%2Bcrl6wx0Ied5cz%2Blg%3D%3D
[ log ] www.qinlh.com/charge/public/index.php/port/login/saveUserInfo?encryptedData=odhBAIATf8D6L3j1gnmIFag%2BJ6obwKhTZ6fr0andeJ8tSu9Wgn%2F4IJkdoQZZcwFmQ0fEO9M2OnO8YYzz1MVI24zfWFe4a4EG8yBP02%2BlH6lYMt1fygOdCD552H7dyA4LaU3lxvTAwT8xac%2F9QXEFm4HpVsapbjDcqjkpif%2BNzchjm4SaM3XJS53VZrCfFOCN0NlZww1M1%2Bg28yRkA4flP1DNtnya9HmPtCn5M7GE%2FZRc32%2F6la6a%2BKsY4UXPqqdgtaHJvgBTwvj9EiTg1Re2jDjHoagzTAq19Y8oit6C1hsvtGbYYx%2FF4ZNjn1VsLnXhSC%2Fy3X%2BEcVypjZt86vNBuHDR5%2B4XIAQbAC%2B2%2FnGWLSxXroH%2B0taKZ2bMrXl4r%2Fn5ZNeS6Z4IIH8CAovFTHFGi2roZb46NTb%2F1dXqxOI481PPMG1wJtXAo7%2Bl0Fp7zcn44sjxNxPZ5z3B5eCoU37rjyAIA4TgQR7HqHpLU9qbno4%3D&PHPSESSID=MwI9Aooeem3VbGJ0rVnJPnh1VsV&iv=wFs2N%2Bcrl6wx0Ied5cz%2Blg%3D%3D [运行时间：0.073971s][吞吐率：13.52req/s] [内存消耗：2,570.45kb] [文件加载：45]
[ sql ] [ DB ] CONNECT:[ UseTime:0.001058s ] mysql:dbname=bill_charge;host=39.104.52.159;port=3306;charset=utf8
[ sql ] [ SQL ] SHOW COLUMNS FROM `bill_user` [ RunTime:0.000941s ]
[ sql ] [ SQL ] UPDATE `bill_user`  SET `nickname`='dyb 依依妈',`sex`=2,`city`='Changsha',`province`='Hunan',`country`='China',`headimgurl`='https://wx.qlogo.cn/mmopen/vi_32/8Y3EW43KAFghiarEzRVsNDMicM6EjzxiaZrv7QMWXbKibic8Jo4MYzrQtukWticZxrvw80hQUXvrdbL3tBLEZyYRDozQ/132'  WHERE  `uid` = 12568          [ RunTime:0.000470s ]
[ sql ] [ SQL ] SHOW COLUMNS FROM `bill_friend` [ RunTime:0.000669s ]
[ sql ] [ SQL ] SELECT * FROM `bill_friend` WHERE  `uid` = 12568 LIMIT 1    [ RunTime:0.003031s ]
[ sql ] [ SQL ] UPDATE `bill_friend`  SET `start`=1,`friend_name`='dyb 依依妈',`friend_imgurl`='https://wx.qlogo.cn/mmopen/vi_32/8Y3EW43KAFghiarEzRVsNDMicM6EjzxiaZrv7QMWXbKibic8Jo4MYzrQtukWticZxrvw80hQUXvrdbL3tBLEZyYRDozQ/132',`time`=1539964439  WHERE  `uid` = 12568        [ RunTime:0.047929s ]

---------------------------------------------------------------
[ 2018-10-19T23:54:18+08:00 ] 172.24.117.196 106.17.2.28 GET /charge/public/index.php/port/check/charge?openid=oOcH90NiEoKQvwcGw4bD6qHs5s40&formData=%7B%22money%22%3A%2218%22%2C%22date%22%3A%222018-10-19%22%2C%22remark%22%3A%22%E4%B8%89%E7%BA%A2%E6%9F%9A15%2B%E7%88%B1%E5%AA%9B3%22%2C%22inout_start%22%3A1%2C%22inout_class%22%3A11%2C%22time%22%3A%222018-10-19%22%7D
[ log ] www.qinlh.com/charge/public/index.php/port/check/charge?openid=oOcH90NiEoKQvwcGw4bD6qHs5s40&formData=%7B%22money%22%3A%2218%22%2C%22date%22%3A%222018-10-19%22%2C%22remark%22%3A%22%E4%B8%89%E7%BA%A2%E6%9F%9A15%2B%E7%88%B1%E5%AA%9B3%22%2C%22inout_start%22%3A1%2C%22inout_class%22%3A11%2C%22time%22%3A%222018-10-19%22%7D [运行时间：0.020707s][吞吐率：48.29req/s] [内存消耗：2,425.17kb] [文件加载：39]
[ sql ] [ DB ] CONNECT:[ UseTime:0.000934s ] mysql:dbname=bill_charge;host=39.104.52.159;port=3306;charset=utf8
[ sql ] [ SQL ] SHOW COLUMNS FROM `bill_public_follow` [ RunTime:0.000830s ]
[ sql ] [ SQL ] SELECT `f`.`uid` FROM `bill_public_follow` `f` INNER JOIN `bill_user` `u` ON `f`.`uid`=`u`.`uid` WHERE  `f`.`openid` = 'oOcH90NiEoKQvwcGw4bD6qHs5s40' LIMIT 1   [ RunTime:0.000338s ]
[ sql ] [ SQL ] select COLUMN_NAME from information_schema.COLUMNS where table_name = 'bill_charge' [ RunTime:0.000822s ]
[ sql ] [ SQL ] SHOW COLUMNS FROM `bill_charge` [ RunTime:0.000641s ]
[ sql ] [ SQL ] INSERT INTO `bill_charge` (`money` , `remark` , `inout_start` , `inout_class` , `time` , `user_id`) VALUES ('18' , '三红柚15+爱媛3' , 1 , 11 , 1539878400 , 12568)        [ RunTime:0.000678s ]

---------------------------------------------------------------
[ 2018-10-19T23:54:18+08:00 ] 172.24.117.196 106.17.2.28 GET /charge/public/index.php/port/check/BudgetMoney?openid=oOcH90NiEoKQvwcGw4bD6qHs5s40
[ log ] www.qinlh.com/charge/public/index.php/port/check/BudgetMoney?openid=oOcH90NiEoKQvwcGw4bD6qHs5s40 [运行时间：0.039356s][吞吐率：25.41req/s] [内存消耗：2,733.02kb] [文件加载：41]
[ sql ] [ DB ] CONNECT:[ UseTime:0.017771s ] mysql:dbname=bill_charge;host=39.104.52.159;port=3306;charset=utf8
[ sql ] [ SQL ] SHOW COLUMNS FROM `bill_public_follow` [ RunTime:0.001604s ]
[ sql ] [ SQL ] SELECT `f`.`uid` FROM `bill_public_follow` `f` INNER JOIN `bill_user` `u` ON `f`.`uid`=`u`.`uid` WHERE  `f`.`openid` = 'oOcH90NiEoKQvwcGw4bD6qHs5s40' LIMIT 1   [ RunTime:0.000883s ]
[ sql ] [ SQL ] SELECT `butged`,`butged_start` FROM `bill_public_follow` WHERE  `openid` = 'oOcH90NiEoKQvwcGw4bD6qHs5s40' LIMIT 1    [ RunTime:0.000476s ]

---------------------------------------------------------------
[ 2018-10-19T23:54:18+08:00 ] 172.24.117.196 106.17.2.28 GET /charge/public/index.php/port/check/UserCheck?openid=oOcH90NiEoKQvwcGw4bD6qHs5s40&limit=3&lastid=0
[ log ] www.qinlh.com/charge/public/index.php/port/check/UserCheck?openid=oOcH90NiEoKQvwcGw4bD6qHs5s40&limit=3&lastid=0 [运行时间：0.362535s][吞吐率：2.76req/s] [内存消耗：2,754.89kb] [文件加载：41]
[ sql ] [ DB ] CONNECT:[ UseTime:0.001787s ] mysql:dbname=bill_charge;host=39.104.52.159;port=3306;charset=utf8
[ sql ] [ SQL ] SHOW COLUMNS FROM `bill_public_follow` [ RunTime:0.001446s ]
[ sql ] [ SQL ] SELECT `f`.`uid` FROM `bill_public_follow` `f` INNER JOIN `bill_user` `u` ON `f`.`uid`=`u`.`uid` WHERE  `f`.`openid` = 'oOcH90NiEoKQvwcGw4bD6qHs5s40' LIMIT 1   [ RunTime:0.000616s ]
[ sql ] [ SQL ] 
							SELECT
								sum(`money`) AS `money`,
								`time`
							FROM
								`bill_charge`
							WHERE
								`user_id` = '12568'
							AND `inout_start` = 1
							AND `time` >= unix_timestamp('2018-10-01 00:00:00')
							AND `time` <= unix_timestamp('2018-10-31 23:29:59')
							ORDER BY
								`a_id` DESC
						 [ RunTime:0.019067s ]
[ sql ] [ SQL ] 
							SELECT
								sum(`money`) AS `money`,
								`time`
							FROM
								`bill_charge`
							WHERE
								`user_id` = '12568'
							AND `inout_start` = 2
							AND `time` >= unix_timestamp('2018-10-01 00:00:00')
							AND `time` <= unix_timestamp('2018-10-31 23:29:59')
							ORDER BY
								`a_id` DESC
						 [ RunTime:0.017631s ]
[ sql ] [ SQL ] SHOW COLUMNS FROM `bill_charge` [ RunTime:0.000815s ]
[ sql ] [ SQL ] SELECT COUNT(*) AS tp_count FROM `bill_charge` WHERE  `user_id` = 12568 LIMIT 1    [ RunTime:0.014923s ]
[ sql ] [ SQL ] 
						SELECT
							time,
							a_id
						FROM
							bill_charge
						WHERE
							a_id > 0 and user_id = 12568
						GROUP BY
							time
						ORDER BY
							a_id DESC
						LIMIT 3
					 [ RunTime:0.128067s ]
[ sql ] [ SQL ] 
						SELECT
							time,
							a_id
						FROM
							bill_charge
						WHERE
							a_id > 0 and user_id = 12568
						GROUP BY
							time
						ORDER BY
							time DESC
					 [ RunTime:0.015796s ]
[ sql ] [ SQL ] 
									SELECT
										time,
										inout_start,
										sum(money) AS money
									FROM
										bill_charge
									WHERE
										user_id = 12568
									AND inout_start = 1
									AND time = 1539878400
									GROUP BY
										time
							 [ RunTime:0.015428s ]
[ sql ] [ SQL ] 
										SELECT
											time,
											inout_start,
											sum(money) AS money
										FROM
											bill_charge
										WHERE
											user_id = 12568
										AND inout_start = 2
										AND time = 1539878400
										GROUP BY
											time
									 [ RunTime:0.015397s ]
[ sql ] [ SQL ] SELECT * FROM `bill_charge` `c` INNER JOIN `bill_inout_class` `i` ON `c`.`inout_class`=`i`.`c_id` WHERE  `c`.`time` = 1539878400  AND `c`.`user_id` = 12568 ORDER BY c.a_id desc  [ RunTime:0.016373s ]
[ sql ] [ SQL ] 
									SELECT
										time,
										inout_start,
										sum(money) AS money
									FROM
										bill_charge
									WHERE
										user_id = 12568
									AND inout_start = 1
									AND time = 1539792000
									GROUP BY
										time
							 [ RunTime:0.015554s ]
[ sql ] [ SQL ] 
										SELECT
											time,
											inout_start,
											sum(money) AS money
										FROM
											bill_charge
										WHERE
											user_id = 12568
										AND inout_start = 2
										AND time = 1539792000
										GROUP BY
											time
									 [ RunTime:0.015319s ]
[ sql ] [ SQL ] SELECT * FROM `bill_charge` `c` INNER JOIN `bill_inout_class` `i` ON `c`.`inout_class`=`i`.`c_id` WHERE  `c`.`time` = 1539792000  AND `c`.`user_id` = 12568 ORDER BY c.a_id desc  [ RunTime:0.016297s ]
[ sql ] [ SQL ] 
									SELECT
										time,
										inout_start,
										sum(money) AS money
									FROM
										bill_charge
									WHERE
										user_id = 12568
									AND inout_start = 1
									AND time = 1539705600
									GROUP BY
										time
							 [ RunTime:0.015366s ]
[ sql ] [ SQL ] 
										SELECT
											time,
											inout_start,
											sum(money) AS money
										FROM
											bill_charge
										WHERE
											user_id = 12568
										AND inout_start = 2
										AND time = 1539705600
										GROUP BY
											time
									 [ RunTime:0.015377s ]
[ sql ] [ SQL ] SELECT * FROM `bill_charge` `c` INNER JOIN `bill_inout_class` `i` ON `c`.`inout_class`=`i`.`c_id` WHERE  `c`.`time` = 1539705600  AND `c`.`user_id` = 12568 ORDER BY c.a_id desc  [ RunTime:0.016165s ]

---------------------------------------------------------------
[ 2018-10-19T23:54:20+08:00 ] 172.24.117.196 106.17.2.28 GET /charge/public/index.php/port/check/inoutClass
[ log ] www.qinlh.com/charge/public/index.php/port/check/inoutClass [运行时间：0.018818s][吞吐率：53.14req/s] [内存消耗：2,421.70kb] [文件加载：39]
[ sql ] [ DB ] CONNECT:[ UseTime:0.000906s ] mysql:dbname=bill_charge;host=39.104.52.159;port=3306;charset=utf8
[ sql ] [ SQL ] SHOW COLUMNS FROM `bill_inout_class` [ RunTime:0.000800s ]
[ sql ] [ SQL ] SELECT * FROM `bill_inout_class` WHERE  `start` = 1   [ RunTime:0.000361s ]
[ sql ] [ SQL ] SELECT * FROM `bill_inout_class` WHERE  `start` = 2   [ RunTime:0.000331s ]

---------------------------------------------------------------
[ 2018-10-19T23:54:53+08:00 ] 172.24.117.196 223.166.222.11 GET /charge/public/index.php/port/check/UserCheck?openid=oOcH90GytPSCG6Qe6vhHnbHUKnjo&limit=3&lastid=0
[ log ] www.qinlh.com/charge/public/index.php/port/check/UserCheck?openid=oOcH90GytPSCG6Qe6vhHnbHUKnjo&limit=3&lastid=0 [运行时间：0.074844s][吞吐率：13.36req/s] [内存消耗：2,739.55kb] [文件加载：41]
[ sql ] [ DB ] CONNECT:[ UseTime:0.001103s ] mysql:dbname=bill_charge;host=39.104.52.159;port=3306;charset=utf8
[ sql ] [ SQL ] SHOW COLUMNS FROM `bill_public_follow` [ RunTime:0.000908s ]
[ sql ] [ SQL ] SELECT `f`.`uid` FROM `bill_public_follow` `f` INNER JOIN `bill_user` `u` ON `f`.`uid`=`u`.`uid` WHERE  `f`.`openid` = 'oOcH90GytPSCG6Qe6vhHnbHUKnjo' LIMIT 1   [ RunTime:0.000356s ]
[ sql ] [ SQL ] 
							SELECT
								sum(`money`) AS `money`,
								`time`
							FROM
								`bill_charge`
							WHERE
								`user_id` = '31878'
							AND `inout_start` = 1
							AND `time` >= unix_timestamp('2018-10-01 00:00:00')
							AND `time` <= unix_timestamp('2018-10-31 23:29:59')
							ORDER BY
								`a_id` DESC
						 [ RunTime:0.017088s ]
[ sql ] [ SQL ] 
							SELECT
								sum(`money`) AS `money`,
								`time`
							FROM
								`bill_charge`
							WHERE
								`user_id` = '31878'
							AND `inout_start` = 2
							AND `time` >= unix_timestamp('2018-10-01 00:00:00')
							AND `time` <= unix_timestamp('2018-10-31 23:29:59')
							ORDER BY
								`a_id` DESC
						 [ RunTime:0.018291s ]
[ sql ] [ SQL ] SHOW COLUMNS FROM `bill_charge` [ RunTime:0.000835s ]
[ sql ] [ SQL ] SELECT COUNT(*) AS tp_count FROM `bill_charge` WHERE  `user_id` = 31878 LIMIT 1    [ RunTime:0.015795s ]

---------------------------------------------------------------
[ 2018-10-19T23:54:53+08:00 ] 172.24.117.196 223.166.222.11 GET /charge/public/index.php/port/check/BudgetMoney?openid=oOcH90GytPSCG6Qe6vhHnbHUKnjo
[ log ] www.qinlh.com/charge/public/index.php/port/check/BudgetMoney?openid=oOcH90GytPSCG6Qe6vhHnbHUKnjo [运行时间：0.021698s][吞吐率：46.09req/s] [内存消耗：2,732.91kb] [文件加载：41]
[ sql ] [ DB ] CONNECT:[ UseTime:0.000940s ] mysql:dbname=bill_charge;host=39.104.52.159;port=3306;charset=utf8
[ sql ] [ SQL ] SHOW COLUMNS FROM `bill_public_follow` [ RunTime:0.000882s ]
[ sql ] [ SQL ] SELECT `f`.`uid` FROM `bill_public_follow` `f` INNER JOIN `bill_user` `u` ON `f`.`uid`=`u`.`uid` WHERE  `f`.`openid` = 'oOcH90GytPSCG6Qe6vhHnbHUKnjo' LIMIT 1   [ RunTime:0.000339s ]
[ sql ] [ SQL ] SELECT `butged`,`butged_start` FROM `bill_public_follow` WHERE  `openid` = 'oOcH90GytPSCG6Qe6vhHnbHUKnjo' LIMIT 1    [ RunTime:0.000365s ]

---------------------------------------------------------------
[ 2018-10-19T23:54:53+08:00 ] 172.24.117.196 223.166.222.11 GET /charge/public/index.php/port/login/sendCode?code=061L908K0utr272ma79K0zvm8K0L908i&PHPSESSID=5XvbQwkB2GH6pwVJw2nPrVuom42
[ log ] www.qinlh.com/charge/public/index.php/port/login/sendCode?code=061L908K0utr272ma79K0zvm8K0L908i&PHPSESSID=5XvbQwkB2GH6pwVJw2nPrVuom42 [运行时间：0.292313s][吞吐率：3.42req/s] [内存消耗：2,532.88kb] [文件加载：42]
[ sql ] [ DB ] CONNECT:[ UseTime:0.000923s ] mysql:dbname=bill_charge;host=39.104.52.159;port=3306;charset=utf8
[ sql ] [ SQL ] SHOW COLUMNS FROM `bill_public_follow` [ RunTime:0.000836s ]
[ sql ] [ SQL ] SELECT * FROM `bill_public_follow` WHERE  `openid` = 'oOcH90GytPSCG6Qe6vhHnbHUKnjo' LIMIT 1    [ RunTime:0.000367s ]

---------------------------------------------------------------
[ 2018-10-19T23:54:53+08:00 ] 172.24.117.196 223.166.222.11 GET /charge/public/index.php/port/login/saveUserInfo?encryptedData=3NYU5Ek%2Fk%2BFCvfVgUGjBIhof3vVifIAAn0iMnBoMEnTxkRzupE8z%2FI2DLbi6TPvzLkxU66qx9cQKRMOERP%2FpM10ghEzfBv5F0RIiRrcJBKZTjzz%2F7SJMljyDeuk9QxM9Eal2FBQZaf8iJpuRYWRcMNPX2LklgbUXj8kLunzV62I6Y6%2BpzBMvNeR9bSJzhDbnW2%2FVkrbk6a2Ya5EQ%2FZJoJrV5eB2acM%2FxDQCyqr%2FWrnQkrYxIKImQyNGEwttkAjiQI4K0cxmVbh4FgcXD9sggxCdYkRtr4bIkJesAgQFzRIe1lGjAd8SSmkIZBHb6JgKLaPiqhb2fGQStFJzwowoQRe458gv3qNtzNm51hlFCvClqBnQnYHpXCWIksbiS1LPFUPnrFhjs68Tv4acNFmG%2BeqHdF19WZkEgtc0RdrGU9YbSn4dap5XQ61X7xPNarl5J&PHPSESSID=Xx4MPUwdXw64J0OtQzh2GZU4Taz&iv=mtZpxItQf33v%2BOSXo5oEaQ%3D%3D
[ log ] www.qinlh.com/charge/public/index.php/port/login/saveUserInfo?encryptedData=3NYU5Ek%2Fk%2BFCvfVgUGjBIhof3vVifIAAn0iMnBoMEnTxkRzupE8z%2FI2DLbi6TPvzLkxU66qx9cQKRMOERP%2FpM10ghEzfBv5F0RIiRrcJBKZTjzz%2F7SJMljyDeuk9QxM9Eal2FBQZaf8iJpuRYWRcMNPX2LklgbUXj8kLunzV62I6Y6%2BpzBMvNeR9bSJzhDbnW2%2FVkrbk6a2Ya5EQ%2FZJoJrV5eB2acM%2FxDQCyqr%2FWrnQkrYxIKImQyNGEwttkAjiQI4K0cxmVbh4FgcXD9sggxCdYkRtr4bIkJesAgQFzRIe1lGjAd8SSmkIZBHb6JgKLaPiqhb2fGQStFJzwowoQRe458gv3qNtzNm51hlFCvClqBnQnYHpXCWIksbiS1LPFUPnrFhjs68Tv4acNFmG%2BeqHdF19WZkEgtc0RdrGU9YbSn4dap5XQ61X7xPNarl5J&PHPSESSID=Xx4MPUwdXw64J0OtQzh2GZU4Taz&iv=mtZpxItQf33v%2BOSXo5oEaQ%3D%3D [运行时间：0.075785s][吞吐率：13.20req/s] [内存消耗：2,570.30kb] [文件加载：45]
[ sql ] [ DB ] CONNECT:[ UseTime:0.000922s ] mysql:dbname=bill_charge;host=39.104.52.159;port=3306;charset=utf8
[ sql ] [ SQL ] SHOW COLUMNS FROM `bill_user` [ RunTime:0.000944s ]
[ sql ] [ SQL ] UPDATE `bill_user`  SET `nickname`='武松',`sex`=0,`city`='',`province`='',`country`='',`headimgurl`='https://wx.qlogo.cn/mmopen/vi_32/Q0j4TwGTfTIbN16WmJbeEl70GlVOBibTOFHrm7hYqv4icicXy3hagGzTybO0F6an1HJU0gXZvxxPDsKSVzocX11VQ/132'  WHERE  `uid` = 31878          [ RunTime:0.000490s ]
[ sql ] [ SQL ] SHOW COLUMNS FROM `bill_friend` [ RunTime:0.000715s ]
[ sql ] [ SQL ] SELECT * FROM `bill_friend` WHERE  `uid` = 31878 LIMIT 1    [ RunTime:0.006626s ]
[ sql ] [ SQL ] UPDATE `bill_friend`  SET `start`=1,`friend_name`='武松',`friend_imgurl`='https://wx.qlogo.cn/mmopen/vi_32/Q0j4TwGTfTIbN16WmJbeEl70GlVOBibTOFHrm7hYqv4icicXy3hagGzTybO0F6an1HJU0gXZvxxPDsKSVzocX11VQ/132',`time`=1539964493  WHERE  `uid` = 31878        [ RunTime:0.046802s ]

---------------------------------------------------------------
[ 2018-10-19T23:54:59+08:00 ] 172.24.117.196 223.166.222.11 GET /charge/public/index.php/port/check/BudgetMoney?openid=oOcH90GytPSCG6Qe6vhHnbHUKnjo
[ log ] www.qinlh.com/charge/public/index.php/port/check/BudgetMoney?openid=oOcH90GytPSCG6Qe6vhHnbHUKnjo [运行时间：0.030059s][吞吐率：33.27req/s] [内存消耗：2,732.91kb] [文件加载：41]
[ sql ] [ DB ] CONNECT:[ UseTime:0.008723s ] mysql:dbname=bill_charge;host=39.104.52.159;port=3306;charset=utf8
[ sql ] [ SQL ] SHOW COLUMNS FROM `bill_public_follow` [ RunTime:0.001664s ]
[ sql ] [ SQL ] SELECT `f`.`uid` FROM `bill_public_follow` `f` INNER JOIN `bill_user` `u` ON `f`.`uid`=`u`.`uid` WHERE  `f`.`openid` = 'oOcH90GytPSCG6Qe6vhHnbHUKnjo' LIMIT 1   [ RunTime:0.000572s ]
[ sql ] [ SQL ] SELECT `butged`,`butged_start` FROM `bill_public_follow` WHERE  `openid` = 'oOcH90GytPSCG6Qe6vhHnbHUKnjo' LIMIT 1    [ RunTime:0.000507s ]

---------------------------------------------------------------
[ 2018-10-19T23:54:59+08:00 ] 172.24.117.196 223.166.222.11 GET /charge/public/index.php/port/check/UserCheck?openid=oOcH90GytPSCG6Qe6vhHnbHUKnjo&limit=3&lastid=0
[ log ] www.qinlh.com/charge/public/index.php/port/check/UserCheck?openid=oOcH90GytPSCG6Qe6vhHnbHUKnjo&limit=3&lastid=0 [运行时间：0.045340s][吞吐率：22.06req/s] [内存消耗：2,739.55kb] [文件加载：41]
[ sql ] [ DB ] CONNECT:[ UseTime:0.001577s ] mysql:dbname=bill_charge;host=39.104.52.159;port=3306;charset=utf8
[ sql ] [ SQL ] SHOW COLUMNS FROM `bill_public_follow` [ RunTime:0.001452s ]
[ sql ] [ SQL ] SELECT `f`.`uid` FROM `bill_public_follow` `f` INNER JOIN `bill_user` `u` ON `f`.`uid`=`u`.`uid` WHERE  `f`.`openid` = 'oOcH90GytPSCG6Qe6vhHnbHUKnjo' LIMIT 1   [ RunTime:0.000573s ]
[ sql ] [ SQL ] 
							SELECT
								sum(`money`) AS `money`,
								`time`
							FROM
								`bill_charge`
							WHERE
								`user_id` = '31878'
							AND `inout_start` = 1
							AND `time` >= unix_timestamp('2018-10-01 00:00:00')
							AND `time` <= unix_timestamp('2018-10-31 23:29:59')
							ORDER BY
								`a_id` DESC
						 [ RunTime:0.002954s ]
[ sql ] [ SQL ] 
							SELECT
								sum(`money`) AS `money`,
								`time`
							FROM
								`bill_charge`
							WHERE
								`user_id` = '31878'
							AND `inout_start` = 2
							AND `time` >= unix_timestamp('2018-10-01 00:00:00')
							AND `time` <= unix_timestamp('2018-10-31 23:29:59')
							ORDER BY
								`a_id` DESC
						 [ RunTime:0.000380s ]
[ sql ] [ SQL ] SHOW COLUMNS FROM `bill_charge` [ RunTime:0.000675s ]
[ sql ] [ SQL ] SELECT COUNT(*) AS tp_count FROM `bill_charge` WHERE  `user_id` = 31878 LIMIT 1    [ RunTime:0.000304s ]

---------------------------------------------------------------
[ 2018-10-19T23:55:13+08:00 ] 172.24.117.196 106.17.2.28 GET /charge/public/index.php/port/check/charge?openid=oOcH90NiEoKQvwcGw4bD6qHs5s40&formData=%7B%22money%22%3A%2250%22%2C%22date%22%3A%222018-10-19%22%2C%22remark%22%3A%22%E5%BD%93%E5%BD%92%2B%E5%A4%A9%E9%BA%BB%EF%BC%8C%E8%A1%A5%E7%BB%99%22%2C%22inout_start%22%3A2%2C%22inout_class%22%3A9%2C%22time%22%3A%222018-10-19%22%7D
[ log ] www.qinlh.com/charge/public/index.php/port/check/charge?openid=oOcH90NiEoKQvwcGw4bD6qHs5s40&formData=%7B%22money%22%3A%2250%22%2C%22date%22%3A%222018-10-19%22%2C%22remark%22%3A%22%E5%BD%93%E5%BD%92%2B%E5%A4%A9%E9%BA%BB%EF%BC%8C%E8%A1%A5%E7%BB%99%22%2C%22inout_start%22%3A2%2C%22inout_class%22%3A9%2C%22time%22%3A%222018-10-19%22%7D [运行时间：0.020841s][吞吐率：47.98req/s] [内存消耗：2,425.02kb] [文件加载：39]
[ sql ] [ DB ] CONNECT:[ UseTime:0.000901s ] mysql:dbname=bill_charge;host=39.104.52.159;port=3306;charset=utf8
[ sql ] [ SQL ] SHOW COLUMNS FROM `bill_public_follow` [ RunTime:0.000850s ]
[ sql ] [ SQL ] SELECT `f`.`uid` FROM `bill_public_follow` `f` INNER JOIN `bill_user` `u` ON `f`.`uid`=`u`.`uid` WHERE  `f`.`openid` = 'oOcH90NiEoKQvwcGw4bD6qHs5s40' LIMIT 1   [ RunTime:0.000364s ]
[ sql ] [ SQL ] select COLUMN_NAME from information_schema.COLUMNS where table_name = 'bill_charge' [ RunTime:0.000816s ]
[ sql ] [ SQL ] SHOW COLUMNS FROM `bill_charge` [ RunTime:0.000614s ]
[ sql ] [ SQL ] INSERT INTO `bill_charge` (`money` , `remark` , `inout_start` , `inout_class` , `time` , `user_id`) VALUES ('50' , '当归+天麻，补给' , 2 , 9 , 1539878400 , 12568)        [ RunTime:0.000467s ]

---------------------------------------------------------------
[ 2018-10-19T23:55:14+08:00 ] 172.24.117.196 106.17.2.28 GET /charge/public/index.php/port/check/BudgetMoney?openid=oOcH90NiEoKQvwcGw4bD6qHs5s40
[ log ] www.qinlh.com/charge/public/index.php/port/check/BudgetMoney?openid=oOcH90NiEoKQvwcGw4bD6qHs5s40 [运行时间：0.040134s][吞吐率：24.92req/s] [内存消耗：2,733.02kb] [文件加载：41]
[ sql ] [ DB ] CONNECT:[ UseTime:0.000814s ] mysql:dbname=bill_charge;host=39.104.52.159;port=3306;charset=utf8
[ sql ] [ SQL ] SHOW COLUMNS FROM `bill_public_follow` [ RunTime:0.001669s ]
[ sql ] [ SQL ] SELECT `f`.`uid` FROM `bill_public_follow` `f` INNER JOIN `bill_user` `u` ON `f`.`uid`=`u`.`uid` WHERE  `f`.`openid` = 'oOcH90NiEoKQvwcGw4bD6qHs5s40' LIMIT 1   [ RunTime:0.000623s ]
[ sql ] [ SQL ] SELECT `butged`,`butged_start` FROM `bill_public_follow` WHERE  `openid` = 'oOcH90NiEoKQvwcGw4bD6qHs5s40' LIMIT 1    [ RunTime:0.011130s ]

---------------------------------------------------------------
[ 2018-10-19T23:55:14+08:00 ] 172.24.117.196 106.17.2.28 GET /charge/public/index.php/port/check/UserCheck?openid=oOcH90NiEoKQvwcGw4bD6qHs5s40&limit=3&lastid=0
[ log ] www.qinlh.com/charge/public/index.php/port/check/UserCheck?openid=oOcH90NiEoKQvwcGw4bD6qHs5s40&limit=3&lastid=0 [运行时间：0.387808s][吞吐率：2.58req/s] [内存消耗：2,754.91kb] [文件加载：41]
[ sql ] [ DB ] CONNECT:[ UseTime:0.007769s ] mysql:dbname=bill_charge;host=39.104.52.159;port=3306;charset=utf8
[ sql ] [ SQL ] SHOW COLUMNS FROM `bill_public_follow` [ RunTime:0.001402s ]
[ sql ] [ SQL ] SELECT `f`.`uid` FROM `bill_public_follow` `f` INNER JOIN `bill_user` `u` ON `f`.`uid`=`u`.`uid` WHERE  `f`.`openid` = 'oOcH90NiEoKQvwcGw4bD6qHs5s40' LIMIT 1   [ RunTime:0.000584s ]
[ sql ] [ SQL ] 
							SELECT
								sum(`money`) AS `money`,
								`time`
							FROM
								`bill_charge`
							WHERE
								`user_id` = '12568'
							AND `inout_start` = 1
							AND `time` >= unix_timestamp('2018-10-01 00:00:00')
							AND `time` <= unix_timestamp('2018-10-31 23:29:59')
							ORDER BY
								`a_id` DESC
						 [ RunTime:0.019815s ]
[ sql ] [ SQL ] 
							SELECT
								sum(`money`) AS `money`,
								`time`
							FROM
								`bill_charge`
							WHERE
								`user_id` = '12568'
							AND `inout_start` = 2
							AND `time` >= unix_timestamp('2018-10-01 00:00:00')
							AND `time` <= unix_timestamp('2018-10-31 23:29:59')
							ORDER BY
								`a_id` DESC
						 [ RunTime:0.017822s ]
[ sql ] [ SQL ] SHOW COLUMNS FROM `bill_charge` [ RunTime:0.000805s ]
[ sql ] [ SQL ] SELECT COUNT(*) AS tp_count FROM `bill_charge` WHERE  `user_id` = 12568 LIMIT 1    [ RunTime:0.015395s ]
[ sql ] [ SQL ] 
						SELECT
							time,
							a_id
						FROM
							bill_charge
						WHERE
							a_id > 0 and user_id = 12568
						GROUP BY
							time
						ORDER BY
							a_id DESC
						LIMIT 3
					 [ RunTime:0.129718s ]
[ sql ] [ SQL ] 
						SELECT
							time,
							a_id
						FROM
							bill_charge
						WHERE
							a_id > 0 and user_id = 12568
						GROUP BY
							time
						ORDER BY
							time DESC
					 [ RunTime:0.016152s ]
[ sql ] [ SQL ] 
									SELECT
										time,
										inout_start,
										sum(money) AS money
									FROM
										bill_charge
									WHERE
										user_id = 12568
									AND inout_start = 1
									AND time = 1539878400
									GROUP BY
										time
							 [ RunTime:0.015802s ]
[ sql ] [ SQL ] 
										SELECT
											time,
											inout_start,
											sum(money) AS money
										FROM
											bill_charge
										WHERE
											user_id = 12568
										AND inout_start = 2
										AND time = 1539878400
										GROUP BY
											time
									 [ RunTime:0.015792s ]
[ sql ] [ SQL ] SELECT * FROM `bill_charge` `c` INNER JOIN `bill_inout_class` `i` ON `c`.`inout_class`=`i`.`c_id` WHERE  `c`.`time` = 1539878400  AND `c`.`user_id` = 12568 ORDER BY c.a_id desc  [ RunTime:0.016706s ]
[ sql ] [ SQL ] 
									SELECT
										time,
										inout_start,
										sum(money) AS money
									FROM
										bill_charge
									WHERE
										user_id = 12568
									AND inout_start = 1
									AND time = 1539792000
									GROUP BY
										time
							 [ RunTime:0.015992s ]
[ sql ] [ SQL ] 
										SELECT
											time,
											inout_start,
											sum(money) AS money
										FROM
											bill_charge
										WHERE
											user_id = 12568
										AND inout_start = 2
										AND time = 1539792000
										GROUP BY
											time
									 [ RunTime:0.016142s ]
[ sql ] [ SQL ] SELECT * FROM `bill_charge` `c` INNER JOIN `bill_inout_class` `i` ON `c`.`inout_class`=`i`.`c_id` WHERE  `c`.`time` = 1539792000  AND `c`.`user_id` = 12568 ORDER BY c.a_id desc  [ RunTime:0.016699s ]
[ sql ] [ SQL ] 
									SELECT
										time,
										inout_start,
										sum(money) AS money
									FROM
										bill_charge
									WHERE
										user_id = 12568
									AND inout_start = 1
									AND time = 1539705600
									GROUP BY
										time
							 [ RunTime:0.015910s ]
[ sql ] [ SQL ] 
										SELECT
											time,
											inout_start,
											sum(money) AS money
										FROM
											bill_charge
										WHERE
											user_id = 12568
										AND inout_start = 2
										AND time = 1539705600
										GROUP BY
											time
									 [ RunTime:0.015808s ]
[ sql ] [ SQL ] SELECT * FROM `bill_charge` `c` INNER JOIN `bill_inout_class` `i` ON `c`.`inout_class`=`i`.`c_id` WHERE  `c`.`time` = 1539705600  AND `c`.`user_id` = 12568 ORDER BY c.a_id desc  [ RunTime:0.016793s ]

---------------------------------------------------------------
[ 2018-10-19T23:55:32+08:00 ] 172.24.117.196 223.166.222.11 GET /charge/public/index.php/port/circle/ChargeGetimg
[ log ] www.qinlh.com/charge/public/index.php/port/circle/ChargeGetimg [运行时间：0.037448s][吞吐率：26.70req/s] [内存消耗：2,436.73kb] [文件加载：39]
[ sql ] [ DB ] CONNECT:[ UseTime:0.007093s ] mysql:dbname=bill_charge;host=39.104.52.159;port=3306;charset=utf8
[ sql ] [ SQL ] SHOW COLUMNS FROM `bill_inout_class` [ RunTime:0.001581s ]
[ sql ] [ SQL ] SELECT * FROM `bill_inout_class` WHERE  `start` = 4   [ RunTime:0.000856s ]

---------------------------------------------------------------
[ 2018-10-19T23:55:32+08:00 ] 172.24.117.196 223.166.222.11 GET /charge/public/index.php/port/circle/GetShowpayerEmpty?openid=oOcH90GytPSCG6Qe6vhHnbHUKnjo&cir_id=undefined
[ log ] www.qinlh.com/charge/public/index.php/port/circle/GetShowpayerEmpty?openid=oOcH90GytPSCG6Qe6vhHnbHUKnjo&cir_id=undefined [运行时间：0.041075s][吞吐率：24.35req/s] [内存消耗：2,869.98kb] [文件加载：41]
[ sql ] [ DB ] CONNECT:[ UseTime:0.001793s ] mysql:dbname=bill_charge;host=39.104.52.159;port=3306;charset=utf8
[ sql ] [ SQL ] SHOW COLUMNS FROM `bill_public_follow` [ RunTime:0.001240s ]
[ sql ] [ SQL ] SELECT `uid` FROM `bill_public_follow` WHERE  `openid` = 'oOcH90GytPSCG6Qe6vhHnbHUKnjo' LIMIT 1    [ RunTime:0.003081s ]
[ sql ] [ SQL ] SHOW COLUMNS FROM `bill_friend` [ RunTime:0.000701s ]
[ sql ] [ SQL ] SELECT `f_id`,`friend_name`,`friend_imgurl` FROM `bill_friend` WHERE  `uid` = 31878   [ RunTime:0.006856s ]
[ sql ] [ SQL ] SHOW COLUMNS FROM `bill_circle` [ RunTime:0.000751s ]
[ sql ] [ SQL ] SELECT `friend_id` FROM `bill_circle` WHERE  `cir_id` = undefined  AND `user_id` = 31878 LIMIT 1     [ RunTime:0.000403s ]
[ sql ] [ SQL ] SELECT * FROM `bill_friend` WHERE  `f_id` IN (0)   [ RunTime:0.000372s ]
[ sql ] [ SQL ] SELECT COUNT(*) AS tp_count FROM `bill_friend` WHERE  `f_id` IN (0) LIMIT 1    [ RunTime:0.000353s ]
[ sql ] [ SQL ] SELECT `friend_id` FROM `bill_circle` WHERE  `cir_id` = undefined  AND `user_id` = 31878 LIMIT 1     [ RunTime:0.000341s ]

---------------------------------------------------------------
[ 2018-10-19T23:55:59+08:00 ] 172.24.117.196 223.166.222.11 GET /charge/public/index.php/port/check/CheckFind?a_id=undefined
[ log ] www.qinlh.com/charge/public/index.php/port/check/CheckFind?a_id=undefined [运行时间：0.018629s][吞吐率：53.68req/s] [内存消耗：2,424.93kb] [文件加载：39]
[ sql ] [ DB ] CONNECT:[ UseTime:0.000923s ] mysql:dbname=bill_charge;host=39.104.52.159;port=3306;charset=utf8
[ sql ] [ SQL ] SHOW COLUMNS FROM `bill_charge` [ RunTime:0.000819s ]
[ sql ] [ SQL ] SELECT * FROM `bill_charge` `c` INNER JOIN `bill_inout_class` `i` ON `c`.`inout_class`=`i`.`c_id` WHERE  `a_id` = undefined LIMIT 1    [ RunTime:0.000476s ]

---------------------------------------------------------------
[ 2018-10-19T23:56:42+08:00 ] 172.24.117.196 223.166.222.11 GET /charge/public/index.php/port/circle/circleUser?openid=oOcH90GytPSCG6Qe6vhHnbHUKnjo
[ log ] www.qinlh.com/charge/public/index.php/port/circle/circleUser?openid=oOcH90GytPSCG6Qe6vhHnbHUKnjo [运行时间：0.022656s][吞吐率：44.14req/s] [内存消耗：2,871.04kb] [文件加载：41]
[ sql ] [ DB ] CONNECT:[ UseTime:0.000908s ] mysql:dbname=bill_charge;host=39.104.52.159;port=3306;charset=utf8
[ sql ] [ SQL ] SHOW COLUMNS FROM `bill_public_follow` [ RunTime:0.000847s ]
[ sql ] [ SQL ] SELECT `uid` FROM `bill_public_follow` WHERE  `openid` = 'oOcH90GytPSCG6Qe6vhHnbHUKnjo' LIMIT 1    [ RunTime:0.000340s ]
[ sql ] [ SQL ] SHOW COLUMNS FROM `bill_circle` [ RunTime:0.000675s ]
[ sql ] [ SQL ] SELECT * FROM `bill_circle` `c` INNER JOIN `bill_inout_class` `bic` ON `c`.`class_id`=`bic`.`c_id` WHERE  `c`.`user_id` = 31878 ORDER BY c.cir_id desc  [ RunTime:0.000798s ]

---------------------------------------------------------------
[ 2018-10-19T23:57:03+08:00 ] 172.24.117.196 223.166.222.11 GET /charge/public/index.php/port/Circle/circleAdd_class
[ log ] www.qinlh.com/charge/public/index.php/port/Circle/circleAdd_class [运行时间：0.022470s][吞吐率：44.50req/s] [内存消耗：2,857.64kb] [文件加载：41]
[ sql ] [ DB ] CONNECT:[ UseTime:0.001153s ] mysql:dbname=bill_charge;host=39.104.52.159;port=3306;charset=utf8
[ sql ] [ SQL ] SHOW COLUMNS FROM `bill_inout_class` [ RunTime:0.000822s ]
[ sql ] [ SQL ] SELECT * FROM `bill_inout_class` WHERE  `start` = 3   [ RunTime:0.000404s ]

---------------------------------------------------------------
[ 2018-10-19T23:57:31+08:00 ] 172.24.117.196 223.166.222.11 GET /charge/public/index.php/port/circle/CircleName?cir_id=undefined&openid=oOcH90GytPSCG6Qe6vhHnbHUKnjo
[ log ] www.qinlh.com/charge/public/index.php/port/circle/CircleName?cir_id=undefined&openid=oOcH90GytPSCG6Qe6vhHnbHUKnjo [运行时间：0.022940s][吞吐率：43.59req/s] [内存消耗：2,863.21kb] [文件加载：41]
[ sql ] [ DB ] CONNECT:[ UseTime:0.000838s ] mysql:dbname=bill_charge;host=39.104.52.159;port=3306;charset=utf8
[ sql ] [ SQL ] SHOW COLUMNS FROM `bill_public_follow` [ RunTime:0.000846s ]
[ sql ] [ SQL ] SELECT `uid` FROM `bill_public_follow` WHERE  `openid` = 'oOcH90GytPSCG6Qe6vhHnbHUKnjo' LIMIT 1    [ RunTime:0.000323s ]
[ sql ] [ SQL ] SHOW COLUMNS FROM `bill_circle` [ RunTime:0.000640s ]
[ sql ] [ SQL ] SELECT `circle_name`,`cir_id` FROM `bill_circle` WHERE  `cir_id` = undefined  AND `user_id` = 31878 LIMIT 1     [ RunTime:0.000384s ]

---------------------------------------------------------------
[ 2018-10-19T23:57:31+08:00 ] 172.24.117.196 223.166.222.11 GET /charge/public/index.php/port/circle/CircleFriend?cir_id=undefined&openid=oOcH90GytPSCG6Qe6vhHnbHUKnjo
[ log ] www.qinlh.com/charge/public/index.php/port/circle/CircleFriend?cir_id=undefined&openid=oOcH90GytPSCG6Qe6vhHnbHUKnjo [运行时间：0.061470s][吞吐率：16.27req/s] [内存消耗：2,931.02kb] [文件加载：44]
[ sql ] [ DB ] CONNECT:[ UseTime:0.029343s ] mysql:dbname=bill_charge;host=39.104.52.159;port=3306;charset=utf8
[ sql ] [ SQL ] SHOW COLUMNS FROM `bill_public_follow` [ RunTime:0.007519s ]
[ sql ] [ SQL ] SELECT `uid` FROM `bill_public_follow` WHERE  `openid` = 'oOcH90GytPSCG6Qe6vhHnbHUKnjo' LIMIT 1    [ RunTime:0.001335s ]
[ sql ] [ SQL ] SHOW COLUMNS FROM `bill_circle` [ RunTime:0.001641s ]
[ sql ] [ SQL ] SELECT `friend_id`,`cir_id` FROM `bill_circle` WHERE  `cir_id` = undefined  AND `user_id` = 31878    [ RunTime:0.001222s ]
[ error ] [8]未定义变量: arr

---------------------------------------------------------------
[ 2018-10-19T23:57:31+08:00 ] 172.24.117.196 223.166.222.11 GET /charge/public/index.php/port/circle/CircleList?cir_id=undefined&openid=oOcH90GytPSCG6Qe6vhHnbHUKnjo
[ log ] www.qinlh.com/charge/public/index.php/port/circle/CircleList?cir_id=undefined&openid=oOcH90GytPSCG6Qe6vhHnbHUKnjo [运行时间：0.036623s][吞吐率：27.31req/s] [内存消耗：2,863.09kb] [文件加载：41]
[ sql ] [ DB ] CONNECT:[ UseTime:0.008970s ] mysql:dbname=bill_charge;host=39.104.52.159;port=3306;charset=utf8
[ sql ] [ SQL ] SHOW COLUMNS FROM `bill_circle_bill` [ RunTime:0.001886s ]
[ sql ] [ SQL ] SELECT * FROM `bill_circle_bill` `ab` INNER JOIN `bill_inout_class` `ic` ON `ab`.`class_id`=`ic`.`c_id` WHERE  `cir_id` = undefined ORDER BY ab.cbl_id desc   [ RunTime:0.001408s ]
[ sql ] [ SQL ] SHOW COLUMNS FROM `bill_circle` [ RunTime:0.004467s ]
[ sql ] [ SQL ] SELECT `friend_id` FROM `bill_circle` WHERE  `cir_id` = undefined LIMIT 1    [ RunTime:0.000822s ]

---------------------------------------------------------------
[ 2018-10-19T23:57:31+08:00 ] 172.24.117.196 223.166.222.11 GET /charge/public/index.php/port/circle/CircleMyconsume?cir_id=undefined&openid=oOcH90GytPSCG6Qe6vhHnbHUKnjo
[ log ] www.qinlh.com/charge/public/index.php/port/circle/CircleMyconsume?cir_id=undefined&openid=oOcH90GytPSCG6Qe6vhHnbHUKnjo [运行时间：0.061012s][吞吐率：16.39req/s] [内存消耗：2,883.54kb] [文件加载：41]
[ sql ] [ DB ] CONNECT:[ UseTime:0.002790s ] mysql:dbname=bill_charge;host=39.104.52.159;port=3306;charset=utf8
[ sql ] [ SQL ] SHOW COLUMNS FROM `bill_public_follow` [ RunTime:0.001757s ]
[ sql ] [ SQL ] SELECT `uid` FROM `bill_public_follow` WHERE  `openid` = 'oOcH90GytPSCG6Qe6vhHnbHUKnjo' LIMIT 1    [ RunTime:0.004957s ]
[ sql ] [ SQL ] SHOW COLUMNS FROM `bill_friend` [ RunTime:0.001264s ]
[ sql ] [ SQL ] SELECT `f_id` FROM `bill_friend` WHERE  `uid` = 31878 LIMIT 1    [ RunTime:0.008662s ]
[ sql ] [ SQL ] SHOW COLUMNS FROM `bill_circle_friend_assoct` [ RunTime:0.000658s ]
[ sql ] [ SQL ] SELECT SUM(sum_money) AS tp_sum FROM `bill_circle_friend_assoct` WHERE  `cir_id` = undefined  AND `friend_id` = 33050  AND `pay_start` = 0 LIMIT 1      [ RunTime:0.000434s ]
[ sql ] [ SQL ] SELECT SUM(sum_money) AS tp_sum FROM `bill_circle_friend_assoct` WHERE  `friend_id` = 33050  AND `pay_start` = 1  AND `cir_id` = undefined LIMIT 1      [ RunTime:0.000372s ]
[ sql ] [ SQL ] SELECT SUM(sum_money) AS tp_sum FROM `bill_circle_friend_assoct` WHERE  `cir_id` = undefined LIMIT 1    [ RunTime:0.000301s ]
[ sql ] [ SQL ] SHOW COLUMNS FROM `bill_circle_bill` [ RunTime:0.000608s ]
[ sql ] [ SQL ] SELECT * FROM `bill_circle_bill` `b` INNER JOIN `bill_friend` `f` ON `b`.`payer`=`f`.`f_id` INNER JOIN `bill_inout_class` `i` ON `b`.`class_id`=`i`.`c_id` WHERE  `b`.`cir_id` = 'undefined'  [ RunTime:0.000482s ]

---------------------------------------------------------------
[ 2018-10-19T23:57:58+08:00 ] 172.24.117.196 223.166.222.11 GET /charge/public/index.php/port/friend/MyFriend?openid=oOcH90GytPSCG6Qe6vhHnbHUKnjo
[ log ] www.qinlh.com/charge/public/index.php/port/friend/MyFriend?openid=oOcH90GytPSCG6Qe6vhHnbHUKnjo [运行时间：0.023467s][吞吐率：42.61req/s] [内存消耗：2,693.27kb] [文件加载：41]
[ sql ] [ DB ] CONNECT:[ UseTime:0.000999s ] mysql:dbname=bill_charge;host=39.104.52.159;port=3306;charset=utf8
[ sql ] [ SQL ] SHOW COLUMNS FROM `bill_public_follow` [ RunTime:0.000900s ]
[ sql ] [ SQL ] SELECT `uid` FROM `bill_public_follow` WHERE  `openid` = 'oOcH90GytPSCG6Qe6vhHnbHUKnjo' LIMIT 1    [ RunTime:0.000378s ]
[ sql ] [ SQL ] SHOW COLUMNS FROM `bill_user_friend` [ RunTime:0.000662s ]
[ sql ] [ SQL ] SELECT * FROM `bill_user_friend` `uf` INNER JOIN `bill_friend` `bf` ON `uf`.`f_id`=`bf`.`f_id` WHERE  `u_id` = 31878 ORDER BY bf.f_id desc   [ RunTime:0.000572s ]

---------------------------------------------------------------
