[ 2019-04-12T23:50:12+08:00 ] 172.24.117.196 120.231.39.140 GET /charge/public/index.php/port/login/sendCode?code=0336mols0A5fwf1geDls0UAEls06molC&PHPSESSID=08BdfLolYdF0rc9xoH7cN6YMDxX
[ log ] www.qinlh.com/charge/public/index.php/port/login/sendCode?code=0336mols0A5fwf1geDls0UAEls06molC&PHPSESSID=08BdfLolYdF0rc9xoH7cN6YMDxX [运行时间：0.337104s][吞吐率：2.97req/s] [内存消耗：2,533.03kb] [文件加载：42]
[ sql ] [ DB ] CONNECT:[ UseTime:0.000926s ] mysql:dbname=bill_charge;host=39.104.52.159;port=3306;charset=utf8
[ sql ] [ SQL ] SHOW COLUMNS FROM `bill_public_follow` [ RunTime:0.000849s ]
[ sql ] [ SQL ] SELECT * FROM `bill_public_follow` WHERE  `openid` = 'oOcH90OEmaNPpdPi-pyHWel-RHbY' LIMIT 1    [ RunTime:0.000586s ]

---------------------------------------------------------------
[ 2019-04-12T23:50:13+08:00 ] 172.24.117.196 120.231.39.140 GET /charge/public/index.php/port/login/sendCode?code=023jAt061348kT15VaZ51gNx061jAt0e&PHPSESSID=08BdfLolYdF0rc9xoH7cN6YMDxX
[ log ] www.qinlh.com/charge/public/index.php/port/login/sendCode?code=023jAt061348kT15VaZ51gNx061jAt0e&PHPSESSID=08BdfLolYdF0rc9xoH7cN6YMDxX [运行时间：0.368304s][吞吐率：2.72req/s] [内存消耗：2,533.10kb] [文件加载：42]
[ sql ] [ DB ] CONNECT:[ UseTime:0.001209s ] mysql:dbname=bill_charge;host=39.104.52.159;port=3306;charset=utf8
[ sql ] [ SQL ] SHOW COLUMNS FROM `bill_public_follow` [ RunTime:0.000852s ]
[ sql ] [ SQL ] SELECT * FROM `bill_public_follow` WHERE  `openid` = 'oOcH90OEmaNPpdPi-pyHWel-RHbY' LIMIT 1    [ RunTime:0.000428s ]

---------------------------------------------------------------
[ 2019-04-12T23:50:13+08:00 ] 172.24.117.196 120.231.39.140 GET /charge/public/index.php/port/login/saveUserInfo?encryptedData=%2Ff2glsfMQrCEeb8HfTvsMur4LP%2FCGk3PugXlNATnLM%2FTw3JHzJQjl61hdeE7y7M0K9lXN13Uutd6AJjaXXjcCxb3N8mCBKLPYtkS0tJ%2Bp52IVnRthlv79%2BK1q0DxC7t%2BoupO%2FFb5dlBFw82Hz300v3ijOZBoCUJJMNi2gm6FBAcy35YnAG7kduMZwRNeQQpw53LV3Th1UBVxbK3KZ3CF2%2FVWpz53YSlBniI3hzaSO3kwGsZveIy5ZfANYb592HsPG7r7ozgNrAelWWUMxUCS1PX8ngaPCwtBO0ubcrulm5q59vAl7mJ0H6%2B9Ps1paXvC%2BXA00xOMSF0iBmK5VVglghiAZNOnevEI1WWU6qiDSEn%2BWgalBbFN0ldbj6cySzloHWfb9igWbDJlkL%2BEZiYm9pgCinyS1mqNCAEqJMv4r43slEaBcL7ajLGkvN5bzNr8UOvNjfAjQ4XPMxgx17D30g%3D%3D&PHPSESSID=cOLOu9L1YFs7DHxJDhIvBGJgCYv&iv=nLrRD2yuQ8mMsNaWMiG0eg%3D%3D
[ log ] www.qinlh.com/charge/public/index.php/port/login/saveUserInfo?encryptedData=%2Ff2glsfMQrCEeb8HfTvsMur4LP%2FCGk3PugXlNATnLM%2FTw3JHzJQjl61hdeE7y7M0K9lXN13Uutd6AJjaXXjcCxb3N8mCBKLPYtkS0tJ%2Bp52IVnRthlv79%2BK1q0DxC7t%2BoupO%2FFb5dlBFw82Hz300v3ijOZBoCUJJMNi2gm6FBAcy35YnAG7kduMZwRNeQQpw53LV3Th1UBVxbK3KZ3CF2%2FVWpz53YSlBniI3hzaSO3kwGsZveIy5ZfANYb592HsPG7r7ozgNrAelWWUMxUCS1PX8ngaPCwtBO0ubcrulm5q59vAl7mJ0H6%2B9Ps1paXvC%2BXA00xOMSF0iBmK5VVglghiAZNOnevEI1WWU6qiDSEn%2BWgalBbFN0ldbj6cySzloHWfb9igWbDJlkL%2BEZiYm9pgCinyS1mqNCAEqJMv4r43slEaBcL7ajLGkvN5bzNr8UOvNjfAjQ4XPMxgx17D30g%3D%3D&PHPSESSID=cOLOu9L1YFs7DHxJDhIvBGJgCYv&iv=nLrRD2yuQ8mMsNaWMiG0eg%3D%3D [运行时间：0.070205s][吞吐率：14.24req/s] [内存消耗：2,570.49kb] [文件加载：45]
[ sql ] [ DB ] CONNECT:[ UseTime:0.000936s ] mysql:dbname=bill_charge;host=39.104.52.159;port=3306;charset=utf8
[ sql ] [ SQL ] SHOW COLUMNS FROM `bill_user` [ RunTime:0.000934s ]
[ sql ] [ SQL ] UPDATE `bill_user`  SET `nickname`='广东茂名黄镜和',`sex`=1,`city`='',`province`='',`country`='',`headimgurl`='https://wx.qlogo.cn/mmopen/vi_32/JJNEztkFUvJ3KlYw0gANoLqc8sjibYL5hZdX2Humiag3agRYvyrLZaISQBTBVTglkHyjPdiaaiabsVkJE9fEBJ2ZSg/132'  WHERE  `uid` = 40179          [ RunTime:0.000675s ]
[ sql ] [ SQL ] SHOW COLUMNS FROM `bill_friend` [ RunTime:0.000687s ]
[ sql ] [ SQL ] SELECT * FROM `bill_friend` WHERE  `uid` = 40179 LIMIT 1    [ RunTime:0.008447s ]
[ sql ] [ SQL ] UPDATE `bill_friend`  SET `start`=1,`friend_name`='广东茂名黄镜和',`friend_imgurl`='https://wx.qlogo.cn/mmopen/vi_32/JJNEztkFUvJ3KlYw0gANoLqc8sjibYL5hZdX2Humiag3agRYvyrLZaISQBTBVTglkHyjPdiaaiabsVkJE9fEBJ2ZSg/132',`time`=1555084213  WHERE  `uid` = 40179        [ RunTime:0.039137s ]

---------------------------------------------------------------
[ 2019-04-12T23:50:13+08:00 ] 172.24.117.196 120.231.39.140 GET /charge/public/index.php/port/login/saveUserInfo?encryptedData=mMZSIBwleV0IAo1d9iXWKaIEYKK7e5mroTqW0TKxtGQQiSigIQxhv3oTdplu78ZBjQho2y5W5hci6Ot8gXnynWO%2FvFoCXqEaN5JCk7yLbe1M6sCFLV9zUGP0E88k2njCWRgDaK23p7ornGkst0zxP1XQ%2FY%2FajYrpb1NrtNEUNaCmYP4kfNHkTeDAu1ZaVKonUfTn9gVajoxuvDjlGlZSAArPhfyC5Nb8NHDfUYsy5JeWnEr4snrefCxS%2BDIDHxcrc8w5qG4TP3SjcT1xrkFTP9ZhslP%2BD3XCE45vUJXVcxhxi4qo4RsD9PMJCBb3X8pFwllb%2FfRtN8BCHzT%2BqfgehICNEPiggN%2BVb7tNm2OtPbVJ%2Bzh8eJgXgbinRbjTulXUrMP%2B%2BDEp7e35MklmfbzkU5r7Gao85pYmsaIiaDEtKGifJDjoVprEeKL2dyFwEIGioud3kQTAUKpg2TMKpaSDtg%3D%3D&PHPSESSID=OmVYfdZQAWZpXDzaFtd4rE38kWg&iv=LgkbwKZXif91ZusLMN435w%3D%3D
[ log ] www.qinlh.com/charge/public/index.php/port/login/saveUserInfo?encryptedData=mMZSIBwleV0IAo1d9iXWKaIEYKK7e5mroTqW0TKxtGQQiSigIQxhv3oTdplu78ZBjQho2y5W5hci6Ot8gXnynWO%2FvFoCXqEaN5JCk7yLbe1M6sCFLV9zUGP0E88k2njCWRgDaK23p7ornGkst0zxP1XQ%2FY%2FajYrpb1NrtNEUNaCmYP4kfNHkTeDAu1ZaVKonUfTn9gVajoxuvDjlGlZSAArPhfyC5Nb8NHDfUYsy5JeWnEr4snrefCxS%2BDIDHxcrc8w5qG4TP3SjcT1xrkFTP9ZhslP%2BD3XCE45vUJXVcxhxi4qo4RsD9PMJCBb3X8pFwllb%2FfRtN8BCHzT%2BqfgehICNEPiggN%2BVb7tNm2OtPbVJ%2Bzh8eJgXgbinRbjTulXUrMP%2B%2BDEp7e35MklmfbzkU5r7Gao85pYmsaIiaDEtKGifJDjoVprEeKL2dyFwEIGioud3kQTAUKpg2TMKpaSDtg%3D%3D&PHPSESSID=OmVYfdZQAWZpXDzaFtd4rE38kWg&iv=LgkbwKZXif91ZusLMN435w%3D%3D [运行时间：0.069981s][吞吐率：14.29req/s] [内存消耗：2,570.30kb] [文件加载：45]
[ sql ] [ DB ] CONNECT:[ UseTime:0.000960s ] mysql:dbname=bill_charge;host=39.104.52.159;port=3306;charset=utf8
[ sql ] [ SQL ] SHOW COLUMNS FROM `bill_user` [ RunTime:0.000964s ]
[ sql ] [ SQL ] UPDATE `bill_user`  SET `nickname`='广东茂名黄镜和',`sex`=1,`city`='',`province`='',`country`='',`headimgurl`='https://wx.qlogo.cn/mmopen/vi_32/JJNEztkFUvJ3KlYw0gANoLqc8sjibYL5hZdX2Humiag3agRYvyrLZaISQBTBVTglkHyjPdiaaiabsVkJE9fEBJ2ZSg/132'  WHERE  `uid` = 40179          [ RunTime:0.000543s ]
[ sql ] [ SQL ] SHOW COLUMNS FROM `bill_friend` [ RunTime:0.000725s ]
[ sql ] [ SQL ] SELECT * FROM `bill_friend` WHERE  `uid` = 40179 LIMIT 1    [ RunTime:0.008818s ]
[ sql ] [ SQL ] UPDATE `bill_friend`  SET `start`=1,`friend_name`='广东茂名黄镜和',`friend_imgurl`='https://wx.qlogo.cn/mmopen/vi_32/JJNEztkFUvJ3KlYw0gANoLqc8sjibYL5hZdX2Humiag3agRYvyrLZaISQBTBVTglkHyjPdiaaiabsVkJE9fEBJ2ZSg/132',`time`=1555084213  WHERE  `uid` = 40179        [ RunTime:0.039128s ]

---------------------------------------------------------------
[ 2019-04-12T23:50:16+08:00 ] 172.24.117.196 120.231.39.140 GET /charge/public/index.php/port/check/inoutClass
[ log ] www.qinlh.com/charge/public/index.php/port/check/inoutClass [运行时间：0.032629s][吞吐率：30.65req/s] [内存消耗：2,421.54kb] [文件加载：39]
[ sql ] [ DB ] CONNECT:[ UseTime:0.000960s ] mysql:dbname=bill_charge;host=39.104.52.159;port=3306;charset=utf8
[ sql ] [ SQL ] SHOW COLUMNS FROM `bill_inout_class` [ RunTime:0.002089s ]
[ sql ] [ SQL ] SELECT * FROM `bill_inout_class` WHERE  `start` = 1   [ RunTime:0.000449s ]
[ sql ] [ SQL ] SELECT * FROM `bill_inout_class` WHERE  `start` = 2   [ RunTime:0.000377s ]

---------------------------------------------------------------
[ 2019-04-12T23:50:46+08:00 ] 172.24.117.196 120.231.39.140 GET /charge/public/index.php/port/check/charge?openid=oOcH90OEmaNPpdPi-pyHWel-RHbY&formData=%7B%22money%22%3A%2222%22%2C%22date%22%3A%222019-04-12%22%2C%22remark%22%3A%22%E5%BF%AB%E9%A4%90%22%2C%22inout_start%22%3A2%2C%22inout_class%22%3A1%2C%22time%22%3A%222019-04-12%22%7D
[ log ] www.qinlh.com/charge/public/index.php/port/check/charge?openid=oOcH90OEmaNPpdPi-pyHWel-RHbY&formData=%7B%22money%22%3A%2222%22%2C%22date%22%3A%222019-04-12%22%2C%22remark%22%3A%22%E5%BF%AB%E9%A4%90%22%2C%22inout_start%22%3A2%2C%22inout_class%22%3A1%2C%22time%22%3A%222019-04-12%22%7D [运行时间：0.021794s][吞吐率：45.88req/s] [内存消耗：2,425.09kb] [文件加载：39]
[ sql ] [ DB ] CONNECT:[ UseTime:0.000954s ] mysql:dbname=bill_charge;host=39.104.52.159;port=3306;charset=utf8
[ sql ] [ SQL ] SHOW COLUMNS FROM `bill_public_follow` [ RunTime:0.000883s ]
[ sql ] [ SQL ] SELECT `f`.`uid` FROM `bill_public_follow` `f` INNER JOIN `bill_user` `u` ON `f`.`uid`=`u`.`uid` WHERE  `f`.`openid` = 'oOcH90OEmaNPpdPi-pyHWel-RHbY' LIMIT 1   [ RunTime:0.000401s ]
[ sql ] [ SQL ] select COLUMN_NAME from information_schema.COLUMNS where table_name = 'bill_charge' [ RunTime:0.000872s ]
[ sql ] [ SQL ] SHOW COLUMNS FROM `bill_charge` [ RunTime:0.000684s ]
[ sql ] [ SQL ] INSERT INTO `bill_charge` (`money` , `remark` , `inout_start` , `inout_class` , `time` , `user_id`) VALUES ('22' , '快餐' , 2 , 1 , 1554998400 , 40179)        [ RunTime:0.000614s ]

---------------------------------------------------------------
[ 2019-04-12T23:50:46+08:00 ] 172.24.117.196 120.231.39.140 GET /charge/public/index.php/port/check/charge?openid=oOcH90OEmaNPpdPi-pyHWel-RHbY&formData=%7B%22money%22%3A%2222%22%2C%22date%22%3A%222019-04-12%22%2C%22remark%22%3A%22%E5%BF%AB%E9%A4%90%22%2C%22inout_start%22%3A2%2C%22inout_class%22%3A1%2C%22time%22%3A%222019-04-12%22%7D
[ log ] www.qinlh.com/charge/public/index.php/port/check/charge?openid=oOcH90OEmaNPpdPi-pyHWel-RHbY&formData=%7B%22money%22%3A%2222%22%2C%22date%22%3A%222019-04-12%22%2C%22remark%22%3A%22%E5%BF%AB%E9%A4%90%22%2C%22inout_start%22%3A2%2C%22inout_class%22%3A1%2C%22time%22%3A%222019-04-12%22%7D [运行时间：0.021702s][吞吐率：46.08req/s] [内存消耗：2,425.09kb] [文件加载：39]
[ sql ] [ DB ] CONNECT:[ UseTime:0.000976s ] mysql:dbname=bill_charge;host=39.104.52.159;port=3306;charset=utf8
[ sql ] [ SQL ] SHOW COLUMNS FROM `bill_public_follow` [ RunTime:0.000870s ]
[ sql ] [ SQL ] SELECT `f`.`uid` FROM `bill_public_follow` `f` INNER JOIN `bill_user` `u` ON `f`.`uid`=`u`.`uid` WHERE  `f`.`openid` = 'oOcH90OEmaNPpdPi-pyHWel-RHbY' LIMIT 1   [ RunTime:0.000412s ]
[ sql ] [ SQL ] select COLUMN_NAME from information_schema.COLUMNS where table_name = 'bill_charge' [ RunTime:0.000896s ]
[ sql ] [ SQL ] SHOW COLUMNS FROM `bill_charge` [ RunTime:0.000688s ]
[ sql ] [ SQL ] INSERT INTO `bill_charge` (`money` , `remark` , `inout_start` , `inout_class` , `time` , `user_id`) VALUES ('22' , '快餐' , 2 , 1 , 1554998400 , 40179)        [ RunTime:0.000429s ]

---------------------------------------------------------------
[ 2019-04-12T23:50:56+08:00 ] 172.24.117.196 120.231.39.140 GET /charge/public/index.php/port/check/UserCheck?openid=oOcH90OEmaNPpdPi-pyHWel-RHbY&limit=3&lastid=0
[ log ] www.qinlh.com/charge/public/index.php/port/check/UserCheck?openid=oOcH90OEmaNPpdPi-pyHWel-RHbY&limit=3&lastid=0 [运行时间：0.463412s][吞吐率：2.16req/s] [内存消耗：2,759.56kb] [文件加载：41]
[ sql ] [ DB ] CONNECT:[ UseTime:0.001087s ] mysql:dbname=bill_charge;host=39.104.52.159;port=3306;charset=utf8
[ sql ] [ SQL ] SHOW COLUMNS FROM `bill_public_follow` [ RunTime:0.000895s ]
[ sql ] [ SQL ] SELECT `f`.`uid` FROM `bill_public_follow` `f` INNER JOIN `bill_user` `u` ON `f`.`uid`=`u`.`uid` WHERE  `f`.`openid` = 'oOcH90OEmaNPpdPi-pyHWel-RHbY' LIMIT 1   [ RunTime:0.000406s ]
[ sql ] [ SQL ] 
							SELECT
								sum(`money`) AS `money`,
								`time`
							FROM
								`bill_charge`
							WHERE
								`user_id` = '40179'
							AND `inout_start` = 1
							AND `time` >= unix_timestamp('2019-04-01 00:00:00')
							AND `time` <= unix_timestamp('2019-04-30 23:29:59')
							ORDER BY
								`a_id` DESC
						 [ RunTime:0.023981s ]
[ sql ] [ SQL ] 
							SELECT
								sum(`money`) AS `money`,
								`time`
							FROM
								`bill_charge`
							WHERE
								`user_id` = '40179'
							AND `inout_start` = 2
							AND `time` >= unix_timestamp('2019-04-01 00:00:00')
							AND `time` <= unix_timestamp('2019-04-30 23:29:59')
							ORDER BY
								`a_id` DESC
						 [ RunTime:0.025533s ]
[ sql ] [ SQL ] SHOW COLUMNS FROM `bill_charge` [ RunTime:0.000820s ]
[ sql ] [ SQL ] SELECT COUNT(*) AS tp_count FROM `bill_charge` WHERE  `user_id` = 40179 LIMIT 1    [ RunTime:0.022046s ]
[ sql ] [ SQL ] 
						SELECT
							time,
							a_id
						FROM
							bill_charge
						WHERE
							a_id > 0 and user_id = 40179
						GROUP BY
							time
						ORDER BY
							a_id DESC
						LIMIT 3
					 [ RunTime:0.132093s ]
[ sql ] [ SQL ] 
						SELECT
							time,
							a_id
						FROM
							bill_charge
						WHERE
							a_id > 0 and user_id = 40179
						GROUP BY
							time
						ORDER BY
							time DESC
					 [ RunTime:0.023776s ]
[ sql ] [ SQL ] 
									SELECT
										time,
										inout_start,
										sum(money) AS money
									FROM
										bill_charge
									WHERE
										user_id = 40179
									AND inout_start = 1
									AND time = 1554998400
									GROUP BY
										time
							 [ RunTime:0.023117s ]
[ sql ] [ SQL ] 
										SELECT
											time,
											inout_start,
											sum(money) AS money
										FROM
											bill_charge
										WHERE
											user_id = 40179
										AND inout_start = 2
										AND time = 1554998400
										GROUP BY
											time
									 [ RunTime:0.023030s ]
[ sql ] [ SQL ] SELECT * FROM `bill_charge` `c` INNER JOIN `bill_inout_class` `i` ON `c`.`inout_class`=`i`.`c_id` WHERE  `c`.`time` = 1554998400  AND `c`.`user_id` = 40179 ORDER BY c.a_id desc  [ RunTime:0.024264s ]
[ sql ] [ SQL ] 
									SELECT
										time,
										inout_start,
										sum(money) AS money
									FROM
										bill_charge
									WHERE
										user_id = 40179
									AND inout_start = 1
									AND time = 1554825600
									GROUP BY
										time
							 [ RunTime:0.023123s ]
[ sql ] [ SQL ] 
										SELECT
											time,
											inout_start,
											sum(money) AS money
										FROM
											bill_charge
										WHERE
											user_id = 40179
										AND inout_start = 2
										AND time = 1554825600
										GROUP BY
											time
									 [ RunTime:0.022890s ]
[ sql ] [ SQL ] SELECT * FROM `bill_charge` `c` INNER JOIN `bill_inout_class` `i` ON `c`.`inout_class`=`i`.`c_id` WHERE  `c`.`time` = 1554825600  AND `c`.`user_id` = 40179 ORDER BY c.a_id desc  [ RunTime:0.024323s ]
[ sql ] [ SQL ] 
									SELECT
										time,
										inout_start,
										sum(money) AS money
									FROM
										bill_charge
									WHERE
										user_id = 40179
									AND inout_start = 1
									AND time = 1554652800
									GROUP BY
										time
							 [ RunTime:0.022964s ]
[ sql ] [ SQL ] 
										SELECT
											time,
											inout_start,
											sum(money) AS money
										FROM
											bill_charge
										WHERE
											user_id = 40179
										AND inout_start = 2
										AND time = 1554652800
										GROUP BY
											time
									 [ RunTime:0.022953s ]
[ sql ] [ SQL ] SELECT * FROM `bill_charge` `c` INNER JOIN `bill_inout_class` `i` ON `c`.`inout_class`=`i`.`c_id` WHERE  `c`.`time` = 1554652800  AND `c`.`user_id` = 40179 ORDER BY c.a_id desc  [ RunTime:0.024309s ]

---------------------------------------------------------------
[ 2019-04-12T23:51:00+08:00 ] 172.24.117.196 120.231.39.140 GET /charge/public/index.php/port/check/inoutClass
[ log ] www.qinlh.com/charge/public/index.php/port/check/inoutClass [运行时间：0.019767s][吞吐率：50.59req/s] [内存消耗：2,421.54kb] [文件加载：39]
[ sql ] [ DB ] CONNECT:[ UseTime:0.000944s ] mysql:dbname=bill_charge;host=39.104.52.159;port=3306;charset=utf8
[ sql ] [ SQL ] SHOW COLUMNS FROM `bill_inout_class` [ RunTime:0.000879s ]
[ sql ] [ SQL ] SELECT * FROM `bill_inout_class` WHERE  `start` = 1   [ RunTime:0.000402s ]
[ sql ] [ SQL ] SELECT * FROM `bill_inout_class` WHERE  `start` = 2   [ RunTime:0.000368s ]

---------------------------------------------------------------
[ 2019-04-12T23:51:02+08:00 ] 172.24.117.196 120.231.39.140 GET /charge/public/index.php/port/check/BudgetMoney?openid=oOcH90OEmaNPpdPi-pyHWel-RHbY
[ log ] www.qinlh.com/charge/public/index.php/port/check/BudgetMoney?openid=oOcH90OEmaNPpdPi-pyHWel-RHbY [运行时间：0.023801s][吞吐率：42.01req/s] [内存消耗：2,732.95kb] [文件加载：41]
[ sql ] [ DB ] CONNECT:[ UseTime:0.001965s ] mysql:dbname=bill_charge;host=39.104.52.159;port=3306;charset=utf8
[ sql ] [ SQL ] SHOW COLUMNS FROM `bill_public_follow` [ RunTime:0.001219s ]
[ sql ] [ SQL ] SELECT `f`.`uid` FROM `bill_public_follow` `f` INNER JOIN `bill_user` `u` ON `f`.`uid`=`u`.`uid` WHERE  `f`.`openid` = 'oOcH90OEmaNPpdPi-pyHWel-RHbY' LIMIT 1   [ RunTime:0.000501s ]
[ sql ] [ SQL ] SELECT `butged`,`butged_start` FROM `bill_public_follow` WHERE  `openid` = 'oOcH90OEmaNPpdPi-pyHWel-RHbY' LIMIT 1    [ RunTime:0.000555s ]

---------------------------------------------------------------
[ 2019-04-12T23:51:02+08:00 ] 172.24.117.196 120.231.39.140 GET /charge/public/index.php/port/check/UserCheck?openid=oOcH90OEmaNPpdPi-pyHWel-RHbY&limit=3&lastid=0
[ log ] www.qinlh.com/charge/public/index.php/port/check/UserCheck?openid=oOcH90OEmaNPpdPi-pyHWel-RHbY&limit=3&lastid=0 [运行时间：0.049163s][吞吐率：20.34req/s] [内存消耗：2,759.56kb] [文件加载：41]
[ sql ] [ DB ] CONNECT:[ UseTime:0.008837s ] mysql:dbname=bill_charge;host=39.104.52.159;port=3306;charset=utf8
[ sql ] [ SQL ] SHOW COLUMNS FROM `bill_public_follow` [ RunTime:0.001463s ]
[ sql ] [ SQL ] SELECT `f`.`uid` FROM `bill_public_follow` `f` INNER JOIN `bill_user` `u` ON `f`.`uid`=`u`.`uid` WHERE  `f`.`openid` = 'oOcH90OEmaNPpdPi-pyHWel-RHbY' LIMIT 1   [ RunTime:0.000748s ]
[ sql ] [ SQL ] 
							SELECT
								sum(`money`) AS `money`,
								`time`
							FROM
								`bill_charge`
							WHERE
								`user_id` = '40179'
							AND `inout_start` = 1
							AND `time` >= unix_timestamp('2019-04-01 00:00:00')
							AND `time` <= unix_timestamp('2019-04-30 23:29:59')
							ORDER BY
								`a_id` DESC
						 [ RunTime:0.000701s ]
[ sql ] [ SQL ] 
							SELECT
								sum(`money`) AS `money`,
								`time`
							FROM
								`bill_charge`
							WHERE
								`user_id` = '40179'
							AND `inout_start` = 2
							AND `time` >= unix_timestamp('2019-04-01 00:00:00')
							AND `time` <= unix_timestamp('2019-04-30 23:29:59')
							ORDER BY
								`a_id` DESC
						 [ RunTime:0.000684s ]
[ sql ] [ SQL ] SHOW COLUMNS FROM `bill_charge` [ RunTime:0.003126s ]
[ sql ] [ SQL ] SELECT COUNT(*) AS tp_count FROM `bill_charge` WHERE  `user_id` = 40179 LIMIT 1    [ RunTime:0.000367s ]
[ sql ] [ SQL ] 
						SELECT
							time,
							a_id
						FROM
							bill_charge
						WHERE
							a_id > 0 and user_id = 40179
						GROUP BY
							time
						ORDER BY
							a_id DESC
						LIMIT 3
					 [ RunTime:0.000367s ]
[ sql ] [ SQL ] 
						SELECT
							time,
							a_id
						FROM
							bill_charge
						WHERE
							a_id > 0 and user_id = 40179
						GROUP BY
							time
						ORDER BY
							time DESC
					 [ RunTime:0.000355s ]
[ sql ] [ SQL ] 
									SELECT
										time,
										inout_start,
										sum(money) AS money
									FROM
										bill_charge
									WHERE
										user_id = 40179
									AND inout_start = 1
									AND time = 1554998400
									GROUP BY
										time
							 [ RunTime:0.000358s ]
[ sql ] [ SQL ] 
										SELECT
											time,
											inout_start,
											sum(money) AS money
										FROM
											bill_charge
										WHERE
											user_id = 40179
										AND inout_start = 2
										AND time = 1554998400
										GROUP BY
											time
									 [ RunTime:0.000436s ]
[ sql ] [ SQL ] SELECT * FROM `bill_charge` `c` INNER JOIN `bill_inout_class` `i` ON `c`.`inout_class`=`i`.`c_id` WHERE  `c`.`time` = 1554998400  AND `c`.`user_id` = 40179 ORDER BY c.a_id desc  [ RunTime:0.000440s ]
[ sql ] [ SQL ] 
									SELECT
										time,
										inout_start,
										sum(money) AS money
									FROM
										bill_charge
									WHERE
										user_id = 40179
									AND inout_start = 1
									AND time = 1554825600
									GROUP BY
										time
							 [ RunTime:0.000388s ]
[ sql ] [ SQL ] 
										SELECT
											time,
											inout_start,
											sum(money) AS money
										FROM
											bill_charge
										WHERE
											user_id = 40179
										AND inout_start = 2
										AND time = 1554825600
										GROUP BY
											time
									 [ RunTime:0.000367s ]
[ sql ] [ SQL ] SELECT * FROM `bill_charge` `c` INNER JOIN `bill_inout_class` `i` ON `c`.`inout_class`=`i`.`c_id` WHERE  `c`.`time` = 1554825600  AND `c`.`user_id` = 40179 ORDER BY c.a_id desc  [ RunTime:0.000422s ]
[ sql ] [ SQL ] 
									SELECT
										time,
										inout_start,
										sum(money) AS money
									FROM
										bill_charge
									WHERE
										user_id = 40179
									AND inout_start = 1
									AND time = 1554652800
									GROUP BY
										time
							 [ RunTime:0.000375s ]
[ sql ] [ SQL ] 
										SELECT
											time,
											inout_start,
											sum(money) AS money
										FROM
											bill_charge
										WHERE
											user_id = 40179
										AND inout_start = 2
										AND time = 1554652800
										GROUP BY
											time
									 [ RunTime:0.000354s ]
[ sql ] [ SQL ] SELECT * FROM `bill_charge` `c` INNER JOIN `bill_inout_class` `i` ON `c`.`inout_class`=`i`.`c_id` WHERE  `c`.`time` = 1554652800  AND `c`.`user_id` = 40179 ORDER BY c.a_id desc  [ RunTime:0.000435s ]

---------------------------------------------------------------
[ 2019-04-12T23:51:10+08:00 ] 172.24.117.196 120.231.39.140 GET /charge/public/index.php/port/check/BudgetMoney?openid=oOcH90OEmaNPpdPi-pyHWel-RHbY
[ log ] www.qinlh.com/charge/public/index.php/port/check/BudgetMoney?openid=oOcH90OEmaNPpdPi-pyHWel-RHbY [运行时间：0.020936s][吞吐率：47.76req/s] [内存消耗：2,732.95kb] [文件加载：41]
[ sql ] [ DB ] CONNECT:[ UseTime:0.000964s ] mysql:dbname=bill_charge;host=39.104.52.159;port=3306;charset=utf8
[ sql ] [ SQL ] SHOW COLUMNS FROM `bill_public_follow` [ RunTime:0.000867s ]
[ sql ] [ SQL ] SELECT `f`.`uid` FROM `bill_public_follow` `f` INNER JOIN `bill_user` `u` ON `f`.`uid`=`u`.`uid` WHERE  `f`.`openid` = 'oOcH90OEmaNPpdPi-pyHWel-RHbY' LIMIT 1   [ RunTime:0.000402s ]
[ sql ] [ SQL ] SELECT `butged`,`butged_start` FROM `bill_public_follow` WHERE  `openid` = 'oOcH90OEmaNPpdPi-pyHWel-RHbY' LIMIT 1    [ RunTime:0.000382s ]

---------------------------------------------------------------
