[ 2019-01-04T23:33:44+08:00 ] 172.24.117.196 117.36.12.23 GET /charge/public/index.php/port/circle/GetPayer?openid=oOcH90HMokSXOMTXTKfRf2TGGv6Y&cir_id=2907
[ log ] www.qinlh.com/charge/public/index.php/port/circle/GetPayer?openid=oOcH90HMokSXOMTXTKfRf2TGGv6Y&cir_id=2907 [è¿è¡Œæ—¶é—´ï¼š0.024254s][åžåçŽ‡ï¼š41.23req/s] [å†…å­˜æ¶ˆè€—ï¼š2,873.21kb] [æ–‡ä»¶åŠ è½½ï¼š41]
[ sql ] [ DB ] CONNECT:[ UseTime:0.000913s ] mysql:dbname=bill_charge;host=39.104.52.159;port=3306;charset=utf8
[ sql ] [ SQL ] SHOW COLUMNS FROM `bill_public_follow` [ RunTime:0.000863s ]
[ sql ] [ SQL ] SELECT `uid` FROM `bill_public_follow` WHERE  `openid` = 'oOcH90HMokSXOMTXTKfRf2TGGv6Y' LIMIT 1    [ RunTime:0.000394s ]
[ sql ] [ SQL ] SHOW COLUMNS FROM `bill_circle` [ RunTime:0.000694s ]
[ sql ] [ SQL ] SELECT `friend_id` FROM `bill_circle` WHERE  `cir_id` = 2907  AND `user_id` = 36764 LIMIT 1     [ RunTime:0.000376s ]
[ sql ] [ SQL ] SHOW COLUMNS FROM `bill_friend` [ RunTime:0.000653s ]
[ sql ] [ SQL ] SELECT * FROM `bill_friend` WHERE  `f_id` IN (38626,36764)    [ RunTime:0.000388s ]

---------------------------------------------------------------
[ 2019-01-04T23:33:47+08:00 ] 172.24.117.196 117.36.12.23 GET /charge/public/index.php/port/circle/ChargeGetimg
[ log ] www.qinlh.com/charge/public/index.php/port/circle/ChargeGetimg [è¿è¡Œæ—¶é—´ï¼š0.018432s][åžåçŽ‡ï¼š54.25req/s] [å†…å­˜æ¶ˆè€—ï¼š2,436.66kb] [æ–‡ä»¶åŠ è½½ï¼š39]
[ sql ] [ DB ] CONNECT:[ UseTime:0.000869s ] mysql:dbname=bill_charge;host=39.104.52.159;port=3306;charset=utf8
[ sql ] [ SQL ] SHOW COLUMNS FROM `bill_inout_class` [ RunTime:0.000810s ]
[ sql ] [ SQL ] SELECT * FROM `bill_inout_class` WHERE  `start` = 4   [ RunTime:0.000442s ]

---------------------------------------------------------------
[ 2019-01-04T23:33:47+08:00 ] 172.24.117.196 117.36.12.23 GET /charge/public/index.php/port/circle/GetShowpayer?openid=oOcH90HMokSXOMTXTKfRf2TGGv6Y&cir_id=2907&f_id=36764
[ log ] www.qinlh.com/charge/public/index.php/port/circle/GetShowpayer?openid=oOcH90HMokSXOMTXTKfRf2TGGv6Y&cir_id=2907&f_id=36764 [è¿è¡Œæ—¶é—´ï¼š0.025932s][åžåçŽ‡ï¼š38.56req/s] [å†…å­˜æ¶ˆè€—ï¼š2,870.55kb] [æ–‡ä»¶åŠ è½½ï¼š41]
[ sql ] [ DB ] CONNECT:[ UseTime:0.000868s ] mysql:dbname=bill_charge;host=39.104.52.159;port=3306;charset=utf8
[ sql ] [ SQL ] SHOW COLUMNS FROM `bill_public_follow` [ RunTime:0.000827s ]
[ sql ] [ SQL ] SELECT `uid` FROM `bill_public_follow` WHERE  `openid` = 'oOcH90HMokSXOMTXTKfRf2TGGv6Y' LIMIT 1    [ RunTime:0.000404s ]
[ sql ] [ SQL ] SHOW COLUMNS FROM `bill_friend` [ RunTime:0.000662s ]
[ sql ] [ SQL ] SELECT COUNT(*) AS tp_count FROM `bill_friend` WHERE  `f_id` IN (36764) LIMIT 1    [ RunTime:0.000355s ]
[ sql ] [ SQL ] SELECT * FROM `bill_friend` WHERE  `f_id` IN (36764)   [ RunTime:0.000390s ]
[ sql ] [ SQL ] SHOW COLUMNS FROM `bill_circle` [ RunTime:0.000619s ]
[ sql ] [ SQL ] SELECT `friend_id` FROM `bill_circle` WHERE  `cir_id` = 2907  AND `user_id` = 36764 LIMIT 1     [ RunTime:0.000344s ]
[ sql ] [ SQL ] SELECT * FROM `bill_friend` WHERE  `f_id` IN (38626)   [ RunTime:0.000418s ]
[ sql ] [ SQL ] SELECT COUNT(*) AS tp_count FROM `bill_friend` WHERE  `f_id` IN (38626) LIMIT 1    [ RunTime:0.000391s ]
[ sql ] [ SQL ] SELECT `friend_id` FROM `bill_circle` WHERE  `cir_id` = 2907  AND `user_id` = 36764 LIMIT 1     [ RunTime:0.000330s ]

---------------------------------------------------------------
[ 2019-01-04T23:33:52+08:00 ] 172.24.117.196 117.36.12.23 GET /charge/public/index.php/port/circle/GetPayer?openid=oOcH90HMokSXOMTXTKfRf2TGGv6Y&cir_id=2907
[ log ] www.qinlh.com/charge/public/index.php/port/circle/GetPayer?openid=oOcH90HMokSXOMTXTKfRf2TGGv6Y&cir_id=2907 [è¿è¡Œæ—¶é—´ï¼š0.023768s][åžåçŽ‡ï¼š42.07req/s] [å†…å­˜æ¶ˆè€—ï¼š2,873.28kb] [æ–‡ä»¶åŠ è½½ï¼š41]
[ sql ] [ DB ] CONNECT:[ UseTime:0.000863s ] mysql:dbname=bill_charge;host=39.104.52.159;port=3306;charset=utf8
[ sql ] [ SQL ] SHOW COLUMNS FROM `bill_public_follow` [ RunTime:0.000821s ]
[ sql ] [ SQL ] SELECT `uid` FROM `bill_public_follow` WHERE  `openid` = 'oOcH90HMokSXOMTXTKfRf2TGGv6Y' LIMIT 1    [ RunTime:0.000395s ]
[ sql ] [ SQL ] SHOW COLUMNS FROM `bill_circle` [ RunTime:0.000664s ]
[ sql ] [ SQL ] SELECT `friend_id` FROM `bill_circle` WHERE  `cir_id` = 2907  AND `user_id` = 36764 LIMIT 1     [ RunTime:0.000339s ]
[ sql ] [ SQL ] SHOW COLUMNS FROM `bill_friend` [ RunTime:0.000641s ]
[ sql ] [ SQL ] SELECT * FROM `bill_friend` WHERE  `f_id` IN (38626,36764)    [ RunTime:0.000389s ]

---------------------------------------------------------------
[ 2019-01-04T23:43:18+08:00 ] 172.24.117.196 117.136.45.249 GET /charge/public/index.php/port/check/inoutClass
[ log ] www.qinlh.com/charge/public/index.php/port/check/inoutClass [è¿è¡Œæ—¶é—´ï¼š0.077895s][åžåçŽ‡ï¼š12.84req/s] [å†…å­˜æ¶ˆè€—ï¼š2,421.54kb] [æ–‡ä»¶åŠ è½½ï¼š39]
[ sql ] [ DB ] CONNECT:[ UseTime:0.012285s ] mysql:dbname=bill_charge;host=39.104.52.159;port=3306;charset=utf8
[ sql ] [ SQL ] SHOW COLUMNS FROM `bill_inout_class` [ RunTime:0.002126s ]
[ sql ] [ SQL ] SELECT * FROM `bill_inout_class` WHERE  `start` = 1   [ RunTime:0.001292s ]
[ sql ] [ SQL ] SELECT * FROM `bill_inout_class` WHERE  `start` = 2   [ RunTime:0.001038s ]

---------------------------------------------------------------
[ 2019-01-04T23:43:18+08:00 ] 172.24.117.196 117.136.45.249 GET /charge/public/index.php/port/check/BudgetMoney?openid=oOcH90LkxC53NWa4Qpka4Z4SuC1A
[ log ] www.qinlh.com/charge/public/index.php/port/check/BudgetMoney?openid=oOcH90LkxC53NWa4Qpka4Z4SuC1A [è¿è¡Œæ—¶é—´ï¼š0.091099s][åžåçŽ‡ï¼š10.98req/s] [å†…å­˜æ¶ˆè€—ï¼š2,732.95kb] [æ–‡ä»¶åŠ è½½ï¼š41]
[ sql ] [ DB ] CONNECT:[ UseTime:0.002315s ] mysql:dbname=bill_charge;host=39.104.52.159;port=3306;charset=utf8
[ sql ] [ SQL ] SHOW COLUMNS FROM `bill_public_follow` [ RunTime:0.001333s ]
[ sql ] [ SQL ] SELECT `f`.`uid` FROM `bill_public_follow` `f` INNER JOIN `bill_user` `u` ON `f`.`uid`=`u`.`uid` WHERE  `f`.`openid` = 'oOcH90LkxC53NWa4Qpka4Z4SuC1A' LIMIT 1   [ RunTime:0.001190s ]
[ sql ] [ SQL ] SELECT `butged`,`butged_start` FROM `bill_public_follow` WHERE  `openid` = 'oOcH90LkxC53NWa4Qpka4Z4SuC1A' LIMIT 1    [ RunTime:0.021547s ]

---------------------------------------------------------------
[ 2019-01-04T23:43:18+08:00 ] 172.24.117.196 117.136.45.249 GET /charge/public/index.php/port/login/sendCode?code=001gVgnK1mFxO30s9JnK14JpnK1gVgnA&PHPSESSID=y14zED9SQY7jpP0DnIJtglwouao
[ log ] www.qinlh.com/charge/public/index.php/port/login/sendCode?code=001gVgnK1mFxO30s9JnK14JpnK1gVgnA&PHPSESSID=y14zED9SQY7jpP0DnIJtglwouao [è¿è¡Œæ—¶é—´ï¼š0.418020s][åžåçŽ‡ï¼š2.39req/s] [å†…å­˜æ¶ˆè€—ï¼š2,533.10kb] [æ–‡ä»¶åŠ è½½ï¼š42]
[ sql ] [ DB ] CONNECT:[ UseTime:0.004786s ] mysql:dbname=bill_charge;host=39.104.52.159;port=3306;charset=utf8
[ sql ] [ SQL ] SHOW COLUMNS FROM `bill_public_follow` [ RunTime:0.019032s ]
[ sql ] [ SQL ] SELECT * FROM `bill_public_follow` WHERE  `openid` = 'oOcH90LkxC53NWa4Qpka4Z4SuC1A' LIMIT 1    [ RunTime:0.019198s ]

---------------------------------------------------------------
[ 2019-01-04T23:43:18+08:00 ] 172.24.117.196 117.136.45.249 GET /charge/public/index.php/port/check/UserCheck?openid=oOcH90LkxC53NWa4Qpka4Z4SuC1A&limit=3&lastid=0
[ log ] www.qinlh.com/charge/public/index.php/port/check/UserCheck?openid=oOcH90LkxC53NWa4Qpka4Z4SuC1A&limit=3&lastid=0 [è¿è¡Œæ—¶é—´ï¼š0.421775s][åžåçŽ‡ï¼š2.37req/s] [å†…å­˜æ¶ˆè€—ï¼š2,754.88kb] [æ–‡ä»¶åŠ è½½ï¼š41]
[ sql ] [ DB ] CONNECT:[ UseTime:0.006571s ] mysql:dbname=bill_charge;host=39.104.52.159;port=3306;charset=utf8
[ sql ] [ SQL ] SHOW COLUMNS FROM `bill_public_follow` [ RunTime:0.002692s ]
[ sql ] [ SQL ] SELECT `f`.`uid` FROM `bill_public_follow` `f` INNER JOIN `bill_user` `u` ON `f`.`uid`=`u`.`uid` WHERE  `f`.`openid` = 'oOcH90LkxC53NWa4Qpka4Z4SuC1A' LIMIT 1   [ RunTime:0.001149s ]
[ sql ] [ SQL ] 
							SELECT
								sum(`money`) AS `money`,
								`time`
							FROM
								`bill_charge`
							WHERE
								`user_id` = '37062'
							AND `inout_start` = 1
							AND `time` >= unix_timestamp('2019-01-01 00:00:00')
							AND `time` <= unix_timestamp('2019-01-31 23:29:59')
							ORDER BY
								`a_id` DESC
						 [ RunTime:0.024864s ]
[ sql ] [ SQL ] 
							SELECT
								sum(`money`) AS `money`,
								`time`
							FROM
								`bill_charge`
							WHERE
								`user_id` = '37062'
							AND `inout_start` = 2
							AND `time` >= unix_timestamp('2019-01-01 00:00:00')
							AND `time` <= unix_timestamp('2019-01-31 23:29:59')
							ORDER BY
								`a_id` DESC
						 [ RunTime:0.028492s ]
[ sql ] [ SQL ] SHOW COLUMNS FROM `bill_charge` [ RunTime:0.000800s ]
[ sql ] [ SQL ] SELECT COUNT(*) AS tp_count FROM `bill_charge` WHERE  `user_id` = 37062 LIMIT 1    [ RunTime:0.017985s ]
[ sql ] [ SQL ] 
						SELECT
							time,
							a_id
						FROM
							bill_charge
						WHERE
							a_id > 0 and user_id = 37062
						GROUP BY
							time
						ORDER BY
							a_id DESC
						LIMIT 3
					 [ RunTime:0.107355s ]
[ sql ] [ SQL ] 
						SELECT
							time,
							a_id
						FROM
							bill_charge
						WHERE
							a_id > 0 and user_id = 37062
						GROUP BY
							time
						ORDER BY
							time DESC
					 [ RunTime:0.018705s ]
[ sql ] [ SQL ] 
									SELECT
										time,
										inout_start,
										sum(money) AS money
									FROM
										bill_charge
									WHERE
										user_id = 37062
									AND inout_start = 1
									AND time = 1546444800
									GROUP BY
										time
							 [ RunTime:0.018630s ]
[ sql ] [ SQL ] 
										SELECT
											time,
											inout_start,
											sum(money) AS money
										FROM
											bill_charge
										WHERE
											user_id = 37062
										AND inout_start = 2
										AND time = 1546444800
										GROUP BY
											time
									 [ RunTime:0.018582s ]
[ sql ] [ SQL ] SELECT * FROM `bill_charge` `c` INNER JOIN `bill_inout_class` `i` ON `c`.`inout_class`=`i`.`c_id` WHERE  `c`.`time` = 1546444800  AND `c`.`user_id` = 37062 ORDER BY c.a_id desc  [ RunTime:0.019641s ]
[ sql ] [ SQL ] 
									SELECT
										time,
										inout_start,
										sum(money) AS money
									FROM
										bill_charge
									WHERE
										user_id = 37062
									AND inout_start = 1
									AND time = 1546358400
									GROUP BY
										time
							 [ RunTime:0.018582s ]
[ sql ] [ SQL ] 
										SELECT
											time,
											inout_start,
											sum(money) AS money
										FROM
											bill_charge
										WHERE
											user_id = 37062
										AND inout_start = 2
										AND time = 1546358400
										GROUP BY
											time
									 [ RunTime:0.018463s ]
[ sql ] [ SQL ] SELECT * FROM `bill_charge` `c` INNER JOIN `bill_inout_class` `i` ON `c`.`inout_class`=`i`.`c_id` WHERE  `c`.`time` = 1546358400  AND `c`.`user_id` = 37062 ORDER BY c.a_id desc  [ RunTime:0.027917s ]
[ sql ] [ SQL ] 
									SELECT
										time,
										inout_start,
										sum(money) AS money
									FROM
										bill_charge
									WHERE
										user_id = 37062
									AND inout_start = 1
									AND time = 1546272000
									GROUP BY
										time
							 [ RunTime:0.019242s ]
[ sql ] [ SQL ] 
										SELECT
											time,
											inout_start,
											sum(money) AS money
										FROM
											bill_charge
										WHERE
											user_id = 37062
										AND inout_start = 2
										AND time = 1546272000
										GROUP BY
											time
									 [ RunTime:0.019628s ]
[ sql ] [ SQL ] SELECT * FROM `bill_charge` `c` INNER JOIN `bill_inout_class` `i` ON `c`.`inout_class`=`i`.`c_id` WHERE  `c`.`time` = 1546272000  AND `c`.`user_id` = 37062 ORDER BY c.a_id desc  [ RunTime:0.022643s ]

---------------------------------------------------------------
[ 2019-01-04T23:43:19+08:00 ] 172.24.117.196 117.136.45.249 GET /charge/public/index.php/port/login/saveUserInfo?encryptedData=ryjqA2UTnqg7gpCq5D8GKqHPOeU1pdCWczxV4S72x3Nrr%2FJVLL%2BUbnnOaGnZHTQKCBUGWw%2BbDOlk18hjiGyR%2FV9Kxz%2BL9st288lvYO3k%2BeMCPPWAaZE0qKjj9JUhIw9KZduET%2FGa4dk3A0DYHkpDBuhf4B7Yqd9q5rh7Y6rno3qv1YsqcQB3s0FzY7tG8ccmxu%2FIkZGeToqwSb7CYR4XLjA7%2FcH2%2Fhzor%2F5h6M8OQREv4SVbgRI74RWp7%2F1QA0%2FM4DpRALVWzi1kQgkYwg8gbv7VVj6QSfimcH1LR9jXNg3hXeV%2F6N5DnT%2FLqe%2BMV3aKH%2FtZ%2BuKEl%2BFpulEHPm8bfGDV8omj30sxHs2XO4KQAhyx2rV1Wn7oNhY7Qh8VFc2jwsDuArCUKzZIlBWJi%2BGVgAxY7aiXTNXkMoyj1c4notjco6jMnyPKtqwyH53ScqYPR1xBZp3C6oD6N9lBZdpY%2BQ%3D%3D&PHPSESSID=srApbjclijzXTLvIOkM34JySOkN&iv=GTWV8X3E2hOII0%2Bz15caFg%3D%3D
[ log ] www.qinlh.com/charge/public/index.php/port/login/saveUserInfo?encryptedData=ryjqA2UTnqg7gpCq5D8GKqHPOeU1pdCWczxV4S72x3Nrr%2FJVLL%2BUbnnOaGnZHTQKCBUGWw%2BbDOlk18hjiGyR%2FV9Kxz%2BL9st288lvYO3k%2BeMCPPWAaZE0qKjj9JUhIw9KZduET%2FGa4dk3A0DYHkpDBuhf4B7Yqd9q5rh7Y6rno3qv1YsqcQB3s0FzY7tG8ccmxu%2FIkZGeToqwSb7CYR4XLjA7%2FcH2%2Fhzor%2F5h6M8OQREv4SVbgRI74RWp7%2F1QA0%2FM4DpRALVWzi1kQgkYwg8gbv7VVj6QSfimcH1LR9jXNg3hXeV%2F6N5DnT%2FLqe%2BMV3aKH%2FtZ%2BuKEl%2BFpulEHPm8bfGDV8omj30sxHs2XO4KQAhyx2rV1Wn7oNhY7Qh8VFc2jwsDuArCUKzZIlBWJi%2BGVgAxY7aiXTNXkMoyj1c4notjco6jMnyPKtqwyH53ScqYPR1xBZp3C6oD6N9lBZdpY%2BQ%3D%3D&PHPSESSID=srApbjclijzXTLvIOkM34JySOkN&iv=GTWV8X3E2hOII0%2Bz15caFg%3D%3D [è¿è¡Œæ—¶é—´ï¼š0.063439s][åžåçŽ‡ï¼š15.76req/s] [å†…å­˜æ¶ˆè€—ï¼š2,570.43kb] [æ–‡ä»¶åŠ è½½ï¼š45]
[ sql ] [ DB ] CONNECT:[ UseTime:0.000836s ] mysql:dbname=bill_charge;host=39.104.52.159;port=3306;charset=utf8
[ sql ] [ SQL ] SHOW COLUMNS FROM `bill_user` [ RunTime:0.000964s ]
[ sql ] [ SQL ] UPDATE `bill_user`  SET `nickname`='HðŸ’•',`sex`=2,`city`='Suqian',`province`='Jiangsu',`country`='China',`headimgurl`='https://wx.qlogo.cn/mmopen/vi_32/Q0j4TwGTfTJbOdZwNq2lxfhA54gngvzx0iazFrk7RTJALO3EjlHd2md0ILQCicFDIKwv4lOkmmGO8gS3QKE28mgQ/132'  WHERE  `uid` = 37062          [ RunTime:0.000482s ]
[ sql ] [ SQL ] SHOW COLUMNS FROM `bill_friend` [ RunTime:0.000648s ]
[ sql ] [ SQL ] SELECT * FROM `bill_friend` WHERE  `uid` = 37062 LIMIT 1    [ RunTime:0.007648s ]
[ sql ] [ SQL ] UPDATE `bill_friend`  SET `start`=1,`friend_name`='HðŸ’•',`friend_imgurl`='https://wx.qlogo.cn/mmopen/vi_32/Q0j4TwGTfTJbOdZwNq2lxfhA54gngvzx0iazFrk7RTJALO3EjlHd2md0ILQCicFDIKwv4lOkmmGO8gS3QKE28mgQ/132',`time`=1546616599  WHERE  `uid` = 37062        [ RunTime:0.034425s ]

---------------------------------------------------------------
[ 2019-01-04T23:44:02+08:00 ] 172.24.117.196 117.136.45.249 GET /charge/public/index.php/port/check/charge?openid=oOcH90LkxC53NWa4Qpka4Z4SuC1A&formData=%7B%22money%22%3A%2217%22%2C%22date%22%3A%222019-01-04%22%2C%22remark%22%3A%22%E9%9B%B6%E9%A3%9F%EF%BC%88%E4%B9%B0%E7%9A%84%E6%9C%89%E7%82%B9%E5%A4%9A%EF%BC%89%22%2C%22inout_start%22%3A2%2C%22inout_class%22%3A1%2C%22time%22%3A%222019-01-04%22%7D
[ log ] www.qinlh.com/charge/public/index.php/port/check/charge?openid=oOcH90LkxC53NWa4Qpka4Z4SuC1A&formData=%7B%22money%22%3A%2217%22%2C%22date%22%3A%222019-01-04%22%2C%22remark%22%3A%22%E9%9B%B6%E9%A3%9F%EF%BC%88%E4%B9%B0%E7%9A%84%E6%9C%89%E7%82%B9%E5%A4%9A%EF%BC%89%22%2C%22inout_start%22%3A2%2C%22inout_class%22%3A1%2C%22time%22%3A%222019-01-04%22%7D [è¿è¡Œæ—¶é—´ï¼š0.020592s][åžåçŽ‡ï¼š48.56req/s] [å†…å­˜æ¶ˆè€—ï¼š2,425.23kb] [æ–‡ä»¶åŠ è½½ï¼š39]
[ sql ] [ DB ] CONNECT:[ UseTime:0.000860s ] mysql:dbname=bill_charge;host=39.104.52.159;port=3306;charset=utf8
[ sql ] [ SQL ] SHOW COLUMNS FROM `bill_public_follow` [ RunTime:0.000828s ]
[ sql ] [ SQL ] SELECT `f`.`uid` FROM `bill_public_follow` `f` INNER JOIN `bill_user` `u` ON `f`.`uid`=`u`.`uid` WHERE  `f`.`openid` = 'oOcH90LkxC53NWa4Qpka4Z4SuC1A' LIMIT 1   [ RunTime:0.000377s ]
[ sql ] [ SQL ] select COLUMN_NAME from information_schema.COLUMNS where table_name = 'bill_charge' [ RunTime:0.000882s ]
[ sql ] [ SQL ] SHOW COLUMNS FROM `bill_charge` [ RunTime:0.000637s ]
[ sql ] [ SQL ] INSERT INTO `bill_charge` (`money` , `remark` , `inout_start` , `inout_class` , `time` , `user_id`) VALUES ('17' , 'é›¶é£Ÿï¼ˆä¹°çš„æœ‰ç‚¹å¤šï¼‰' , 2 , 1 , 1546531200 , 37062)        [ RunTime:0.000644s ]

---------------------------------------------------------------
[ 2019-01-04T23:44:03+08:00 ] 172.24.117.196 117.136.45.249 GET /charge/public/index.php/port/check/BudgetMoney?openid=oOcH90LkxC53NWa4Qpka4Z4SuC1A
[ log ] www.qinlh.com/charge/public/index.php/port/check/BudgetMoney?openid=oOcH90LkxC53NWa4Qpka4Z4SuC1A [è¿è¡Œæ—¶é—´ï¼š0.054405s][åžåçŽ‡ï¼š18.38req/s] [å†…å­˜æ¶ˆè€—ï¼š2,732.95kb] [æ–‡ä»¶åŠ è½½ï¼š41]
[ sql ] [ DB ] CONNECT:[ UseTime:0.001636s ] mysql:dbname=bill_charge;host=39.104.52.159;port=3306;charset=utf8
[ sql ] [ SQL ] SHOW COLUMNS FROM `bill_public_follow` [ RunTime:0.001216s ]
[ sql ] [ SQL ] SELECT `f`.`uid` FROM `bill_public_follow` `f` INNER JOIN `bill_user` `u` ON `f`.`uid`=`u`.`uid` WHERE  `f`.`openid` = 'oOcH90LkxC53NWa4Qpka4Z4SuC1A' LIMIT 1   [ RunTime:0.000507s ]
[ sql ] [ SQL ] SELECT `butged`,`butged_start` FROM `bill_public_follow` WHERE  `openid` = 'oOcH90LkxC53NWa4Qpka4Z4SuC1A' LIMIT 1    [ RunTime:0.019858s ]

---------------------------------------------------------------
[ 2019-01-04T23:44:03+08:00 ] 172.24.117.196 117.136.45.249 GET /charge/public/index.php/port/check/UserCheck?openid=oOcH90LkxC53NWa4Qpka4Z4SuC1A&limit=3&lastid=0
[ log ] www.qinlh.com/charge/public/index.php/port/check/UserCheck?openid=oOcH90LkxC53NWa4Qpka4Z4SuC1A&limit=3&lastid=0 [è¿è¡Œæ—¶é—´ï¼š0.399835s][åžåçŽ‡ï¼š2.50req/s] [å†…å­˜æ¶ˆè€—ï¼š2,751.98kb] [æ–‡ä»¶åŠ è½½ï¼š41]
[ sql ] [ DB ] CONNECT:[ UseTime:0.013069s ] mysql:dbname=bill_charge;host=39.104.52.159;port=3306;charset=utf8
[ sql ] [ SQL ] SHOW COLUMNS FROM `bill_public_follow` [ RunTime:0.001506s ]
[ sql ] [ SQL ] SELECT `f`.`uid` FROM `bill_public_follow` `f` INNER JOIN `bill_user` `u` ON `f`.`uid`=`u`.`uid` WHERE  `f`.`openid` = 'oOcH90LkxC53NWa4Qpka4Z4SuC1A' LIMIT 1   [ RunTime:0.000822s ]
[ sql ] [ SQL ] 
							SELECT
								sum(`money`) AS `money`,
								`time`
							FROM
								`bill_charge`
							WHERE
								`user_id` = '37062'
							AND `inout_start` = 1
							AND `time` >= unix_timestamp('2019-01-01 00:00:00')
							AND `time` <= unix_timestamp('2019-01-31 23:29:59')
							ORDER BY
								`a_id` DESC
						 [ RunTime:0.020139s ]
[ sql ] [ SQL ] 
							SELECT
								sum(`money`) AS `money`,
								`time`
							FROM
								`bill_charge`
							WHERE
								`user_id` = '37062'
							AND `inout_start` = 2
							AND `time` >= unix_timestamp('2019-01-01 00:00:00')
							AND `time` <= unix_timestamp('2019-01-31 23:29:59')
							ORDER BY
								`a_id` DESC
						 [ RunTime:0.023467s ]
[ sql ] [ SQL ] SHOW COLUMNS FROM `bill_charge` [ RunTime:0.000783s ]
[ sql ] [ SQL ] SELECT COUNT(*) AS tp_count FROM `bill_charge` WHERE  `user_id` = 37062 LIMIT 1    [ RunTime:0.017840s ]
[ sql ] [ SQL ] 
						SELECT
							time,
							a_id
						FROM
							bill_charge
						WHERE
							a_id > 0 and user_id = 37062
						GROUP BY
							time
						ORDER BY
							a_id DESC
						LIMIT 3
					 [ RunTime:0.106679s ]
[ sql ] [ SQL ] 
						SELECT
							time,
							a_id
						FROM
							bill_charge
						WHERE
							a_id > 0 and user_id = 37062
						GROUP BY
							time
						ORDER BY
							time DESC
					 [ RunTime:0.018858s ]
[ sql ] [ SQL ] 
									SELECT
										time,
										inout_start,
										sum(money) AS money
									FROM
										bill_charge
									WHERE
										user_id = 37062
									AND inout_start = 1
									AND time = 1546531200
									GROUP BY
										time
							 [ RunTime:0.018627s ]
[ sql ] [ SQL ] 
										SELECT
											time,
											inout_start,
											sum(money) AS money
										FROM
											bill_charge
										WHERE
											user_id = 37062
										AND inout_start = 2
										AND time = 1546531200
										GROUP BY
											time
									 [ RunTime:0.018519s ]
[ sql ] [ SQL ] SELECT * FROM `bill_charge` `c` INNER JOIN `bill_inout_class` `i` ON `c`.`inout_class`=`i`.`c_id` WHERE  `c`.`time` = 1546531200  AND `c`.`user_id` = 37062 ORDER BY c.a_id desc  [ RunTime:0.019770s ]
[ sql ] [ SQL ] 
									SELECT
										time,
										inout_start,
										sum(money) AS money
									FROM
										bill_charge
									WHERE
										user_id = 37062
									AND inout_start = 1
									AND time = 1546444800
									GROUP BY
										time
							 [ RunTime:0.018631s ]
[ sql ] [ SQL ] 
										SELECT
											time,
											inout_start,
											sum(money) AS money
										FROM
											bill_charge
										WHERE
											user_id = 37062
										AND inout_start = 2
										AND time = 1546444800
										GROUP BY
											time
									 [ RunTime:0.018706s ]
[ sql ] [ SQL ] SELECT * FROM `bill_charge` `c` INNER JOIN `bill_inout_class` `i` ON `c`.`inout_class`=`i`.`c_id` WHERE  `c`.`time` = 1546444800  AND `c`.`user_id` = 37062 ORDER BY c.a_id desc  [ RunTime:0.020006s ]
[ sql ] [ SQL ] 
									SELECT
										time,
										inout_start,
										sum(money) AS money
									FROM
										bill_charge
									WHERE
										user_id = 37062
									AND inout_start = 1
									AND time = 1546358400
									GROUP BY
										time
							 [ RunTime:0.019016s ]
[ sql ] [ SQL ] 
										SELECT
											time,
											inout_start,
											sum(money) AS money
										FROM
											bill_charge
										WHERE
											user_id = 37062
										AND inout_start = 2
										AND time = 1546358400
										GROUP BY
											time
									 [ RunTime:0.018686s ]
[ sql ] [ SQL ] SELECT * FROM `bill_charge` `c` INNER JOIN `bill_inout_class` `i` ON `c`.`inout_class`=`i`.`c_id` WHERE  `c`.`time` = 1546358400  AND `c`.`user_id` = 37062 ORDER BY c.a_id desc  [ RunTime:0.019892s ]

---------------------------------------------------------------
[ 2019-01-04T23:44:47+08:00 ] 172.24.117.196 117.136.45.249 GET /charge/public/index.php/port/check/inoutClass
[ log ] www.qinlh.com/charge/public/index.php/port/check/inoutClass [è¿è¡Œæ—¶é—´ï¼š0.027452s][åžåçŽ‡ï¼š36.43req/s] [å†…å­˜æ¶ˆè€—ï¼š2,421.54kb] [æ–‡ä»¶åŠ è½½ï¼š39]
[ sql ] [ DB ] CONNECT:[ UseTime:0.001194s ] mysql:dbname=bill_charge;host=39.104.52.159;port=3306;charset=utf8
[ sql ] [ SQL ] SHOW COLUMNS FROM `bill_inout_class` [ RunTime:0.001014s ]
[ sql ] [ SQL ] SELECT * FROM `bill_inout_class` WHERE  `start` = 1   [ RunTime:0.000506s ]
[ sql ] [ SQL ] SELECT * FROM `bill_inout_class` WHERE  `start` = 2   [ RunTime:0.000412s ]

---------------------------------------------------------------
[ 2019-01-04T23:45:37+08:00 ] 172.24.117.196 117.136.45.249 GET /charge/public/index.php/port/check/charge?openid=oOcH90LkxC53NWa4Qpka4Z4SuC1A&formData=%7B%22money%22%3A%22150%22%2C%22date%22%3A%222019-01-04%22%2C%22remark%22%3A%22%E8%AF%9D%E8%B4%B9%EF%BC%88%E6%88%91%E5%92%8C%E5%B0%8F%E7%8C%AA%EF%BC%89%22%2C%22inout_start%22%3A2%2C%22inout_class%22%3A6%2C%22time%22%3A%222019-01-04%22%7D
[ log ] www.qinlh.com/charge/public/index.php/port/check/charge?openid=oOcH90LkxC53NWa4Qpka4Z4SuC1A&formData=%7B%22money%22%3A%22150%22%2C%22date%22%3A%222019-01-04%22%2C%22remark%22%3A%22%E8%AF%9D%E8%B4%B9%EF%BC%88%E6%88%91%E5%92%8C%E5%B0%8F%E7%8C%AA%EF%BC%89%22%2C%22inout_start%22%3A2%2C%22inout_class%22%3A6%2C%22time%22%3A%222019-01-04%22%7D [è¿è¡Œæ—¶é—´ï¼š0.021713s][åžåçŽ‡ï¼š46.06req/s] [å†…å­˜æ¶ˆè€—ï¼š2,425.30kb] [æ–‡ä»¶åŠ è½½ï¼š39]
[ sql ] [ DB ] CONNECT:[ UseTime:0.000885s ] mysql:dbname=bill_charge;host=39.104.52.159;port=3306;charset=utf8
[ sql ] [ SQL ] SHOW COLUMNS FROM `bill_public_follow` [ RunTime:0.001866s ]
[ sql ] [ SQL ] SELECT `f`.`uid` FROM `bill_public_follow` `f` INNER JOIN `bill_user` `u` ON `f`.`uid`=`u`.`uid` WHERE  `f`.`openid` = 'oOcH90LkxC53NWa4Qpka4Z4SuC1A' LIMIT 1   [ RunTime:0.000410s ]
[ sql ] [ SQL ] select COLUMN_NAME from information_schema.COLUMNS where table_name = 'bill_charge' [ RunTime:0.000816s ]
[ sql ] [ SQL ] SHOW COLUMNS FROM `bill_charge` [ RunTime:0.000619s ]
[ sql ] [ SQL ] INSERT INTO `bill_charge` (`money` , `remark` , `inout_start` , `inout_class` , `time` , `user_id`) VALUES ('150' , 'è¯è´¹ï¼ˆæˆ‘å’Œå°çŒªï¼‰' , 2 , 6 , 1546531200 , 37062)        [ RunTime:0.000468s ]

---------------------------------------------------------------
[ 2019-01-04T23:45:38+08:00 ] 172.24.117.196 117.136.45.249 GET /charge/public/index.php/port/check/BudgetMoney?openid=oOcH90LkxC53NWa4Qpka4Z4SuC1A
[ log ] www.qinlh.com/charge/public/index.php/port/check/BudgetMoney?openid=oOcH90LkxC53NWa4Qpka4Z4SuC1A [è¿è¡Œæ—¶é—´ï¼š0.059767s][åžåçŽ‡ï¼š16.73req/s] [å†…å­˜æ¶ˆè€—ï¼š2,732.95kb] [æ–‡ä»¶åŠ è½½ï¼š41]
[ sql ] [ DB ] CONNECT:[ UseTime:0.001499s ] mysql:dbname=bill_charge;host=39.104.52.159;port=3306;charset=utf8
[ sql ] [ SQL ] SHOW COLUMNS FROM `bill_public_follow` [ RunTime:0.001384s ]
[ sql ] [ SQL ] SELECT `f`.`uid` FROM `bill_public_follow` `f` INNER JOIN `bill_user` `u` ON `f`.`uid`=`u`.`uid` WHERE  `f`.`openid` = 'oOcH90LkxC53NWa4Qpka4Z4SuC1A' LIMIT 1   [ RunTime:0.000366s ]
[ sql ] [ SQL ] SELECT `butged`,`butged_start` FROM `bill_public_follow` WHERE  `openid` = 'oOcH90LkxC53NWa4Qpka4Z4SuC1A' LIMIT 1    [ RunTime:0.017134s ]

---------------------------------------------------------------
[ 2019-01-04T23:45:38+08:00 ] 172.24.117.196 117.136.45.249 GET /charge/public/index.php/port/check/UserCheck?openid=oOcH90LkxC53NWa4Qpka4Z4SuC1A&limit=3&lastid=0
[ log ] www.qinlh.com/charge/public/index.php/port/check/UserCheck?openid=oOcH90LkxC53NWa4Qpka4Z4SuC1A&limit=3&lastid=0 [è¿è¡Œæ—¶é—´ï¼š0.444454s][åžåçŽ‡ï¼š2.25req/s] [å†…å­˜æ¶ˆè€—ï¼š2,752.02kb] [æ–‡ä»¶åŠ è½½ï¼š41]
[ sql ] [ DB ] CONNECT:[ UseTime:0.010663s ] mysql:dbname=bill_charge;host=39.104.52.159;port=3306;charset=utf8
[ sql ] [ SQL ] SHOW COLUMNS FROM `bill_public_follow` [ RunTime:0.001611s ]
[ sql ] [ SQL ] SELECT `f`.`uid` FROM `bill_public_follow` `f` INNER JOIN `bill_user` `u` ON `f`.`uid`=`u`.`uid` WHERE  `f`.`openid` = 'oOcH90LkxC53NWa4Qpka4Z4SuC1A' LIMIT 1   [ RunTime:0.000863s ]
[ sql ] [ SQL ] 
							SELECT
								sum(`money`) AS `money`,
								`time`
							FROM
								`bill_charge`
							WHERE
								`user_id` = '37062'
							AND `inout_start` = 1
							AND `time` >= unix_timestamp('2019-01-01 00:00:00')
							AND `time` <= unix_timestamp('2019-01-31 23:29:59')
							ORDER BY
								`a_id` DESC
						 [ RunTime:0.025296s ]
[ sql ] [ SQL ] 
							SELECT
								sum(`money`) AS `money`,
								`time`
							FROM
								`bill_charge`
							WHERE
								`user_id` = '37062'
							AND `inout_start` = 2
							AND `time` >= unix_timestamp('2019-01-01 00:00:00')
							AND `time` <= unix_timestamp('2019-01-31 23:29:59')
							ORDER BY
								`a_id` DESC
						 [ RunTime:0.024841s ]
[ sql ] [ SQL ] SHOW COLUMNS FROM `bill_charge` [ RunTime:0.000828s ]
[ sql ] [ SQL ] SELECT COUNT(*) AS tp_count FROM `bill_charge` WHERE  `user_id` = 37062 LIMIT 1    [ RunTime:0.018744s ]
[ sql ] [ SQL ] 
						SELECT
							time,
							a_id
						FROM
							bill_charge
						WHERE
							a_id > 0 and user_id = 37062
						GROUP BY
							time
						ORDER BY
							a_id DESC
						LIMIT 3
					 [ RunTime:0.112439s ]
[ sql ] [ SQL ] 
						SELECT
							time,
							a_id
						FROM
							bill_charge
						WHERE
							a_id > 0 and user_id = 37062
						GROUP BY
							time
						ORDER BY
							time DESC
					 [ RunTime:0.027335s ]
[ sql ] [ SQL ] 
									SELECT
										time,
										inout_start,
										sum(money) AS money
									FROM
										bill_charge
									WHERE
										user_id = 37062
									AND inout_start = 1
									AND time = 1546531200
									GROUP BY
										time
							 [ RunTime:0.019092s ]
[ sql ] [ SQL ] 
										SELECT
											time,
											inout_start,
											sum(money) AS money
										FROM
											bill_charge
										WHERE
											user_id = 37062
										AND inout_start = 2
										AND time = 1546531200
										GROUP BY
											time
									 [ RunTime:0.019857s ]
[ sql ] [ SQL ] SELECT * FROM `bill_charge` `c` INNER JOIN `bill_inout_class` `i` ON `c`.`inout_class`=`i`.`c_id` WHERE  `c`.`time` = 1546531200  AND `c`.`user_id` = 37062 ORDER BY c.a_id desc  [ RunTime:0.020987s ]
[ sql ] [ SQL ] 
									SELECT
										time,
										inout_start,
										sum(money) AS money
									FROM
										bill_charge
									WHERE
										user_id = 37062
									AND inout_start = 1
									AND time = 1546444800
									GROUP BY
										time
							 [ RunTime:0.019353s ]
[ sql ] [ SQL ] 
										SELECT
											time,
											inout_start,
											sum(money) AS money
										FROM
											bill_charge
										WHERE
											user_id = 37062
										AND inout_start = 2
										AND time = 1546444800
										GROUP BY
											time
									 [ RunTime:0.024242s ]
[ sql ] [ SQL ] SELECT * FROM `bill_charge` `c` INNER JOIN `bill_inout_class` `i` ON `c`.`inout_class`=`i`.`c_id` WHERE  `c`.`time` = 1546444800  AND `c`.`user_id` = 37062 ORDER BY c.a_id desc  [ RunTime:0.020025s ]
[ sql ] [ SQL ] 
									SELECT
										time,
										inout_start,
										sum(money) AS money
									FROM
										bill_charge
									WHERE
										user_id = 37062
									AND inout_start = 1
									AND time = 1546358400
									GROUP BY
										time
							 [ RunTime:0.022503s ]
[ sql ] [ SQL ] 
										SELECT
											time,
											inout_start,
											sum(money) AS money
										FROM
											bill_charge
										WHERE
											user_id = 37062
										AND inout_start = 2
										AND time = 1546358400
										GROUP BY
											time
									 [ RunTime:0.031074s ]
[ sql ] [ SQL ] SELECT * FROM `bill_charge` `c` INNER JOIN `bill_inout_class` `i` ON `c`.`inout_class`=`i`.`c_id` WHERE  `c`.`time` = 1546358400  AND `c`.`user_id` = 37062 ORDER BY c.a_id desc  [ RunTime:0.022789s ]

---------------------------------------------------------------
[ 2019-01-04T23:47:44+08:00 ] 172.24.117.196 223.104.188.112 GET /charge/public/index.php/port/check/BudgetMoney?openid=oOcH90IOhcLAEFP5Nn1I2F_zOSGo
[ log ] www.qinlh.com/charge/public/index.php/port/check/BudgetMoney?openid=oOcH90IOhcLAEFP5Nn1I2F_zOSGo [è¿è¡Œæ—¶é—´ï¼š0.061272s][åžåçŽ‡ï¼š16.32req/s] [å†…å­˜æ¶ˆè€—ï¼š2,733.05kb] [æ–‡ä»¶åŠ è½½ï¼š41]
[ sql ] [ DB ] CONNECT:[ UseTime:0.023259s ] mysql:dbname=bill_charge;host=39.104.52.159;port=3306;charset=utf8
[ sql ] [ SQL ] SHOW COLUMNS FROM `bill_public_follow` [ RunTime:0.001549s ]
[ sql ] [ SQL ] SELECT `f`.`uid` FROM `bill_public_follow` `f` INNER JOIN `bill_user` `u` ON `f`.`uid`=`u`.`uid` WHERE  `f`.`openid` = 'oOcH90IOhcLAEFP5Nn1I2F_zOSGo' LIMIT 1   [ RunTime:0.001411s ]
[ sql ] [ SQL ] SELECT `butged`,`butged_start` FROM `bill_public_follow` WHERE  `openid` = 'oOcH90IOhcLAEFP5Nn1I2F_zOSGo' LIMIT 1    [ RunTime:0.003854s ]

---------------------------------------------------------------
[ 2019-01-04T23:47:45+08:00 ] 172.24.117.196 223.104.188.112 GET /charge/public/index.php/port/check/UserCheck?openid=oOcH90IOhcLAEFP5Nn1I2F_zOSGo&limit=3&lastid=0
[ log ] www.qinlh.com/charge/public/index.php/port/check/UserCheck?openid=oOcH90IOhcLAEFP5Nn1I2F_zOSGo&limit=3&lastid=0 [è¿è¡Œæ—¶é—´ï¼š0.405186s][åžåçŽ‡ï¼š2.47req/s] [å†…å­˜æ¶ˆè€—ï¼š2,751.84kb] [æ–‡ä»¶åŠ è½½ï¼š41]
[ sql ] [ DB ] CONNECT:[ UseTime:0.001746s ] mysql:dbname=bill_charge;host=39.104.52.159;port=3306;charset=utf8
[ sql ] [ SQL ] SHOW COLUMNS FROM `bill_public_follow` [ RunTime:0.001235s ]
[ sql ] [ SQL ] SELECT `f`.`uid` FROM `bill_public_follow` `f` INNER JOIN `bill_user` `u` ON `f`.`uid`=`u`.`uid` WHERE  `f`.`openid` = 'oOcH90IOhcLAEFP5Nn1I2F_zOSGo' LIMIT 1   [ RunTime:0.000993s ]
[ sql ] [ SQL ] 
							SELECT
								sum(`money`) AS `money`,
								`time`
							FROM
								`bill_charge`
							WHERE
								`user_id` = '12125'
							AND `inout_start` = 1
							AND `time` >= unix_timestamp('2019-01-01 00:00:00')
							AND `time` <= unix_timestamp('2019-01-31 23:29:59')
							ORDER BY
								`a_id` DESC
						 [ RunTime:0.022386s ]
[ sql ] [ SQL ] 
							SELECT
								sum(`money`) AS `money`,
								`time`
							FROM
								`bill_charge`
							WHERE
								`user_id` = '12125'
							AND `inout_start` = 2
							AND `time` >= unix_timestamp('2019-01-01 00:00:00')
							AND `time` <= unix_timestamp('2019-01-31 23:29:59')
							ORDER BY
								`a_id` DESC
						 [ RunTime:0.027293s ]
[ sql ] [ SQL ] SHOW COLUMNS FROM `bill_charge` [ RunTime:0.001691s ]
[ sql ] [ SQL ] SELECT COUNT(*) AS tp_count FROM `bill_charge` WHERE  `user_id` = 12125 LIMIT 1    [ RunTime:0.017870s ]
[ sql ] [ SQL ] 
						SELECT
							time,
							a_id
						FROM
							bill_charge
						WHERE
							a_id > 0 and user_id = 12125
						GROUP BY
							time
						ORDER BY
							a_id DESC
						LIMIT 3
					 [ RunTime:0.107442s ]
[ sql ] [ SQL ] 
						SELECT
							time,
							a_id
						FROM
							bill_charge
						WHERE
							a_id > 0 and user_id = 12125
						GROUP BY
							time
						ORDER BY
							time DESC
					 [ RunTime:0.019000s ]
[ sql ] [ SQL ] 
									SELECT
										time,
										inout_start,
										sum(money) AS money
									FROM
										bill_charge
									WHERE
										user_id = 12125
									AND inout_start = 1
									AND time = 1546099200
									GROUP BY
										time
							 [ RunTime:0.018573s ]
[ sql ] [ SQL ] 
										SELECT
											time,
											inout_start,
											sum(money) AS money
										FROM
											bill_charge
										WHERE
											user_id = 12125
										AND inout_start = 2
										AND time = 1546099200
										GROUP BY
											time
									 [ RunTime:0.018505s ]
[ sql ] [ SQL ] SELECT * FROM `bill_charge` `c` INNER JOIN `bill_inout_class` `i` ON `c`.`inout_class`=`i`.`c_id` WHERE  `c`.`time` = 1546099200  AND `c`.`user_id` = 12125 ORDER BY c.a_id desc  [ RunTime:0.019655s ]
[ sql ] [ SQL ] 
									SELECT
										time,
										inout_start,
										sum(money) AS money
									FROM
										bill_charge
									WHERE
										user_id = 12125
									AND inout_start = 1
									AND time = 1545840000
									GROUP BY
										time
							 [ RunTime:0.018417s ]
[ sql ] [ SQL ] 
										SELECT
											time,
											inout_start,
											sum(money) AS money
										FROM
											bill_charge
										WHERE
											user_id = 12125
										AND inout_start = 2
										AND time = 1545840000
										GROUP BY
											time
									 [ RunTime:0.018369s ]
[ sql ] [ SQL ] SELECT * FROM `bill_charge` `c` INNER JOIN `bill_inout_class` `i` ON `c`.`inout_class`=`i`.`c_id` WHERE  `c`.`time` = 1545840000  AND `c`.`user_id` = 12125 ORDER BY c.a_id desc  [ RunTime:0.019506s ]
[ sql ] [ SQL ] 
									SELECT
										time,
										inout_start,
										sum(money) AS money
									FROM
										bill_charge
									WHERE
										user_id = 12125
									AND inout_start = 1
									AND time = 1545753600
									GROUP BY
										time
							 [ RunTime:0.025020s ]
[ sql ] [ SQL ] 
										SELECT
											time,
											inout_start,
											sum(money) AS money
										FROM
											bill_charge
										WHERE
											user_id = 12125
										AND inout_start = 2
										AND time = 1545753600
										GROUP BY
											time
									 [ RunTime:0.019824s ]
[ sql ] [ SQL ] SELECT * FROM `bill_charge` `c` INNER JOIN `bill_inout_class` `i` ON `c`.`inout_class`=`i`.`c_id` WHERE  `c`.`time` = 1545753600  AND `c`.`user_id` = 12125 ORDER BY c.a_id desc  [ RunTime:0.020812s ]

---------------------------------------------------------------
[ 2019-01-04T23:47:45+08:00 ] 172.24.117.196 223.104.188.112 GET /charge/public/index.php/port/login/sendCode?code=071heRi205cbUI1NjXi20ezOi20heRiy&PHPSESSID=PGgI8tI0MA2BedhGlygdE8srWoF
[ log ] www.qinlh.com/charge/public/index.php/port/login/sendCode?code=071heRi205cbUI1NjXi20ezOi20heRiy&PHPSESSID=PGgI8tI0MA2BedhGlygdE8srWoF [è¿è¡Œæ—¶é—´ï¼š0.428671s][åžåçŽ‡ï¼š2.33req/s] [å†…å­˜æ¶ˆè€—ï¼š2,533.02kb] [æ–‡ä»¶åŠ è½½ï¼š42]
[ sql ] [ DB ] CONNECT:[ UseTime:0.019135s ] mysql:dbname=bill_charge;host=39.104.52.159;port=3306;charset=utf8
[ sql ] [ SQL ] SHOW COLUMNS FROM `bill_public_follow` [ RunTime:0.015326s ]
[ sql ] [ SQL ] SELECT * FROM `bill_public_follow` WHERE  `openid` = 'oOcH90IOhcLAEFP5Nn1I2F_zOSGo' LIMIT 1    [ RunTime:0.007791s ]

---------------------------------------------------------------
[ 2019-01-04T23:47:46+08:00 ] 172.24.117.196 223.104.188.112 GET /charge/public/index.php/port/login/saveUserInfo?encryptedData=uVvej%2FXY3IXP0Bkg9o2XwINtnsBdFPtiyWvCFViB3NW0ovQeDEBKuByVTS0PcPeY1%2BXauILL8R7phwhZyJRHWzdZyIP4VYQZawxdEhiCDIb4SWUxAwkGpR57pvzDyBaBRs0wzsBLxJ9NjWtYSOYJ%2FupL3icm2U44eFOGEc4tqg9l%2F16OYvZ9gZGLwOytPKU7QTtIQzZ%2FHvalXb7O2tiMgJTWXvBSK7osv6%2F2OfBshUdBOzh03xKp10yEh6YlvjBaQyL4zo5hjHIVgnrQ%2Fzuhg87y1iO65fitMORW2PMJ28cdqcqL99IXpNTcP4c7XNPnDbBsgKJ3Qxq8eH2xDA8IVRdpuIkwsXKWDBhtG4AwGwGKkDo431v%2BU7ZNzeyZiGJRaaOxgH7XIEtUJPUH8i7r2CnoBTfGkg0kioaf1cXPjh8YbNp6KyESB2GumosmYOQuhWL5qDNuKAXsGwCf9hoQRw%3D%3D&PHPSESSID=YG22WPWgu9iBsadnnRSvrVcPSkm&iv=u4by3tIh6wn6thtkldk0gA%3D%3D
[ log ] www.qinlh.com/charge/public/index.php/port/login/saveUserInfo?encryptedData=uVvej%2FXY3IXP0Bkg9o2XwINtnsBdFPtiyWvCFViB3NW0ovQeDEBKuByVTS0PcPeY1%2BXauILL8R7phwhZyJRHWzdZyIP4VYQZawxdEhiCDIb4SWUxAwkGpR57pvzDyBaBRs0wzsBLxJ9NjWtYSOYJ%2FupL3icm2U44eFOGEc4tqg9l%2F16OYvZ9gZGLwOytPKU7QTtIQzZ%2FHvalXb7O2tiMgJTWXvBSK7osv6%2F2OfBshUdBOzh03xKp10yEh6YlvjBaQyL4zo5hjHIVgnrQ%2Fzuhg87y1iO65fitMORW2PMJ28cdqcqL99IXpNTcP4c7XNPnDbBsgKJ3Qxq8eH2xDA8IVRdpuIkwsXKWDBhtG4AwGwGKkDo431v%2BU7ZNzeyZiGJRaaOxgH7XIEtUJPUH8i7r2CnoBTfGkg0kioaf1cXPjh8YbNp6KyESB2GumosmYOQuhWL5qDNuKAXsGwCf9hoQRw%3D%3D&PHPSESSID=YG22WPWgu9iBsadnnRSvrVcPSkm&iv=u4by3tIh6wn6thtkldk0gA%3D%3D [è¿è¡Œæ—¶é—´ï¼š0.062685s][åžåçŽ‡ï¼š15.95req/s] [å†…å­˜æ¶ˆè€—ï¼š2,570.51kb] [æ–‡ä»¶åŠ è½½ï¼š45]
[ sql ] [ DB ] CONNECT:[ UseTime:0.000986s ] mysql:dbname=bill_charge;host=39.104.52.159;port=3306;charset=utf8
[ sql ] [ SQL ] SHOW COLUMNS FROM `bill_user` [ RunTime:0.000979s ]
[ sql ] [ SQL ] UPDATE `bill_user`  SET `nickname`='WANG',`sex`=1,`city`='Linyi',`province`='Shandong',`country`='China',`headimgurl`='https://wx.qlogo.cn/mmopen/vi_32/Q0j4TwGTfTLpT67CwyvpxiaqnquRmSkN8A5I8Tpic50mof72st1AKouSrys368OoPTKzNu9PBpzloRFpkkjhRXIg/132'  WHERE  `uid` = 12125          [ RunTime:0.000770s ]
[ sql ] [ SQL ] SHOW COLUMNS FROM `bill_friend` [ RunTime:0.000704s ]
[ sql ] [ SQL ] SELECT * FROM `bill_friend` WHERE  `uid` = 12125 LIMIT 1    [ RunTime:0.003003s ]
[ sql ] [ SQL ] UPDATE `bill_friend`  SET `start`=1,`friend_name`='WANG',`friend_imgurl`='https://wx.qlogo.cn/mmopen/vi_32/Q0j4TwGTfTLpT67CwyvpxiaqnquRmSkN8A5I8Tpic50mof72st1AKouSrys368OoPTKzNu9PBpzloRFpkkjhRXIg/132',`time`=1546616866  WHERE  `uid` = 12125        [ RunTime:0.035948s ]

---------------------------------------------------------------
[ 2019-01-04T23:47:54+08:00 ] 172.24.117.196 223.104.188.112 GET /charge/public/index.php/port/check/BudgetMoney?openid=oOcH90IOhcLAEFP5Nn1I2F_zOSGo
[ log ] www.qinlh.com/charge/public/index.php/port/check/BudgetMoney?openid=oOcH90IOhcLAEFP5Nn1I2F_zOSGo [è¿è¡Œæ—¶é—´ï¼š0.144734s][åžåçŽ‡ï¼š6.91req/s] [å†…å­˜æ¶ˆè€—ï¼š2,733.05kb] [æ–‡ä»¶åŠ è½½ï¼š41]
[ sql ] [ DB ] CONNECT:[ UseTime:0.047595s ] mysql:dbname=bill_charge;host=39.104.52.159;port=3306;charset=utf8
[ sql ] [ SQL ] SHOW COLUMNS FROM `bill_public_follow` [ RunTime:0.041210s ]
[ sql ] [ SQL ] SELECT `f`.`uid` FROM `bill_public_follow` `f` INNER JOIN `bill_user` `u` ON `f`.`uid`=`u`.`uid` WHERE  `f`.`openid` = 'oOcH90IOhcLAEFP5Nn1I2F_zOSGo' LIMIT 1   [ RunTime:0.013309s ]
[ sql ] [ SQL ] SELECT `butged`,`butged_start` FROM `bill_public_follow` WHERE  `openid` = 'oOcH90IOhcLAEFP5Nn1I2F_zOSGo' LIMIT 1    [ RunTime:0.023788s ]

---------------------------------------------------------------
[ 2019-01-04T23:47:55+08:00 ] 172.24.117.196 223.104.188.112 GET /charge/public/index.php/port/check/UserCheck?openid=oOcH90IOhcLAEFP5Nn1I2F_zOSGo&limit=3&lastid=120102
[ log ] www.qinlh.com/charge/public/index.php/port/check/UserCheck?openid=oOcH90IOhcLAEFP5Nn1I2F_zOSGo&limit=3&lastid=120102 [è¿è¡Œæ—¶é—´ï¼š0.401759s][åžåçŽ‡ï¼š2.49req/s] [å†…å­˜æ¶ˆè€—ï¼š2,752.06kb] [æ–‡ä»¶åŠ è½½ï¼š41]
[ sql ] [ DB ] CONNECT:[ UseTime:0.000893s ] mysql:dbname=bill_charge;host=39.104.52.159;port=3306;charset=utf8
[ sql ] [ SQL ] SHOW COLUMNS FROM `bill_public_follow` [ RunTime:0.000854s ]
[ sql ] [ SQL ] SELECT `f`.`uid` FROM `bill_public_follow` `f` INNER JOIN `bill_user` `u` ON `f`.`uid`=`u`.`uid` WHERE  `f`.`openid` = 'oOcH90IOhcLAEFP5Nn1I2F_zOSGo' LIMIT 1   [ RunTime:0.000433s ]
[ sql ] [ SQL ] 
							SELECT
								sum(`money`) AS `money`,
								`time`
							FROM
								`bill_charge`
							WHERE
								`user_id` = '12125'
							AND `inout_start` = 1
							AND `time` >= unix_timestamp('2019-01-01 00:00:00')
							AND `time` <= unix_timestamp('2019-01-31 23:29:59')
							ORDER BY
								`a_id` DESC
						 [ RunTime:0.000437s ]
[ sql ] [ SQL ] 
							SELECT
								sum(`money`) AS `money`,
								`time`
							FROM
								`bill_charge`
							WHERE
								`user_id` = '12125'
							AND `inout_start` = 2
							AND `time` >= unix_timestamp('2019-01-01 00:00:00')
							AND `time` <= unix_timestamp('2019-01-31 23:29:59')
							ORDER BY
								`a_id` DESC
						 [ RunTime:0.000421s ]
[ sql ] [ SQL ] SHOW COLUMNS FROM `bill_charge` [ RunTime:0.000747s ]
[ sql ] [ SQL ] SELECT COUNT(*) AS tp_count FROM `bill_charge` WHERE  `user_id` = 12125 LIMIT 1    [ RunTime:0.000344s ]
[ sql ] [ SQL ] 
						SELECT
							time,
							a_id
						FROM
							bill_charge
						WHERE
							a_id > 0 and user_id = 12125 and a_id < 120102
						GROUP BY
							time
						ORDER BY
							a_id DESC
						LIMIT 3
					 [ RunTime:0.152168s ]
[ sql ] [ SQL ] 
						SELECT
							time,
							a_id
						FROM
							bill_charge
						WHERE
							a_id > 0 and user_id = 12125 and a_id < 120102
						GROUP BY
							time
						ORDER BY
							time DESC
					 [ RunTime:0.024214s ]
[ sql ] [ SQL ] 
									SELECT
										time,
										inout_start,
										sum(money) AS money
									FROM
										bill_charge
									WHERE
										user_id = 12125
									AND inout_start = 1
									AND time = 1545494400
									GROUP BY
										time
							 [ RunTime:0.022502s ]
[ sql ] [ SQL ] 
										SELECT
											time,
											inout_start,
											sum(money) AS money
										FROM
											bill_charge
										WHERE
											user_id = 12125
										AND inout_start = 2
										AND time = 1545494400
										GROUP BY
											time
									 [ RunTime:0.022668s ]
[ sql ] [ SQL ] SELECT * FROM `bill_charge` `c` INNER JOIN `bill_inout_class` `i` ON `c`.`inout_class`=`i`.`c_id` WHERE  `c`.`time` = 1545494400  AND `c`.`user_id` = 12125 ORDER BY c.a_id desc  [ RunTime:0.020976s ]
[ sql ] [ SQL ] 
									SELECT
										time,
										inout_start,
										sum(money) AS money
									FROM
										bill_charge
									WHERE
										user_id = 12125
									AND inout_start = 1
									AND time = 1545408000
									GROUP BY
										time
							 [ RunTime:0.018562s ]
[ sql ] [ SQL ] 
										SELECT
											time,
											inout_start,
											sum(money) AS money
										FROM
											bill_charge
										WHERE
											user_id = 12125
										AND inout_start = 2
										AND time = 1545408000
										GROUP BY
											time
									 [ RunTime:0.018427s ]
[ sql ] [ SQL ] SELECT * FROM `bill_charge` `c` INNER JOIN `bill_inout_class` `i` ON `c`.`inout_class`=`i`.`c_id` WHERE  `c`.`time` = 1545408000  AND `c`.`user_id` = 12125 ORDER BY c.a_id desc  [ RunTime:0.024315s ]
[ sql ] [ SQL ] 
									SELECT
										time,
										inout_start,
										sum(money) AS money
									FROM
										bill_charge
									WHERE
										user_id = 12125
									AND inout_start = 1
									AND time = 1545235200
									GROUP BY
										time
							 [ RunTime:0.025707s ]
[ sql ] [ SQL ] 
										SELECT
											time,
											inout_start,
											sum(money) AS money
										FROM
											bill_charge
										WHERE
											user_id = 12125
										AND inout_start = 2
										AND time = 1545235200
										GROUP BY
											time
									 [ RunTime:0.021210s ]
[ sql ] [ SQL ] SELECT * FROM `bill_charge` `c` INNER JOIN `bill_inout_class` `i` ON `c`.`inout_class`=`i`.`c_id` WHERE  `c`.`time` = 1545235200  AND `c`.`user_id` = 12125 ORDER BY c.a_id desc  [ RunTime:0.022430s ]

---------------------------------------------------------------
[ 2019-01-04T23:48:01+08:00 ] 172.24.117.196 223.104.188.112 GET /charge/public/index.php/port/check/BudgetMoney?openid=oOcH90IOhcLAEFP5Nn1I2F_zOSGo
[ log ] www.qinlh.com/charge/public/index.php/port/check/BudgetMoney?openid=oOcH90IOhcLAEFP5Nn1I2F_zOSGo [è¿è¡Œæ—¶é—´ï¼š0.021684s][åžåçŽ‡ï¼š46.12req/s] [å†…å­˜æ¶ˆè€—ï¼š2,733.05kb] [æ–‡ä»¶åŠ è½½ï¼š41]
[ sql ] [ DB ] CONNECT:[ UseTime:0.001818s ] mysql:dbname=bill_charge;host=39.104.52.159;port=3306;charset=utf8
[ sql ] [ SQL ] SHOW COLUMNS FROM `bill_public_follow` [ RunTime:0.001004s ]
[ sql ] [ SQL ] SELECT `f`.`uid` FROM `bill_public_follow` `f` INNER JOIN `bill_user` `u` ON `f`.`uid`=`u`.`uid` WHERE  `f`.`openid` = 'oOcH90IOhcLAEFP5Nn1I2F_zOSGo' LIMIT 1   [ RunTime:0.000479s ]
[ sql ] [ SQL ] SELECT `butged`,`butged_start` FROM `bill_public_follow` WHERE  `openid` = 'oOcH90IOhcLAEFP5Nn1I2F_zOSGo' LIMIT 1    [ RunTime:0.000409s ]

---------------------------------------------------------------
[ 2019-01-04T23:48:01+08:00 ] 172.24.117.196 223.104.188.112 GET /charge/public/index.php/port/check/UserCheck?openid=oOcH90IOhcLAEFP5Nn1I2F_zOSGo&limit=3&lastid=118938
[ log ] www.qinlh.com/charge/public/index.php/port/check/UserCheck?openid=oOcH90IOhcLAEFP5Nn1I2F_zOSGo&limit=3&lastid=118938 [è¿è¡Œæ—¶é—´ï¼š0.334474s][åžåçŽ‡ï¼š2.99req/s] [å†…å­˜æ¶ˆè€—ï¼š2,752.04kb] [æ–‡ä»¶åŠ è½½ï¼š41]
[ sql ] [ DB ] CONNECT:[ UseTime:0.017019s ] mysql:dbname=bill_charge;host=39.104.52.159;port=3306;charset=utf8
[ sql ] [ SQL ] SHOW COLUMNS FROM `bill_public_follow` [ RunTime:0.001389s ]
[ sql ] [ SQL ] SELECT `f`.`uid` FROM `bill_public_follow` `f` INNER JOIN `bill_user` `u` ON `f`.`uid`=`u`.`uid` WHERE  `f`.`openid` = 'oOcH90IOhcLAEFP5Nn1I2F_zOSGo' LIMIT 1   [ RunTime:0.000962s ]
[ sql ] [ SQL ] 
							SELECT
								sum(`money`) AS `money`,
								`time`
							FROM
								`bill_charge`
							WHERE
								`user_id` = '12125'
							AND `inout_start` = 1
							AND `time` >= unix_timestamp('2019-01-01 00:00:00')
							AND `time` <= unix_timestamp('2019-01-31 23:29:59')
							ORDER BY
								`a_id` DESC
						 [ RunTime:0.000559s ]
[ sql ] [ SQL ] 
							SELECT
								sum(`money`) AS `money`,
								`time`
							FROM
								`bill_charge`
							WHERE
								`user_id` = '12125'
							AND `inout_start` = 2
							AND `time` >= unix_timestamp('2019-01-01 00:00:00')
							AND `time` <= unix_timestamp('2019-01-31 23:29:59')
							ORDER BY
								`a_id` DESC
						 [ RunTime:0.000961s ]
[ sql ] [ SQL ] SHOW COLUMNS FROM `bill_charge` [ RunTime:0.002358s ]
[ sql ] [ SQL ] SELECT COUNT(*) AS tp_count FROM `bill_charge` WHERE  `user_id` = 12125 LIMIT 1    [ RunTime:0.000375s ]
[ sql ] [ SQL ] 
						SELECT
							time,
							a_id
						FROM
							bill_charge
						WHERE
							a_id > 0 and user_id = 12125 and a_id < 118938
						GROUP BY
							time
						ORDER BY
							a_id DESC
						LIMIT 3
					 [ RunTime:0.103968s ]
[ sql ] [ SQL ] 
						SELECT
							time,
							a_id
						FROM
							bill_charge
						WHERE
							a_id > 0 and user_id = 12125 and a_id < 118938
						GROUP BY
							time
						ORDER BY
							time DESC
					 [ RunTime:0.018964s ]
[ sql ] [ SQL ] 
									SELECT
										time,
										inout_start,
										sum(money) AS money
									FROM
										bill_charge
									WHERE
										user_id = 12125
									AND inout_start = 1
									AND time = 1545148800
									GROUP BY
										time
							 [ RunTime:0.018404s ]
[ sql ] [ SQL ] 
										SELECT
											time,
											inout_start,
											sum(money) AS money
										FROM
											bill_charge
										WHERE
											user_id = 12125
										AND inout_start = 2
										AND time = 1545148800
										GROUP BY
											time
									 [ RunTime:0.018611s ]
[ sql ] [ SQL ] SELECT * FROM `bill_charge` `c` INNER JOIN `bill_inout_class` `i` ON `c`.`inout_class`=`i`.`c_id` WHERE  `c`.`time` = 1545148800  AND `c`.`user_id` = 12125 ORDER BY c.a_id desc  [ RunTime:0.019429s ]
[ sql ] [ SQL ] 
									SELECT
										time,
										inout_start,
										sum(money) AS money
									FROM
										bill_charge
									WHERE
										user_id = 12125
									AND inout_start = 1
									AND time = 1545062400
									GROUP BY
										time
							 [ RunTime:0.018231s ]
[ sql ] [ SQL ] 
										SELECT
											time,
											inout_start,
											sum(money) AS money
										FROM
											bill_charge
										WHERE
											user_id = 12125
										AND inout_start = 2
										AND time = 1545062400
										GROUP BY
											time
									 [ RunTime:0.018150s ]
[ sql ] [ SQL ] SELECT * FROM `bill_charge` `c` INNER JOIN `bill_inout_class` `i` ON `c`.`inout_class`=`i`.`c_id` WHERE  `c`.`time` = 1545062400  AND `c`.`user_id` = 12125 ORDER BY c.a_id desc  [ RunTime:0.019477s ]
[ sql ] [ SQL ] 
									SELECT
										time,
										inout_start,
										sum(money) AS money
									FROM
										bill_charge
									WHERE
										user_id = 12125
									AND inout_start = 1
									AND time = 1544025600
									GROUP BY
										time
							 [ RunTime:0.018364s ]
[ sql ] [ SQL ] 
										SELECT
											time,
											inout_start,
											sum(money) AS money
										FROM
											bill_charge
										WHERE
											user_id = 12125
										AND inout_start = 2
										AND time = 1544025600
										GROUP BY
											time
									 [ RunTime:0.018124s ]
[ sql ] [ SQL ] SELECT * FROM `bill_charge` `c` INNER JOIN `bill_inout_class` `i` ON `c`.`inout_class`=`i`.`c_id` WHERE  `c`.`time` = 1544025600  AND `c`.`user_id` = 12125 ORDER BY c.a_id desc  [ RunTime:0.019244s ]

---------------------------------------------------------------
[ 2019-01-04T23:52:44+08:00 ] 172.24.117.196 183.42.40.115 GET /charge/public/index.php/port/check/BudgetMoney?openid=oOcH90II75mQqrLFwwLlOCXOt6mw
[ log ] www.qinlh.com/charge/public/index.php/port/check/BudgetMoney?openid=oOcH90II75mQqrLFwwLlOCXOt6mw [è¿è¡Œæ—¶é—´ï¼š0.074701s][åžåçŽ‡ï¼š13.39req/s] [å†…å­˜æ¶ˆè€—ï¼š2,732.27kb] [æ–‡ä»¶åŠ è½½ï¼š41]
[ sql ] [ DB ] CONNECT:[ UseTime:0.000875s ] mysql:dbname=bill_charge;host=39.104.52.159;port=3306;charset=utf8
[ sql ] [ SQL ] SHOW COLUMNS FROM `bill_public_follow` [ RunTime:0.017794s ]
[ sql ] [ SQL ] SELECT `f`.`uid` FROM `bill_public_follow` `f` INNER JOIN `bill_user` `u` ON `f`.`uid`=`u`.`uid` WHERE  `f`.`openid` = 'oOcH90II75mQqrLFwwLlOCXOt6mw' LIMIT 1   [ RunTime:0.001596s ]
[ sql ] [ SQL ] SELECT `butged`,`butged_start` FROM `bill_public_follow` WHERE  `openid` = 'oOcH90II75mQqrLFwwLlOCXOt6mw' LIMIT 1    [ RunTime:0.000962s ]
[ sql ] [ SQL ] 
							SELECT
								sum(`money`) AS `money`
							FROM
								`bill_charge`
							WHERE
								`inout_start` = 2
							AND `time` >= unix_timestamp('2019-01-01 00:00:00')
							AND `time` <= unix_timestamp('2019-01-31 23:29:59')
							AND `user_id` = 36100
						 [ RunTime:0.034690s ]

---------------------------------------------------------------
[ 2019-01-04T23:52:44+08:00 ] 172.24.117.196 183.42.40.115 GET /charge/public/index.php/port/check/UserCheck?openid=oOcH90II75mQqrLFwwLlOCXOt6mw&limit=3&lastid=0
[ log ] www.qinlh.com/charge/public/index.php/port/check/UserCheck?openid=oOcH90II75mQqrLFwwLlOCXOt6mw&limit=3&lastid=0 [è¿è¡Œæ—¶é—´ï¼š0.418799s][åžåçŽ‡ï¼š2.39req/s] [å†…å­˜æ¶ˆè€—ï¼š2,752.95kb] [æ–‡ä»¶åŠ è½½ï¼š41]
[ sql ] [ DB ] CONNECT:[ UseTime:0.001435s ] mysql:dbname=bill_charge;host=39.104.52.159;port=3306;charset=utf8
[ sql ] [ SQL ] SHOW COLUMNS FROM `bill_public_follow` [ RunTime:0.001368s ]
[ sql ] [ SQL ] SELECT `f`.`uid` FROM `bill_public_follow` `f` INNER JOIN `bill_user` `u` ON `f`.`uid`=`u`.`uid` WHERE  `f`.`openid` = 'oOcH90II75mQqrLFwwLlOCXOt6mw' LIMIT 1   [ RunTime:0.000458s ]
[ sql ] [ SQL ] 
							SELECT
								sum(`money`) AS `money`,
								`time`
							FROM
								`bill_charge`
							WHERE
								`user_id` = '36100'
							AND `inout_start` = 1
							AND `time` >= unix_timestamp('2019-01-01 00:00:00')
							AND `time` <= unix_timestamp('2019-01-31 23:29:59')
							ORDER BY
								`a_id` DESC
						 [ RunTime:0.040548s ]
[ sql ] [ SQL ] 
							SELECT
								sum(`money`) AS `money`,
								`time`
							FROM
								`bill_charge`
							WHERE
								`user_id` = '36100'
							AND `inout_start` = 2
							AND `time` >= unix_timestamp('2019-01-01 00:00:00')
							AND `time` <= unix_timestamp('2019-01-31 23:29:59')
							ORDER BY
								`a_id` DESC
						 [ RunTime:0.021497s ]
[ sql ] [ SQL ] SHOW COLUMNS FROM `bill_charge` [ RunTime:0.000729s ]
[ sql ] [ SQL ] SELECT COUNT(*) AS tp_count FROM `bill_charge` WHERE  `user_id` = 36100 LIMIT 1    [ RunTime:0.017770s ]
[ sql ] [ SQL ] 
						SELECT
							time,
							a_id
						FROM
							bill_charge
						WHERE
							a_id > 0 and user_id = 36100
						GROUP BY
							time
						ORDER BY
							a_id DESC
						LIMIT 3
					 [ RunTime:0.125926s ]
[ sql ] [ SQL ] 
						SELECT
							time,
							a_id
						FROM
							bill_charge
						WHERE
							a_id > 0 and user_id = 36100
						GROUP BY
							time
						ORDER BY
							time DESC
					 [ RunTime:0.018722s ]
[ sql ] [ SQL ] 
									SELECT
										time,
										inout_start,
										sum(money) AS money
									FROM
										bill_charge
									WHERE
										user_id = 36100
									AND inout_start = 1
									AND time = 1545840000
									GROUP BY
										time
							 [ RunTime:0.018829s ]
[ sql ] [ SQL ] 
										SELECT
											time,
											inout_start,
											sum(money) AS money
										FROM
											bill_charge
										WHERE
											user_id = 36100
										AND inout_start = 2
										AND time = 1545840000
										GROUP BY
											time
									 [ RunTime:0.018483s ]
[ sql ] [ SQL ] SELECT * FROM `bill_charge` `c` INNER JOIN `bill_inout_class` `i` ON `c`.`inout_class`=`i`.`c_id` WHERE  `c`.`time` = 1545840000  AND `c`.`user_id` = 36100 ORDER BY c.a_id desc  [ RunTime:0.019554s ]
[ sql ] [ SQL ] 
									SELECT
										time,
										inout_start,
										sum(money) AS money
									FROM
										bill_charge
									WHERE
										user_id = 36100
									AND inout_start = 1
									AND time = 1545753600
									GROUP BY
										time
							 [ RunTime:0.018455s ]
[ sql ] [ SQL ] 
										SELECT
											time,
											inout_start,
											sum(money) AS money
										FROM
											bill_charge
										WHERE
											user_id = 36100
										AND inout_start = 2
										AND time = 1545753600
										GROUP BY
											time
									 [ RunTime:0.018509s ]
[ sql ] [ SQL ] SELECT * FROM `bill_charge` `c` INNER JOIN `bill_inout_class` `i` ON `c`.`inout_class`=`i`.`c_id` WHERE  `c`.`time` = 1545753600  AND `c`.`user_id` = 36100 ORDER BY c.a_id desc  [ RunTime:0.019484s ]
[ sql ] [ SQL ] 
									SELECT
										time,
										inout_start,
										sum(money) AS money
									FROM
										bill_charge
									WHERE
										user_id = 36100
									AND inout_start = 1
									AND time = 1545408000
									GROUP BY
										time
							 [ RunTime:0.018643s ]
[ sql ] [ SQL ] 
										SELECT
											time,
											inout_start,
											sum(money) AS money
										FROM
											bill_charge
										WHERE
											user_id = 36100
										AND inout_start = 2
										AND time = 1545408000
										GROUP BY
											time
									 [ RunTime:0.018375s ]
[ sql ] [ SQL ] SELECT * FROM `bill_charge` `c` INNER JOIN `bill_inout_class` `i` ON `c`.`inout_class`=`i`.`c_id` WHERE  `c`.`time` = 1545408000  AND `c`.`user_id` = 36100 ORDER BY c.a_id desc  [ RunTime:0.019435s ]

---------------------------------------------------------------
[ 2019-01-04T23:52:44+08:00 ] 172.24.117.196 183.42.40.115 GET /charge/public/index.php/port/login/sendCode?code=0232nPam0mJurs1QZQam0MPEam02nPau&PHPSESSID=rBC1ds5rdRVEvkoQtzSstf8Ci09
[ log ] www.qinlh.com/charge/public/index.php/port/login/sendCode?code=0232nPam0mJurs1QZQam0MPEam02nPau&PHPSESSID=rBC1ds5rdRVEvkoQtzSstf8Ci09 [è¿è¡Œæ—¶é—´ï¼š0.366460s][åžåçŽ‡ï¼š2.73req/s] [å†…å­˜æ¶ˆè€—ï¼š2,533.02kb] [æ–‡ä»¶åŠ è½½ï¼š42]
[ sql ] [ DB ] CONNECT:[ UseTime:0.000881s ] mysql:dbname=bill_charge;host=39.104.52.159;port=3306;charset=utf8
[ sql ] [ SQL ] SHOW COLUMNS FROM `bill_public_follow` [ RunTime:0.000830s ]
[ sql ] [ SQL ] SELECT * FROM `bill_public_follow` WHERE  `openid` = 'oOcH90II75mQqrLFwwLlOCXOt6mw' LIMIT 1    [ RunTime:0.000580s ]

---------------------------------------------------------------
[ 2019-01-04T23:52:45+08:00 ] 172.24.117.196 183.42.40.115 GET /charge/public/index.php/port/login/saveUserInfo?encryptedData=Z7FLVrLfpaUpdtPZvb3GNPxxE0bxxMs33kZPctNCjIpEVeqMRNC6zpryo5BRH6RFxMFTX4N13I8Su4QNgMbR9PI0gYUcdhIOXeEEnH9omlu5qnNpt92ui%2BP3mdwgDEBeUAIJnNpoVD0%2BdGUpFeqSjrceRqAOP8cg08PI8vHFqN2tlmnYi8%2Ba%2F4T2HlMPpzuZS4lu1RT7yRV4QweLhv0we7dhWMfjEQTVVc%2FhCMFKJX%2ByFNkTI9irh38y7GhWSWjueh1ZLjHcROIRq25NCXzLBQc2%2B8eAV3Y0lXmsaqDjdlK4R%2FqEspQeMab5Py%2FaG70agKYoBrzCcJdkcUsUHpHmVnD0pL894v9xFlCVkAvd9D68%2FWCNG3nGGEMDtBbZdOSlevLolLXBJyY91N5nDAr8J1Jsxmgkn931ZnXlSErEly%2BCFwyVr14%2B%2FPrJij%2FhQWstGZMK%2BWpaqJpERyyZQLCXrcsD7ZQ5%2BLtGcpKFxh9Ova8%3D&PHPSESSID=uwVBRHTqETC8Z4r3OOAHhzg3uE7&iv=8p%2BoxFk0wHwxZ5QabwC%2BVQ%3D%3D
[ log ] www.qinlh.com/charge/public/index.php/port/login/saveUserInfo?encryptedData=Z7FLVrLfpaUpdtPZvb3GNPxxE0bxxMs33kZPctNCjIpEVeqMRNC6zpryo5BRH6RFxMFTX4N13I8Su4QNgMbR9PI0gYUcdhIOXeEEnH9omlu5qnNpt92ui%2BP3mdwgDEBeUAIJnNpoVD0%2BdGUpFeqSjrceRqAOP8cg08PI8vHFqN2tlmnYi8%2Ba%2F4T2HlMPpzuZS4lu1RT7yRV4QweLhv0we7dhWMfjEQTVVc%2FhCMFKJX%2ByFNkTI9irh38y7GhWSWjueh1ZLjHcROIRq25NCXzLBQc2%2B8eAV3Y0lXmsaqDjdlK4R%2FqEspQeMab5Py%2FaG70agKYoBrzCcJdkcUsUHpHmVnD0pL894v9xFlCVkAvd9D68%2FWCNG3nGGEMDtBbZdOSlevLolLXBJyY91N5nDAr8J1Jsxmgkn931ZnXlSErEly%2BCFwyVr14%2B%2FPrJij%2FhQWstGZMK%2BWpaqJpERyyZQLCXrcsD7ZQ5%2BLtGcpKFxh9Ova8%3D&PHPSESSID=uwVBRHTqETC8Z4r3OOAHhzg3uE7&iv=8p%2BoxFk0wHwxZ5QabwC%2BVQ%3D%3D [è¿è¡Œæ—¶é—´ï¼š0.063965s][åžåçŽ‡ï¼š15.63req/s] [å†…å­˜æ¶ˆè€—ï¼š2,570.33kb] [æ–‡ä»¶åŠ è½½ï¼š45]
[ sql ] [ DB ] CONNECT:[ UseTime:0.000876s ] mysql:dbname=bill_charge;host=39.104.52.159;port=3306;charset=utf8
[ sql ] [ SQL ] SHOW COLUMNS FROM `bill_user` [ RunTime:0.000917s ]
[ sql ] [ SQL ] UPDATE `bill_user`  SET `nickname`='é™é™',`sex`=2,`city`='Shenzhen',`province`='Guangdong',`country`='China',`headimgurl`='https://wx.qlogo.cn/mmopen/vi_32/Du8dQjzKfp3ibpKAWEpdby85AGcRPibeT7V9CWFcFrqH1fI0AKzGyWcwUDNrlkfWwLgzbia5DdqL26fVnLlwDibubA/132'  WHERE  `uid` = 36100          [ RunTime:0.000506s ]
[ sql ] [ SQL ] SHOW COLUMNS FROM `bill_friend` [ RunTime:0.000665s ]
[ sql ] [ SQL ] SELECT * FROM `bill_friend` WHERE  `uid` = 36100 LIMIT 1    [ RunTime:0.007510s ]
[ sql ] [ SQL ] UPDATE `bill_friend`  SET `start`=1,`friend_name`='é™é™',`friend_imgurl`='https://wx.qlogo.cn/mmopen/vi_32/Du8dQjzKfp3ibpKAWEpdby85AGcRPibeT7V9CWFcFrqH1fI0AKzGyWcwUDNrlkfWwLgzbia5DdqL26fVnLlwDibubA/132',`time`=1546617165  WHERE  `uid` = 36100        [ RunTime:0.034732s ]

---------------------------------------------------------------
[ 2019-01-04T23:52:47+08:00 ] 172.24.117.196 183.42.40.115 GET /charge/public/index.php/port/check/inoutClass
[ log ] www.qinlh.com/charge/public/index.php/port/check/inoutClass [è¿è¡Œæ—¶é—´ï¼š0.019670s][åžåçŽ‡ï¼š50.84req/s] [å†…å­˜æ¶ˆè€—ï¼š2,421.53kb] [æ–‡ä»¶åŠ è½½ï¼š39]
[ sql ] [ DB ] CONNECT:[ UseTime:0.000906s ] mysql:dbname=bill_charge;host=39.104.52.159;port=3306;charset=utf8
[ sql ] [ SQL ] SHOW COLUMNS FROM `bill_inout_class` [ RunTime:0.000846s ]
[ sql ] [ SQL ] SELECT * FROM `bill_inout_class` WHERE  `start` = 1   [ RunTime:0.000432s ]
[ sql ] [ SQL ] SELECT * FROM `bill_inout_class` WHERE  `start` = 2   [ RunTime:0.000451s ]

---------------------------------------------------------------
[ 2019-01-04T23:53:16+08:00 ] 172.24.117.196 183.42.40.115 GET /charge/public/index.php/port/check/charge?openid=oOcH90II75mQqrLFwwLlOCXOt6mw&formData=%7B%22money%22%3A%22366%22%2C%22date%22%3A%222019-01-04%22%2C%22remark%22%3A%22%E7%A7%9F%E6%88%BF%22%2C%22inout_start%22%3A2%2C%22inout_class%22%3A4%2C%22time%22%3A%222019-01-04%22%7D
[ log ] www.qinlh.com/charge/public/index.php/port/check/charge?openid=oOcH90II75mQqrLFwwLlOCXOt6mw&formData=%7B%22money%22%3A%22366%22%2C%22date%22%3A%222019-01-04%22%2C%22remark%22%3A%22%E7%A7%9F%E6%88%BF%22%2C%22inout_start%22%3A2%2C%22inout_class%22%3A4%2C%22time%22%3A%222019-01-04%22%7D [è¿è¡Œæ—¶é—´ï¼š0.020451s][åžåçŽ‡ï¼š48.90req/s] [å†…å­˜æ¶ˆè€—ï¼š2,425.19kb] [æ–‡ä»¶åŠ è½½ï¼š39]
[ sql ] [ DB ] CONNECT:[ UseTime:0.000948s ] mysql:dbname=bill_charge;host=39.104.52.159;port=3306;charset=utf8
[ sql ] [ SQL ] SHOW COLUMNS FROM `bill_public_follow` [ RunTime:0.000821s ]
[ sql ] [ SQL ] SELECT `f`.`uid` FROM `bill_public_follow` `f` INNER JOIN `bill_user` `u` ON `f`.`uid`=`u`.`uid` WHERE  `f`.`openid` = 'oOcH90II75mQqrLFwwLlOCXOt6mw' LIMIT 1   [ RunTime:0.000367s ]
[ sql ] [ SQL ] select COLUMN_NAME from information_schema.COLUMNS where table_name = 'bill_charge' [ RunTime:0.000832s ]
[ sql ] [ SQL ] SHOW COLUMNS FROM `bill_charge` [ RunTime:0.000622s ]
[ sql ] [ SQL ] INSERT INTO `bill_charge` (`money` , `remark` , `inout_start` , `inout_class` , `time` , `user_id`) VALUES ('366' , 'ç§Ÿæˆ¿' , 2 , 4 , 1546531200 , 36100)        [ RunTime:0.000701s ]

---------------------------------------------------------------
[ 2019-01-04T23:53:17+08:00 ] 172.24.117.196 183.42.40.115 GET /charge/public/index.php/port/check/BudgetMoney?openid=oOcH90II75mQqrLFwwLlOCXOt6mw
[ log ] www.qinlh.com/charge/public/index.php/port/check/BudgetMoney?openid=oOcH90II75mQqrLFwwLlOCXOt6mw [è¿è¡Œæ—¶é—´ï¼š0.075046s][åžåçŽ‡ï¼š13.33req/s] [å†…å­˜æ¶ˆè€—ï¼š2,732.27kb] [æ–‡ä»¶åŠ è½½ï¼š41]
[ sql ] [ DB ] CONNECT:[ UseTime:0.016844s ] mysql:dbname=bill_charge;host=39.104.52.159;port=3306;charset=utf8
[ sql ] [ SQL ] SHOW COLUMNS FROM `bill_public_follow` [ RunTime:0.001513s ]
[ sql ] [ SQL ] SELECT `f`.`uid` FROM `bill_public_follow` `f` INNER JOIN `bill_user` `u` ON `f`.`uid`=`u`.`uid` WHERE  `f`.`openid` = 'oOcH90II75mQqrLFwwLlOCXOt6mw' LIMIT 1   [ RunTime:0.000859s ]
[ sql ] [ SQL ] SELECT `butged`,`butged_start` FROM `bill_public_follow` WHERE  `openid` = 'oOcH90II75mQqrLFwwLlOCXOt6mw' LIMIT 1    [ RunTime:0.000488s ]
[ sql ] [ SQL ] 
							SELECT
								sum(`money`) AS `money`
							FROM
								`bill_charge`
							WHERE
								`inout_start` = 2
							AND `time` >= unix_timestamp('2019-01-01 00:00:00')
							AND `time` <= unix_timestamp('2019-01-31 23:29:59')
							AND `user_id` = 36100
						 [ RunTime:0.037323s ]

---------------------------------------------------------------
[ 2019-01-04T23:53:17+08:00 ] 172.24.117.196 183.42.40.115 GET /charge/public/index.php/port/check/UserCheck?openid=oOcH90II75mQqrLFwwLlOCXOt6mw&limit=3&lastid=0
[ log ] www.qinlh.com/charge/public/index.php/port/check/UserCheck?openid=oOcH90II75mQqrLFwwLlOCXOt6mw&limit=3&lastid=0 [è¿è¡Œæ—¶é—´ï¼š0.395128s][åžåçŽ‡ï¼š2.53req/s] [å†…å­˜æ¶ˆè€—ï¼š2,751.92kb] [æ–‡ä»¶åŠ è½½ï¼š41]
[ sql ] [ DB ] CONNECT:[ UseTime:0.001718s ] mysql:dbname=bill_charge;host=39.104.52.159;port=3306;charset=utf8
[ sql ] [ SQL ] SHOW COLUMNS FROM `bill_public_follow` [ RunTime:0.001208s ]
[ sql ] [ SQL ] SELECT `f`.`uid` FROM `bill_public_follow` `f` INNER JOIN `bill_user` `u` ON `f`.`uid`=`u`.`uid` WHERE  `f`.`openid` = 'oOcH90II75mQqrLFwwLlOCXOt6mw' LIMIT 1   [ RunTime:0.000603s ]
[ sql ] [ SQL ] 
							SELECT
								sum(`money`) AS `money`,
								`time`
							FROM
								`bill_charge`
							WHERE
								`user_id` = '36100'
							AND `inout_start` = 1
							AND `time` >= unix_timestamp('2019-01-01 00:00:00')
							AND `time` <= unix_timestamp('2019-01-31 23:29:59')
							ORDER BY
								`a_id` DESC
						 [ RunTime:0.037444s ]
[ sql ] [ SQL ] 
							SELECT
								sum(`money`) AS `money`,
								`time`
							FROM
								`bill_charge`
							WHERE
								`user_id` = '36100'
							AND `inout_start` = 2
							AND `time` >= unix_timestamp('2019-01-01 00:00:00')
							AND `time` <= unix_timestamp('2019-01-31 23:29:59')
							ORDER BY
								`a_id` DESC
						 [ RunTime:0.022810s ]
[ sql ] [ SQL ] SHOW COLUMNS FROM `bill_charge` [ RunTime:0.000713s ]
[ sql ] [ SQL ] SELECT COUNT(*) AS tp_count FROM `bill_charge` WHERE  `user_id` = 36100 LIMIT 1    [ RunTime:0.017831s ]
[ sql ] [ SQL ] 
						SELECT
							time,
							a_id
						FROM
							bill_charge
						WHERE
							a_id > 0 and user_id = 36100
						GROUP BY
							time
						ORDER BY
							a_id DESC
						LIMIT 3
					 [ RunTime:0.105550s ]
[ sql ] [ SQL ] 
						SELECT
							time,
							a_id
						FROM
							bill_charge
						WHERE
							a_id > 0 and user_id = 36100
						GROUP BY
							time
						ORDER BY
							time DESC
					 [ RunTime:0.018803s ]
[ sql ] [ SQL ] 
									SELECT
										time,
										inout_start,
										sum(money) AS money
									FROM
										bill_charge
									WHERE
										user_id = 36100
									AND inout_start = 1
									AND time = 1546531200
									GROUP BY
										time
							 [ RunTime:0.018513s ]
[ sql ] [ SQL ] 
										SELECT
											time,
											inout_start,
											sum(money) AS money
										FROM
											bill_charge
										WHERE
											user_id = 36100
										AND inout_start = 2
										AND time = 1546531200
										GROUP BY
											time
									 [ RunTime:0.018396s ]
[ sql ] [ SQL ] SELECT * FROM `bill_charge` `c` INNER JOIN `bill_inout_class` `i` ON `c`.`inout_class`=`i`.`c_id` WHERE  `c`.`time` = 1546531200  AND `c`.`user_id` = 36100 ORDER BY c.a_id desc  [ RunTime:0.019337s ]
[ sql ] [ SQL ] 
									SELECT
										time,
										inout_start,
										sum(money) AS money
									FROM
										bill_charge
									WHERE
										user_id = 36100
									AND inout_start = 1
									AND time = 1545840000
									GROUP BY
										time
							 [ RunTime:0.018680s ]
[ sql ] [ SQL ] 
										SELECT
											time,
											inout_start,
											sum(money) AS money
										FROM
											bill_charge
										WHERE
											user_id = 36100
										AND inout_start = 2
										AND time = 1545840000
										GROUP BY
											time
									 [ RunTime:0.018293s ]
[ sql ] [ SQL ] SELECT * FROM `bill_charge` `c` INNER JOIN `bill_inout_class` `i` ON `c`.`inout_class`=`i`.`c_id` WHERE  `c`.`time` = 1545840000  AND `c`.`user_id` = 36100 ORDER BY c.a_id desc  [ RunTime:0.019448s ]
[ sql ] [ SQL ] 
									SELECT
										time,
										inout_start,
										sum(money) AS money
									FROM
										bill_charge
									WHERE
										user_id = 36100
									AND inout_start = 1
									AND time = 1545753600
									GROUP BY
										time
							 [ RunTime:0.018256s ]
[ sql ] [ SQL ] 
										SELECT
											time,
											inout_start,
											sum(money) AS money
										FROM
											bill_charge
										WHERE
											user_id = 36100
										AND inout_start = 2
										AND time = 1545753600
										GROUP BY
											time
									 [ RunTime:0.018283s ]
[ sql ] [ SQL ] SELECT * FROM `bill_charge` `c` INNER JOIN `bill_inout_class` `i` ON `c`.`inout_class`=`i`.`c_id` WHERE  `c`.`time` = 1545753600  AND `c`.`user_id` = 36100 ORDER BY c.a_id desc  [ RunTime:0.019366s ]

---------------------------------------------------------------
[ 2019-01-04T23:53:24+08:00 ] 172.24.117.196 183.42.40.115 GET /charge/public/index.php/port/set/BudgetStart?openid=oOcH90II75mQqrLFwwLlOCXOt6mw
[ log ] www.qinlh.com/charge/public/index.php/port/set/BudgetStart?openid=oOcH90II75mQqrLFwwLlOCXOt6mw [è¿è¡Œæ—¶é—´ï¼š0.020488s][åžåçŽ‡ï¼š48.81req/s] [å†…å­˜æ¶ˆè€—ï¼š2,679.60kb] [æ–‡ä»¶åŠ è½½ï¼š41]
[ sql ] [ DB ] CONNECT:[ UseTime:0.000898s ] mysql:dbname=bill_charge;host=39.104.52.159;port=3306;charset=utf8
[ sql ] [ SQL ] SHOW COLUMNS FROM `bill_public_follow` [ RunTime:0.000841s ]
[ sql ] [ SQL ] SELECT `butged`,`butged_start` FROM `bill_public_follow` WHERE  `openid` = 'oOcH90II75mQqrLFwwLlOCXOt6mw' LIMIT 1    [ RunTime:0.000399s ]

---------------------------------------------------------------
[ 2019-01-04T23:53:36+08:00 ] 172.24.117.196 183.42.40.115 GET /charge/public/index.php/port/check/ThisIncomOut?openid=oOcH90II75mQqrLFwwLlOCXOt6mw
[ log ] www.qinlh.com/charge/public/index.php/port/check/ThisIncomOut?openid=oOcH90II75mQqrLFwwLlOCXOt6mw [è¿è¡Œæ—¶é—´ï¼š0.076995s][åžåçŽ‡ï¼š12.99req/s] [å†…å­˜æ¶ˆè€—ï¼š2,738.30kb] [æ–‡ä»¶åŠ è½½ï¼š41]
[ sql ] [ DB ] CONNECT:[ UseTime:0.000990s ] mysql:dbname=bill_charge;host=39.104.52.159;port=3306;charset=utf8
[ sql ] [ SQL ] SHOW COLUMNS FROM `bill_public_follow` [ RunTime:0.000886s ]
[ sql ] [ SQL ] SELECT `f`.`uid` FROM `bill_public_follow` `f` INNER JOIN `bill_user` `u` ON `f`.`uid`=`u`.`uid` WHERE  `f`.`openid` = 'oOcH90II75mQqrLFwwLlOCXOt6mw' LIMIT 1   [ RunTime:0.000398s ]
[ sql ] [ SQL ] 
							SELECT
								sum(`money`) AS `money`
							FROM
								`bill_charge`
							WHERE
								`inout_start` = 1
							AND `time` >= unix_timestamp('2019-01-01 00:00:00')
							AND `time` <= unix_timestamp('2019-01-31 23:29:59')
							AND `user_id` = 36100
						 [ RunTime:0.018720s ]
[ sql ] [ SQL ] 
							SELECT
								ic.`a_id`,
								SUM(`money`) AS `money`,
								ic.`inout_class`,
								bc.`inout_url`,
								bc.`describe`,
								bc.`color`,
								ic.`inout_start`
							FROM
								bill_charge AS ic
							INNER JOIN `bill_inout_class` AS bc ON ic.inout_class = bc.c_id
							WHERE
								`inout_start` = 1
							AND `time` >= unix_timestamp('2019-01-01 00:00:00')
							AND `time` <= unix_timestamp('2019-01-31 23:29:59')
							AND `user_id` = 36100
							GROUP BY
								`inout_class`
							ORDER BY
							`a_id` DESC
					 [ RunTime:0.018709s ]
[ sql ] [ SQL ] 
							SELECT
								sum(`money`) AS `money`
							FROM
								`bill_charge`
							WHERE
								`inout_start` = 2
							AND `time` >= unix_timestamp('2019-01-01 00:00:00')
							AND `time` <= unix_timestamp('2019-01-31 23:29:59')
							AND `user_id` = 36100
						 [ RunTime:0.000379s ]
[ sql ] [ SQL ] 
						SELECT
							ic.`a_id`,
							SUM(`money`) AS `money`,
							ic.`inout_class`,
							bc.`inout_url`,
							bc.`describe`,
							bc.`color`,
							ic.`inout_start`
						FROM
							bill_charge AS ic
						INNER JOIN `bill_inout_class` AS bc ON ic.inout_class = bc.c_id
						WHERE
							`inout_start` = 2
						AND `time` >= unix_timestamp('2019-01-01 00:00:00')
						AND `time` <= unix_timestamp('2019-01-31 23:29:59')
						AND `user_id` = 36100
						GROUP BY
							`inout_class`
						ORDER BY
							`a_id` DESC
					 [ RunTime:0.018764s ]

---------------------------------------------------------------
[ 2019-01-04T23:53:45+08:00 ] 172.24.117.196 183.42.40.115 GET /charge/public/index.php/port/check/ThisIncomOut?openid=oOcH90II75mQqrLFwwLlOCXOt6mw
[ log ] www.qinlh.com/charge/public/index.php/port/check/ThisIncomOut?openid=oOcH90II75mQqrLFwwLlOCXOt6mw [è¿è¡Œæ—¶é—´ï¼š0.021715s][åžåçŽ‡ï¼š46.05req/s] [å†…å­˜æ¶ˆè€—ï¼š2,738.30kb] [æ–‡ä»¶åŠ è½½ï¼š41]
[ sql ] [ DB ] CONNECT:[ UseTime:0.000920s ] mysql:dbname=bill_charge;host=39.104.52.159;port=3306;charset=utf8
[ sql ] [ SQL ] SHOW COLUMNS FROM `bill_public_follow` [ RunTime:0.000842s ]
[ sql ] [ SQL ] SELECT `f`.`uid` FROM `bill_public_follow` `f` INNER JOIN `bill_user` `u` ON `f`.`uid`=`u`.`uid` WHERE  `f`.`openid` = 'oOcH90II75mQqrLFwwLlOCXOt6mw' LIMIT 1   [ RunTime:0.000410s ]
[ sql ] [ SQL ] 
							SELECT
								sum(`money`) AS `money`
							FROM
								`bill_charge`
							WHERE
								`inout_start` = 1
							AND `time` >= unix_timestamp('2019-01-01 00:00:00')
							AND `time` <= unix_timestamp('2019-01-31 23:29:59')
							AND `user_id` = 36100
						 [ RunTime:0.000364s ]
[ sql ] [ SQL ] 
							SELECT
								ic.`a_id`,
								SUM(`money`) AS `money`,
								ic.`inout_class`,
								bc.`inout_url`,
								bc.`describe`,
								bc.`color`,
								ic.`inout_start`
							FROM
								bill_charge AS ic
							INNER JOIN `bill_inout_class` AS bc ON ic.inout_class = bc.c_id
							WHERE
								`inout_start` = 1
							AND `time` >= unix_timestamp('2019-01-01 00:00:00')
							AND `time` <= unix_timestamp('2019-01-31 23:29:59')
							AND `user_id` = 36100
							GROUP BY
								`inout_class`
							ORDER BY
							`a_id` DESC
					 [ RunTime:0.000384s ]
[ sql ] [ SQL ] 
							SELECT
								sum(`money`) AS `money`
							FROM
								`bill_charge`
							WHERE
								`inout_start` = 2
							AND `time` >= unix_timestamp('2019-01-01 00:00:00')
							AND `time` <= unix_timestamp('2019-01-31 23:29:59')
							AND `user_id` = 36100
						 [ RunTime:0.000345s ]
[ sql ] [ SQL ] 
						SELECT
							ic.`a_id`,
							SUM(`money`) AS `money`,
							ic.`inout_class`,
							bc.`inout_url`,
							bc.`describe`,
							bc.`color`,
							ic.`inout_start`
						FROM
							bill_charge AS ic
						INNER JOIN `bill_inout_class` AS bc ON ic.inout_class = bc.c_id
						WHERE
							`inout_start` = 2
						AND `time` >= unix_timestamp('2019-01-01 00:00:00')
						AND `time` <= unix_timestamp('2019-01-31 23:29:59')
						AND `user_id` = 36100
						GROUP BY
							`inout_class`
						ORDER BY
							`a_id` DESC
					 [ RunTime:0.000365s ]

---------------------------------------------------------------
[ 2019-01-04T23:53:48+08:00 ] 172.24.117.196 183.42.40.115 GET /charge/public/index.php/port/check/ThisIncomOut?openid=oOcH90II75mQqrLFwwLlOCXOt6mw
[ log ] www.qinlh.com/charge/public/index.php/port/check/ThisIncomOut?openid=oOcH90II75mQqrLFwwLlOCXOt6mw [è¿è¡Œæ—¶é—´ï¼š0.022470s][åžåçŽ‡ï¼š44.50req/s] [å†…å­˜æ¶ˆè€—ï¼š2,738.30kb] [æ–‡ä»¶åŠ è½½ï¼š41]
[ sql ] [ DB ] CONNECT:[ UseTime:0.001025s ] mysql:dbname=bill_charge;host=39.104.52.159;port=3306;charset=utf8
[ sql ] [ SQL ] SHOW COLUMNS FROM `bill_public_follow` [ RunTime:0.000871s ]
[ sql ] [ SQL ] SELECT `f`.`uid` FROM `bill_public_follow` `f` INNER JOIN `bill_user` `u` ON `f`.`uid`=`u`.`uid` WHERE  `f`.`openid` = 'oOcH90II75mQqrLFwwLlOCXOt6mw' LIMIT 1   [ RunTime:0.000391s ]
[ sql ] [ SQL ] 
							SELECT
								sum(`money`) AS `money`
							FROM
								`bill_charge`
							WHERE
								`inout_start` = 1
							AND `time` >= unix_timestamp('2019-01-01 00:00:00')
							AND `time` <= unix_timestamp('2019-01-31 23:29:59')
							AND `user_id` = 36100
						 [ RunTime:0.000358s ]
[ sql ] [ SQL ] 
							SELECT
								ic.`a_id`,
								SUM(`money`) AS `money`,
								ic.`inout_class`,
								bc.`inout_url`,
								bc.`describe`,
								bc.`color`,
								ic.`inout_start`
							FROM
								bill_charge AS ic
							INNER JOIN `bill_inout_class` AS bc ON ic.inout_class = bc.c_id
							WHERE
								`inout_start` = 1
							AND `time` >= unix_timestamp('2019-01-01 00:00:00')
							AND `time` <= unix_timestamp('2019-01-31 23:29:59')
							AND `user_id` = 36100
							GROUP BY
								`inout_class`
							ORDER BY
							`a_id` DESC
					 [ RunTime:0.000381s ]
[ sql ] [ SQL ] 
							SELECT
								sum(`money`) AS `money`
							FROM
								`bill_charge`
							WHERE
								`inout_start` = 2
							AND `time` >= unix_timestamp('2019-01-01 00:00:00')
							AND `time` <= unix_timestamp('2019-01-31 23:29:59')
							AND `user_id` = 36100
						 [ RunTime:0.000396s ]
[ sql ] [ SQL ] 
						SELECT
							ic.`a_id`,
							SUM(`money`) AS `money`,
							ic.`inout_class`,
							bc.`inout_url`,
							bc.`describe`,
							bc.`color`,
							ic.`inout_start`
						FROM
							bill_charge AS ic
						INNER JOIN `bill_inout_class` AS bc ON ic.inout_class = bc.c_id
						WHERE
							`inout_start` = 2
						AND `time` >= unix_timestamp('2019-01-01 00:00:00')
						AND `time` <= unix_timestamp('2019-01-31 23:29:59')
						AND `user_id` = 36100
						GROUP BY
							`inout_class`
						ORDER BY
							`a_id` DESC
					 [ RunTime:0.000433s ]

---------------------------------------------------------------
