[ 2019-01-09T23:59:16+08:00 ] 172.24.117.196 223.104.22.240 GET /charge/public/index.php/port/check/BudgetMoney?openid=oOcH90Pwqh6KasAaQUSPcfW-IXkw
[ log ] www.qinlh.com/charge/public/index.php/port/check/BudgetMoney?openid=oOcH90Pwqh6KasAaQUSPcfW-IXkw [运行时间：0.050772s][吞吐率：19.70req/s] [内存消耗：2,732.14kb] [文件加载：41]
[ sql ] [ DB ] CONNECT:[ UseTime:0.000925s ] mysql:dbname=bill_charge;host=39.104.52.159;port=3306;charset=utf8
[ sql ] [ SQL ] SHOW COLUMNS FROM `bill_public_follow` [ RunTime:0.000884s ]
[ sql ] [ SQL ] SELECT `f`.`uid` FROM `bill_public_follow` `f` INNER JOIN `bill_user` `u` ON `f`.`uid`=`u`.`uid` WHERE  `f`.`openid` = 'oOcH90Pwqh6KasAaQUSPcfW-IXkw' LIMIT 1   [ RunTime:0.000581s ]
[ sql ] [ SQL ] SELECT `butged`,`butged_start` FROM `bill_public_follow` WHERE  `openid` = 'oOcH90Pwqh6KasAaQUSPcfW-IXkw' LIMIT 1    [ RunTime:0.000533s ]
[ sql ] [ SQL ] 
							SELECT
								sum(`money`) AS `money`
							FROM
								`bill_charge`
							WHERE
								`inout_start` = 2
							AND `time` >= unix_timestamp('2019-01-01 00:00:00')
							AND `time` <= unix_timestamp('2019-01-31 23:29:59')
							AND `user_id` = 37016
						 [ RunTime:0.028241s ]

---------------------------------------------------------------
[ 2019-01-09T23:59:16+08:00 ] 172.24.117.196 223.104.22.240 GET /charge/public/index.php/port/login/sendCode?code=0812sTva0L5I1z1fnCva0qGTva02sTvf&PHPSESSID=LY62L2FpYf3yWxG2YZNbQNrP7fF
[ log ] www.qinlh.com/charge/public/index.php/port/login/sendCode?code=0812sTva0L5I1z1fnCva0qGTva02sTvf&PHPSESSID=LY62L2FpYf3yWxG2YZNbQNrP7fF [运行时间：0.340453s][吞吐率：2.94req/s] [内存消耗：2,532.79kb] [文件加载：42]
[ sql ] [ DB ] CONNECT:[ UseTime:0.000894s ] mysql:dbname=bill_charge;host=39.104.52.159;port=3306;charset=utf8
[ sql ] [ SQL ] SHOW COLUMNS FROM `bill_public_follow` [ RunTime:0.000937s ]
[ sql ] [ SQL ] SELECT * FROM `bill_public_follow` WHERE  `openid` = 'oOcH90Pwqh6KasAaQUSPcfW-IXkw' LIMIT 1    [ RunTime:0.000535s ]

---------------------------------------------------------------
[ 2019-01-09T23:59:16+08:00 ] 172.24.117.196 223.104.22.240 GET /charge/public/index.php/port/check/UserCheck?openid=oOcH90Pwqh6KasAaQUSPcfW-IXkw&limit=3&lastid=0
[ log ] www.qinlh.com/charge/public/index.php/port/check/UserCheck?openid=oOcH90Pwqh6KasAaQUSPcfW-IXkw&limit=3&lastid=0 [运行时间：0.383569s][吞吐率：2.61req/s] [内存消耗：2,753.09kb] [文件加载：41]
[ sql ] [ DB ] CONNECT:[ UseTime:0.000931s ] mysql:dbname=bill_charge;host=39.104.52.159;port=3306;charset=utf8
[ sql ] [ SQL ] SHOW COLUMNS FROM `bill_public_follow` [ RunTime:0.000793s ]
[ sql ] [ SQL ] SELECT `f`.`uid` FROM `bill_public_follow` `f` INNER JOIN `bill_user` `u` ON `f`.`uid`=`u`.`uid` WHERE  `f`.`openid` = 'oOcH90Pwqh6KasAaQUSPcfW-IXkw' LIMIT 1   [ RunTime:0.000411s ]
[ sql ] [ SQL ] 
							SELECT
								sum(`money`) AS `money`,
								`time`
							FROM
								`bill_charge`
							WHERE
								`user_id` = '37016'
							AND `inout_start` = 1
							AND `time` >= unix_timestamp('2019-01-01 00:00:00')
							AND `time` <= unix_timestamp('2019-01-31 23:29:59')
							ORDER BY
								`a_id` DESC
						 [ RunTime:0.019774s ]
[ sql ] [ SQL ] 
							SELECT
								sum(`money`) AS `money`,
								`time`
							FROM
								`bill_charge`
							WHERE
								`user_id` = '37016'
							AND `inout_start` = 2
							AND `time` >= unix_timestamp('2019-01-01 00:00:00')
							AND `time` <= unix_timestamp('2019-01-31 23:29:59')
							ORDER BY
								`a_id` DESC
						 [ RunTime:0.021034s ]
[ sql ] [ SQL ] SHOW COLUMNS FROM `bill_charge` [ RunTime:0.000825s ]
[ sql ] [ SQL ] SELECT COUNT(*) AS tp_count FROM `bill_charge` WHERE  `user_id` = 37016 LIMIT 1    [ RunTime:0.018407s ]
[ sql ] [ SQL ] 
						SELECT
							time,
							a_id
						FROM
							bill_charge
						WHERE
							a_id > 0 and user_id = 37016
						GROUP BY
							time
						ORDER BY
							a_id DESC
						LIMIT 3
					 [ RunTime:0.107108s ]
[ sql ] [ SQL ] 
						SELECT
							time,
							a_id
						FROM
							bill_charge
						WHERE
							a_id > 0 and user_id = 37016
						GROUP BY
							time
						ORDER BY
							time DESC
					 [ RunTime:0.019018s ]
[ sql ] [ SQL ] 
									SELECT
										time,
										inout_start,
										sum(money) AS money
									FROM
										bill_charge
									WHERE
										user_id = 37016
									AND inout_start = 1
									AND time = 1546704000
									GROUP BY
										time
							 [ RunTime:0.019019s ]
[ sql ] [ SQL ] 
										SELECT
											time,
											inout_start,
											sum(money) AS money
										FROM
											bill_charge
										WHERE
											user_id = 37016
										AND inout_start = 2
										AND time = 1546704000
										GROUP BY
											time
									 [ RunTime:0.019132s ]
[ sql ] [ SQL ] SELECT * FROM `bill_charge` `c` INNER JOIN `bill_inout_class` `i` ON `c`.`inout_class`=`i`.`c_id` WHERE  `c`.`time` = 1546704000  AND `c`.`user_id` = 37016 ORDER BY c.a_id desc  [ RunTime:0.019943s ]
[ sql ] [ SQL ] 
									SELECT
										time,
										inout_start,
										sum(money) AS money
									FROM
										bill_charge
									WHERE
										user_id = 37016
									AND inout_start = 1
									AND time = 1546617600
									GROUP BY
										time
							 [ RunTime:0.019168s ]
[ sql ] [ SQL ] 
										SELECT
											time,
											inout_start,
											sum(money) AS money
										FROM
											bill_charge
										WHERE
											user_id = 37016
										AND inout_start = 2
										AND time = 1546617600
										GROUP BY
											time
									 [ RunTime:0.019038s ]
[ sql ] [ SQL ] SELECT * FROM `bill_charge` `c` INNER JOIN `bill_inout_class` `i` ON `c`.`inout_class`=`i`.`c_id` WHERE  `c`.`time` = 1546617600  AND `c`.`user_id` = 37016 ORDER BY c.a_id desc  [ RunTime:0.019998s ]
[ sql ] [ SQL ] 
									SELECT
										time,
										inout_start,
										sum(money) AS money
									FROM
										bill_charge
									WHERE
										user_id = 37016
									AND inout_start = 1
									AND time = 1546358400
									GROUP BY
										time
							 [ RunTime:0.018901s ]
[ sql ] [ SQL ] 
										SELECT
											time,
											inout_start,
											sum(money) AS money
										FROM
											bill_charge
										WHERE
											user_id = 37016
										AND inout_start = 2
										AND time = 1546358400
										GROUP BY
											time
									 [ RunTime:0.018930s ]
[ sql ] [ SQL ] SELECT * FROM `bill_charge` `c` INNER JOIN `bill_inout_class` `i` ON `c`.`inout_class`=`i`.`c_id` WHERE  `c`.`time` = 1546358400  AND `c`.`user_id` = 37016 ORDER BY c.a_id desc  [ RunTime:0.020280s ]

---------------------------------------------------------------
[ 2019-01-09T23:59:17+08:00 ] 172.24.117.196 223.104.22.240 GET /charge/public/index.php/port/login/saveUserInfo?encryptedData=FczSinj0kCGRS3ILYUtU3ud0elOHEh50DW3F4fCp8puHHO7gqE5JPhTfMXuv%2FqpeIkBfVf0n4H%2BtnPjQEW6fZJUj9%2BZwjOIVmPc2RYThouyz73Mgu3GlgLWDmuzzWXrZwnjDjv6rTX7sNyaGpLOuGZUVK3QFJwIGz9z8okyDSWcp8emYkR3hWsqMoyD%2FzAFLpv6Xw5ABCbHdExZFsiMBydoCb0CNn5TAY%2B2kDbAK9C80583qcJKF3meVSXH5%2F%2FVO1bNlqsU0mrLUsRcLZ1ijGqaRbL20OivU3sOSEDm26e%2BSMXYiem36EPcjM18PFZ1xF2rLFHMvcvJQ1t7DKQNRmSWnsJdpghXwM7XakE2wY%2BmjqPvY0MCjciOduRwOf0Q5bK%2FUNggpJJNzsXZMt9syx0FbNyZHM6Y3nFHjbEOKzZPQIVwEgSjkTjd0qZhVvem4m72ePA7cCnqGtx1DdHWJTQ%3D%3D&PHPSESSID=3lyFIpQQ8St4wUM1wPXbHBacXEx&iv=C%2FqzLJ8XnF%2FfY9l34FMAnw%3D%3D
[ log ] www.qinlh.com/charge/public/index.php/port/login/saveUserInfo?encryptedData=FczSinj0kCGRS3ILYUtU3ud0elOHEh50DW3F4fCp8puHHO7gqE5JPhTfMXuv%2FqpeIkBfVf0n4H%2BtnPjQEW6fZJUj9%2BZwjOIVmPc2RYThouyz73Mgu3GlgLWDmuzzWXrZwnjDjv6rTX7sNyaGpLOuGZUVK3QFJwIGz9z8okyDSWcp8emYkR3hWsqMoyD%2FzAFLpv6Xw5ABCbHdExZFsiMBydoCb0CNn5TAY%2B2kDbAK9C80583qcJKF3meVSXH5%2F%2FVO1bNlqsU0mrLUsRcLZ1ijGqaRbL20OivU3sOSEDm26e%2BSMXYiem36EPcjM18PFZ1xF2rLFHMvcvJQ1t7DKQNRmSWnsJdpghXwM7XakE2wY%2BmjqPvY0MCjciOduRwOf0Q5bK%2FUNggpJJNzsXZMt9syx0FbNyZHM6Y3nFHjbEOKzZPQIVwEgSjkTjd0qZhVvem4m72ePA7cCnqGtx1DdHWJTQ%3D%3D&PHPSESSID=3lyFIpQQ8St4wUM1wPXbHBacXEx&iv=C%2FqzLJ8XnF%2FfY9l34FMAnw%3D%3D [运行时间：0.066295s][吞吐率：15.08req/s] [内存消耗：2,570.32kb] [文件加载：45]
[ sql ] [ DB ] CONNECT:[ UseTime:0.000927s ] mysql:dbname=bill_charge;host=39.104.52.159;port=3306;charset=utf8
[ sql ] [ SQL ] SHOW COLUMNS FROM `bill_user` [ RunTime:0.001109s ]
[ sql ] [ SQL ] UPDATE `bill_user`  SET `nickname`='Sugar',`sex`=1,`city`='',`province`='',`country`='Aruba',`headimgurl`='https://wx.qlogo.cn/mmopen/vi_32/DYAIOgq83epMKGonQHibc0c4NffF3MPeIkWR82NjqBw3w8X4EYYQ0hxgPyXtbTR44HR8Bzp1B5tiaRk6yfVZGiaAg/132'  WHERE  `uid` = 37016          [ RunTime:0.000570s ]
[ sql ] [ SQL ] SHOW COLUMNS FROM `bill_friend` [ RunTime:0.000765s ]
[ sql ] [ SQL ] SELECT * FROM `bill_friend` WHERE  `uid` = 37016 LIMIT 1    [ RunTime:0.007925s ]
[ sql ] [ SQL ] UPDATE `bill_friend`  SET `start`=1,`friend_name`='Sugar',`friend_imgurl`='https://wx.qlogo.cn/mmopen/vi_32/DYAIOgq83epMKGonQHibc0c4NffF3MPeIkWR82NjqBw3w8X4EYYQ0hxgPyXtbTR44HR8Bzp1B5tiaRk6yfVZGiaAg/132',`time`=1547049557  WHERE  `uid` = 37016        [ RunTime:0.035640s ]

---------------------------------------------------------------
[ 2019-01-09T23:59:18+08:00 ] 172.24.117.196 223.104.22.240 GET /charge/public/index.php/port/check/inoutClass
[ log ] www.qinlh.com/charge/public/index.php/port/check/inoutClass [运行时间：0.032979s][吞吐率：30.32req/s] [内存消耗：2,421.58kb] [文件加载：39]
[ sql ] [ DB ] CONNECT:[ UseTime:0.013426s ] mysql:dbname=bill_charge;host=39.104.52.159;port=3306;charset=utf8
[ sql ] [ SQL ] SHOW COLUMNS FROM `bill_inout_class` [ RunTime:0.000922s ]
[ sql ] [ SQL ] SELECT * FROM `bill_inout_class` WHERE  `start` = 1   [ RunTime:0.000451s ]
[ sql ] [ SQL ] SELECT * FROM `bill_inout_class` WHERE  `start` = 2   [ RunTime:0.000386s ]

---------------------------------------------------------------
[ 2019-01-09T23:59:31+08:00 ] 172.24.117.196 223.104.22.240 GET /charge/public/index.php/port/check/charge?openid=oOcH90Pwqh6KasAaQUSPcfW-IXkw&formData=%7B%22money%22%3A%2211.9%22%2C%22date%22%3A%222019-01-09%22%2C%22remark%22%3A%22%E4%B9%B0%E5%8C%85%22%2C%22inout_start%22%3A2%2C%22inout_class%22%3A1%2C%22time%22%3A%222019-01-09%22%7D
[ log ] www.qinlh.com/charge/public/index.php/port/check/charge?openid=oOcH90Pwqh6KasAaQUSPcfW-IXkw&formData=%7B%22money%22%3A%2211.9%22%2C%22date%22%3A%222019-01-09%22%2C%22remark%22%3A%22%E4%B9%B0%E5%8C%85%22%2C%22inout_start%22%3A2%2C%22inout_class%22%3A1%2C%22time%22%3A%222019-01-09%22%7D [运行时间：0.021452s][吞吐率：46.62req/s] [内存消耗：2,425.11kb] [文件加载：39]
[ sql ] [ DB ] CONNECT:[ UseTime:0.000901s ] mysql:dbname=bill_charge;host=39.104.52.159;port=3306;charset=utf8
[ sql ] [ SQL ] SHOW COLUMNS FROM `bill_public_follow` [ RunTime:0.000846s ]
[ sql ] [ SQL ] SELECT `f`.`uid` FROM `bill_public_follow` `f` INNER JOIN `bill_user` `u` ON `f`.`uid`=`u`.`uid` WHERE  `f`.`openid` = 'oOcH90Pwqh6KasAaQUSPcfW-IXkw' LIMIT 1   [ RunTime:0.000391s ]
[ sql ] [ SQL ] select COLUMN_NAME from information_schema.COLUMNS where table_name = 'bill_charge' [ RunTime:0.000891s ]
[ sql ] [ SQL ] SHOW COLUMNS FROM `bill_charge` [ RunTime:0.000677s ]
[ sql ] [ SQL ] INSERT INTO `bill_charge` (`money` , `remark` , `inout_start` , `inout_class` , `time` , `user_id`) VALUES ('11.9' , '买包' , 2 , 1 , 1546963200 , 37016)        [ RunTime:0.000647s ]

---------------------------------------------------------------
[ 2019-01-09T23:59:32+08:00 ] 172.24.117.196 223.104.22.240 GET /charge/public/index.php/port/check/BudgetMoney?openid=oOcH90Pwqh6KasAaQUSPcfW-IXkw
[ log ] www.qinlh.com/charge/public/index.php/port/check/BudgetMoney?openid=oOcH90Pwqh6KasAaQUSPcfW-IXkw [运行时间：0.148847s][吞吐率：6.72req/s] [内存消耗：2,732.21kb] [文件加载：41]
[ sql ] [ DB ] CONNECT:[ UseTime:0.001621s ] mysql:dbname=bill_charge;host=39.104.52.159;port=3306;charset=utf8
[ sql ] [ SQL ] SHOW COLUMNS FROM `bill_public_follow` [ RunTime:0.014022s ]
[ sql ] [ SQL ] SELECT `f`.`uid` FROM `bill_public_follow` `f` INNER JOIN `bill_user` `u` ON `f`.`uid`=`u`.`uid` WHERE  `f`.`openid` = 'oOcH90Pwqh6KasAaQUSPcfW-IXkw' LIMIT 1   [ RunTime:0.005505s ]
[ sql ] [ SQL ] SELECT `butged`,`butged_start` FROM `bill_public_follow` WHERE  `openid` = 'oOcH90Pwqh6KasAaQUSPcfW-IXkw' LIMIT 1    [ RunTime:0.046490s ]
[ sql ] [ SQL ] 
							SELECT
								sum(`money`) AS `money`
							FROM
								`bill_charge`
							WHERE
								`inout_start` = 2
							AND `time` >= unix_timestamp('2019-01-01 00:00:00')
							AND `time` <= unix_timestamp('2019-01-31 23:29:59')
							AND `user_id` = 37016
						 [ RunTime:0.062549s ]

---------------------------------------------------------------
[ 2019-01-09T23:59:32+08:00 ] 172.24.117.196 223.104.22.240 GET /charge/public/index.php/port/check/UserCheck?openid=oOcH90Pwqh6KasAaQUSPcfW-IXkw&limit=3&lastid=0
[ log ] www.qinlh.com/charge/public/index.php/port/check/UserCheck?openid=oOcH90Pwqh6KasAaQUSPcfW-IXkw&limit=3&lastid=0 [运行时间：0.428553s][吞吐率：2.33req/s] [内存消耗：2,753.09kb] [文件加载：41]
[ sql ] [ DB ] CONNECT:[ UseTime:0.000987s ] mysql:dbname=bill_charge;host=39.104.52.159;port=3306;charset=utf8
[ sql ] [ SQL ] SHOW COLUMNS FROM `bill_public_follow` [ RunTime:0.000857s ]
[ sql ] [ SQL ] SELECT `f`.`uid` FROM `bill_public_follow` `f` INNER JOIN `bill_user` `u` ON `f`.`uid`=`u`.`uid` WHERE  `f`.`openid` = 'oOcH90Pwqh6KasAaQUSPcfW-IXkw' LIMIT 1   [ RunTime:0.000395s ]
[ sql ] [ SQL ] 
							SELECT
								sum(`money`) AS `money`,
								`time`
							FROM
								`bill_charge`
							WHERE
								`user_id` = '37016'
							AND `inout_start` = 1
							AND `time` >= unix_timestamp('2019-01-01 00:00:00')
							AND `time` <= unix_timestamp('2019-01-31 23:29:59')
							ORDER BY
								`a_id` DESC
						 [ RunTime:0.019968s ]
[ sql ] [ SQL ] 
							SELECT
								sum(`money`) AS `money`,
								`time`
							FROM
								`bill_charge`
							WHERE
								`user_id` = '37016'
							AND `inout_start` = 2
							AND `time` >= unix_timestamp('2019-01-01 00:00:00')
							AND `time` <= unix_timestamp('2019-01-31 23:29:59')
							ORDER BY
								`a_id` DESC
						 [ RunTime:0.021410s ]
[ sql ] [ SQL ] SHOW COLUMNS FROM `bill_charge` [ RunTime:0.017554s ]
[ sql ] [ SQL ] SELECT COUNT(*) AS tp_count FROM `bill_charge` WHERE  `user_id` = 37016 LIMIT 1    [ RunTime:0.020076s ]
[ sql ] [ SQL ] 
						SELECT
							time,
							a_id
						FROM
							bill_charge
						WHERE
							a_id > 0 and user_id = 37016
						GROUP BY
							time
						ORDER BY
							a_id DESC
						LIMIT 3
					 [ RunTime:0.130947s ]
[ sql ] [ SQL ] 
						SELECT
							time,
							a_id
						FROM
							bill_charge
						WHERE
							a_id > 0 and user_id = 37016
						GROUP BY
							time
						ORDER BY
							time DESC
					 [ RunTime:0.019212s ]
[ sql ] [ SQL ] 
									SELECT
										time,
										inout_start,
										sum(money) AS money
									FROM
										bill_charge
									WHERE
										user_id = 37016
									AND inout_start = 1
									AND time = 1546963200
									GROUP BY
										time
							 [ RunTime:0.019203s ]
[ sql ] [ SQL ] 
										SELECT
											time,
											inout_start,
											sum(money) AS money
										FROM
											bill_charge
										WHERE
											user_id = 37016
										AND inout_start = 2
										AND time = 1546963200
										GROUP BY
											time
									 [ RunTime:0.019148s ]
[ sql ] [ SQL ] SELECT * FROM `bill_charge` `c` INNER JOIN `bill_inout_class` `i` ON `c`.`inout_class`=`i`.`c_id` WHERE  `c`.`time` = 1546963200  AND `c`.`user_id` = 37016 ORDER BY c.a_id desc  [ RunTime:0.020240s ]
[ sql ] [ SQL ] 
									SELECT
										time,
										inout_start,
										sum(money) AS money
									FROM
										bill_charge
									WHERE
										user_id = 37016
									AND inout_start = 1
									AND time = 1546704000
									GROUP BY
										time
							 [ RunTime:0.019096s ]
[ sql ] [ SQL ] 
										SELECT
											time,
											inout_start,
											sum(money) AS money
										FROM
											bill_charge
										WHERE
											user_id = 37016
										AND inout_start = 2
										AND time = 1546704000
										GROUP BY
											time
									 [ RunTime:0.018989s ]
[ sql ] [ SQL ] SELECT * FROM `bill_charge` `c` INNER JOIN `bill_inout_class` `i` ON `c`.`inout_class`=`i`.`c_id` WHERE  `c`.`time` = 1546704000  AND `c`.`user_id` = 37016 ORDER BY c.a_id desc  [ RunTime:0.020087s ]
[ sql ] [ SQL ] 
									SELECT
										time,
										inout_start,
										sum(money) AS money
									FROM
										bill_charge
									WHERE
										user_id = 37016
									AND inout_start = 1
									AND time = 1546617600
									GROUP BY
										time
							 [ RunTime:0.019216s ]
[ sql ] [ SQL ] 
										SELECT
											time,
											inout_start,
											sum(money) AS money
										FROM
											bill_charge
										WHERE
											user_id = 37016
										AND inout_start = 2
										AND time = 1546617600
										GROUP BY
											time
									 [ RunTime:0.018986s ]
[ sql ] [ SQL ] SELECT * FROM `bill_charge` `c` INNER JOIN `bill_inout_class` `i` ON `c`.`inout_class`=`i`.`c_id` WHERE  `c`.`time` = 1546617600  AND `c`.`user_id` = 37016 ORDER BY c.a_id desc  [ RunTime:0.020525s ]

---------------------------------------------------------------
