[ 2019-01-14T23:57:13+08:00 ] 172.24.117.196 113.64.13.234 GET /charge/public/index.php/port/check/inoutClass
[ log ] www.qinlh.com/charge/public/index.php/port/check/inoutClass [运行时间：0.030915s][吞吐率：32.35req/s] [内存消耗：2,421.34kb] [文件加载：39]
[ sql ] [ DB ] CONNECT:[ UseTime:0.001887s ] mysql:dbname=bill_charge;host=39.104.52.159;port=3306;charset=utf8
[ sql ] [ SQL ] SHOW COLUMNS FROM `bill_inout_class` [ RunTime:0.000821s ]
[ sql ] [ SQL ] SELECT * FROM `bill_inout_class` WHERE  `start` = 1   [ RunTime:0.000391s ]
[ sql ] [ SQL ] SELECT * FROM `bill_inout_class` WHERE  `start` = 2   [ RunTime:0.000373s ]

---------------------------------------------------------------
[ 2019-01-14T23:57:20+08:00 ] 172.24.117.196 113.64.13.234 GET /charge/public/index.php/port/check/charge?openid=oOcH90GND00Q-lGt-Ih2xABUu9js&formData=%7B%22money%22%3A%22180%22%2C%22date%22%3A%222019-01-14%22%2C%22remark%22%3A%22%E5%90%83%E9%A5%AD%22%2C%22inout_start%22%3A2%2C%22inout_class%22%3A1%2C%22time%22%3A%222019-01-14%22%7D
[ log ] www.qinlh.com/charge/public/index.php/port/check/charge?openid=oOcH90GND00Q-lGt-Ih2xABUu9js&formData=%7B%22money%22%3A%22180%22%2C%22date%22%3A%222019-01-14%22%2C%22remark%22%3A%22%E5%90%83%E9%A5%AD%22%2C%22inout_start%22%3A2%2C%22inout_class%22%3A1%2C%22time%22%3A%222019-01-14%22%7D [运行时间：0.021393s][吞吐率：46.74req/s] [内存消耗：2,425.05kb] [文件加载：39]
[ sql ] [ DB ] CONNECT:[ UseTime:0.000871s ] mysql:dbname=bill_charge;host=39.104.52.159;port=3306;charset=utf8
[ sql ] [ SQL ] SHOW COLUMNS FROM `bill_public_follow` [ RunTime:0.000841s ]
[ sql ] [ SQL ] SELECT `f`.`uid` FROM `bill_public_follow` `f` INNER JOIN `bill_user` `u` ON `f`.`uid`=`u`.`uid` WHERE  `f`.`openid` = 'oOcH90GND00Q-lGt-Ih2xABUu9js' LIMIT 1   [ RunTime:0.000399s ]
[ sql ] [ SQL ] select COLUMN_NAME from information_schema.COLUMNS where table_name = 'bill_charge' [ RunTime:0.000888s ]
[ sql ] [ SQL ] SHOW COLUMNS FROM `bill_charge` [ RunTime:0.000698s ]
[ sql ] [ SQL ] INSERT INTO `bill_charge` (`money` , `remark` , `inout_start` , `inout_class` , `time` , `user_id`) VALUES ('180' , '吃饭' , 2 , 1 , 1547395200 , 32850)        [ RunTime:0.000590s ]

---------------------------------------------------------------
[ 2019-01-14T23:57:20+08:00 ] 172.24.117.196 113.64.13.234 GET /charge/public/index.php/port/check/BudgetMoney?openid=oOcH90GND00Q-lGt-Ih2xABUu9js
[ log ] www.qinlh.com/charge/public/index.php/port/check/BudgetMoney?openid=oOcH90GND00Q-lGt-Ih2xABUu9js [运行时间：0.047400s][吞吐率：21.10req/s] [内存消耗：2,732.98kb] [文件加载：41]
[ sql ] [ DB ] CONNECT:[ UseTime:0.001603s ] mysql:dbname=bill_charge;host=39.104.52.159;port=3306;charset=utf8
[ sql ] [ SQL ] SHOW COLUMNS FROM `bill_public_follow` [ RunTime:0.001142s ]
[ sql ] [ SQL ] SELECT `f`.`uid` FROM `bill_public_follow` `f` INNER JOIN `bill_user` `u` ON `f`.`uid`=`u`.`uid` WHERE  `f`.`openid` = 'oOcH90GND00Q-lGt-Ih2xABUu9js' LIMIT 1   [ RunTime:0.000355s ]
[ sql ] [ SQL ] SELECT `butged`,`butged_start` FROM `bill_public_follow` WHERE  `openid` = 'oOcH90GND00Q-lGt-Ih2xABUu9js' LIMIT 1    [ RunTime:0.019203s ]

---------------------------------------------------------------
[ 2019-01-14T23:57:20+08:00 ] 172.24.117.196 113.64.13.234 GET /charge/public/index.php/port/check/UserCheck?openid=oOcH90GND00Q-lGt-Ih2xABUu9js&limit=3&lastid=0
[ log ] www.qinlh.com/charge/public/index.php/port/check/UserCheck?openid=oOcH90GND00Q-lGt-Ih2xABUu9js&limit=3&lastid=0 [运行时间：0.395294s][吞吐率：2.53req/s] [内存消耗：2,752.73kb] [文件加载：41]
[ sql ] [ DB ] CONNECT:[ UseTime:0.003496s ] mysql:dbname=bill_charge;host=39.104.52.159;port=3306;charset=utf8
[ sql ] [ SQL ] SHOW COLUMNS FROM `bill_public_follow` [ RunTime:0.001775s ]
[ sql ] [ SQL ] SELECT `f`.`uid` FROM `bill_public_follow` `f` INNER JOIN `bill_user` `u` ON `f`.`uid`=`u`.`uid` WHERE  `f`.`openid` = 'oOcH90GND00Q-lGt-Ih2xABUu9js' LIMIT 1   [ RunTime:0.000847s ]
[ sql ] [ SQL ] 
							SELECT
								sum(`money`) AS `money`,
								`time`
							FROM
								`bill_charge`
							WHERE
								`user_id` = '32850'
							AND `inout_start` = 1
							AND `time` >= unix_timestamp('2019-01-01 00:00:00')
							AND `time` <= unix_timestamp('2019-01-31 23:29:59')
							ORDER BY
								`a_id` DESC
						 [ RunTime:0.019795s ]
[ sql ] [ SQL ] 
							SELECT
								sum(`money`) AS `money`,
								`time`
							FROM
								`bill_charge`
							WHERE
								`user_id` = '32850'
							AND `inout_start` = 2
							AND `time` >= unix_timestamp('2019-01-01 00:00:00')
							AND `time` <= unix_timestamp('2019-01-31 23:29:59')
							ORDER BY
								`a_id` DESC
						 [ RunTime:0.022493s ]
[ sql ] [ SQL ] SHOW COLUMNS FROM `bill_charge` [ RunTime:0.000784s ]
[ sql ] [ SQL ] SELECT COUNT(*) AS tp_count FROM `bill_charge` WHERE  `user_id` = 32850 LIMIT 1    [ RunTime:0.017845s ]
[ sql ] [ SQL ] 
						SELECT
							time,
							a_id
						FROM
							bill_charge
						WHERE
							a_id > 0 and user_id = 32850
						GROUP BY
							time
						ORDER BY
							a_id DESC
						LIMIT 3
					 [ RunTime:0.108681s ]
[ sql ] [ SQL ] 
						SELECT
							time,
							a_id
						FROM
							bill_charge
						WHERE
							a_id > 0 and user_id = 32850
						GROUP BY
							time
						ORDER BY
							time DESC
					 [ RunTime:0.018638s ]
[ sql ] [ SQL ] 
									SELECT
										time,
										inout_start,
										sum(money) AS money
									FROM
										bill_charge
									WHERE
										user_id = 32850
									AND inout_start = 1
									AND time = 1547395200
									GROUP BY
										time
							 [ RunTime:0.018338s ]
[ sql ] [ SQL ] 
										SELECT
											time,
											inout_start,
											sum(money) AS money
										FROM
											bill_charge
										WHERE
											user_id = 32850
										AND inout_start = 2
										AND time = 1547395200
										GROUP BY
											time
									 [ RunTime:0.018060s ]
[ sql ] [ SQL ] SELECT * FROM `bill_charge` `c` INNER JOIN `bill_inout_class` `i` ON `c`.`inout_class`=`i`.`c_id` WHERE  `c`.`time` = 1547395200  AND `c`.`user_id` = 32850 ORDER BY c.a_id desc  [ RunTime:0.018963s ]
[ sql ] [ SQL ] 
									SELECT
										time,
										inout_start,
										sum(money) AS money
									FROM
										bill_charge
									WHERE
										user_id = 32850
									AND inout_start = 1
									AND time = 1547222400
									GROUP BY
										time
							 [ RunTime:0.018168s ]
[ sql ] [ SQL ] 
										SELECT
											time,
											inout_start,
											sum(money) AS money
										FROM
											bill_charge
										WHERE
											user_id = 32850
										AND inout_start = 2
										AND time = 1547222400
										GROUP BY
											time
									 [ RunTime:0.018284s ]
[ sql ] [ SQL ] SELECT * FROM `bill_charge` `c` INNER JOIN `bill_inout_class` `i` ON `c`.`inout_class`=`i`.`c_id` WHERE  `c`.`time` = 1547222400  AND `c`.`user_id` = 32850 ORDER BY c.a_id desc  [ RunTime:0.019009s ]
[ sql ] [ SQL ] 
									SELECT
										time,
										inout_start,
										sum(money) AS money
									FROM
										bill_charge
									WHERE
										user_id = 32850
									AND inout_start = 1
									AND time = 1547049600
									GROUP BY
										time
							 [ RunTime:0.018039s ]
[ sql ] [ SQL ] 
										SELECT
											time,
											inout_start,
											sum(money) AS money
										FROM
											bill_charge
										WHERE
											user_id = 32850
										AND inout_start = 2
										AND time = 1547049600
										GROUP BY
											time
									 [ RunTime:0.018002s ]
[ sql ] [ SQL ] SELECT * FROM `bill_charge` `c` INNER JOIN `bill_inout_class` `i` ON `c`.`inout_class`=`i`.`c_id` WHERE  `c`.`time` = 1547049600  AND `c`.`user_id` = 32850 ORDER BY c.a_id desc  [ RunTime:0.019064s ]

---------------------------------------------------------------
[ 2019-01-14T23:57:21+08:00 ] 172.24.117.196 113.64.13.234 GET /charge/public/index.php/port/check/inoutClass
[ log ] www.qinlh.com/charge/public/index.php/port/check/inoutClass [运行时间：0.030629s][吞吐率：32.65req/s] [内存消耗：2,421.41kb] [文件加载：39]
[ sql ] [ DB ] CONNECT:[ UseTime:0.012212s ] mysql:dbname=bill_charge;host=39.104.52.159;port=3306;charset=utf8
[ sql ] [ SQL ] SHOW COLUMNS FROM `bill_inout_class` [ RunTime:0.000824s ]
[ sql ] [ SQL ] SELECT * FROM `bill_inout_class` WHERE  `start` = 1   [ RunTime:0.000406s ]
[ sql ] [ SQL ] SELECT * FROM `bill_inout_class` WHERE  `start` = 2   [ RunTime:0.000369s ]

---------------------------------------------------------------
[ 2019-01-14T23:57:42+08:00 ] 172.24.117.196 113.64.13.234 GET /charge/public/index.php/port/check/charge?openid=oOcH90GND00Q-lGt-Ih2xABUu9js&formData=%7B%22money%22%3A%2225%22%2C%22date%22%3A%222019-01-14%22%2C%22remark%22%3A%22%E5%95%8A%E5%8F%8B%E4%B9%B0%E7%83%9F%22%2C%22inout_start%22%3A2%2C%22inout_class%22%3A1%2C%22time%22%3A%222019-01-14%22%7D
[ log ] www.qinlh.com/charge/public/index.php/port/check/charge?openid=oOcH90GND00Q-lGt-Ih2xABUu9js&formData=%7B%22money%22%3A%2225%22%2C%22date%22%3A%222019-01-14%22%2C%22remark%22%3A%22%E5%95%8A%E5%8F%8B%E4%B9%B0%E7%83%9F%22%2C%22inout_start%22%3A2%2C%22inout_class%22%3A1%2C%22time%22%3A%222019-01-14%22%7D [运行时间：0.021409s][吞吐率：46.71req/s] [内存消耗：2,425.08kb] [文件加载：39]
[ sql ] [ DB ] CONNECT:[ UseTime:0.000917s ] mysql:dbname=bill_charge;host=39.104.52.159;port=3306;charset=utf8
[ sql ] [ SQL ] SHOW COLUMNS FROM `bill_public_follow` [ RunTime:0.000853s ]
[ sql ] [ SQL ] SELECT `f`.`uid` FROM `bill_public_follow` `f` INNER JOIN `bill_user` `u` ON `f`.`uid`=`u`.`uid` WHERE  `f`.`openid` = 'oOcH90GND00Q-lGt-Ih2xABUu9js' LIMIT 1   [ RunTime:0.000395s ]
[ sql ] [ SQL ] select COLUMN_NAME from information_schema.COLUMNS where table_name = 'bill_charge' [ RunTime:0.000854s ]
[ sql ] [ SQL ] SHOW COLUMNS FROM `bill_charge` [ RunTime:0.000657s ]
[ sql ] [ SQL ] INSERT INTO `bill_charge` (`money` , `remark` , `inout_start` , `inout_class` , `time` , `user_id`) VALUES ('25' , '啊友买烟' , 2 , 1 , 1547395200 , 32850)        [ RunTime:0.000482s ]

---------------------------------------------------------------
[ 2019-01-14T23:57:42+08:00 ] 172.24.117.196 113.64.13.234 GET /charge/public/index.php/port/check/BudgetMoney?openid=oOcH90GND00Q-lGt-Ih2xABUu9js
[ log ] www.qinlh.com/charge/public/index.php/port/check/BudgetMoney?openid=oOcH90GND00Q-lGt-Ih2xABUu9js [运行时间：0.040640s][吞吐率：24.61req/s] [内存消耗：2,732.98kb] [文件加载：41]
[ sql ] [ DB ] CONNECT:[ UseTime:0.001747s ] mysql:dbname=bill_charge;host=39.104.52.159;port=3306;charset=utf8
[ sql ] [ SQL ] SHOW COLUMNS FROM `bill_public_follow` [ RunTime:0.001253s ]
[ sql ] [ SQL ] SELECT `f`.`uid` FROM `bill_public_follow` `f` INNER JOIN `bill_user` `u` ON `f`.`uid`=`u`.`uid` WHERE  `f`.`openid` = 'oOcH90GND00Q-lGt-Ih2xABUu9js' LIMIT 1   [ RunTime:0.018412s ]
[ sql ] [ SQL ] SELECT `butged`,`butged_start` FROM `bill_public_follow` WHERE  `openid` = 'oOcH90GND00Q-lGt-Ih2xABUu9js' LIMIT 1    [ RunTime:0.001472s ]

---------------------------------------------------------------
[ 2019-01-14T23:57:42+08:00 ] 172.24.117.196 113.64.13.234 GET /charge/public/index.php/port/check/UserCheck?openid=oOcH90GND00Q-lGt-Ih2xABUu9js&limit=3&lastid=0
[ log ] www.qinlh.com/charge/public/index.php/port/check/UserCheck?openid=oOcH90GND00Q-lGt-Ih2xABUu9js&limit=3&lastid=0 [运行时间：0.394691s][吞吐率：2.53req/s] [内存消耗：2,752.72kb] [文件加载：41]
[ sql ] [ DB ] CONNECT:[ UseTime:0.017010s ] mysql:dbname=bill_charge;host=39.104.52.159;port=3306;charset=utf8
[ sql ] [ SQL ] SHOW COLUMNS FROM `bill_public_follow` [ RunTime:0.001547s ]
[ sql ] [ SQL ] SELECT `f`.`uid` FROM `bill_public_follow` `f` INNER JOIN `bill_user` `u` ON `f`.`uid`=`u`.`uid` WHERE  `f`.`openid` = 'oOcH90GND00Q-lGt-Ih2xABUu9js' LIMIT 1   [ RunTime:0.000761s ]
[ sql ] [ SQL ] 
							SELECT
								sum(`money`) AS `money`,
								`time`
							FROM
								`bill_charge`
							WHERE
								`user_id` = '32850'
							AND `inout_start` = 1
							AND `time` >= unix_timestamp('2019-01-01 00:00:00')
							AND `time` <= unix_timestamp('2019-01-31 23:29:59')
							ORDER BY
								`a_id` DESC
						 [ RunTime:0.019689s ]
[ sql ] [ SQL ] 
							SELECT
								sum(`money`) AS `money`,
								`time`
							FROM
								`bill_charge`
							WHERE
								`user_id` = '32850'
							AND `inout_start` = 2
							AND `time` >= unix_timestamp('2019-01-01 00:00:00')
							AND `time` <= unix_timestamp('2019-01-31 23:29:59')
							ORDER BY
								`a_id` DESC
						 [ RunTime:0.023215s ]
[ sql ] [ SQL ] SHOW COLUMNS FROM `bill_charge` [ RunTime:0.000785s ]
[ sql ] [ SQL ] SELECT COUNT(*) AS tp_count FROM `bill_charge` WHERE  `user_id` = 32850 LIMIT 1    [ RunTime:0.017612s ]
[ sql ] [ SQL ] 
						SELECT
							time,
							a_id
						FROM
							bill_charge
						WHERE
							a_id > 0 and user_id = 32850
						GROUP BY
							time
						ORDER BY
							a_id DESC
						LIMIT 3
					 [ RunTime:0.108347s ]
[ sql ] [ SQL ] 
						SELECT
							time,
							a_id
						FROM
							bill_charge
						WHERE
							a_id > 0 and user_id = 32850
						GROUP BY
							time
						ORDER BY
							time DESC
					 [ RunTime:0.018581s ]
[ sql ] [ SQL ] 
									SELECT
										time,
										inout_start,
										sum(money) AS money
									FROM
										bill_charge
									WHERE
										user_id = 32850
									AND inout_start = 1
									AND time = 1547395200
									GROUP BY
										time
							 [ RunTime:0.018157s ]
[ sql ] [ SQL ] 
										SELECT
											time,
											inout_start,
											sum(money) AS money
										FROM
											bill_charge
										WHERE
											user_id = 32850
										AND inout_start = 2
										AND time = 1547395200
										GROUP BY
											time
									 [ RunTime:0.018120s ]
[ sql ] [ SQL ] SELECT * FROM `bill_charge` `c` INNER JOIN `bill_inout_class` `i` ON `c`.`inout_class`=`i`.`c_id` WHERE  `c`.`time` = 1547395200  AND `c`.`user_id` = 32850 ORDER BY c.a_id desc  [ RunTime:0.019309s ]
[ sql ] [ SQL ] 
									SELECT
										time,
										inout_start,
										sum(money) AS money
									FROM
										bill_charge
									WHERE
										user_id = 32850
									AND inout_start = 1
									AND time = 1547222400
									GROUP BY
										time
							 [ RunTime:0.018190s ]
[ sql ] [ SQL ] 
										SELECT
											time,
											inout_start,
											sum(money) AS money
										FROM
											bill_charge
										WHERE
											user_id = 32850
										AND inout_start = 2
										AND time = 1547222400
										GROUP BY
											time
									 [ RunTime:0.018091s ]
[ sql ] [ SQL ] SELECT * FROM `bill_charge` `c` INNER JOIN `bill_inout_class` `i` ON `c`.`inout_class`=`i`.`c_id` WHERE  `c`.`time` = 1547222400  AND `c`.`user_id` = 32850 ORDER BY c.a_id desc  [ RunTime:0.019017s ]
[ sql ] [ SQL ] 
									SELECT
										time,
										inout_start,
										sum(money) AS money
									FROM
										bill_charge
									WHERE
										user_id = 32850
									AND inout_start = 1
									AND time = 1547049600
									GROUP BY
										time
							 [ RunTime:0.018061s ]
[ sql ] [ SQL ] 
										SELECT
											time,
											inout_start,
											sum(money) AS money
										FROM
											bill_charge
										WHERE
											user_id = 32850
										AND inout_start = 2
										AND time = 1547049600
										GROUP BY
											time
									 [ RunTime:0.018173s ]
[ sql ] [ SQL ] SELECT * FROM `bill_charge` `c` INNER JOIN `bill_inout_class` `i` ON `c`.`inout_class`=`i`.`c_id` WHERE  `c`.`time` = 1547049600  AND `c`.`user_id` = 32850 ORDER BY c.a_id desc  [ RunTime:0.019028s ]

---------------------------------------------------------------
[ 2019-01-14T23:57:43+08:00 ] 172.24.117.196 113.64.13.234 GET /charge/public/index.php/port/check/inoutClass
[ log ] www.qinlh.com/charge/public/index.php/port/check/inoutClass [运行时间：0.031195s][吞吐率：32.06req/s] [内存消耗：2,421.41kb] [文件加载：39]
[ sql ] [ DB ] CONNECT:[ UseTime:0.012626s ] mysql:dbname=bill_charge;host=39.104.52.159;port=3306;charset=utf8
[ sql ] [ SQL ] SHOW COLUMNS FROM `bill_inout_class` [ RunTime:0.000833s ]
[ sql ] [ SQL ] SELECT * FROM `bill_inout_class` WHERE  `start` = 1   [ RunTime:0.000472s ]
[ sql ] [ SQL ] SELECT * FROM `bill_inout_class` WHERE  `start` = 2   [ RunTime:0.000378s ]

---------------------------------------------------------------
[ 2019-01-14T23:57:52+08:00 ] 172.24.117.196 113.64.13.234 GET /charge/public/index.php/port/check/charge?openid=oOcH90GND00Q-lGt-Ih2xABUu9js&formData=%7B%22money%22%3A%2224%22%2C%22date%22%3A%222019-01-14%22%2C%22remark%22%3A%22%E8%BF%87%E6%A1%A5%22%2C%22inout_start%22%3A2%2C%22inout_class%22%3A1%2C%22time%22%3A%222019-01-14%22%7D
[ log ] www.qinlh.com/charge/public/index.php/port/check/charge?openid=oOcH90GND00Q-lGt-Ih2xABUu9js&formData=%7B%22money%22%3A%2224%22%2C%22date%22%3A%222019-01-14%22%2C%22remark%22%3A%22%E8%BF%87%E6%A1%A5%22%2C%22inout_start%22%3A2%2C%22inout_class%22%3A1%2C%22time%22%3A%222019-01-14%22%7D [运行时间：0.020801s][吞吐率：48.07req/s] [内存消耗：2,425.06kb] [文件加载：39]
[ sql ] [ DB ] CONNECT:[ UseTime:0.000843s ] mysql:dbname=bill_charge;host=39.104.52.159;port=3306;charset=utf8
[ sql ] [ SQL ] SHOW COLUMNS FROM `bill_public_follow` [ RunTime:0.000823s ]
[ sql ] [ SQL ] SELECT `f`.`uid` FROM `bill_public_follow` `f` INNER JOIN `bill_user` `u` ON `f`.`uid`=`u`.`uid` WHERE  `f`.`openid` = 'oOcH90GND00Q-lGt-Ih2xABUu9js' LIMIT 1   [ RunTime:0.000378s ]
[ sql ] [ SQL ] select COLUMN_NAME from information_schema.COLUMNS where table_name = 'bill_charge' [ RunTime:0.000816s ]
[ sql ] [ SQL ] SHOW COLUMNS FROM `bill_charge` [ RunTime:0.000645s ]
[ sql ] [ SQL ] INSERT INTO `bill_charge` (`money` , `remark` , `inout_start` , `inout_class` , `time` , `user_id`) VALUES ('24' , '过桥' , 2 , 1 , 1547395200 , 32850)        [ RunTime:0.000475s ]

---------------------------------------------------------------
[ 2019-01-14T23:57:52+08:00 ] 172.24.117.196 113.64.13.234 GET /charge/public/index.php/port/check/BudgetMoney?openid=oOcH90GND00Q-lGt-Ih2xABUu9js
[ log ] www.qinlh.com/charge/public/index.php/port/check/BudgetMoney?openid=oOcH90GND00Q-lGt-Ih2xABUu9js [运行时间：0.041383s][吞吐率：24.16req/s] [内存消耗：2,732.98kb] [文件加载：41]
[ sql ] [ DB ] CONNECT:[ UseTime:0.001763s ] mysql:dbname=bill_charge;host=39.104.52.159;port=3306;charset=utf8
[ sql ] [ SQL ] SHOW COLUMNS FROM `bill_public_follow` [ RunTime:0.001739s ]
[ sql ] [ SQL ] SELECT `f`.`uid` FROM `bill_public_follow` `f` INNER JOIN `bill_user` `u` ON `f`.`uid`=`u`.`uid` WHERE  `f`.`openid` = 'oOcH90GND00Q-lGt-Ih2xABUu9js' LIMIT 1   [ RunTime:0.000903s ]
[ sql ] [ SQL ] SELECT `butged`,`butged_start` FROM `bill_public_follow` WHERE  `openid` = 'oOcH90GND00Q-lGt-Ih2xABUu9js' LIMIT 1    [ RunTime:0.000490s ]

---------------------------------------------------------------
[ 2019-01-14T23:57:52+08:00 ] 172.24.117.196 113.64.13.234 GET /charge/public/index.php/port/check/UserCheck?openid=oOcH90GND00Q-lGt-Ih2xABUu9js&limit=3&lastid=0
[ log ] www.qinlh.com/charge/public/index.php/port/check/UserCheck?openid=oOcH90GND00Q-lGt-Ih2xABUu9js&limit=3&lastid=0 [运行时间：0.395531s][吞吐率：2.53req/s] [内存消耗：2,752.71kb] [文件加载：41]
[ sql ] [ DB ] CONNECT:[ UseTime:0.001822s ] mysql:dbname=bill_charge;host=39.104.52.159;port=3306;charset=utf8
[ sql ] [ SQL ] SHOW COLUMNS FROM `bill_public_follow` [ RunTime:0.001362s ]
[ sql ] [ SQL ] SELECT `f`.`uid` FROM `bill_public_follow` `f` INNER JOIN `bill_user` `u` ON `f`.`uid`=`u`.`uid` WHERE  `f`.`openid` = 'oOcH90GND00Q-lGt-Ih2xABUu9js' LIMIT 1   [ RunTime:0.000579s ]
[ sql ] [ SQL ] 
							SELECT
								sum(`money`) AS `money`,
								`time`
							FROM
								`bill_charge`
							WHERE
								`user_id` = '32850'
							AND `inout_start` = 1
							AND `time` >= unix_timestamp('2019-01-01 00:00:00')
							AND `time` <= unix_timestamp('2019-01-31 23:29:59')
							ORDER BY
								`a_id` DESC
						 [ RunTime:0.021985s ]
[ sql ] [ SQL ] 
							SELECT
								sum(`money`) AS `money`,
								`time`
							FROM
								`bill_charge`
							WHERE
								`user_id` = '32850'
							AND `inout_start` = 2
							AND `time` >= unix_timestamp('2019-01-01 00:00:00')
							AND `time` <= unix_timestamp('2019-01-31 23:29:59')
							ORDER BY
								`a_id` DESC
						 [ RunTime:0.020811s ]
[ sql ] [ SQL ] SHOW COLUMNS FROM `bill_charge` [ RunTime:0.000770s ]
[ sql ] [ SQL ] SELECT COUNT(*) AS tp_count FROM `bill_charge` WHERE  `user_id` = 32850 LIMIT 1    [ RunTime:0.017645s ]
[ sql ] [ SQL ] 
						SELECT
							time,
							a_id
						FROM
							bill_charge
						WHERE
							a_id > 0 and user_id = 32850
						GROUP BY
							time
						ORDER BY
							a_id DESC
						LIMIT 3
					 [ RunTime:0.108461s ]
[ sql ] [ SQL ] 
						SELECT
							time,
							a_id
						FROM
							bill_charge
						WHERE
							a_id > 0 and user_id = 32850
						GROUP BY
							time
						ORDER BY
							time DESC
					 [ RunTime:0.018479s ]
[ sql ] [ SQL ] 
									SELECT
										time,
										inout_start,
										sum(money) AS money
									FROM
										bill_charge
									WHERE
										user_id = 32850
									AND inout_start = 1
									AND time = 1547395200
									GROUP BY
										time
							 [ RunTime:0.018097s ]
[ sql ] [ SQL ] 
										SELECT
											time,
											inout_start,
											sum(money) AS money
										FROM
											bill_charge
										WHERE
											user_id = 32850
										AND inout_start = 2
										AND time = 1547395200
										GROUP BY
											time
									 [ RunTime:0.018388s ]
[ sql ] [ SQL ] SELECT * FROM `bill_charge` `c` INNER JOIN `bill_inout_class` `i` ON `c`.`inout_class`=`i`.`c_id` WHERE  `c`.`time` = 1547395200  AND `c`.`user_id` = 32850 ORDER BY c.a_id desc  [ RunTime:0.019098s ]
[ sql ] [ SQL ] 
									SELECT
										time,
										inout_start,
										sum(money) AS money
									FROM
										bill_charge
									WHERE
										user_id = 32850
									AND inout_start = 1
									AND time = 1547222400
									GROUP BY
										time
							 [ RunTime:0.018297s ]
[ sql ] [ SQL ] 
										SELECT
											time,
											inout_start,
											sum(money) AS money
										FROM
											bill_charge
										WHERE
											user_id = 32850
										AND inout_start = 2
										AND time = 1547222400
										GROUP BY
											time
									 [ RunTime:0.017928s ]
[ sql ] [ SQL ] SELECT * FROM `bill_charge` `c` INNER JOIN `bill_inout_class` `i` ON `c`.`inout_class`=`i`.`c_id` WHERE  `c`.`time` = 1547222400  AND `c`.`user_id` = 32850 ORDER BY c.a_id desc  [ RunTime:0.018891s ]
[ sql ] [ SQL ] 
									SELECT
										time,
										inout_start,
										sum(money) AS money
									FROM
										bill_charge
									WHERE
										user_id = 32850
									AND inout_start = 1
									AND time = 1547049600
									GROUP BY
										time
							 [ RunTime:0.018075s ]
[ sql ] [ SQL ] 
										SELECT
											time,
											inout_start,
											sum(money) AS money
										FROM
											bill_charge
										WHERE
											user_id = 32850
										AND inout_start = 2
										AND time = 1547049600
										GROUP BY
											time
									 [ RunTime:0.018226s ]
[ sql ] [ SQL ] SELECT * FROM `bill_charge` `c` INNER JOIN `bill_inout_class` `i` ON `c`.`inout_class`=`i`.`c_id` WHERE  `c`.`time` = 1547049600  AND `c`.`user_id` = 32850 ORDER BY c.a_id desc  [ RunTime:0.018953s ]

---------------------------------------------------------------
