[ 2019-01-22T23:35:24+08:00 ] 172.24.117.196 120.230.88.115 GET /charge/public/index.php/port/login/sendCode?code=023rcnZk2VRlPE0BFSYk2k9vZk2rcnZd&PHPSESSID=
[ log ] www.qinlh.com/charge/public/index.php/port/login/sendCode?code=023rcnZk2VRlPE0BFSYk2k9vZk2rcnZd&PHPSESSID= [运行时间：0.350854s][吞吐率：2.85req/s] [内存消耗：2,548.88kb] [文件加载：42]
[ sql ] [ DB ] CONNECT:[ UseTime:0.000902s ] mysql:dbname=bill_charge;host=39.104.52.159;port=3306;charset=utf8
[ sql ] [ SQL ] SHOW COLUMNS FROM `bill_public_follow` [ RunTime:0.000854s ]
[ sql ] [ SQL ] SELECT * FROM `bill_public_follow` WHERE  `openid` = 'oOcH90I5m4RdJsP7ir7wS1z6eajE' LIMIT 1    [ RunTime:0.000532s ]
[ sql ] [ SQL ] SHOW COLUMNS FROM `bill_user` [ RunTime:0.000732s ]
[ sql ] [ SQL ] INSERT INTO `bill_user` (`headimgurl` , `nickname` , `reg_time`) VALUES ('https://h5php.xingyuanauto.com/charge/public/uploads/images/头像.png' , '未获取' , 1548171324)     [ RunTime:0.000463s ]
[ sql ] [ SQL ] SHOW COLUMNS FROM `bill_friend` [ RunTime:0.000643s ]
[ sql ] [ SQL ] INSERT INTO `bill_friend` (`uid` , `friend_name` , `friend_imgurl` , `start` , `time`) VALUES (37922 , '未获取' , 'https://h5php.xingyuanauto.com/charge/public/uploads/images/头像.png' , 1 , 1548171324)       [ RunTime:0.000396s ]
[ sql ] [ SQL ] INSERT INTO `bill_public_follow` (`openid` , `uid` , `token`) VALUES ('oOcH90I5m4RdJsP7ir7wS1z6eajE' , 37922 , 'gh_6d3bf5d72981')     [ RunTime:0.008767s ]

---------------------------------------------------------------
[ 2019-01-22T23:35:25+08:00 ] 172.24.117.196 120.230.88.115 GET /charge/public/index.php/port/login/saveUserInfo?encryptedData=3lnOuS0Nne9%2B%2FGeurTezpiTN496a%2F1VR%2FkoxfaHG8V6NRI7aufhU5b3SAz7C%2BbBqVKp8ui0eBiPj3pbsMtf8T8x1pRrrmwGsmJezyve3vYInAJQlw3O1hlCIn4bg69AUY3sphLVMsH2iiBJQMCB4ozMj2cXLPc1dxeRiQrB7lWsBWBr%2BHN%2Fekjq83Lt%2Fb%2FNziuWzWsJ70F73E%2BUXp3os6nBzrC6DStvqd3tJMVGq46CO2CXFVI9JRlr8VEVhbCJ1I%2FKTAc0BRUTOFSO9H0DgGPkpZsyt3%2BEmQdjMG0hCsTbrBaoYYAcc64y5BQYTK0FkREPA8GSWucSwJD9gsCIanOBIgPBqhQWFj9%2BAEyjv1sF7HeVjnOzOdNrUI8HWKQL77qOISAy10Anag7LLqKMyor2thpCQrymR86BJawqkiMNjRDd8CmlRjLD6pQMnTllSft31blyknOAcUsaI1nH6EYTy5cEf37xN5e0i%2B5AVIaVFZ5cnX67j%2Frtkc4%2FUHw9g&PHPSESSID=yzKcll5vMXLBPLeodhDLoYwfL2V&iv=PCwIyETky7XMN1xfJgE66Q%3D%3D
[ log ] www.qinlh.com/charge/public/index.php/port/login/saveUserInfo?encryptedData=3lnOuS0Nne9%2B%2FGeurTezpiTN496a%2F1VR%2FkoxfaHG8V6NRI7aufhU5b3SAz7C%2BbBqVKp8ui0eBiPj3pbsMtf8T8x1pRrrmwGsmJezyve3vYInAJQlw3O1hlCIn4bg69AUY3sphLVMsH2iiBJQMCB4ozMj2cXLPc1dxeRiQrB7lWsBWBr%2BHN%2Fekjq83Lt%2Fb%2FNziuWzWsJ70F73E%2BUXp3os6nBzrC6DStvqd3tJMVGq46CO2CXFVI9JRlr8VEVhbCJ1I%2FKTAc0BRUTOFSO9H0DgGPkpZsyt3%2BEmQdjMG0hCsTbrBaoYYAcc64y5BQYTK0FkREPA8GSWucSwJD9gsCIanOBIgPBqhQWFj9%2BAEyjv1sF7HeVjnOzOdNrUI8HWKQL77qOISAy10Anag7LLqKMyor2thpCQrymR86BJawqkiMNjRDd8CmlRjLD6pQMnTllSft31blyknOAcUsaI1nH6EYTy5cEf37xN5e0i%2B5AVIaVFZ5cnX67j%2Frtkc4%2FUHw9g&PHPSESSID=yzKcll5vMXLBPLeodhDLoYwfL2V&iv=PCwIyETky7XMN1xfJgE66Q%3D%3D [运行时间：0.065370s][吞吐率：15.30req/s] [内存消耗：2,570.50kb] [文件加载：45]
[ sql ] [ DB ] CONNECT:[ UseTime:0.000884s ] mysql:dbname=bill_charge;host=39.104.52.159;port=3306;charset=utf8
[ sql ] [ SQL ] SHOW COLUMNS FROM `bill_user` [ RunTime:0.000951s ]
[ sql ] [ SQL ] UPDATE `bill_user`  SET `nickname`='刘汉 138 2508 2633',`sex`=1,`city`='Guangzhou',`province`='Guangdong',`country`='China',`headimgurl`='https://wx.qlogo.cn/mmopen/vi_32/u7EzgibbtV0pGT7EPo7KGsBsT26eHfunLadkoeBc2QCsWWL1keEFiaicWvrDkK5HsZ5Vn6Pn5kSGv6Fic1ESGgyApg/132'  WHERE  `uid` = 37922          [ RunTime:0.000522s ]
[ sql ] [ SQL ] SHOW COLUMNS FROM `bill_friend` [ RunTime:0.000692s ]
[ sql ] [ SQL ] SELECT * FROM `bill_friend` WHERE  `uid` = 37922 LIMIT 1    [ RunTime:0.007969s ]
[ sql ] [ SQL ] UPDATE `bill_friend`  SET `start`=1,`friend_name`='刘汉 138 2508 2633',`friend_imgurl`='https://wx.qlogo.cn/mmopen/vi_32/u7EzgibbtV0pGT7EPo7KGsBsT26eHfunLadkoeBc2QCsWWL1keEFiaicWvrDkK5HsZ5Vn6Pn5kSGv6Fic1ESGgyApg/132',`time`=1548171325  WHERE  `uid` = 37922        [ RunTime:0.035607s ]

---------------------------------------------------------------
[ 2019-01-22T23:35:25+08:00 ] 172.24.117.196 120.230.88.115 GET /charge/public/index.php/port/check/BudgetMoney?openid=oOcH90I5m4RdJsP7ir7wS1z6eajE
[ log ] www.qinlh.com/charge/public/index.php/port/check/BudgetMoney?openid=oOcH90I5m4RdJsP7ir7wS1z6eajE [运行时间：0.060343s][吞吐率：16.57req/s] [内存消耗：2,732.98kb] [文件加载：41]
[ sql ] [ DB ] CONNECT:[ UseTime:0.017454s ] mysql:dbname=bill_charge;host=39.104.52.159;port=3306;charset=utf8
[ sql ] [ SQL ] SHOW COLUMNS FROM `bill_public_follow` [ RunTime:0.001965s ]
[ sql ] [ SQL ] SELECT `f`.`uid` FROM `bill_public_follow` `f` INNER JOIN `bill_user` `u` ON `f`.`uid`=`u`.`uid` WHERE  `f`.`openid` = 'oOcH90I5m4RdJsP7ir7wS1z6eajE' LIMIT 1   [ RunTime:0.001253s ]
[ sql ] [ SQL ] SELECT `butged`,`butged_start` FROM `bill_public_follow` WHERE  `openid` = 'oOcH90I5m4RdJsP7ir7wS1z6eajE' LIMIT 1    [ RunTime:0.020152s ]

---------------------------------------------------------------
[ 2019-01-22T23:35:25+08:00 ] 172.24.117.196 120.230.88.115 GET /charge/public/index.php/port/check/UserCheck?openid=oOcH90I5m4RdJsP7ir7wS1z6eajE&limit=3&lastid=0
[ log ] www.qinlh.com/charge/public/index.php/port/check/UserCheck?openid=oOcH90I5m4RdJsP7ir7wS1z6eajE&limit=3&lastid=0 [运行时间：0.119887s][吞吐率：8.34req/s] [内存消耗：2,739.14kb] [文件加载：41]
[ sql ] [ DB ] CONNECT:[ UseTime:0.001907s ] mysql:dbname=bill_charge;host=39.104.52.159;port=3306;charset=utf8
[ sql ] [ SQL ] SHOW COLUMNS FROM `bill_public_follow` [ RunTime:0.001576s ]
[ sql ] [ SQL ] SELECT `f`.`uid` FROM `bill_public_follow` `f` INNER JOIN `bill_user` `u` ON `f`.`uid`=`u`.`uid` WHERE  `f`.`openid` = 'oOcH90I5m4RdJsP7ir7wS1z6eajE' LIMIT 1   [ RunTime:0.001025s ]
[ sql ] [ SQL ] 
							SELECT
								sum(`money`) AS `money`,
								`time`
							FROM
								`bill_charge`
							WHERE
								`user_id` = '37922'
							AND `inout_start` = 1
							AND `time` >= unix_timestamp('2019-01-01 00:00:00')
							AND `time` <= unix_timestamp('2019-01-31 23:29:59')
							ORDER BY
								`a_id` DESC
						 [ RunTime:0.029851s ]
[ sql ] [ SQL ] 
							SELECT
								sum(`money`) AS `money`,
								`time`
							FROM
								`bill_charge`
							WHERE
								`user_id` = '37922'
							AND `inout_start` = 2
							AND `time` >= unix_timestamp('2019-01-01 00:00:00')
							AND `time` <= unix_timestamp('2019-01-31 23:29:59')
							ORDER BY
								`a_id` DESC
						 [ RunTime:0.045421s ]
[ sql ] [ SQL ] SHOW COLUMNS FROM `bill_charge` [ RunTime:0.001623s ]
[ sql ] [ SQL ] SELECT COUNT(*) AS tp_count FROM `bill_charge` WHERE  `user_id` = 37922 LIMIT 1    [ RunTime:0.019148s ]

---------------------------------------------------------------
[ 2019-01-22T23:35:25+08:00 ] 172.24.117.196 120.230.88.115 GET /charge/public/index.php/port/friend/MyFriend?openid=oOcH90I5m4RdJsP7ir7wS1z6eajE
[ log ] www.qinlh.com/charge/public/index.php/port/friend/MyFriend?openid=oOcH90I5m4RdJsP7ir7wS1z6eajE [运行时间：0.046991s][吞吐率：21.28req/s] [内存消耗：2,693.06kb] [文件加载：41]
[ sql ] [ DB ] CONNECT:[ UseTime:0.004466s ] mysql:dbname=bill_charge;host=39.104.52.159;port=3306;charset=utf8
[ sql ] [ SQL ] SHOW COLUMNS FROM `bill_public_follow` [ RunTime:0.001178s ]
[ sql ] [ SQL ] SELECT `uid` FROM `bill_public_follow` WHERE  `openid` = 'oOcH90I5m4RdJsP7ir7wS1z6eajE' LIMIT 1    [ RunTime:0.019204s ]
[ sql ] [ SQL ] SHOW COLUMNS FROM `bill_user_friend` [ RunTime:0.002784s ]
[ sql ] [ SQL ] SELECT * FROM `bill_user_friend` `uf` INNER JOIN `bill_friend` `bf` ON `uf`.`f_id`=`bf`.`f_id` WHERE  `u_id` = 37922 ORDER BY bf.f_id desc   [ RunTime:0.000531s ]

---------------------------------------------------------------
[ 2019-01-22T23:35:44+08:00 ] 172.24.117.196 120.230.88.115 GET /charge/public/index.php/port/friend/MyFriend?openid=oOcH90I5m4RdJsP7ir7wS1z6eajE
[ log ] www.qinlh.com/charge/public/index.php/port/friend/MyFriend?openid=oOcH90I5m4RdJsP7ir7wS1z6eajE [运行时间：0.021642s][吞吐率：46.21req/s] [内存消耗：2,693.06kb] [文件加载：41]
[ sql ] [ DB ] CONNECT:[ UseTime:0.000887s ] mysql:dbname=bill_charge;host=39.104.52.159;port=3306;charset=utf8
[ sql ] [ SQL ] SHOW COLUMNS FROM `bill_public_follow` [ RunTime:0.000837s ]
[ sql ] [ SQL ] SELECT `uid` FROM `bill_public_follow` WHERE  `openid` = 'oOcH90I5m4RdJsP7ir7wS1z6eajE' LIMIT 1    [ RunTime:0.000410s ]
[ sql ] [ SQL ] SHOW COLUMNS FROM `bill_user_friend` [ RunTime:0.000663s ]
[ sql ] [ SQL ] SELECT * FROM `bill_user_friend` `uf` INNER JOIN `bill_friend` `bf` ON `uf`.`f_id`=`bf`.`f_id` WHERE  `u_id` = 37922 ORDER BY bf.f_id desc   [ RunTime:0.000377s ]

---------------------------------------------------------------
[ 2019-01-22T23:36:35+08:00 ] 172.24.117.196 120.230.88.115 GET /charge/public/index.php/port/friend/friend_add?phone=13728020600&name=%E9%A1%BA%E5%85%B6%E8%87%AA%E7%84%B6&openid=oOcH90I5m4RdJsP7ir7wS1z6eajE
[ log ] www.qinlh.com/charge/public/index.php/port/friend/friend_add?phone=13728020600&name=%E9%A1%BA%E5%85%B6%E8%87%AA%E7%84%B6&openid=oOcH90I5m4RdJsP7ir7wS1z6eajE [运行时间：0.023796s][吞吐率：42.02req/s] [内存消耗：2,692.65kb] [文件加载：41]
[ sql ] [ DB ] CONNECT:[ UseTime:0.000952s ] mysql:dbname=bill_charge;host=39.104.52.159;port=3306;charset=utf8
[ sql ] [ SQL ] SHOW COLUMNS FROM `bill_public_follow` [ RunTime:0.000829s ]
[ sql ] [ SQL ] SELECT `uid` FROM `bill_public_follow` WHERE  `openid` = 'oOcH90I5m4RdJsP7ir7wS1z6eajE' LIMIT 1    [ RunTime:0.000371s ]
[ sql ] [ SQL ] SHOW COLUMNS FROM `bill_user_friend` [ RunTime:0.000667s ]
[ sql ] [ SQL ] SELECT * FROM `bill_user_friend` WHERE  `u_id` = 37922   [ RunTime:0.000483s ]
[ sql ] [ SQL ] SHOW COLUMNS FROM `bill_friend` [ RunTime:0.000650s ]
[ sql ] [ SQL ] INSERT INTO `bill_friend` (`friend_name` , `friend_phone` , `friend_imgurl` , `time` , `uid` , `start`) VALUES ('顺其自然' , '13728020600' , 'https://h5php.xingyuanauto.com/charge/public/uploads/images/img/tx9.jpg' , 1548171395 , 0 , 0)        [ RunTime:0.000446s ]
[ sql ] [ SQL ] INSERT INTO `bill_user_friend` (`u_id` , `f_id`) VALUES (37922 , 39299)    [ RunTime:0.000378s ]

---------------------------------------------------------------
[ 2019-01-22T23:36:35+08:00 ] 172.24.117.196 120.230.88.115 GET /charge/public/index.php/port/friend/MyFriend?openid=oOcH90I5m4RdJsP7ir7wS1z6eajE
[ log ] www.qinlh.com/charge/public/index.php/port/friend/MyFriend?openid=oOcH90I5m4RdJsP7ir7wS1z6eajE [运行时间：0.023568s][吞吐率：42.43req/s] [内存消耗：2,688.15kb] [文件加载：41]
[ sql ] [ DB ] CONNECT:[ UseTime:0.000969s ] mysql:dbname=bill_charge;host=39.104.52.159;port=3306;charset=utf8
[ sql ] [ SQL ] SHOW COLUMNS FROM `bill_public_follow` [ RunTime:0.000881s ]
[ sql ] [ SQL ] SELECT `uid` FROM `bill_public_follow` WHERE  `openid` = 'oOcH90I5m4RdJsP7ir7wS1z6eajE' LIMIT 1    [ RunTime:0.000386s ]
[ sql ] [ SQL ] SHOW COLUMNS FROM `bill_user_friend` [ RunTime:0.000649s ]
[ sql ] [ SQL ] SELECT * FROM `bill_user_friend` `uf` INNER JOIN `bill_friend` `bf` ON `uf`.`f_id`=`bf`.`f_id` WHERE  `u_id` = 37922 ORDER BY bf.f_id desc   [ RunTime:0.000686s ]
[ sql ] [ SQL ] SELECT sum(`sum_money`) AS `sum_money` FROM `bill_circle_friend_assoct` WHERE friend_id = 39299 AND `pay_start` = 0 [ RunTime:0.000475s ]
[ sql ] [ SQL ] SELECT sum(`sum_money`) AS `total_money` FROM `bill_circle_friend_assoct` WHERE `friend_id` = 39299 AND `pay_start` = 1 [ RunTime:0.000445s ]

---------------------------------------------------------------
[ 2019-01-22T23:37:14+08:00 ] 172.24.117.196 120.230.88.115 GET /charge/public/index.php/port/circle/circleUser?openid=oOcH90I5m4RdJsP7ir7wS1z6eajE
[ log ] www.qinlh.com/charge/public/index.php/port/circle/circleUser?openid=oOcH90I5m4RdJsP7ir7wS1z6eajE [运行时间：0.023274s][吞吐率：42.97req/s] [内存消耗：2,870.89kb] [文件加载：41]
[ sql ] [ DB ] CONNECT:[ UseTime:0.000918s ] mysql:dbname=bill_charge;host=39.104.52.159;port=3306;charset=utf8
[ sql ] [ SQL ] SHOW COLUMNS FROM `bill_public_follow` [ RunTime:0.001636s ]
[ sql ] [ SQL ] SELECT `uid` FROM `bill_public_follow` WHERE  `openid` = 'oOcH90I5m4RdJsP7ir7wS1z6eajE' LIMIT 1    [ RunTime:0.000413s ]
[ sql ] [ SQL ] SHOW COLUMNS FROM `bill_circle` [ RunTime:0.000707s ]
[ sql ] [ SQL ] SELECT * FROM `bill_circle` `c` INNER JOIN `bill_inout_class` `bic` ON `c`.`class_id`=`bic`.`c_id` WHERE  `c`.`user_id` = 37922 ORDER BY c.cir_id desc  [ RunTime:0.000887s ]

---------------------------------------------------------------
[ 2019-01-22T23:37:24+08:00 ] 172.24.117.196 120.230.88.115 GET /charge/public/index.php/port/check/inoutClass
[ log ] www.qinlh.com/charge/public/index.php/port/check/inoutClass [运行时间：0.018753s][吞吐率：53.33req/s] [内存消耗：2,421.41kb] [文件加载：39]
[ sql ] [ DB ] CONNECT:[ UseTime:0.000847s ] mysql:dbname=bill_charge;host=39.104.52.159;port=3306;charset=utf8
[ sql ] [ SQL ] SHOW COLUMNS FROM `bill_inout_class` [ RunTime:0.000820s ]
[ sql ] [ SQL ] SELECT * FROM `bill_inout_class` WHERE  `start` = 1   [ RunTime:0.000439s ]
[ sql ] [ SQL ] SELECT * FROM `bill_inout_class` WHERE  `start` = 2   [ RunTime:0.000367s ]

---------------------------------------------------------------
[ 2019-01-22T23:38:07+08:00 ] 172.24.117.196 43.227.137.103 GET /charge/public/index.php/port/login/sendCode?code=033S0apf26cnIH0BOBpf2FM6pf2S0ap8&PHPSESSID=
[ log ] www.qinlh.com/charge/public/index.php/port/login/sendCode?code=033S0apf26cnIH0BOBpf2FM6pf2S0ap8&PHPSESSID= [运行时间：0.389767s][吞吐率：2.57req/s] [内存消耗：2,549.09kb] [文件加载：42]
[ sql ] [ DB ] CONNECT:[ UseTime:0.000847s ] mysql:dbname=bill_charge;host=39.104.52.159;port=3306;charset=utf8
[ sql ] [ SQL ] SHOW COLUMNS FROM `bill_public_follow` [ RunTime:0.001888s ]
[ sql ] [ SQL ] SELECT * FROM `bill_public_follow` WHERE  `openid` = 'oOcH90FXyb33TeIqwDwlDd9zib7E' LIMIT 1    [ RunTime:0.000562s ]
[ sql ] [ SQL ] SHOW COLUMNS FROM `bill_user` [ RunTime:0.000751s ]
[ sql ] [ SQL ] INSERT INTO `bill_user` (`headimgurl` , `nickname` , `reg_time`) VALUES ('https://h5php.xingyuanauto.com/charge/public/uploads/images/头像.png' , '未获取' , 1548171487)     [ RunTime:0.000449s ]
[ sql ] [ SQL ] SHOW COLUMNS FROM `bill_friend` [ RunTime:0.000658s ]
[ sql ] [ SQL ] INSERT INTO `bill_friend` (`uid` , `friend_name` , `friend_imgurl` , `start` , `time`) VALUES (37923 , '未获取' , 'https://h5php.xingyuanauto.com/charge/public/uploads/images/头像.png' , 1 , 1548171487)       [ RunTime:0.000439s ]
[ sql ] [ SQL ] INSERT INTO `bill_public_follow` (`openid` , `uid` , `token`) VALUES ('oOcH90FXyb33TeIqwDwlDd9zib7E' , 37923 , 'gh_6d3bf5d72981')     [ RunTime:0.006544s ]

---------------------------------------------------------------
[ 2019-01-22T23:38:07+08:00 ] 172.24.117.196 43.227.137.103 GET /charge/public/index.php/port/login/sendCode?code=0335kuaM0W8Eaa2FC2bM0p9zaM05kuaa&PHPSESSID=
[ log ] www.qinlh.com/charge/public/index.php/port/login/sendCode?code=0335kuaM0W8Eaa2FC2bM0p9zaM05kuaa&PHPSESSID= [运行时间：0.323372s][吞吐率：3.09req/s] [内存消耗：2,533.20kb] [文件加载：42]
[ sql ] [ DB ] CONNECT:[ UseTime:0.000868s ] mysql:dbname=bill_charge;host=39.104.52.159;port=3306;charset=utf8
[ sql ] [ SQL ] SHOW COLUMNS FROM `bill_public_follow` [ RunTime:0.000818s ]
[ sql ] [ SQL ] SELECT * FROM `bill_public_follow` WHERE  `openid` = 'oOcH90FXyb33TeIqwDwlDd9zib7E' LIMIT 1    [ RunTime:0.000568s ]

---------------------------------------------------------------
[ 2019-01-22T23:38:08+08:00 ] 172.24.117.196 43.227.137.103 GET /charge/public/index.php/port/login/saveUserInfo?encryptedData=4V6csjjw0WSiskIB%2BI%2FCAAU%2F5YMVvxQ1tFPbSBrLsmmQvbEg2lec8reVq%2B69xbfobiH9Q4DSUpbP6H6mg4MQ%2B3qhk7Tfjxp%2Be%2FIF%2B%2FJBxi7zUrVlz6ydyOqU7ueonuAp6c8r40NYv6MXJ4bb1PuQPmG%2B2jEAGNWJ6Tjtp694g%2FYfGG4LcztG%2BuM%2BDffhx9tzDAOSJ%2BdMJk4ufRg3jtQzWXsj%2FqTUcEyJj54c802%2BBNMiyafRTYXb6p1zbkUQf%2BGhUA0dtAZDNpGHJ%2FhAqds6lMujudusZ39cu%2BOHNhT2EJK%2FQi7mrPfyi5EL2BIp9SFJOIn6ZRk%2F%2FxEm5pdk1N6wFkqj4aB49zXDfCmSRumoZF7598H9c3f2cBDJDCojTUBRp%2BXgUKp8LHpWmByNCUIsSX99jFIlecEIMYJ7njsJlkf5wFWo6GcMRXrqlzmVfJpYbx0KCuk2%2FTXsleFoS6AeHd6o1t5%2BULnXHEC4C9E%2FV%2F0%3D&PHPSESSID=cxkeG4WTeF8Gms942smiSlAiJht&iv=ebrQO3XJYWpstn%2Fd8xWPLg%3D%3D
[ log ] www.qinlh.com/charge/public/index.php/port/login/saveUserInfo?encryptedData=4V6csjjw0WSiskIB%2BI%2FCAAU%2F5YMVvxQ1tFPbSBrLsmmQvbEg2lec8reVq%2B69xbfobiH9Q4DSUpbP6H6mg4MQ%2B3qhk7Tfjxp%2Be%2FIF%2B%2FJBxi7zUrVlz6ydyOqU7ueonuAp6c8r40NYv6MXJ4bb1PuQPmG%2B2jEAGNWJ6Tjtp694g%2FYfGG4LcztG%2BuM%2BDffhx9tzDAOSJ%2BdMJk4ufRg3jtQzWXsj%2FqTUcEyJj54c802%2BBNMiyafRTYXb6p1zbkUQf%2BGhUA0dtAZDNpGHJ%2FhAqds6lMujudusZ39cu%2BOHNhT2EJK%2FQi7mrPfyi5EL2BIp9SFJOIn6ZRk%2F%2FxEm5pdk1N6wFkqj4aB49zXDfCmSRumoZF7598H9c3f2cBDJDCojTUBRp%2BXgUKp8LHpWmByNCUIsSX99jFIlecEIMYJ7njsJlkf5wFWo6GcMRXrqlzmVfJpYbx0KCuk2%2FTXsleFoS6AeHd6o1t5%2BULnXHEC4C9E%2FV%2F0%3D&PHPSESSID=cxkeG4WTeF8Gms942smiSlAiJht&iv=ebrQO3XJYWpstn%2Fd8xWPLg%3D%3D [运行时间：0.064744s][吞吐率：15.45req/s] [内存消耗：2,570.57kb] [文件加载：45]
[ sql ] [ DB ] CONNECT:[ UseTime:0.000955s ] mysql:dbname=bill_charge;host=39.104.52.159;port=3306;charset=utf8
[ sql ] [ SQL ] SHOW COLUMNS FROM `bill_user` [ RunTime:0.000915s ]
[ sql ] [ SQL ] UPDATE `bill_user`  SET `nickname`='勋美门窗型材批发',`sex`=1,`city`='',`province`='',`country`='China',`headimgurl`='https://wx.qlogo.cn/mmopen/vi_32/f9O60RPia4JN2xqaTkg5y8UemssTu7O5Mfib8Zjll4KQQbbDUgEdMCP84Ybfv3a93npCEiaLZLl5cMHFmiamcfxl0A/132'  WHERE  `uid` = 37923          [ RunTime:0.000514s ]
[ sql ] [ SQL ] SHOW COLUMNS FROM `bill_friend` [ RunTime:0.000707s ]
[ sql ] [ SQL ] SELECT * FROM `bill_friend` WHERE  `uid` = 37923 LIMIT 1    [ RunTime:0.007920s ]
[ sql ] [ SQL ] UPDATE `bill_friend`  SET `start`=1,`friend_name`='勋美门窗型材批发',`friend_imgurl`='https://wx.qlogo.cn/mmopen/vi_32/f9O60RPia4JN2xqaTkg5y8UemssTu7O5Mfib8Zjll4KQQbbDUgEdMCP84Ybfv3a93npCEiaLZLl5cMHFmiamcfxl0A/132',`time`=1548171488  WHERE  `uid` = 37923        [ RunTime:0.034661s ]

---------------------------------------------------------------
[ 2019-01-22T23:38:08+08:00 ] 172.24.117.196 43.227.137.103 GET /charge/public/index.php/port/check/BudgetMoney?openid=oOcH90FXyb33TeIqwDwlDd9zib7E
[ log ] www.qinlh.com/charge/public/index.php/port/check/BudgetMoney?openid=oOcH90FXyb33TeIqwDwlDd9zib7E [运行时间：0.042142s][吞吐率：23.73req/s] [内存消耗：2,733.01kb] [文件加载：41]
[ sql ] [ DB ] CONNECT:[ UseTime:0.001742s ] mysql:dbname=bill_charge;host=39.104.52.159;port=3306;charset=utf8
[ sql ] [ SQL ] SHOW COLUMNS FROM `bill_public_follow` [ RunTime:0.001430s ]
[ sql ] [ SQL ] SELECT `f`.`uid` FROM `bill_public_follow` `f` INNER JOIN `bill_user` `u` ON `f`.`uid`=`u`.`uid` WHERE  `f`.`openid` = 'oOcH90FXyb33TeIqwDwlDd9zib7E' LIMIT 1   [ RunTime:0.008031s ]
[ sql ] [ SQL ] SELECT `butged`,`butged_start` FROM `bill_public_follow` WHERE  `openid` = 'oOcH90FXyb33TeIqwDwlDd9zib7E' LIMIT 1    [ RunTime:0.012905s ]

---------------------------------------------------------------
[ 2019-01-22T23:38:08+08:00 ] 172.24.117.196 43.227.137.103 GET /charge/public/index.php/port/check/UserCheck?openid=oOcH90FXyb33TeIqwDwlDd9zib7E&limit=3&lastid=0
[ log ] www.qinlh.com/charge/public/index.php/port/check/UserCheck?openid=oOcH90FXyb33TeIqwDwlDd9zib7E&limit=3&lastid=0 [运行时间：0.102824s][吞吐率：9.73req/s] [内存消耗：2,739.20kb] [文件加载：41]
[ sql ] [ DB ] CONNECT:[ UseTime:0.017218s ] mysql:dbname=bill_charge;host=39.104.52.159;port=3306;charset=utf8
[ sql ] [ SQL ] SHOW COLUMNS FROM `bill_public_follow` [ RunTime:0.001534s ]
[ sql ] [ SQL ] SELECT `f`.`uid` FROM `bill_public_follow` `f` INNER JOIN `bill_user` `u` ON `f`.`uid`=`u`.`uid` WHERE  `f`.`openid` = 'oOcH90FXyb33TeIqwDwlDd9zib7E' LIMIT 1   [ RunTime:0.000951s ]
[ sql ] [ SQL ] 
							SELECT
								sum(`money`) AS `money`,
								`time`
							FROM
								`bill_charge`
							WHERE
								`user_id` = '37923'
							AND `inout_start` = 1
							AND `time` >= unix_timestamp('2019-01-01 00:00:00')
							AND `time` <= unix_timestamp('2019-01-31 23:29:59')
							ORDER BY
								`a_id` DESC
						 [ RunTime:0.020918s ]
[ sql ] [ SQL ] 
							SELECT
								sum(`money`) AS `money`,
								`time`
							FROM
								`bill_charge`
							WHERE
								`user_id` = '37923'
							AND `inout_start` = 2
							AND `time` >= unix_timestamp('2019-01-01 00:00:00')
							AND `time` <= unix_timestamp('2019-01-31 23:29:59')
							ORDER BY
								`a_id` DESC
						 [ RunTime:0.024063s ]
[ sql ] [ SQL ] SHOW COLUMNS FROM `bill_charge` [ RunTime:0.000762s ]
[ sql ] [ SQL ] SELECT COUNT(*) AS tp_count FROM `bill_charge` WHERE  `user_id` = 37923 LIMIT 1    [ RunTime:0.018529s ]

---------------------------------------------------------------
[ 2019-01-22T23:38:08+08:00 ] 172.24.117.196 43.227.137.103 GET /charge/public/index.php/port/login/saveUserInfo?encryptedData=3NXV9jYNEAqkrVwKEJmHm%2B0zpA2658YpgopVnlyFlwF7cmGiYRU%2Bot1R7uD5UbPVKogOkjgJjdj9%2FKtyRb3i6Z01izob%2FzUJd6axmVCnDEHrYyQiFogW7WXvyu5G8h3x4979q8Ii3imH9gtVpxV8FyCnk992k2NsrDBXpS0eeoDa4DfmDmRLvVlQ%2F1yERRBwzX7hRfHVqyNubtJARSqNWwAw5zXlhs5zFaYeYcfNSmRgtcFUkAKM0eQnJLjN4bQq2VMl9ONVFVN%2Ft21cotJQCngtSbojCXJ1km%2BIIAzwDYGbhJ3fugHeUl1DQEQgFvcU4hV2Sg4me6MK2Yp89njIZ3IPshMoJnPJkYqZA%2Fc3Wmw199i8RfY3zgMO%2Bj4dNTFPGXFA4xsdqAEQgMErmJpZ3nQOv2f33fZ%2FOulzYe1zUyoVgbnDz4N5g0UMM%2B3AFyQdmHspjZcYSTeEFwmvL2shwvsXdqiLEaWAJfTNdO2G904%3D&PHPSESSID=cxkeG4WTeF8Gms942smiSlAiJht&iv=AcR%2Fsr6eki21HDMDnMxaBw%3D%3D
[ log ] www.qinlh.com/charge/public/index.php/port/login/saveUserInfo?encryptedData=3NXV9jYNEAqkrVwKEJmHm%2B0zpA2658YpgopVnlyFlwF7cmGiYRU%2Bot1R7uD5UbPVKogOkjgJjdj9%2FKtyRb3i6Z01izob%2FzUJd6axmVCnDEHrYyQiFogW7WXvyu5G8h3x4979q8Ii3imH9gtVpxV8FyCnk992k2NsrDBXpS0eeoDa4DfmDmRLvVlQ%2F1yERRBwzX7hRfHVqyNubtJARSqNWwAw5zXlhs5zFaYeYcfNSmRgtcFUkAKM0eQnJLjN4bQq2VMl9ONVFVN%2Ft21cotJQCngtSbojCXJ1km%2BIIAzwDYGbhJ3fugHeUl1DQEQgFvcU4hV2Sg4me6MK2Yp89njIZ3IPshMoJnPJkYqZA%2Fc3Wmw199i8RfY3zgMO%2Bj4dNTFPGXFA4xsdqAEQgMErmJpZ3nQOv2f33fZ%2FOulzYe1zUyoVgbnDz4N5g0UMM%2B3AFyQdmHspjZcYSTeEFwmvL2shwvsXdqiLEaWAJfTNdO2G904%3D&PHPSESSID=cxkeG4WTeF8Gms942smiSlAiJht&iv=AcR%2Fsr6eki21HDMDnMxaBw%3D%3D [运行时间：0.065066s][吞吐率：15.37req/s] [内存消耗：2,570.43kb] [文件加载：45]
[ sql ] [ DB ] CONNECT:[ UseTime:0.000892s ] mysql:dbname=bill_charge;host=39.104.52.159;port=3306;charset=utf8
[ sql ] [ SQL ] SHOW COLUMNS FROM `bill_user` [ RunTime:0.000931s ]
[ sql ] [ SQL ] UPDATE `bill_user`  SET `nickname`='勋美门窗型材批发',`sex`=1,`city`='',`province`='',`country`='China',`headimgurl`='https://wx.qlogo.cn/mmopen/vi_32/f9O60RPia4JN2xqaTkg5y8UemssTu7O5Mfib8Zjll4KQQbbDUgEdMCP84Ybfv3a93npCEiaLZLl5cMHFmiamcfxl0A/132'  WHERE  `uid` = 37923          [ RunTime:0.000501s ]
[ sql ] [ SQL ] SHOW COLUMNS FROM `bill_friend` [ RunTime:0.000663s ]
[ sql ] [ SQL ] SELECT * FROM `bill_friend` WHERE  `uid` = 37923 LIMIT 1    [ RunTime:0.007881s ]
[ sql ] [ SQL ] UPDATE `bill_friend`  SET `start`=1,`friend_name`='勋美门窗型材批发',`friend_imgurl`='https://wx.qlogo.cn/mmopen/vi_32/f9O60RPia4JN2xqaTkg5y8UemssTu7O5Mfib8Zjll4KQQbbDUgEdMCP84Ybfv3a93npCEiaLZLl5cMHFmiamcfxl0A/132',`time`=1548171488  WHERE  `uid` = 37923        [ RunTime:0.035207s ]

---------------------------------------------------------------
[ 2019-01-22T23:38:17+08:00 ] 172.24.117.196 43.227.137.103 GET /charge/public/index.php/port/circle/circleUser?openid=oOcH90FXyb33TeIqwDwlDd9zib7E
[ log ] www.qinlh.com/charge/public/index.php/port/circle/circleUser?openid=oOcH90FXyb33TeIqwDwlDd9zib7E [运行时间：0.023439s][吞吐率：42.66req/s] [内存消耗：2,870.91kb] [文件加载：41]
[ sql ] [ DB ] CONNECT:[ UseTime:0.000892s ] mysql:dbname=bill_charge;host=39.104.52.159;port=3306;charset=utf8
[ sql ] [ SQL ] SHOW COLUMNS FROM `bill_public_follow` [ RunTime:0.000884s ]
[ sql ] [ SQL ] SELECT `uid` FROM `bill_public_follow` WHERE  `openid` = 'oOcH90FXyb33TeIqwDwlDd9zib7E' LIMIT 1    [ RunTime:0.000560s ]
[ sql ] [ SQL ] SHOW COLUMNS FROM `bill_circle` [ RunTime:0.000668s ]
[ sql ] [ SQL ] SELECT * FROM `bill_circle` `c` INNER JOIN `bill_inout_class` `bic` ON `c`.`class_id`=`bic`.`c_id` WHERE  `c`.`user_id` = 37923 ORDER BY c.cir_id desc  [ RunTime:0.000862s ]

---------------------------------------------------------------
[ 2019-01-22T23:38:21+08:00 ] 172.24.117.196 43.227.137.103 GET /charge/public/index.php/port/set/BudgetStart?openid=oOcH90FXyb33TeIqwDwlDd9zib7E
[ log ] www.qinlh.com/charge/public/index.php/port/set/BudgetStart?openid=oOcH90FXyb33TeIqwDwlDd9zib7E [运行时间：0.020386s][吞吐率：49.05req/s] [内存消耗：2,679.55kb] [文件加载：41]
[ sql ] [ DB ] CONNECT:[ UseTime:0.000922s ] mysql:dbname=bill_charge;host=39.104.52.159;port=3306;charset=utf8
[ sql ] [ SQL ] SHOW COLUMNS FROM `bill_public_follow` [ RunTime:0.000864s ]
[ sql ] [ SQL ] SELECT `butged`,`butged_start` FROM `bill_public_follow` WHERE  `openid` = 'oOcH90FXyb33TeIqwDwlDd9zib7E' LIMIT 1    [ RunTime:0.000437s ]

---------------------------------------------------------------
[ 2019-01-22T23:38:26+08:00 ] 172.24.117.196 43.227.137.103 GET /charge/public/index.php/port/check/BudgetMoney?openid=oOcH90FXyb33TeIqwDwlDd9zib7E
[ log ] www.qinlh.com/charge/public/index.php/port/check/BudgetMoney?openid=oOcH90FXyb33TeIqwDwlDd9zib7E [运行时间：0.026334s][吞吐率：37.97req/s] [内存消耗：2,733.01kb] [文件加载：41]
[ sql ] [ DB ] CONNECT:[ UseTime:0.005402s ] mysql:dbname=bill_charge;host=39.104.52.159;port=3306;charset=utf8
[ sql ] [ SQL ] SHOW COLUMNS FROM `bill_public_follow` [ RunTime:0.001507s ]
[ sql ] [ SQL ] SELECT `f`.`uid` FROM `bill_public_follow` `f` INNER JOIN `bill_user` `u` ON `f`.`uid`=`u`.`uid` WHERE  `f`.`openid` = 'oOcH90FXyb33TeIqwDwlDd9zib7E' LIMIT 1   [ RunTime:0.000876s ]
[ sql ] [ SQL ] SELECT `butged`,`butged_start` FROM `bill_public_follow` WHERE  `openid` = 'oOcH90FXyb33TeIqwDwlDd9zib7E' LIMIT 1    [ RunTime:0.000489s ]

---------------------------------------------------------------
[ 2019-01-22T23:38:26+08:00 ] 172.24.117.196 43.227.137.103 GET /charge/public/index.php/port/check/UserCheck?openid=oOcH90FXyb33TeIqwDwlDd9zib7E&limit=3&lastid=0
[ log ] www.qinlh.com/charge/public/index.php/port/check/UserCheck?openid=oOcH90FXyb33TeIqwDwlDd9zib7E&limit=3&lastid=0 [运行时间：0.043200s][吞吐率：23.15req/s] [内存消耗：2,739.20kb] [文件加载：41]
[ sql ] [ DB ] CONNECT:[ UseTime:0.001656s ] mysql:dbname=bill_charge;host=39.104.52.159;port=3306;charset=utf8
[ sql ] [ SQL ] SHOW COLUMNS FROM `bill_public_follow` [ RunTime:0.001199s ]
[ sql ] [ SQL ] SELECT `f`.`uid` FROM `bill_public_follow` `f` INNER JOIN `bill_user` `u` ON `f`.`uid`=`u`.`uid` WHERE  `f`.`openid` = 'oOcH90FXyb33TeIqwDwlDd9zib7E' LIMIT 1   [ RunTime:0.000618s ]
[ sql ] [ SQL ] 
							SELECT
								sum(`money`) AS `money`,
								`time`
							FROM
								`bill_charge`
							WHERE
								`user_id` = '37923'
							AND `inout_start` = 1
							AND `time` >= unix_timestamp('2019-01-01 00:00:00')
							AND `time` <= unix_timestamp('2019-01-31 23:29:59')
							ORDER BY
								`a_id` DESC
						 [ RunTime:0.002736s ]
[ sql ] [ SQL ] 
							SELECT
								sum(`money`) AS `money`,
								`time`
							FROM
								`bill_charge`
							WHERE
								`user_id` = '37923'
							AND `inout_start` = 2
							AND `time` >= unix_timestamp('2019-01-01 00:00:00')
							AND `time` <= unix_timestamp('2019-01-31 23:29:59')
							ORDER BY
								`a_id` DESC
						 [ RunTime:0.000361s ]
[ sql ] [ SQL ] SHOW COLUMNS FROM `bill_charge` [ RunTime:0.000660s ]
[ sql ] [ SQL ] SELECT COUNT(*) AS tp_count FROM `bill_charge` WHERE  `user_id` = 37923 LIMIT 1    [ RunTime:0.000371s ]

---------------------------------------------------------------
[ 2019-01-22T23:38:29+08:00 ] 172.24.117.196 43.227.137.103 GET /charge/public/index.php/port/check/BudgetMoney?openid=oOcH90FXyb33TeIqwDwlDd9zib7E
[ log ] www.qinlh.com/charge/public/index.php/port/check/BudgetMoney?openid=oOcH90FXyb33TeIqwDwlDd9zib7E [运行时间：0.022120s][吞吐率：45.21req/s] [内存消耗：2,733.01kb] [文件加载：41]
[ sql ] [ DB ] CONNECT:[ UseTime:0.001841s ] mysql:dbname=bill_charge;host=39.104.52.159;port=3306;charset=utf8
[ sql ] [ SQL ] SHOW COLUMNS FROM `bill_public_follow` [ RunTime:0.001012s ]
[ sql ] [ SQL ] SELECT `f`.`uid` FROM `bill_public_follow` `f` INNER JOIN `bill_user` `u` ON `f`.`uid`=`u`.`uid` WHERE  `f`.`openid` = 'oOcH90FXyb33TeIqwDwlDd9zib7E' LIMIT 1   [ RunTime:0.000575s ]
[ sql ] [ SQL ] SELECT `butged`,`butged_start` FROM `bill_public_follow` WHERE  `openid` = 'oOcH90FXyb33TeIqwDwlDd9zib7E' LIMIT 1    [ RunTime:0.000475s ]

---------------------------------------------------------------
[ 2019-01-22T23:38:29+08:00 ] 172.24.117.196 43.227.137.103 GET /charge/public/index.php/port/check/UserCheck?openid=oOcH90FXyb33TeIqwDwlDd9zib7E&limit=3&lastid=0
[ log ] www.qinlh.com/charge/public/index.php/port/check/UserCheck?openid=oOcH90FXyb33TeIqwDwlDd9zib7E&limit=3&lastid=0 [运行时间：0.043021s][吞吐率：23.24req/s] [内存消耗：2,739.20kb] [文件加载：41]
[ sql ] [ DB ] CONNECT:[ UseTime:0.017064s ] mysql:dbname=bill_charge;host=39.104.52.159;port=3306;charset=utf8
[ sql ] [ SQL ] SHOW COLUMNS FROM `bill_public_follow` [ RunTime:0.001340s ]
[ sql ] [ SQL ] SELECT `f`.`uid` FROM `bill_public_follow` `f` INNER JOIN `bill_user` `u` ON `f`.`uid`=`u`.`uid` WHERE  `f`.`openid` = 'oOcH90FXyb33TeIqwDwlDd9zib7E' LIMIT 1   [ RunTime:0.000995s ]
[ sql ] [ SQL ] 
							SELECT
								sum(`money`) AS `money`,
								`time`
							FROM
								`bill_charge`
							WHERE
								`user_id` = '37923'
							AND `inout_start` = 1
							AND `time` >= unix_timestamp('2019-01-01 00:00:00')
							AND `time` <= unix_timestamp('2019-01-31 23:29:59')
							ORDER BY
								`a_id` DESC
						 [ RunTime:0.000372s ]
[ sql ] [ SQL ] 
							SELECT
								sum(`money`) AS `money`,
								`time`
							FROM
								`bill_charge`
							WHERE
								`user_id` = '37923'
							AND `inout_start` = 2
							AND `time` >= unix_timestamp('2019-01-01 00:00:00')
							AND `time` <= unix_timestamp('2019-01-31 23:29:59')
							ORDER BY
								`a_id` DESC
						 [ RunTime:0.000536s ]
[ sql ] [ SQL ] SHOW COLUMNS FROM `bill_charge` [ RunTime:0.003110s ]
[ sql ] [ SQL ] SELECT COUNT(*) AS tp_count FROM `bill_charge` WHERE  `user_id` = 37923 LIMIT 1    [ RunTime:0.000481s ]

---------------------------------------------------------------
[ 2019-01-22T23:38:34+08:00 ] 172.24.117.196 43.227.137.103 GET /charge/public/index.php/port/check/inoutClass
[ log ] www.qinlh.com/charge/public/index.php/port/check/inoutClass [运行时间：0.030155s][吞吐率：33.16req/s] [内存消耗：2,421.43kb] [文件加载：39]
[ sql ] [ DB ] CONNECT:[ UseTime:0.012345s ] mysql:dbname=bill_charge;host=39.104.52.159;port=3306;charset=utf8
[ sql ] [ SQL ] SHOW COLUMNS FROM `bill_inout_class` [ RunTime:0.000841s ]
[ sql ] [ SQL ] SELECT * FROM `bill_inout_class` WHERE  `start` = 1   [ RunTime:0.000417s ]
[ sql ] [ SQL ] SELECT * FROM `bill_inout_class` WHERE  `start` = 2   [ RunTime:0.000372s ]

---------------------------------------------------------------
[ 2019-01-22T23:39:10+08:00 ] 172.24.117.196 43.227.137.103 GET /charge/public/index.php/port/check/ThisIncomOut?openid=oOcH90FXyb33TeIqwDwlDd9zib7E
[ log ] www.qinlh.com/charge/public/index.php/port/check/ThisIncomOut?openid=oOcH90FXyb33TeIqwDwlDd9zib7E [运行时间：0.136029s][吞吐率：7.35req/s] [内存消耗：2,737.83kb] [文件加载：41]
[ sql ] [ DB ] CONNECT:[ UseTime:0.001155s ] mysql:dbname=bill_charge;host=39.104.52.159;port=3306;charset=utf8
[ sql ] [ SQL ] SHOW COLUMNS FROM `bill_public_follow` [ RunTime:0.000971s ]
[ sql ] [ SQL ] SELECT `f`.`uid` FROM `bill_public_follow` `f` INNER JOIN `bill_user` `u` ON `f`.`uid`=`u`.`uid` WHERE  `f`.`openid` = 'oOcH90FXyb33TeIqwDwlDd9zib7E' LIMIT 1   [ RunTime:0.000409s ]
[ sql ] [ SQL ] 
							SELECT
								sum(`money`) AS `money`
							FROM
								`bill_charge`
							WHERE
								`inout_start` = 1
							AND `time` >= unix_timestamp('2019-01-01 00:00:00')
							AND `time` <= unix_timestamp('2019-01-31 23:29:59')
							AND `user_id` = 37923
						 [ RunTime:0.029257s ]
[ sql ] [ SQL ] 
							SELECT
								ic.`a_id`,
								SUM(`money`) AS `money`,
								ic.`inout_class`,
								bc.`inout_url`,
								bc.`describe`,
								bc.`color`,
								ic.`inout_start`
							FROM
								bill_charge AS ic
							INNER JOIN `bill_inout_class` AS bc ON ic.inout_class = bc.c_id
							WHERE
								`inout_start` = 1
							AND `time` >= unix_timestamp('2019-01-01 00:00:00')
							AND `time` <= unix_timestamp('2019-01-31 23:29:59')
							AND `user_id` = 37923
							GROUP BY
								`inout_class`
							ORDER BY
							`a_id` DESC
					 [ RunTime:0.026539s ]
[ sql ] [ SQL ] 
							SELECT
								sum(`money`) AS `money`
							FROM
								`bill_charge`
							WHERE
								`inout_start` = 2
							AND `time` >= unix_timestamp('2019-01-01 00:00:00')
							AND `time` <= unix_timestamp('2019-01-31 23:29:59')
							AND `user_id` = 37923
						 [ RunTime:0.025115s ]
[ sql ] [ SQL ] 
						SELECT
							ic.`a_id`,
							SUM(`money`) AS `money`,
							ic.`inout_class`,
							bc.`inout_url`,
							bc.`describe`,
							bc.`color`,
							ic.`inout_start`
						FROM
							bill_charge AS ic
						INNER JOIN `bill_inout_class` AS bc ON ic.inout_class = bc.c_id
						WHERE
							`inout_start` = 2
						AND `time` >= unix_timestamp('2019-01-01 00:00:00')
						AND `time` <= unix_timestamp('2019-01-31 23:29:59')
						AND `user_id` = 37923
						GROUP BY
							`inout_class`
						ORDER BY
							`a_id` DESC
					 [ RunTime:0.027388s ]

---------------------------------------------------------------
[ 2019-01-22T23:39:14+08:00 ] 172.24.117.196 43.227.137.103 GET /charge/public/index.php/port/check/ThisIncomOut?openid=oOcH90FXyb33TeIqwDwlDd9zib7E
[ log ] www.qinlh.com/charge/public/index.php/port/check/ThisIncomOut?openid=oOcH90FXyb33TeIqwDwlDd9zib7E [运行时间：0.022542s][吞吐率：44.36req/s] [内存消耗：2,737.83kb] [文件加载：41]
[ sql ] [ DB ] CONNECT:[ UseTime:0.000965s ] mysql:dbname=bill_charge;host=39.104.52.159;port=3306;charset=utf8
[ sql ] [ SQL ] SHOW COLUMNS FROM `bill_public_follow` [ RunTime:0.000850s ]
[ sql ] [ SQL ] SELECT `f`.`uid` FROM `bill_public_follow` `f` INNER JOIN `bill_user` `u` ON `f`.`uid`=`u`.`uid` WHERE  `f`.`openid` = 'oOcH90FXyb33TeIqwDwlDd9zib7E' LIMIT 1   [ RunTime:0.000398s ]
[ sql ] [ SQL ] 
							SELECT
								sum(`money`) AS `money`
							FROM
								`bill_charge`
							WHERE
								`inout_start` = 1
							AND `time` >= unix_timestamp('2019-01-01 00:00:00')
							AND `time` <= unix_timestamp('2019-01-31 23:29:59')
							AND `user_id` = 37923
						 [ RunTime:0.000381s ]
[ sql ] [ SQL ] 
							SELECT
								ic.`a_id`,
								SUM(`money`) AS `money`,
								ic.`inout_class`,
								bc.`inout_url`,
								bc.`describe`,
								bc.`color`,
								ic.`inout_start`
							FROM
								bill_charge AS ic
							INNER JOIN `bill_inout_class` AS bc ON ic.inout_class = bc.c_id
							WHERE
								`inout_start` = 1
							AND `time` >= unix_timestamp('2019-01-01 00:00:00')
							AND `time` <= unix_timestamp('2019-01-31 23:29:59')
							AND `user_id` = 37923
							GROUP BY
								`inout_class`
							ORDER BY
							`a_id` DESC
					 [ RunTime:0.000375s ]
[ sql ] [ SQL ] 
							SELECT
								sum(`money`) AS `money`
							FROM
								`bill_charge`
							WHERE
								`inout_start` = 2
							AND `time` >= unix_timestamp('2019-01-01 00:00:00')
							AND `time` <= unix_timestamp('2019-01-31 23:29:59')
							AND `user_id` = 37923
						 [ RunTime:0.000360s ]
[ sql ] [ SQL ] 
						SELECT
							ic.`a_id`,
							SUM(`money`) AS `money`,
							ic.`inout_class`,
							bc.`inout_url`,
							bc.`describe`,
							bc.`color`,
							ic.`inout_start`
						FROM
							bill_charge AS ic
						INNER JOIN `bill_inout_class` AS bc ON ic.inout_class = bc.c_id
						WHERE
							`inout_start` = 2
						AND `time` >= unix_timestamp('2019-01-01 00:00:00')
						AND `time` <= unix_timestamp('2019-01-31 23:29:59')
						AND `user_id` = 37923
						GROUP BY
							`inout_class`
						ORDER BY
							`a_id` DESC
					 [ RunTime:0.000382s ]

---------------------------------------------------------------
[ 2019-01-22T23:39:17+08:00 ] 172.24.117.196 43.227.137.103 GET /charge/public/index.php/port/set/BudgetStart?openid=oOcH90FXyb33TeIqwDwlDd9zib7E
[ log ] www.qinlh.com/charge/public/index.php/port/set/BudgetStart?openid=oOcH90FXyb33TeIqwDwlDd9zib7E [运行时间：0.022155s][吞吐率：45.14req/s] [内存消耗：2,679.55kb] [文件加载：41]
[ sql ] [ DB ] CONNECT:[ UseTime:0.000894s ] mysql:dbname=bill_charge;host=39.104.52.159;port=3306;charset=utf8
[ sql ] [ SQL ] SHOW COLUMNS FROM `bill_public_follow` [ RunTime:0.000825s ]
[ sql ] [ SQL ] SELECT `butged`,`butged_start` FROM `bill_public_follow` WHERE  `openid` = 'oOcH90FXyb33TeIqwDwlDd9zib7E' LIMIT 1    [ RunTime:0.000381s ]

---------------------------------------------------------------
[ 2019-01-22T23:39:30+08:00 ] 172.24.117.196 43.227.137.103 GET /charge/public/index.php/port/circle/circleUser?openid=oOcH90FXyb33TeIqwDwlDd9zib7E
[ log ] www.qinlh.com/charge/public/index.php/port/circle/circleUser?openid=oOcH90FXyb33TeIqwDwlDd9zib7E [运行时间：0.022390s][吞吐率：44.66req/s] [内存消耗：2,870.91kb] [文件加载：41]
[ sql ] [ DB ] CONNECT:[ UseTime:0.000881s ] mysql:dbname=bill_charge;host=39.104.52.159;port=3306;charset=utf8
[ sql ] [ SQL ] SHOW COLUMNS FROM `bill_public_follow` [ RunTime:0.000803s ]
[ sql ] [ SQL ] SELECT `uid` FROM `bill_public_follow` WHERE  `openid` = 'oOcH90FXyb33TeIqwDwlDd9zib7E' LIMIT 1    [ RunTime:0.000383s ]
[ sql ] [ SQL ] SHOW COLUMNS FROM `bill_circle` [ RunTime:0.000694s ]
[ sql ] [ SQL ] SELECT * FROM `bill_circle` `c` INNER JOIN `bill_inout_class` `bic` ON `c`.`class_id`=`bic`.`c_id` WHERE  `c`.`user_id` = 37923 ORDER BY c.cir_id desc  [ RunTime:0.000418s ]

---------------------------------------------------------------
[ 2019-01-22T23:39:32+08:00 ] 172.24.117.196 43.227.137.103 GET /charge/public/index.php/port/Circle/circleAdd_class
[ log ] www.qinlh.com/charge/public/index.php/port/Circle/circleAdd_class [运行时间：0.020924s][吞吐率：47.79req/s] [内存消耗：2,857.25kb] [文件加载：41]
[ sql ] [ DB ] CONNECT:[ UseTime:0.000901s ] mysql:dbname=bill_charge;host=39.104.52.159;port=3306;charset=utf8
[ sql ] [ SQL ] SHOW COLUMNS FROM `bill_inout_class` [ RunTime:0.000836s ]
[ sql ] [ SQL ] SELECT * FROM `bill_inout_class` WHERE  `start` = 3   [ RunTime:0.000424s ]

---------------------------------------------------------------
[ 2019-01-22T23:40:02+08:00 ] 172.24.117.196 43.227.137.103 GET /charge/public/index.php/port/circle/GetAddCircle?openid=oOcH90FXyb33TeIqwDwlDd9zib7E&c_id=23&circle=%E5%93%A5%E5%93%A5
[ log ] www.qinlh.com/charge/public/index.php/port/circle/GetAddCircle?openid=oOcH90FXyb33TeIqwDwlDd9zib7E&c_id=23&circle=%E5%93%A5%E5%93%A5 [运行时间：0.023335s][吞吐率：42.85req/s] [内存消耗：2,862.89kb] [文件加载：41]
[ sql ] [ DB ] CONNECT:[ UseTime:0.000913s ] mysql:dbname=bill_charge;host=39.104.52.159;port=3306;charset=utf8
[ sql ] [ SQL ] SHOW COLUMNS FROM `bill_public_follow` [ RunTime:0.000839s ]
[ sql ] [ SQL ] SELECT `uid` FROM `bill_public_follow` WHERE  `openid` = 'oOcH90FXyb33TeIqwDwlDd9zib7E' LIMIT 1    [ RunTime:0.000385s ]
[ sql ] [ SQL ] SHOW COLUMNS FROM `bill_circle` [ RunTime:0.000742s ]
[ sql ] [ SQL ] SELECT * FROM `bill_circle` WHERE  `user_id` = 37923  AND `circle_name` = '哥哥' LIMIT 1     [ RunTime:0.000804s ]
[ sql ] [ SQL ] INSERT INTO `bill_circle` (`circle_name` , `friend_id` , `user_id` , `time` , `class_id`) VALUES ('哥哥' , '37923' , 37923 , 1548171602 , 23)       [ RunTime:0.000479s ]

---------------------------------------------------------------
[ 2019-01-22T23:40:03+08:00 ] 172.24.117.196 43.227.137.103 GET /charge/public/index.php/port/circle/circleUser?openid=oOcH90FXyb33TeIqwDwlDd9zib7E
[ log ] www.qinlh.com/charge/public/index.php/port/circle/circleUser?openid=oOcH90FXyb33TeIqwDwlDd9zib7E [运行时间：0.023867s][吞吐率：41.90req/s] [内存消耗：2,872.19kb] [文件加载：41]
[ sql ] [ DB ] CONNECT:[ UseTime:0.000866s ] mysql:dbname=bill_charge;host=39.104.52.159;port=3306;charset=utf8
[ sql ] [ SQL ] SHOW COLUMNS FROM `bill_public_follow` [ RunTime:0.000859s ]
[ sql ] [ SQL ] SELECT `uid` FROM `bill_public_follow` WHERE  `openid` = 'oOcH90FXyb33TeIqwDwlDd9zib7E' LIMIT 1    [ RunTime:0.000385s ]
[ sql ] [ SQL ] SHOW COLUMNS FROM `bill_circle` [ RunTime:0.000762s ]
[ sql ] [ SQL ] SELECT * FROM `bill_circle` `c` INNER JOIN `bill_inout_class` `bic` ON `c`.`class_id`=`bic`.`c_id` WHERE  `c`.`user_id` = 37923 ORDER BY c.cir_id desc  [ RunTime:0.000877s ]

---------------------------------------------------------------
[ 2019-01-22T23:40:10+08:00 ] 172.24.117.196 43.227.137.103 GET /charge/public/index.php/port/Circle/circleAdd_class
[ log ] www.qinlh.com/charge/public/index.php/port/Circle/circleAdd_class [运行时间：0.020868s][吞吐率：47.92req/s] [内存消耗：2,857.25kb] [文件加载：41]
[ sql ] [ DB ] CONNECT:[ UseTime:0.000989s ] mysql:dbname=bill_charge;host=39.104.52.159;port=3306;charset=utf8
[ sql ] [ SQL ] SHOW COLUMNS FROM `bill_inout_class` [ RunTime:0.000879s ]
[ sql ] [ SQL ] SELECT * FROM `bill_inout_class` WHERE  `start` = 3   [ RunTime:0.000436s ]

---------------------------------------------------------------
[ 2019-01-22T23:40:24+08:00 ] 172.24.117.196 43.227.137.103 GET /charge/public/index.php/port/friend/MyFriend?openid=oOcH90FXyb33TeIqwDwlDd9zib7E
[ log ] www.qinlh.com/charge/public/index.php/port/friend/MyFriend?openid=oOcH90FXyb33TeIqwDwlDd9zib7E [运行时间：0.021571s][吞吐率：46.36req/s] [内存消耗：2,693.09kb] [文件加载：41]
[ sql ] [ DB ] CONNECT:[ UseTime:0.000908s ] mysql:dbname=bill_charge;host=39.104.52.159;port=3306;charset=utf8
[ sql ] [ SQL ] SHOW COLUMNS FROM `bill_public_follow` [ RunTime:0.000857s ]
[ sql ] [ SQL ] SELECT `uid` FROM `bill_public_follow` WHERE  `openid` = 'oOcH90FXyb33TeIqwDwlDd9zib7E' LIMIT 1    [ RunTime:0.000383s ]
[ sql ] [ SQL ] SHOW COLUMNS FROM `bill_user_friend` [ RunTime:0.000671s ]
[ sql ] [ SQL ] SELECT * FROM `bill_user_friend` `uf` INNER JOIN `bill_friend` `bf` ON `uf`.`f_id`=`bf`.`f_id` WHERE  `u_id` = 37923 ORDER BY bf.f_id desc   [ RunTime:0.000574s ]

---------------------------------------------------------------
[ 2019-01-22T23:41:10+08:00 ] 172.24.117.196 43.227.137.103 GET /charge/public/index.php/port/check/UserCheck?openid=oOcH90FXyb33TeIqwDwlDd9zib7E&limit=3&lastid=0
[ log ] www.qinlh.com/charge/public/index.php/port/check/UserCheck?openid=oOcH90FXyb33TeIqwDwlDd9zib7E&limit=3&lastid=0 [运行时间：0.023412s][吞吐率：42.71req/s] [内存消耗：2,739.20kb] [文件加载：41]
[ sql ] [ DB ] CONNECT:[ UseTime:0.000930s ] mysql:dbname=bill_charge;host=39.104.52.159;port=3306;charset=utf8
[ sql ] [ SQL ] SHOW COLUMNS FROM `bill_public_follow` [ RunTime:0.000854s ]
[ sql ] [ SQL ] SELECT `f`.`uid` FROM `bill_public_follow` `f` INNER JOIN `bill_user` `u` ON `f`.`uid`=`u`.`uid` WHERE  `f`.`openid` = 'oOcH90FXyb33TeIqwDwlDd9zib7E' LIMIT 1   [ RunTime:0.000393s ]
[ sql ] [ SQL ] 
							SELECT
								sum(`money`) AS `money`,
								`time`
							FROM
								`bill_charge`
							WHERE
								`user_id` = '37923'
							AND `inout_start` = 1
							AND `time` >= unix_timestamp('2019-01-01 00:00:00')
							AND `time` <= unix_timestamp('2019-01-31 23:29:59')
							ORDER BY
								`a_id` DESC
						 [ RunTime:0.000414s ]
[ sql ] [ SQL ] 
							SELECT
								sum(`money`) AS `money`,
								`time`
							FROM
								`bill_charge`
							WHERE
								`user_id` = '37923'
							AND `inout_start` = 2
							AND `time` >= unix_timestamp('2019-01-01 00:00:00')
							AND `time` <= unix_timestamp('2019-01-31 23:29:59')
							ORDER BY
								`a_id` DESC
						 [ RunTime:0.000371s ]
[ sql ] [ SQL ] SHOW COLUMNS FROM `bill_charge` [ RunTime:0.000750s ]
[ sql ] [ SQL ] SELECT COUNT(*) AS tp_count FROM `bill_charge` WHERE  `user_id` = 37923 LIMIT 1    [ RunTime:0.000360s ]

---------------------------------------------------------------
[ 2019-01-22T23:41:10+08:00 ] 172.24.117.196 43.227.137.103 GET /charge/public/index.php/port/check/BudgetMoney?openid=oOcH90FXyb33TeIqwDwlDd9zib7E
[ log ] www.qinlh.com/charge/public/index.php/port/check/BudgetMoney?openid=oOcH90FXyb33TeIqwDwlDd9zib7E [运行时间：0.020419s][吞吐率：48.97req/s] [内存消耗：2,733.01kb] [文件加载：41]
[ sql ] [ DB ] CONNECT:[ UseTime:0.000889s ] mysql:dbname=bill_charge;host=39.104.52.159;port=3306;charset=utf8
[ sql ] [ SQL ] SHOW COLUMNS FROM `bill_public_follow` [ RunTime:0.000868s ]
[ sql ] [ SQL ] SELECT `f`.`uid` FROM `bill_public_follow` `f` INNER JOIN `bill_user` `u` ON `f`.`uid`=`u`.`uid` WHERE  `f`.`openid` = 'oOcH90FXyb33TeIqwDwlDd9zib7E' LIMIT 1   [ RunTime:0.000414s ]
[ sql ] [ SQL ] SELECT `butged`,`butged_start` FROM `bill_public_follow` WHERE  `openid` = 'oOcH90FXyb33TeIqwDwlDd9zib7E' LIMIT 1    [ RunTime:0.000363s ]

---------------------------------------------------------------
[ 2019-01-22T23:42:19+08:00 ] 172.24.117.196 43.227.137.103 GET /charge/public/index.php/port/check/UserCheck?openid=oOcH90FXyb33TeIqwDwlDd9zib7E&limit=3&lastid=0
[ log ] www.qinlh.com/charge/public/index.php/port/check/UserCheck?openid=oOcH90FXyb33TeIqwDwlDd9zib7E&limit=3&lastid=0 [运行时间：0.022632s][吞吐率：44.19req/s] [内存消耗：2,739.20kb] [文件加载：41]
[ sql ] [ DB ] CONNECT:[ UseTime:0.000887s ] mysql:dbname=bill_charge;host=39.104.52.159;port=3306;charset=utf8
[ sql ] [ SQL ] SHOW COLUMNS FROM `bill_public_follow` [ RunTime:0.000928s ]
[ sql ] [ SQL ] SELECT `f`.`uid` FROM `bill_public_follow` `f` INNER JOIN `bill_user` `u` ON `f`.`uid`=`u`.`uid` WHERE  `f`.`openid` = 'oOcH90FXyb33TeIqwDwlDd9zib7E' LIMIT 1   [ RunTime:0.000421s ]
[ sql ] [ SQL ] 
							SELECT
								sum(`money`) AS `money`,
								`time`
							FROM
								`bill_charge`
							WHERE
								`user_id` = '37923'
							AND `inout_start` = 1
							AND `time` >= unix_timestamp('2019-01-01 00:00:00')
							AND `time` <= unix_timestamp('2019-01-31 23:29:59')
							ORDER BY
								`a_id` DESC
						 [ RunTime:0.000405s ]
[ sql ] [ SQL ] 
							SELECT
								sum(`money`) AS `money`,
								`time`
							FROM
								`bill_charge`
							WHERE
								`user_id` = '37923'
							AND `inout_start` = 2
							AND `time` >= unix_timestamp('2019-01-01 00:00:00')
							AND `time` <= unix_timestamp('2019-01-31 23:29:59')
							ORDER BY
								`a_id` DESC
						 [ RunTime:0.000436s ]
[ sql ] [ SQL ] SHOW COLUMNS FROM `bill_charge` [ RunTime:0.000692s ]
[ sql ] [ SQL ] SELECT COUNT(*) AS tp_count FROM `bill_charge` WHERE  `user_id` = 37923 LIMIT 1    [ RunTime:0.000391s ]

---------------------------------------------------------------
[ 2019-01-22T23:42:19+08:00 ] 172.24.117.196 43.227.137.103 GET /charge/public/index.php/port/check/BudgetMoney?openid=oOcH90FXyb33TeIqwDwlDd9zib7E
[ log ] www.qinlh.com/charge/public/index.php/port/check/BudgetMoney?openid=oOcH90FXyb33TeIqwDwlDd9zib7E [运行时间：0.021042s][吞吐率：47.52req/s] [内存消耗：2,733.01kb] [文件加载：41]
[ sql ] [ DB ] CONNECT:[ UseTime:0.000931s ] mysql:dbname=bill_charge;host=39.104.52.159;port=3306;charset=utf8
[ sql ] [ SQL ] SHOW COLUMNS FROM `bill_public_follow` [ RunTime:0.000845s ]
[ sql ] [ SQL ] SELECT `f`.`uid` FROM `bill_public_follow` `f` INNER JOIN `bill_user` `u` ON `f`.`uid`=`u`.`uid` WHERE  `f`.`openid` = 'oOcH90FXyb33TeIqwDwlDd9zib7E' LIMIT 1   [ RunTime:0.000437s ]
[ sql ] [ SQL ] SELECT `butged`,`butged_start` FROM `bill_public_follow` WHERE  `openid` = 'oOcH90FXyb33TeIqwDwlDd9zib7E' LIMIT 1    [ RunTime:0.000377s ]

---------------------------------------------------------------
[ 2019-01-22T23:42:22+08:00 ] 172.24.117.196 43.227.137.103 GET /charge/public/index.php/port/check/inoutClass
[ log ] www.qinlh.com/charge/public/index.php/port/check/inoutClass [运行时间：0.020214s][吞吐率：49.47req/s] [内存消耗：2,421.43kb] [文件加载：39]
[ sql ] [ DB ] CONNECT:[ UseTime:0.002030s ] mysql:dbname=bill_charge;host=39.104.52.159;port=3306;charset=utf8
[ sql ] [ SQL ] SHOW COLUMNS FROM `bill_inout_class` [ RunTime:0.000842s ]
[ sql ] [ SQL ] SELECT * FROM `bill_inout_class` WHERE  `start` = 1   [ RunTime:0.000399s ]
[ sql ] [ SQL ] SELECT * FROM `bill_inout_class` WHERE  `start` = 2   [ RunTime:0.000361s ]

---------------------------------------------------------------
[ 2019-01-22T23:43:31+08:00 ] 172.24.117.196 43.227.137.103 GET /charge/public/index.php/port/check/charge?openid=oOcH90FXyb33TeIqwDwlDd9zib7E&formData=%7B%22money%22%3A%22100%22%2C%22date%22%3A%222019-01-22%22%2C%22remark%22%3A%22%E9%93%9D%E6%9D%90%22%2C%22inout_start%22%3A1%2C%22inout_class%22%3A13%2C%22time%22%3A%222019-01-22%22%7D
[ log ] www.qinlh.com/charge/public/index.php/port/check/charge?openid=oOcH90FXyb33TeIqwDwlDd9zib7E&formData=%7B%22money%22%3A%22100%22%2C%22date%22%3A%222019-01-22%22%2C%22remark%22%3A%22%E9%93%9D%E6%9D%90%22%2C%22inout_start%22%3A1%2C%22inout_class%22%3A13%2C%22time%22%3A%222019-01-22%22%7D [运行时间：0.021901s][吞吐率：45.66req/s] [内存消耗：2,425.11kb] [文件加载：39]
[ sql ] [ DB ] CONNECT:[ UseTime:0.000855s ] mysql:dbname=bill_charge;host=39.104.52.159;port=3306;charset=utf8
[ sql ] [ SQL ] SHOW COLUMNS FROM `bill_public_follow` [ RunTime:0.000865s ]
[ sql ] [ SQL ] SELECT `f`.`uid` FROM `bill_public_follow` `f` INNER JOIN `bill_user` `u` ON `f`.`uid`=`u`.`uid` WHERE  `f`.`openid` = 'oOcH90FXyb33TeIqwDwlDd9zib7E' LIMIT 1   [ RunTime:0.000393s ]
[ sql ] [ SQL ] select COLUMN_NAME from information_schema.COLUMNS where table_name = 'bill_charge' [ RunTime:0.000851s ]
[ sql ] [ SQL ] SHOW COLUMNS FROM `bill_charge` [ RunTime:0.000664s ]
[ sql ] [ SQL ] INSERT INTO `bill_charge` (`money` , `remark` , `inout_start` , `inout_class` , `time` , `user_id`) VALUES ('100' , '铝材' , 1 , 13 , 1548086400 , 37923)        [ RunTime:0.000738s ]

---------------------------------------------------------------
[ 2019-01-22T23:43:32+08:00 ] 172.24.117.196 43.227.137.103 GET /charge/public/index.php/port/check/UserCheck?openid=oOcH90FXyb33TeIqwDwlDd9zib7E&limit=3&lastid=0
[ log ] www.qinlh.com/charge/public/index.php/port/check/UserCheck?openid=oOcH90FXyb33TeIqwDwlDd9zib7E&limit=3&lastid=0 [运行时间：0.275270s][吞吐率：3.63req/s] [内存消耗：2,749.27kb] [文件加载：41]
[ sql ] [ DB ] CONNECT:[ UseTime:0.000866s ] mysql:dbname=bill_charge;host=39.104.52.159;port=3306;charset=utf8
[ sql ] [ SQL ] SHOW COLUMNS FROM `bill_public_follow` [ RunTime:0.000818s ]
[ sql ] [ SQL ] SELECT `f`.`uid` FROM `bill_public_follow` `f` INNER JOIN `bill_user` `u` ON `f`.`uid`=`u`.`uid` WHERE  `f`.`openid` = 'oOcH90FXyb33TeIqwDwlDd9zib7E' LIMIT 1   [ RunTime:0.000390s ]
[ sql ] [ SQL ] 
							SELECT
								sum(`money`) AS `money`,
								`time`
							FROM
								`bill_charge`
							WHERE
								`user_id` = '37923'
							AND `inout_start` = 1
							AND `time` >= unix_timestamp('2019-01-01 00:00:00')
							AND `time` <= unix_timestamp('2019-01-31 23:29:59')
							ORDER BY
								`a_id` DESC
						 [ RunTime:0.020196s ]
[ sql ] [ SQL ] 
							SELECT
								sum(`money`) AS `money`,
								`time`
							FROM
								`bill_charge`
							WHERE
								`user_id` = '37923'
							AND `inout_start` = 2
							AND `time` >= unix_timestamp('2019-01-01 00:00:00')
							AND `time` <= unix_timestamp('2019-01-31 23:29:59')
							ORDER BY
								`a_id` DESC
						 [ RunTime:0.021331s ]
[ sql ] [ SQL ] SHOW COLUMNS FROM `bill_charge` [ RunTime:0.000745s ]
[ sql ] [ SQL ] SELECT COUNT(*) AS tp_count FROM `bill_charge` WHERE  `user_id` = 37923 LIMIT 1    [ RunTime:0.018474s ]
[ sql ] [ SQL ] 
						SELECT
							time,
							a_id
						FROM
							bill_charge
						WHERE
							a_id > 0 and user_id = 37923
						GROUP BY
							time
						ORDER BY
							a_id DESC
						LIMIT 3
					 [ RunTime:0.112519s ]
[ sql ] [ SQL ] 
						SELECT
							time,
							a_id
						FROM
							bill_charge
						WHERE
							a_id > 0 and user_id = 37923
						GROUP BY
							time
						ORDER BY
							time DESC
					 [ RunTime:0.019677s ]
[ sql ] [ SQL ] 
									SELECT
										time,
										inout_start,
										sum(money) AS money
									FROM
										bill_charge
									WHERE
										user_id = 37923
									AND inout_start = 1
									AND time = 1548086400
									GROUP BY
										time
							 [ RunTime:0.019705s ]
[ sql ] [ SQL ] 
										SELECT
											time,
											inout_start,
											sum(money) AS money
										FROM
											bill_charge
										WHERE
											user_id = 37923
										AND inout_start = 2
										AND time = 1548086400
										GROUP BY
											time
									 [ RunTime:0.019273s ]
[ sql ] [ SQL ] SELECT * FROM `bill_charge` `c` INNER JOIN `bill_inout_class` `i` ON `c`.`inout_class`=`i`.`c_id` WHERE  `c`.`time` = 1548086400  AND `c`.`user_id` = 37923 ORDER BY c.a_id desc  [ RunTime:0.020388s ]

---------------------------------------------------------------
[ 2019-01-22T23:43:32+08:00 ] 172.24.117.196 43.227.137.103 GET /charge/public/index.php/port/check/BudgetMoney?openid=oOcH90FXyb33TeIqwDwlDd9zib7E
[ log ] www.qinlh.com/charge/public/index.php/port/check/BudgetMoney?openid=oOcH90FXyb33TeIqwDwlDd9zib7E [运行时间：0.020164s][吞吐率：49.59req/s] [内存消耗：2,733.01kb] [文件加载：41]
[ sql ] [ DB ] CONNECT:[ UseTime:0.000840s ] mysql:dbname=bill_charge;host=39.104.52.159;port=3306;charset=utf8
[ sql ] [ SQL ] SHOW COLUMNS FROM `bill_public_follow` [ RunTime:0.000812s ]
[ sql ] [ SQL ] SELECT `f`.`uid` FROM `bill_public_follow` `f` INNER JOIN `bill_user` `u` ON `f`.`uid`=`u`.`uid` WHERE  `f`.`openid` = 'oOcH90FXyb33TeIqwDwlDd9zib7E' LIMIT 1   [ RunTime:0.000384s ]
[ sql ] [ SQL ] SELECT `butged`,`butged_start` FROM `bill_public_follow` WHERE  `openid` = 'oOcH90FXyb33TeIqwDwlDd9zib7E' LIMIT 1    [ RunTime:0.000374s ]

---------------------------------------------------------------
[ 2019-01-22T23:43:51+08:00 ] 172.24.117.196 43.227.137.103 GET /charge/public/index.php/port/check/inoutClass
[ log ] www.qinlh.com/charge/public/index.php/port/check/inoutClass [运行时间：0.030600s][吞吐率：32.68req/s] [内存消耗：2,421.43kb] [文件加载：39]
[ sql ] [ DB ] CONNECT:[ UseTime:0.012042s ] mysql:dbname=bill_charge;host=39.104.52.159;port=3306;charset=utf8
[ sql ] [ SQL ] SHOW COLUMNS FROM `bill_inout_class` [ RunTime:0.000805s ]
[ sql ] [ SQL ] SELECT * FROM `bill_inout_class` WHERE  `start` = 1   [ RunTime:0.000417s ]
[ sql ] [ SQL ] SELECT * FROM `bill_inout_class` WHERE  `start` = 2   [ RunTime:0.000350s ]

---------------------------------------------------------------
[ 2019-01-22T23:43:55+08:00 ] 172.24.117.196 43.227.137.103 GET /charge/public/index.php/port/check/ThisIncomOut?openid=oOcH90FXyb33TeIqwDwlDd9zib7E
[ log ] www.qinlh.com/charge/public/index.php/port/check/ThisIncomOut?openid=oOcH90FXyb33TeIqwDwlDd9zib7E [运行时间：0.098835s][吞吐率：10.12req/s] [内存消耗：2,737.98kb] [文件加载：41]
[ sql ] [ DB ] CONNECT:[ UseTime:0.000898s ] mysql:dbname=bill_charge;host=39.104.52.159;port=3306;charset=utf8
[ sql ] [ SQL ] SHOW COLUMNS FROM `bill_public_follow` [ RunTime:0.000843s ]
[ sql ] [ SQL ] SELECT `f`.`uid` FROM `bill_public_follow` `f` INNER JOIN `bill_user` `u` ON `f`.`uid`=`u`.`uid` WHERE  `f`.`openid` = 'oOcH90FXyb33TeIqwDwlDd9zib7E' LIMIT 1   [ RunTime:0.000392s ]
[ sql ] [ SQL ] 
							SELECT
								sum(`money`) AS `money`
							FROM
								`bill_charge`
							WHERE
								`inout_start` = 1
							AND `time` >= unix_timestamp('2019-01-01 00:00:00')
							AND `time` <= unix_timestamp('2019-01-31 23:29:59')
							AND `user_id` = 37923
						 [ RunTime:0.019427s ]
[ sql ] [ SQL ] 
							SELECT
								ic.`a_id`,
								SUM(`money`) AS `money`,
								ic.`inout_class`,
								bc.`inout_url`,
								bc.`describe`,
								bc.`color`,
								ic.`inout_start`
							FROM
								bill_charge AS ic
							INNER JOIN `bill_inout_class` AS bc ON ic.inout_class = bc.c_id
							WHERE
								`inout_start` = 1
							AND `time` >= unix_timestamp('2019-01-01 00:00:00')
							AND `time` <= unix_timestamp('2019-01-31 23:29:59')
							AND `user_id` = 37923
							GROUP BY
								`inout_class`
							ORDER BY
							`a_id` DESC
					 [ RunTime:0.019904s ]
[ sql ] [ SQL ] 
							SELECT
								sum(`money`) AS `money`
							FROM
								`bill_charge`
							WHERE
								`inout_start` = 2
							AND `time` >= unix_timestamp('2019-01-01 00:00:00')
							AND `time` <= unix_timestamp('2019-01-31 23:29:59')
							AND `user_id` = 37923
						 [ RunTime:0.019301s ]
[ sql ] [ SQL ] 
						SELECT
							ic.`a_id`,
							SUM(`money`) AS `money`,
							ic.`inout_class`,
							bc.`inout_url`,
							bc.`describe`,
							bc.`color`,
							ic.`inout_start`
						FROM
							bill_charge AS ic
						INNER JOIN `bill_inout_class` AS bc ON ic.inout_class = bc.c_id
						WHERE
							`inout_start` = 2
						AND `time` >= unix_timestamp('2019-01-01 00:00:00')
						AND `time` <= unix_timestamp('2019-01-31 23:29:59')
						AND `user_id` = 37923
						GROUP BY
							`inout_class`
						ORDER BY
							`a_id` DESC
					 [ RunTime:0.019352s ]

---------------------------------------------------------------
[ 2019-01-22T23:43:58+08:00 ] 172.24.117.196 43.227.137.103 GET /charge/public/index.php/port/check/ThisIncomOut?openid=oOcH90FXyb33TeIqwDwlDd9zib7E
[ log ] www.qinlh.com/charge/public/index.php/port/check/ThisIncomOut?openid=oOcH90FXyb33TeIqwDwlDd9zib7E [运行时间：0.022404s][吞吐率：44.63req/s] [内存消耗：2,737.98kb] [文件加载：41]
[ sql ] [ DB ] CONNECT:[ UseTime:0.000928s ] mysql:dbname=bill_charge;host=39.104.52.159;port=3306;charset=utf8
[ sql ] [ SQL ] SHOW COLUMNS FROM `bill_public_follow` [ RunTime:0.000808s ]
[ sql ] [ SQL ] SELECT `f`.`uid` FROM `bill_public_follow` `f` INNER JOIN `bill_user` `u` ON `f`.`uid`=`u`.`uid` WHERE  `f`.`openid` = 'oOcH90FXyb33TeIqwDwlDd9zib7E' LIMIT 1   [ RunTime:0.000405s ]
[ sql ] [ SQL ] 
							SELECT
								sum(`money`) AS `money`
							FROM
								`bill_charge`
							WHERE
								`inout_start` = 1
							AND `time` >= unix_timestamp('2019-01-01 00:00:00')
							AND `time` <= unix_timestamp('2019-01-31 23:29:59')
							AND `user_id` = 37923
						 [ RunTime:0.000383s ]
[ sql ] [ SQL ] 
							SELECT
								ic.`a_id`,
								SUM(`money`) AS `money`,
								ic.`inout_class`,
								bc.`inout_url`,
								bc.`describe`,
								bc.`color`,
								ic.`inout_start`
							FROM
								bill_charge AS ic
							INNER JOIN `bill_inout_class` AS bc ON ic.inout_class = bc.c_id
							WHERE
								`inout_start` = 1
							AND `time` >= unix_timestamp('2019-01-01 00:00:00')
							AND `time` <= unix_timestamp('2019-01-31 23:29:59')
							AND `user_id` = 37923
							GROUP BY
								`inout_class`
							ORDER BY
							`a_id` DESC
					 [ RunTime:0.000407s ]
[ sql ] [ SQL ] 
							SELECT
								sum(`money`) AS `money`
							FROM
								`bill_charge`
							WHERE
								`inout_start` = 2
							AND `time` >= unix_timestamp('2019-01-01 00:00:00')
							AND `time` <= unix_timestamp('2019-01-31 23:29:59')
							AND `user_id` = 37923
						 [ RunTime:0.000321s ]
[ sql ] [ SQL ] 
						SELECT
							ic.`a_id`,
							SUM(`money`) AS `money`,
							ic.`inout_class`,
							bc.`inout_url`,
							bc.`describe`,
							bc.`color`,
							ic.`inout_start`
						FROM
							bill_charge AS ic
						INNER JOIN `bill_inout_class` AS bc ON ic.inout_class = bc.c_id
						WHERE
							`inout_start` = 2
						AND `time` >= unix_timestamp('2019-01-01 00:00:00')
						AND `time` <= unix_timestamp('2019-01-31 23:29:59')
						AND `user_id` = 37923
						GROUP BY
							`inout_class`
						ORDER BY
							`a_id` DESC
					 [ RunTime:0.000387s ]

---------------------------------------------------------------
[ 2019-01-22T23:44:11+08:00 ] 172.24.117.196 43.227.137.103 GET /charge/public/index.php/port/check/CheckFind?a_id=126712
[ log ] www.qinlh.com/charge/public/index.php/port/check/CheckFind?a_id=126712 [运行时间：0.018741s][吞吐率：53.36req/s] [内存消耗：2,426.08kb] [文件加载：39]
[ sql ] [ DB ] CONNECT:[ UseTime:0.000896s ] mysql:dbname=bill_charge;host=39.104.52.159;port=3306;charset=utf8
[ sql ] [ SQL ] SHOW COLUMNS FROM `bill_charge` [ RunTime:0.001004s ]
[ sql ] [ SQL ] SELECT * FROM `bill_charge` `c` INNER JOIN `bill_inout_class` `i` ON `c`.`inout_class`=`i`.`c_id` WHERE  `a_id` = 126712 LIMIT 1    [ RunTime:0.000574s ]

---------------------------------------------------------------
[ 2019-01-22T23:44:19+08:00 ] 172.24.117.196 43.227.137.103 GET /charge/public/index.php/port/check/CheckFind?a_id=126712
[ log ] www.qinlh.com/charge/public/index.php/port/check/CheckFind?a_id=126712 [运行时间：0.023319s][吞吐率：42.88req/s] [内存消耗：2,426.08kb] [文件加载：39]
[ sql ] [ DB ] CONNECT:[ UseTime:0.000934s ] mysql:dbname=bill_charge;host=39.104.52.159;port=3306;charset=utf8
[ sql ] [ SQL ] SHOW COLUMNS FROM `bill_charge` [ RunTime:0.005185s ]
[ sql ] [ SQL ] SELECT * FROM `bill_charge` `c` INNER JOIN `bill_inout_class` `i` ON `c`.`inout_class`=`i`.`c_id` WHERE  `a_id` = 126712 LIMIT 1    [ RunTime:0.000470s ]

---------------------------------------------------------------
[ 2019-01-22T23:44:23+08:00 ] 172.24.117.196 43.227.137.103 GET /charge/public/index.php/port/check/CheckFind?a_id=126712
[ log ] www.qinlh.com/charge/public/index.php/port/check/CheckFind?a_id=126712 [运行时间：0.019528s][吞吐率：51.21req/s] [内存消耗：2,426.08kb] [文件加载：39]
[ sql ] [ DB ] CONNECT:[ UseTime:0.000979s ] mysql:dbname=bill_charge;host=39.104.52.159;port=3306;charset=utf8
[ sql ] [ SQL ] SHOW COLUMNS FROM `bill_charge` [ RunTime:0.000966s ]
[ sql ] [ SQL ] SELECT * FROM `bill_charge` `c` INNER JOIN `bill_inout_class` `i` ON `c`.`inout_class`=`i`.`c_id` WHERE  `a_id` = 126712 LIMIT 1    [ RunTime:0.000444s ]

---------------------------------------------------------------
[ 2019-01-22T23:44:26+08:00 ] 172.24.117.196 43.227.137.103 GET /charge/public/index.php/port/check/CheckDel?a_id=126712
[ log ] www.qinlh.com/charge/public/index.php/port/check/CheckDel?a_id=126712 [运行时间：0.019080s][吞吐率：52.41req/s] [内存消耗：2,413.93kb] [文件加载：39]
[ sql ] [ DB ] CONNECT:[ UseTime:0.000906s ] mysql:dbname=bill_charge;host=39.104.52.159;port=3306;charset=utf8
[ sql ] [ SQL ] SHOW COLUMNS FROM `bill_charge` [ RunTime:0.000823s ]
[ sql ] [ SQL ] DELETE FROM `bill_charge`    WHERE  `a_id` = 126712    [ RunTime:0.000520s ]

---------------------------------------------------------------
[ 2019-01-22T23:44:26+08:00 ] 172.24.117.196 43.227.137.103 GET /charge/public/index.php/port/check/UserCheck?openid=oOcH90FXyb33TeIqwDwlDd9zib7E&limit=3&lastid=0
[ log ] www.qinlh.com/charge/public/index.php/port/check/UserCheck?openid=oOcH90FXyb33TeIqwDwlDd9zib7E&limit=3&lastid=0 [运行时间：0.082779s][吞吐率：12.08req/s] [内存消耗：2,739.20kb] [文件加载：41]
[ sql ] [ DB ] CONNECT:[ UseTime:0.000878s ] mysql:dbname=bill_charge;host=39.104.52.159;port=3306;charset=utf8
[ sql ] [ SQL ] SHOW COLUMNS FROM `bill_public_follow` [ RunTime:0.000835s ]
[ sql ] [ SQL ] SELECT `f`.`uid` FROM `bill_public_follow` `f` INNER JOIN `bill_user` `u` ON `f`.`uid`=`u`.`uid` WHERE  `f`.`openid` = 'oOcH90FXyb33TeIqwDwlDd9zib7E' LIMIT 1   [ RunTime:0.000382s ]
[ sql ] [ SQL ] 
							SELECT
								sum(`money`) AS `money`,
								`time`
							FROM
								`bill_charge`
							WHERE
								`user_id` = '37923'
							AND `inout_start` = 1
							AND `time` >= unix_timestamp('2019-01-01 00:00:00')
							AND `time` <= unix_timestamp('2019-01-31 23:29:59')
							ORDER BY
								`a_id` DESC
						 [ RunTime:0.020597s ]
[ sql ] [ SQL ] 
							SELECT
								sum(`money`) AS `money`,
								`time`
							FROM
								`bill_charge`
							WHERE
								`user_id` = '37923'
							AND `inout_start` = 2
							AND `time` >= unix_timestamp('2019-01-01 00:00:00')
							AND `time` <= unix_timestamp('2019-01-31 23:29:59')
							ORDER BY
								`a_id` DESC
						 [ RunTime:0.021693s ]
[ sql ] [ SQL ] SHOW COLUMNS FROM `bill_charge` [ RunTime:0.000883s ]
[ sql ] [ SQL ] SELECT COUNT(*) AS tp_count FROM `bill_charge` WHERE  `user_id` = 37923 LIMIT 1    [ RunTime:0.018584s ]

---------------------------------------------------------------
[ 2019-01-22T23:44:26+08:00 ] 172.24.117.196 43.227.137.103 GET /charge/public/index.php/port/check/BudgetMoney?openid=oOcH90FXyb33TeIqwDwlDd9zib7E
[ log ] www.qinlh.com/charge/public/index.php/port/check/BudgetMoney?openid=oOcH90FXyb33TeIqwDwlDd9zib7E [运行时间：0.021246s][吞吐率：47.07req/s] [内存消耗：2,733.01kb] [文件加载：41]
[ sql ] [ DB ] CONNECT:[ UseTime:0.000902s ] mysql:dbname=bill_charge;host=39.104.52.159;port=3306;charset=utf8
[ sql ] [ SQL ] SHOW COLUMNS FROM `bill_public_follow` [ RunTime:0.001020s ]
[ sql ] [ SQL ] SELECT `f`.`uid` FROM `bill_public_follow` `f` INNER JOIN `bill_user` `u` ON `f`.`uid`=`u`.`uid` WHERE  `f`.`openid` = 'oOcH90FXyb33TeIqwDwlDd9zib7E' LIMIT 1   [ RunTime:0.000430s ]
[ sql ] [ SQL ] SELECT `butged`,`butged_start` FROM `bill_public_follow` WHERE  `openid` = 'oOcH90FXyb33TeIqwDwlDd9zib7E' LIMIT 1    [ RunTime:0.000358s ]

---------------------------------------------------------------
[ 2019-01-22T23:53:54+08:00 ] 172.24.117.196 182.107.37.152 GET /charge/public/index.php/port/check/BudgetMoney?openid=oOcH90K53gv4EQUOWq_QIGNHhKvo
[ log ] www.qinlh.com/charge/public/index.php/port/check/BudgetMoney?openid=oOcH90K53gv4EQUOWq_QIGNHhKvo [运行时间：0.088586s][吞吐率：11.29req/s] [内存消耗：2,733.01kb] [文件加载：41]
[ sql ] [ DB ] CONNECT:[ UseTime:0.025417s ] mysql:dbname=bill_charge;host=39.104.52.159;port=3306;charset=utf8
[ sql ] [ SQL ] SHOW COLUMNS FROM `bill_public_follow` [ RunTime:0.005723s ]
[ sql ] [ SQL ] SELECT `f`.`uid` FROM `bill_public_follow` `f` INNER JOIN `bill_user` `u` ON `f`.`uid`=`u`.`uid` WHERE  `f`.`openid` = 'oOcH90K53gv4EQUOWq_QIGNHhKvo' LIMIT 1   [ RunTime:0.019407s ]
[ sql ] [ SQL ] SELECT `butged`,`butged_start` FROM `bill_public_follow` WHERE  `openid` = 'oOcH90K53gv4EQUOWq_QIGNHhKvo' LIMIT 1    [ RunTime:0.019776s ]

---------------------------------------------------------------
[ 2019-01-22T23:53:54+08:00 ] 172.24.117.196 182.107.37.152 GET /charge/public/index.php/port/check/UserCheck?openid=oOcH90K53gv4EQUOWq_QIGNHhKvo&limit=3&lastid=0
[ log ] www.qinlh.com/charge/public/index.php/port/check/UserCheck?openid=oOcH90K53gv4EQUOWq_QIGNHhKvo&limit=3&lastid=0 [运行时间：0.315131s][吞吐率：3.17req/s] [内存消耗：2,749.24kb] [文件加载：41]
[ sql ] [ DB ] CONNECT:[ UseTime:0.000915s ] mysql:dbname=bill_charge;host=39.104.52.159;port=3306;charset=utf8
[ sql ] [ SQL ] SHOW COLUMNS FROM `bill_public_follow` [ RunTime:0.000853s ]
[ sql ] [ SQL ] SELECT `f`.`uid` FROM `bill_public_follow` `f` INNER JOIN `bill_user` `u` ON `f`.`uid`=`u`.`uid` WHERE  `f`.`openid` = 'oOcH90K53gv4EQUOWq_QIGNHhKvo' LIMIT 1   [ RunTime:0.000554s ]
[ sql ] [ SQL ] 
							SELECT
								sum(`money`) AS `money`,
								`time`
							FROM
								`bill_charge`
							WHERE
								`user_id` = '37914'
							AND `inout_start` = 1
							AND `time` >= unix_timestamp('2019-01-01 00:00:00')
							AND `time` <= unix_timestamp('2019-01-31 23:29:59')
							ORDER BY
								`a_id` DESC
						 [ RunTime:0.020365s ]
[ sql ] [ SQL ] 
							SELECT
								sum(`money`) AS `money`,
								`time`
							FROM
								`bill_charge`
							WHERE
								`user_id` = '37914'
							AND `inout_start` = 2
							AND `time` >= unix_timestamp('2019-01-01 00:00:00')
							AND `time` <= unix_timestamp('2019-01-31 23:29:59')
							ORDER BY
								`a_id` DESC
						 [ RunTime:0.023955s ]
[ sql ] [ SQL ] SHOW COLUMNS FROM `bill_charge` [ RunTime:0.000795s ]
[ sql ] [ SQL ] SELECT COUNT(*) AS tp_count FROM `bill_charge` WHERE  `user_id` = 37914 LIMIT 1    [ RunTime:0.018555s ]
[ sql ] [ SQL ] 
						SELECT
							time,
							a_id
						FROM
							bill_charge
						WHERE
							a_id > 0 and user_id = 37914
						GROUP BY
							time
						ORDER BY
							a_id DESC
						LIMIT 3
					 [ RunTime:0.111451s ]
[ sql ] [ SQL ] 
						SELECT
							time,
							a_id
						FROM
							bill_charge
						WHERE
							a_id > 0 and user_id = 37914
						GROUP BY
							time
						ORDER BY
							time DESC
					 [ RunTime:0.047151s ]
[ sql ] [ SQL ] 
									SELECT
										time,
										inout_start,
										sum(money) AS money
									FROM
										bill_charge
									WHERE
										user_id = 37914
									AND inout_start = 1
									AND time = 1548086400
									GROUP BY
										time
							 [ RunTime:0.019978s ]
[ sql ] [ SQL ] 
										SELECT
											time,
											inout_start,
											sum(money) AS money
										FROM
											bill_charge
										WHERE
											user_id = 37914
										AND inout_start = 2
										AND time = 1548086400
										GROUP BY
											time
									 [ RunTime:0.019842s ]
[ sql ] [ SQL ] SELECT * FROM `bill_charge` `c` INNER JOIN `bill_inout_class` `i` ON `c`.`inout_class`=`i`.`c_id` WHERE  `c`.`time` = 1548086400  AND `c`.`user_id` = 37914 ORDER BY c.a_id desc  [ RunTime:0.030362s ]

---------------------------------------------------------------
[ 2019-01-22T23:53:54+08:00 ] 172.24.117.196 182.107.37.152 GET /charge/public/index.php/port/login/sendCode?code=071DqnXG1aSgf001rwXG1fmwXG1DqnX4&PHPSESSID=eKGHQzaeBa4DRQALdi6wFoVqjN4
[ log ] www.qinlh.com/charge/public/index.php/port/login/sendCode?code=071DqnXG1aSgf001rwXG1fmwXG1DqnX4&PHPSESSID=eKGHQzaeBa4DRQALdi6wFoVqjN4 [运行时间：0.351317s][吞吐率：2.85req/s] [内存消耗：2,532.97kb] [文件加载：42]
[ sql ] [ DB ] CONNECT:[ UseTime:0.000860s ] mysql:dbname=bill_charge;host=39.104.52.159;port=3306;charset=utf8
[ sql ] [ SQL ] SHOW COLUMNS FROM `bill_public_follow` [ RunTime:0.000840s ]
[ sql ] [ SQL ] SELECT * FROM `bill_public_follow` WHERE  `openid` = 'oOcH90K53gv4EQUOWq_QIGNHhKvo' LIMIT 1    [ RunTime:0.000559s ]

---------------------------------------------------------------
[ 2019-01-22T23:53:55+08:00 ] 172.24.117.196 182.107.37.152 GET /charge/public/index.php/port/login/saveUserInfo?encryptedData=pvddWaMPKvNvfBBt7nm5Xs7JrcH5Dtd2r6OsMTeTP%2FSC77zk%2B9ThvxAyLqUe%2FOIr9qevclIex%2B18JvWHpEbBntOCEH55L6nx72PjDB1Veh3ly958ruxrTvwToKAUR%2BVhYdLVkIOlMRwaUul5bfHXvl1eBigfXBT3CzdCDolLLjRfDEnOi9Ab7Y%2BBMQ5w6Sm2fMyGUA1Xq5N6y71vn7lDoa7xOkydx%2BkqMh%2Fxea8XES0FgTRlkfxbJtWTJh7Dz4Ybqvw30HcV3dr3sXoTnOIPG1xQhJygQbWLf%2Fp31qeQfq%2FZoJ%2BIHrEzPVQNH82nHzPtOBozGga5Z8ZgJC3Jxel2doRujbb%2FGa9xc%2FZl4Xu4n5COEjXw2tI4f4BUtNpPm3bf2RkyOrcvvYlJ3YmOzxY0NkHa8fmv0%2FRdQr%2BIG1ILgUU35MzthOBzZBU2FyyN2qvMPbjl0h6RI813v%2BWqowygCaD7pgxS5FipVUnn6Yh0KhA%3D&PHPSESSID=G60DIGvbLmrUL88iCpZrm6ddmMK&iv=flZEnMCJB9Pb7Nd%2FWGzzDw%3D%3D
[ log ] www.qinlh.com/charge/public/index.php/port/login/saveUserInfo?encryptedData=pvddWaMPKvNvfBBt7nm5Xs7JrcH5Dtd2r6OsMTeTP%2FSC77zk%2B9ThvxAyLqUe%2FOIr9qevclIex%2B18JvWHpEbBntOCEH55L6nx72PjDB1Veh3ly958ruxrTvwToKAUR%2BVhYdLVkIOlMRwaUul5bfHXvl1eBigfXBT3CzdCDolLLjRfDEnOi9Ab7Y%2BBMQ5w6Sm2fMyGUA1Xq5N6y71vn7lDoa7xOkydx%2BkqMh%2Fxea8XES0FgTRlkfxbJtWTJh7Dz4Ybqvw30HcV3dr3sXoTnOIPG1xQhJygQbWLf%2Fp31qeQfq%2FZoJ%2BIHrEzPVQNH82nHzPtOBozGga5Z8ZgJC3Jxel2doRujbb%2FGa9xc%2FZl4Xu4n5COEjXw2tI4f4BUtNpPm3bf2RkyOrcvvYlJ3YmOzxY0NkHa8fmv0%2FRdQr%2BIG1ILgUU35MzthOBzZBU2FyyN2qvMPbjl0h6RI813v%2BWqowygCaD7pgxS5FipVUnn6Yh0KhA%3D&PHPSESSID=G60DIGvbLmrUL88iCpZrm6ddmMK&iv=flZEnMCJB9Pb7Nd%2FWGzzDw%3D%3D [运行时间：0.071898s][吞吐率：13.91req/s] [内存消耗：2,570.52kb] [文件加载：45]
[ sql ] [ DB ] CONNECT:[ UseTime:0.001314s ] mysql:dbname=bill_charge;host=39.104.52.159;port=3306;charset=utf8
[ sql ] [ SQL ] SHOW COLUMNS FROM `bill_user` [ RunTime:0.001414s ]
[ sql ] [ SQL ] UPDATE `bill_user`  SET `nickname`='方园',`sex`=2,`city`='Jiujiang',`province`='Jiangxi',`country`='China',`headimgurl`='https://wx.qlogo.cn/mmopen/vi_32/Q0j4TwGTfTItHibaBBYdojGJ4L0m68eNKIlQuCnJIjtqTs3R1o5GXvZsNIMfnLTia274jTpvZIaz0WayKkYkOc6w/132'  WHERE  `uid` = 37914          [ RunTime:0.000639s ]
[ sql ] [ SQL ] SHOW COLUMNS FROM `bill_friend` [ RunTime:0.000691s ]
[ sql ] [ SQL ] SELECT * FROM `bill_friend` WHERE  `uid` = 37914 LIMIT 1    [ RunTime:0.009596s ]
[ sql ] [ SQL ] UPDATE `bill_friend`  SET `start`=1,`friend_name`='方园',`friend_imgurl`='https://wx.qlogo.cn/mmopen/vi_32/Q0j4TwGTfTItHibaBBYdojGJ4L0m68eNKIlQuCnJIjtqTs3R1o5GXvZsNIMfnLTia274jTpvZIaz0WayKkYkOc6w/132',`time`=1548172435  WHERE  `uid` = 37914        [ RunTime:0.035169s ]

---------------------------------------------------------------
[ 2019-01-22T23:57:27+08:00 ] 172.24.117.196 175.167.146.122 GET /charge/public/index.php/port/check/BudgetMoney?openid=oOcH90ADkEtbgZWJ4Qg39VSHmjBM
[ log ] www.qinlh.com/charge/public/index.php/port/check/BudgetMoney?openid=oOcH90ADkEtbgZWJ4Qg39VSHmjBM [运行时间：0.074839s][吞吐率：13.36req/s] [内存消耗：2,733.05kb] [文件加载：41]
[ sql ] [ DB ] CONNECT:[ UseTime:0.012814s ] mysql:dbname=bill_charge;host=39.104.52.159;port=3306;charset=utf8
[ sql ] [ SQL ] SHOW COLUMNS FROM `bill_public_follow` [ RunTime:0.001293s ]
[ sql ] [ SQL ] SELECT `f`.`uid` FROM `bill_public_follow` `f` INNER JOIN `bill_user` `u` ON `f`.`uid`=`u`.`uid` WHERE  `f`.`openid` = 'oOcH90ADkEtbgZWJ4Qg39VSHmjBM' LIMIT 1   [ RunTime:0.019245s ]
[ sql ] [ SQL ] SELECT `butged`,`butged_start` FROM `bill_public_follow` WHERE  `openid` = 'oOcH90ADkEtbgZWJ4Qg39VSHmjBM' LIMIT 1    [ RunTime:0.023231s ]

---------------------------------------------------------------
[ 2019-01-22T23:57:27+08:00 ] 172.24.117.196 175.167.146.122 GET /charge/public/index.php/port/check/UserCheck?openid=oOcH90ADkEtbgZWJ4Qg39VSHmjBM&limit=3&lastid=0
[ log ] www.qinlh.com/charge/public/index.php/port/check/UserCheck?openid=oOcH90ADkEtbgZWJ4Qg39VSHmjBM&limit=3&lastid=0 [运行时间：0.374441s][吞吐率：2.67req/s] [内存消耗：2,750.63kb] [文件加载：41]
[ sql ] [ DB ] CONNECT:[ UseTime:0.001718s ] mysql:dbname=bill_charge;host=39.104.52.159;port=3306;charset=utf8
[ sql ] [ SQL ] SHOW COLUMNS FROM `bill_public_follow` [ RunTime:0.000827s ]
[ sql ] [ SQL ] SELECT `f`.`uid` FROM `bill_public_follow` `f` INNER JOIN `bill_user` `u` ON `f`.`uid`=`u`.`uid` WHERE  `f`.`openid` = 'oOcH90ADkEtbgZWJ4Qg39VSHmjBM' LIMIT 1   [ RunTime:0.000558s ]
[ sql ] [ SQL ] 
							SELECT
								sum(`money`) AS `money`,
								`time`
							FROM
								`bill_charge`
							WHERE
								`user_id` = '37918'
							AND `inout_start` = 1
							AND `time` >= unix_timestamp('2019-01-01 00:00:00')
							AND `time` <= unix_timestamp('2019-01-31 23:29:59')
							ORDER BY
								`a_id` DESC
						 [ RunTime:0.020297s ]
[ sql ] [ SQL ] 
							SELECT
								sum(`money`) AS `money`,
								`time`
							FROM
								`bill_charge`
							WHERE
								`user_id` = '37918'
							AND `inout_start` = 2
							AND `time` >= unix_timestamp('2019-01-01 00:00:00')
							AND `time` <= unix_timestamp('2019-01-31 23:29:59')
							ORDER BY
								`a_id` DESC
						 [ RunTime:0.021416s ]
[ sql ] [ SQL ] SHOW COLUMNS FROM `bill_charge` [ RunTime:0.030078s ]
[ sql ] [ SQL ] SELECT COUNT(*) AS tp_count FROM `bill_charge` WHERE  `user_id` = 37918 LIMIT 1    [ RunTime:0.019667s ]
[ sql ] [ SQL ] 
						SELECT
							time,
							a_id
						FROM
							bill_charge
						WHERE
							a_id > 0 and user_id = 37918
						GROUP BY
							time
						ORDER BY
							a_id DESC
						LIMIT 3
					 [ RunTime:0.122145s ]
[ sql ] [ SQL ] 
						SELECT
							time,
							a_id
						FROM
							bill_charge
						WHERE
							a_id > 0 and user_id = 37918
						GROUP BY
							time
						ORDER BY
							time DESC
					 [ RunTime:0.019348s ]
[ sql ] [ SQL ] 
									SELECT
										time,
										inout_start,
										sum(money) AS money
									FROM
										bill_charge
									WHERE
										user_id = 37918
									AND inout_start = 1
									AND time = 1548086400
									GROUP BY
										time
							 [ RunTime:0.019248s ]
[ sql ] [ SQL ] 
										SELECT
											time,
											inout_start,
											sum(money) AS money
										FROM
											bill_charge
										WHERE
											user_id = 37918
										AND inout_start = 2
										AND time = 1548086400
										GROUP BY
											time
									 [ RunTime:0.019235s ]
[ sql ] [ SQL ] SELECT * FROM `bill_charge` `c` INNER JOIN `bill_inout_class` `i` ON `c`.`inout_class`=`i`.`c_id` WHERE  `c`.`time` = 1548086400  AND `c`.`user_id` = 37918 ORDER BY c.a_id desc  [ RunTime:0.020643s ]
[ sql ] [ SQL ] 
									SELECT
										time,
										inout_start,
										sum(money) AS money
									FROM
										bill_charge
									WHERE
										user_id = 37918
									AND inout_start = 1
									AND time = 1504195200
									GROUP BY
										time
							 [ RunTime:0.019239s ]
[ sql ] [ SQL ] 
										SELECT
											time,
											inout_start,
											sum(money) AS money
										FROM
											bill_charge
										WHERE
											user_id = 37918
										AND inout_start = 2
										AND time = 1504195200
										GROUP BY
											time
									 [ RunTime:0.019417s ]
[ sql ] [ SQL ] SELECT * FROM `bill_charge` `c` INNER JOIN `bill_inout_class` `i` ON `c`.`inout_class`=`i`.`c_id` WHERE  `c`.`time` = 1504195200  AND `c`.`user_id` = 37918 ORDER BY c.a_id desc  [ RunTime:0.020477s ]

---------------------------------------------------------------
[ 2019-01-22T23:57:27+08:00 ] 172.24.117.196 175.167.146.122 GET /charge/public/index.php/port/login/sendCode?code=061r9viz14ntjb0sypiz15Biiz1r9vim&PHPSESSID=tOwOBFUjfpIELrg58w83BHHBRNW
[ log ] www.qinlh.com/charge/public/index.php/port/login/sendCode?code=061r9viz14ntjb0sypiz15Biiz1r9vim&PHPSESSID=tOwOBFUjfpIELrg58w83BHHBRNW [运行时间：0.313598s][吞吐率：3.19req/s] [内存消耗：2,533.02kb] [文件加载：42]
[ sql ] [ DB ] CONNECT:[ UseTime:0.000885s ] mysql:dbname=bill_charge;host=39.104.52.159;port=3306;charset=utf8
[ sql ] [ SQL ] SHOW COLUMNS FROM `bill_public_follow` [ RunTime:0.000809s ]
[ sql ] [ SQL ] SELECT * FROM `bill_public_follow` WHERE  `openid` = 'oOcH90ADkEtbgZWJ4Qg39VSHmjBM' LIMIT 1    [ RunTime:0.000508s ]

---------------------------------------------------------------
[ 2019-01-22T23:57:28+08:00 ] 172.24.117.196 175.167.146.122 GET /charge/public/index.php/port/login/saveUserInfo?encryptedData=9x2gpLJJbmOdJ2bPAJKChO4wcUDMITt58nfO%2FoGhFkgMzwMoYbkAEQt%2BE%2BwKqUy3DqbxjPfh4%2BwDaMu6VE7lDwpKRuXqq%2BtRsi5G7iL%2B%2B1%2BzsQaI%2B6twkhUrkj%2BcbAmDEIXdUwpPMvN267iqZ6%2BzAlQ04apoMX%2BFmUQl45DnKf0SDmo1wuhJkRIcxrHv9vfX6bPCIggoHCafqZI85g178mn9w2WeLAqE8OL8y93mePpA5mDynYWUiyd10KRrJ%2BW9udL1TM1ZyIjxtjlaKtFodm4m%2BkPrHEFwKFACoAsFGemcFKAXcP%2BFiepnipEyTpZQbzH636TeR79GlKQ7Djv4OidiZJU2wnDCo3q5A4vpq31NHMdFIdA52%2FrO10u9KCKZMOSo4kt0X8bQzSQ%2Fq23Dl6N%2FQxa8C7lfUBknMni27EmbcUNDuAktsNQP0QHr4Zge&PHPSESSID=O9yltS9BdeqwkTeJQMKoEgKParQ&iv=9BUzD04Lx2z%2BVQdytvEYiA%3D%3D
[ log ] www.qinlh.com/charge/public/index.php/port/login/saveUserInfo?encryptedData=9x2gpLJJbmOdJ2bPAJKChO4wcUDMITt58nfO%2FoGhFkgMzwMoYbkAEQt%2BE%2BwKqUy3DqbxjPfh4%2BwDaMu6VE7lDwpKRuXqq%2BtRsi5G7iL%2B%2B1%2BzsQaI%2B6twkhUrkj%2BcbAmDEIXdUwpPMvN267iqZ6%2BzAlQ04apoMX%2BFmUQl45DnKf0SDmo1wuhJkRIcxrHv9vfX6bPCIggoHCafqZI85g178mn9w2WeLAqE8OL8y93mePpA5mDynYWUiyd10KRrJ%2BW9udL1TM1ZyIjxtjlaKtFodm4m%2BkPrHEFwKFACoAsFGemcFKAXcP%2BFiepnipEyTpZQbzH636TeR79GlKQ7Djv4OidiZJU2wnDCo3q5A4vpq31NHMdFIdA52%2FrO10u9KCKZMOSo4kt0X8bQzSQ%2Fq23Dl6N%2FQxa8C7lfUBknMni27EmbcUNDuAktsNQP0QHr4Zge&PHPSESSID=O9yltS9BdeqwkTeJQMKoEgKParQ&iv=9BUzD04Lx2z%2BVQdytvEYiA%3D%3D [运行时间：0.068737s][吞吐率：14.55req/s] [内存消耗：2,570.25kb] [文件加载：45]
[ sql ] [ DB ] CONNECT:[ UseTime:0.001014s ] mysql:dbname=bill_charge;host=39.104.52.159;port=3306;charset=utf8
[ sql ] [ SQL ] SHOW COLUMNS FROM `bill_user` [ RunTime:0.000982s ]
[ sql ] [ SQL ] UPDATE `bill_user`  SET `nickname`='hasabc',`sex`=0,`city`='',`province`='',`country`='',`headimgurl`='https://wx.qlogo.cn/mmopen/vi_32/DYAIOgq83epL2xJmT1Mr4GAOtxGe1WWck3rzRy52puXIVSOL5NIooGjC8dKGczUNJRTXDnyqWIp5XXHYf3B6XQ/132'  WHERE  `uid` = 37918          [ RunTime:0.000522s ]
[ sql ] [ SQL ] SHOW COLUMNS FROM `bill_friend` [ RunTime:0.000753s ]
[ sql ] [ SQL ] SELECT * FROM `bill_friend` WHERE  `uid` = 37918 LIMIT 1    [ RunTime:0.008334s ]
[ sql ] [ SQL ] UPDATE `bill_friend`  SET `start`=1,`friend_name`='hasabc',`friend_imgurl`='https://wx.qlogo.cn/mmopen/vi_32/DYAIOgq83epL2xJmT1Mr4GAOtxGe1WWck3rzRy52puXIVSOL5NIooGjC8dKGczUNJRTXDnyqWIp5XXHYf3B6XQ/132',`time`=1548172648  WHERE  `uid` = 37918        [ RunTime:0.036411s ]

---------------------------------------------------------------
