[ 2018-01-23T10:14:22+08:00 ] 127.0.0.1 127.0.0.1 GET /FlowShow/FlowProject/charge/public/
[ log ] localhost/FlowShow/FlowProject/charge/public/ [运行时间：0.243635s][吞吐率：4.10req/s] [内存消耗：1,036.78kb] [文件加载：38]
[ info ] [ LANG ] D:\WWW\FlowShow\FlowProject\charge\thinkphp\lang\zh-cn.php
[ info ] [ ROUTE ] array (
  'type' => 'module',
  'module' => 
  array (
    0 => '',
    1 => NULL,
    2 => NULL,
  ),
)
[ info ] [ HEADER ] array (
  'cookie' => 'optimizelyEndUserId=oeu1506663637845r0.2817275719307284; _ga=GA1.1.251066124.1506503890',
  'accept-language' => 'zh-CN,zh;q=0.9',
  'accept-encoding' => 'gzip, deflate, br',
  'referer' => 'http://localhost/FlowShow/FlowProject/charge/',
  'accept' => 'text/html,application/xhtml+xml,application/xml;q=0.9,image/webp,image/apng,*/*;q=0.8',
  'user-agent' => 'Mozilla/5.0 (Windows NT 10.0; Win64; x64) AppleWebKit/537.36 (KHTML, like Gecko) Chrome/63.0.3239.108 Safari/537.36',
  'upgrade-insecure-requests' => '1',
  'connection' => 'keep-alive',
  'host' => 'localhost',
  'content-length' => '',
  'content-type' => '',
)
[ info ] [ PARAM ] array (
)
[ info ] [ SESSION ] INIT array (
  'id' => '',
  'var_session_id' => '10',
  'prefix' => 'think',
  'type' => '',
  'auto_start' => true,
)
[ info ] [ LOG ] INIT File

---------------------------------------------------------------
[ 2018-01-23T10:14:34+08:00 ] 127.0.0.1 127.0.0.1 GET /FlowShow/FlowProject/charge/public/index.php/admin/login/index.html
[ log ] localhost/FlowShow/FlowProject/charge/public/index.php/admin/login/index.html [运行时间：0.181877s][吞吐率：5.50req/s] [内存消耗：1,153.65kb] [文件加载：38]
[ info ] [ LANG ] D:\WWW\FlowShow\FlowProject\charge\thinkphp\lang\zh-cn.php
[ info ] [ ROUTE ] array (
  'type' => 'module',
  'module' => 
  array (
    0 => 'admin',
    1 => 'login',
    2 => 'index',
  ),
)
[ info ] [ HEADER ] array (
  'cookie' => 'optimizelyEndUserId=oeu1506663637845r0.2817275719307284; _ga=GA1.1.251066124.1506503890; PHPSESSID=blf4ljm7tp3i25t71sn82a6c50',
  'accept-language' => 'zh-CN,zh;q=0.9',
  'accept-encoding' => 'gzip, deflate, br',
  'accept' => 'text/html,application/xhtml+xml,application/xml;q=0.9,image/webp,image/apng,*/*;q=0.8',
  'upgrade-insecure-requests' => '1',
  'user-agent' => 'Mozilla/5.0 (Windows NT 10.0; Win64; x64) AppleWebKit/537.36 (KHTML, like Gecko) Chrome/63.0.3239.108 Safari/537.36',
  'connection' => 'keep-alive',
  'host' => 'localhost',
  'content-length' => '',
  'content-type' => '',
)
[ info ] [ PARAM ] array (
)
[ info ] [ RUN ] app\admin\controller\Login->index[ D:\WWW\FlowShow\FlowProject\charge\application\admin\controller\Login.php ]
[ info ] [ VIEW ] D:\WWW\FlowShow\FlowProject\charge\public/../application/admin\view\login\login.html [ array (
) ]
[ info ] [ LOG ] INIT File

---------------------------------------------------------------
[ 2018-01-23T10:14:35+08:00 ] 127.0.0.1 127.0.0.1 GET /FlowShow/FlowProject/charge/public/index.php/admin/login/getverify/t/1516673674.html
[ log ] localhost/FlowShow/FlowProject/charge/public/index.php/admin/login/getverify/t/1516673674.html [运行时间：0.354545s][吞吐率：2.82req/s] [内存消耗：1,022.16kb] [文件加载：35]
[ info ] [ LANG ] D:\WWW\FlowShow\FlowProject\charge\thinkphp\lang\zh-cn.php
[ info ] [ ROUTE ] array (
  'type' => 'module',
  'module' => 
  array (
    0 => 'admin',
    1 => 'login',
    2 => 'getverify',
  ),
)
[ info ] [ HEADER ] array (
  'cookie' => 'optimizelyEndUserId=oeu1506663637845r0.2817275719307284; _ga=GA1.1.251066124.1506503890; PHPSESSID=blf4ljm7tp3i25t71sn82a6c50',
  'accept-language' => 'zh-CN,zh;q=0.9',
  'accept-encoding' => 'gzip, deflate, br',
  'referer' => 'http://localhost/FlowShow/FlowProject/charge/public/index.php/admin/login/index.html',
  'user-agent' => 'Mozilla/5.0 (Windows NT 10.0; Win64; x64) AppleWebKit/537.36 (KHTML, like Gecko) Chrome/63.0.3239.108 Safari/537.36',
  'x-requested-with' => 'XMLHttpRequest',
  'accept' => 'application/json, text/javascript, */*; q=0.01',
  'connection' => 'keep-alive',
  'host' => 'localhost',
  'content-length' => '',
  'content-type' => '',
)
[ info ] [ PARAM ] array (
  't' => '1516673674',
)
[ info ] [ RUN ] app\admin\controller\Login->getVerify[ D:\WWW\FlowShow\FlowProject\charge\application\admin\controller\Login.php ]
[ info ] [ SESSION ] INIT array (
  'id' => '',
  'var_session_id' => '10',
  'prefix' => 'think',
  'type' => '',
  'auto_start' => true,
)
[ info ] [ LOG ] INIT File

---------------------------------------------------------------
[ 2018-01-23T10:15:01+08:00 ] 127.0.0.1 127.0.0.1 GET /FlowShow/FlowProject/charge/public/index.php/admin/login/index.html
[ log ] localhost/FlowShow/FlowProject/charge/public/index.php/admin/login/index.html [运行时间：0.033329s][吞吐率：30.00req/s] [内存消耗：1,027.88kb] [文件加载：36]
[ info ] [ LANG ] D:\WWW\FlowShow\FlowProject\charge\thinkphp\lang\zh-cn.php
[ info ] [ ROUTE ] array (
  'type' => 'module',
  'module' => 
  array (
    0 => 'admin',
    1 => 'login',
    2 => 'index',
  ),
)
[ info ] [ HEADER ] array (
  'cookie' => 'optimizelyEndUserId=oeu1506663637845r0.2817275719307284; _ga=GA1.1.251066124.1506503890; PHPSESSID=blf4ljm7tp3i25t71sn82a6c50',
  'accept-language' => 'zh-CN,zh;q=0.9',
  'accept-encoding' => 'gzip, deflate, br',
  'accept' => 'text/html,application/xhtml+xml,application/xml;q=0.9,image/webp,image/apng,*/*;q=0.8',
  'user-agent' => 'Mozilla/5.0 (Windows NT 10.0; Win64; x64) AppleWebKit/537.36 (KHTML, like Gecko) Chrome/63.0.3239.108 Safari/537.36',
  'upgrade-insecure-requests' => '1',
  'cache-control' => 'max-age=0',
  'connection' => 'keep-alive',
  'host' => 'localhost',
  'content-length' => '',
  'content-type' => '',
)
[ info ] [ PARAM ] array (
)
[ info ] [ RUN ] app\admin\controller\Login->index[ D:\WWW\FlowShow\FlowProject\charge\application\admin\controller\Login.php ]
[ info ] [ VIEW ] D:\WWW\FlowShow\FlowProject\charge\public/../application/admin\view\login\login.html [ array (
) ]
[ info ] [ LOG ] INIT File

---------------------------------------------------------------
[ 2018-01-23T10:15:01+08:00 ] 127.0.0.1 127.0.0.1 GET /FlowShow/FlowProject/charge/public/index.php/admin/login/getverify/t/1516673701.html
[ log ] localhost/FlowShow/FlowProject/charge/public/index.php/admin/login/getverify/t/1516673701.html [运行时间：0.146057s][吞吐率：6.85req/s] [内存消耗：1,022.18kb] [文件加载：35]
[ info ] [ LANG ] D:\WWW\FlowShow\FlowProject\charge\thinkphp\lang\zh-cn.php
[ info ] [ ROUTE ] array (
  'type' => 'module',
  'module' => 
  array (
    0 => 'admin',
    1 => 'login',
    2 => 'getverify',
  ),
)
[ info ] [ HEADER ] array (
  'cookie' => 'optimizelyEndUserId=oeu1506663637845r0.2817275719307284; _ga=GA1.1.251066124.1506503890; PHPSESSID=blf4ljm7tp3i25t71sn82a6c50',
  'accept-language' => 'zh-CN,zh;q=0.9',
  'accept-encoding' => 'gzip, deflate, br',
  'referer' => 'http://localhost/FlowShow/FlowProject/charge/public/index.php/admin/login/index.html',
  'user-agent' => 'Mozilla/5.0 (Windows NT 10.0; Win64; x64) AppleWebKit/537.36 (KHTML, like Gecko) Chrome/63.0.3239.108 Safari/537.36',
  'x-requested-with' => 'XMLHttpRequest',
  'accept' => 'application/json, text/javascript, */*; q=0.01',
  'connection' => 'keep-alive',
  'host' => 'localhost',
  'content-length' => '',
  'content-type' => '',
)
[ info ] [ PARAM ] array (
  't' => '1516673701',
)
[ info ] [ RUN ] app\admin\controller\Login->getVerify[ D:\WWW\FlowShow\FlowProject\charge\application\admin\controller\Login.php ]
[ info ] [ SESSION ] INIT array (
  'id' => '',
  'var_session_id' => '10',
  'prefix' => 'think',
  'type' => '',
  'auto_start' => true,
)
[ info ] [ LOG ] INIT File

---------------------------------------------------------------
[ 2018-01-23T10:16:04+08:00 ] 127.0.0.1 127.0.0.1 GET /FlowShow/FlowProject/charge/public/index.php/admin/login/index.html
[ log ] localhost/FlowShow/FlowProject/charge/public/index.php/admin/login/index.html [运行时间：0.040725s][吞吐率：24.55req/s] [内存消耗：1,027.89kb] [文件加载：36]
[ info ] [ LANG ] D:\WWW\FlowShow\FlowProject\charge\thinkphp\lang\zh-cn.php
[ info ] [ ROUTE ] array (
  'type' => 'module',
  'module' => 
  array (
    0 => 'admin',
    1 => 'login',
    2 => 'index',
  ),
)
[ info ] [ HEADER ] array (
  'cookie' => 'optimizelyEndUserId=oeu1506663637845r0.2817275719307284; _ga=GA1.1.251066124.1506503890; PHPSESSID=blf4ljm7tp3i25t71sn82a6c50',
  'accept-language' => 'zh-CN,zh;q=0.9',
  'accept-encoding' => 'gzip, deflate, br',
  'accept' => 'text/html,application/xhtml+xml,application/xml;q=0.9,image/webp,image/apng,*/*;q=0.8',
  'user-agent' => 'Mozilla/5.0 (Windows NT 10.0; Win64; x64) AppleWebKit/537.36 (KHTML, like Gecko) Chrome/63.0.3239.108 Safari/537.36',
  'upgrade-insecure-requests' => '1',
  'cache-control' => 'max-age=0',
  'connection' => 'keep-alive',
  'host' => 'localhost',
  'content-length' => '',
  'content-type' => '',
)
[ info ] [ PARAM ] array (
)
[ info ] [ RUN ] app\admin\controller\Login->index[ D:\WWW\FlowShow\FlowProject\charge\application\admin\controller\Login.php ]
[ info ] [ VIEW ] D:\WWW\FlowShow\FlowProject\charge\public/../application/admin\view\login\login.html [ array (
) ]
[ info ] [ LOG ] INIT File

---------------------------------------------------------------
[ 2018-01-23T10:16:04+08:00 ] 127.0.0.1 127.0.0.1 GET /FlowShow/FlowProject/charge/public/index.php/admin/login/getverify/t/1516673764.html
[ log ] localhost/FlowShow/FlowProject/charge/public/index.php/admin/login/getverify/t/1516673764.html [运行时间：0.148539s][吞吐率：6.73req/s] [内存消耗：1,022.18kb] [文件加载：35]
[ info ] [ LANG ] D:\WWW\FlowShow\FlowProject\charge\thinkphp\lang\zh-cn.php
[ info ] [ ROUTE ] array (
  'type' => 'module',
  'module' => 
  array (
    0 => 'admin',
    1 => 'login',
    2 => 'getverify',
  ),
)
[ info ] [ HEADER ] array (
  'cookie' => 'optimizelyEndUserId=oeu1506663637845r0.2817275719307284; _ga=GA1.1.251066124.1506503890; PHPSESSID=blf4ljm7tp3i25t71sn82a6c50',
  'accept-language' => 'zh-CN,zh;q=0.9',
  'accept-encoding' => 'gzip, deflate, br',
  'referer' => 'http://localhost/FlowShow/FlowProject/charge/public/index.php/admin/login/index.html',
  'user-agent' => 'Mozilla/5.0 (Windows NT 10.0; Win64; x64) AppleWebKit/537.36 (KHTML, like Gecko) Chrome/63.0.3239.108 Safari/537.36',
  'x-requested-with' => 'XMLHttpRequest',
  'accept' => 'application/json, text/javascript, */*; q=0.01',
  'connection' => 'keep-alive',
  'host' => 'localhost',
  'content-length' => '',
  'content-type' => '',
)
[ info ] [ PARAM ] array (
  't' => '1516673764',
)
[ info ] [ RUN ] app\admin\controller\Login->getVerify[ D:\WWW\FlowShow\FlowProject\charge\application\admin\controller\Login.php ]
[ info ] [ SESSION ] INIT array (
  'id' => '',
  'var_session_id' => '10',
  'prefix' => 'think',
  'type' => '',
  'auto_start' => true,
)
[ info ] [ LOG ] INIT File

---------------------------------------------------------------
[ 2018-01-23T10:16:36+08:00 ] 127.0.0.1 127.0.0.1 GET /FlowShow/FlowProject/charge/public/index.php/admin/login/index.html
[ log ] localhost/FlowShow/FlowProject/charge/public/index.php/admin/login/index.html [运行时间：0.042451s][吞吐率：23.56req/s] [内存消耗：1,027.87kb] [文件加载：36]
[ info ] [ LANG ] D:\WWW\FlowShow\FlowProject\charge\thinkphp\lang\zh-cn.php
[ info ] [ ROUTE ] array (
  'type' => 'module',
  'module' => 
  array (
    0 => 'admin',
    1 => 'login',
    2 => 'index',
  ),
)
[ info ] [ HEADER ] array (
  'cookie' => 'optimizelyEndUserId=oeu1506663637845r0.2817275719307284; _ga=GA1.1.251066124.1506503890; PHPSESSID=blf4ljm7tp3i25t71sn82a6c50',
  'accept-language' => 'zh-CN,zh;q=0.9',
  'accept-encoding' => 'gzip, deflate, br',
  'accept' => 'text/html,application/xhtml+xml,application/xml;q=0.9,image/webp,image/apng,*/*;q=0.8',
  'user-agent' => 'Mozilla/5.0 (Windows NT 10.0; Win64; x64) AppleWebKit/537.36 (KHTML, like Gecko) Chrome/63.0.3239.108 Safari/537.36',
  'upgrade-insecure-requests' => '1',
  'cache-control' => 'max-age=0',
  'connection' => 'keep-alive',
  'host' => 'localhost',
  'content-length' => '',
  'content-type' => '',
)
[ info ] [ PARAM ] array (
)
[ info ] [ RUN ] app\admin\controller\Login->index[ D:\WWW\FlowShow\FlowProject\charge\application\admin\controller\Login.php ]
[ info ] [ VIEW ] D:\WWW\FlowShow\FlowProject\charge\public/../application/admin\view\login\login.html [ array (
) ]
[ info ] [ LOG ] INIT File

---------------------------------------------------------------
[ 2018-01-23T10:16:37+08:00 ] 127.0.0.1 127.0.0.1 GET /FlowShow/FlowProject/charge/public/index.php/admin/login/getverify/t/1516673796.html
[ log ] localhost/FlowShow/FlowProject/charge/public/index.php/admin/login/getverify/t/1516673796.html [运行时间：1.097588s][吞吐率：0.91req/s] [内存消耗：1,052.49kb] [文件加载：39]
[ info ] [ LANG ] D:\WWW\FlowShow\FlowProject\charge\thinkphp\lang\zh-cn.php
[ info ] [ ROUTE ] array (
  'type' => 'module',
  'module' => 
  array (
    0 => 'admin',
    1 => 'login',
    2 => 'getverify',
  ),
)
[ info ] [ HEADER ] array (
  'cookie' => 'optimizelyEndUserId=oeu1506663637845r0.2817275719307284; _ga=GA1.1.251066124.1506503890; PHPSESSID=blf4ljm7tp3i25t71sn82a6c50',
  'accept-language' => 'zh-CN,zh;q=0.9',
  'accept-encoding' => 'gzip, deflate, br',
  'referer' => 'http://localhost/FlowShow/FlowProject/charge/public/index.php/admin/login/index.html',
  'user-agent' => 'Mozilla/5.0 (Windows NT 10.0; Win64; x64) AppleWebKit/537.36 (KHTML, like Gecko) Chrome/63.0.3239.108 Safari/537.36',
  'x-requested-with' => 'XMLHttpRequest',
  'accept' => 'application/json, text/javascript, */*; q=0.01',
  'connection' => 'keep-alive',
  'host' => 'localhost',
  'content-length' => '',
  'content-type' => '',
)
[ info ] [ PARAM ] array (
  't' => '1516673796',
)
[ info ] [ RUN ] app\admin\controller\Login->getVerify[ D:\WWW\FlowShow\FlowProject\charge\application\admin\controller\Login.php ]
[ info ] [ LOG ] INIT File
[ error ] [1024]curl[http://api.geetest.com/register.php?gt=ca1219b1ba907a733eaadfc3f6595fad&user_id=web1] error[28:Connection timed out after 1000 milliseconds][D:\WWW\FlowShow\FlowProject\charge\extend\com\Geetestlib.php:361]

---------------------------------------------------------------
[ 2018-01-23T10:16:43+08:00 ] 127.0.0.1 127.0.0.1 GET /FlowShow/FlowProject/charge/public/index.php/admin/login/index.html
[ log ] localhost/FlowShow/FlowProject/charge/public/index.php/admin/login/index.html [运行时间：0.042019s][吞吐率：23.80req/s] [内存消耗：1,027.98kb] [文件加载：36]
[ info ] [ LANG ] D:\WWW\FlowShow\FlowProject\charge\thinkphp\lang\zh-cn.php
[ info ] [ ROUTE ] array (
  'type' => 'module',
  'module' => 
  array (
    0 => 'admin',
    1 => 'login',
    2 => 'index',
  ),
)
[ info ] [ HEADER ] array (
  'cookie' => 'optimizelyEndUserId=oeu1506663637845r0.2817275719307284; _ga=GA1.1.251066124.1506503890; PHPSESSID=blf4ljm7tp3i25t71sn82a6c50',
  'accept-language' => 'zh-CN,zh;q=0.9',
  'accept-encoding' => 'gzip, deflate, br',
  'accept' => 'text/html,application/xhtml+xml,application/xml;q=0.9,image/webp,image/apng,*/*;q=0.8',
  'upgrade-insecure-requests' => '1',
  'user-agent' => 'Mozilla/5.0 (Windows NT 10.0; Win64; x64) AppleWebKit/537.36 (KHTML, like Gecko) Chrome/63.0.3239.108 Safari/537.36',
  'cache-control' => 'no-cache',
  'pragma' => 'no-cache',
  'connection' => 'keep-alive',
  'host' => 'localhost',
  'content-length' => '',
  'content-type' => '',
)
[ info ] [ PARAM ] array (
)
[ info ] [ RUN ] app\admin\controller\Login->index[ D:\WWW\FlowShow\FlowProject\charge\application\admin\controller\Login.php ]
[ info ] [ VIEW ] D:\WWW\FlowShow\FlowProject\charge\public/../application/admin\view\login\login.html [ array (
) ]
[ info ] [ LOG ] INIT File

---------------------------------------------------------------
[ 2018-01-23T10:16:45+08:00 ] 127.0.0.1 127.0.0.1 GET /FlowShow/FlowProject/charge/public/index.php/admin/login/getverify/t/1516673803.html
[ log ] localhost/FlowShow/FlowProject/charge/public/index.php/admin/login/getverify/t/1516673803.html [运行时间：1.027043s][吞吐率：0.97req/s] [内存消耗：1,052.71kb] [文件加载：39]
[ info ] [ LANG ] D:\WWW\FlowShow\FlowProject\charge\thinkphp\lang\zh-cn.php
[ info ] [ ROUTE ] array (
  'type' => 'module',
  'module' => 
  array (
    0 => 'admin',
    1 => 'login',
    2 => 'getverify',
  ),
)
[ info ] [ HEADER ] array (
  'cookie' => 'optimizelyEndUserId=oeu1506663637845r0.2817275719307284; _ga=GA1.1.251066124.1506503890; PHPSESSID=blf4ljm7tp3i25t71sn82a6c50',
  'accept-language' => 'zh-CN,zh;q=0.9',
  'accept-encoding' => 'gzip, deflate, br',
  'referer' => 'http://localhost/FlowShow/FlowProject/charge/public/index.php/admin/login/index.html',
  'user-agent' => 'Mozilla/5.0 (Windows NT 10.0; Win64; x64) AppleWebKit/537.36 (KHTML, like Gecko) Chrome/63.0.3239.108 Safari/537.36',
  'x-requested-with' => 'XMLHttpRequest',
  'accept' => 'application/json, text/javascript, */*; q=0.01',
  'cache-control' => 'no-cache',
  'pragma' => 'no-cache',
  'connection' => 'keep-alive',
  'host' => 'localhost',
  'content-length' => '',
  'content-type' => '',
)
[ info ] [ PARAM ] array (
  't' => '1516673803',
)
[ info ] [ RUN ] app\admin\controller\Login->getVerify[ D:\WWW\FlowShow\FlowProject\charge\application\admin\controller\Login.php ]
[ info ] [ LOG ] INIT File
[ error ] [1024]curl[http://api.geetest.com/register.php?gt=ca1219b1ba907a733eaadfc3f6595fad&user_id=web1] error[28:Connection timed out after 1000 milliseconds][D:\WWW\FlowShow\FlowProject\charge\extend\com\Geetestlib.php:361]

---------------------------------------------------------------
[ 2018-01-23T10:16:55+08:00 ] 127.0.0.1 127.0.0.1 GET /FlowShow/FlowProject/charge/public/index.php/admin/login/index.html
[ log ] localhost/FlowShow/FlowProject/charge/public/index.php/admin/login/index.html [运行时间：0.043865s][吞吐率：22.80req/s] [内存消耗：1,027.87kb] [文件加载：36]
[ info ] [ LANG ] D:\WWW\FlowShow\FlowProject\charge\thinkphp\lang\zh-cn.php
[ info ] [ ROUTE ] array (
  'type' => 'module',
  'module' => 
  array (
    0 => 'admin',
    1 => 'login',
    2 => 'index',
  ),
)
[ info ] [ HEADER ] array (
  'cookie' => 'optimizelyEndUserId=oeu1506663637845r0.2817275719307284; _ga=GA1.1.251066124.1506503890; PHPSESSID=blf4ljm7tp3i25t71sn82a6c50',
  'accept-language' => 'zh-CN,zh;q=0.9',
  'accept-encoding' => 'gzip, deflate, br',
  'accept' => 'text/html,application/xhtml+xml,application/xml;q=0.9,image/webp,image/apng,*/*;q=0.8',
  'user-agent' => 'Mozilla/5.0 (Windows NT 10.0; Win64; x64) AppleWebKit/537.36 (KHTML, like Gecko) Chrome/63.0.3239.108 Safari/537.36',
  'upgrade-insecure-requests' => '1',
  'cache-control' => 'max-age=0',
  'connection' => 'keep-alive',
  'host' => 'localhost',
  'content-length' => '',
  'content-type' => '',
)
[ info ] [ PARAM ] array (
)
[ info ] [ RUN ] app\admin\controller\Login->index[ D:\WWW\FlowShow\FlowProject\charge\application\admin\controller\Login.php ]
[ info ] [ VIEW ] D:\WWW\FlowShow\FlowProject\charge\public/../application/admin\view\login\login.html [ array (
) ]
[ info ] [ LOG ] INIT File

---------------------------------------------------------------
[ 2018-01-23T10:16:55+08:00 ] 127.0.0.1 127.0.0.1 GET /FlowShow/FlowProject/charge/public/index.php/admin/login/getverify/t/1516673815.html
[ log ] localhost/FlowShow/FlowProject/charge/public/index.php/admin/login/getverify/t/1516673815.html [运行时间：0.106586s][吞吐率：9.38req/s] [内存消耗：1,022.18kb] [文件加载：35]
[ info ] [ LANG ] D:\WWW\FlowShow\FlowProject\charge\thinkphp\lang\zh-cn.php
[ info ] [ ROUTE ] array (
  'type' => 'module',
  'module' => 
  array (
    0 => 'admin',
    1 => 'login',
    2 => 'getverify',
  ),
)
[ info ] [ HEADER ] array (
  'cookie' => 'optimizelyEndUserId=oeu1506663637845r0.2817275719307284; _ga=GA1.1.251066124.1506503890; PHPSESSID=blf4ljm7tp3i25t71sn82a6c50',
  'accept-language' => 'zh-CN,zh;q=0.9',
  'accept-encoding' => 'gzip, deflate, br',
  'referer' => 'http://localhost/FlowShow/FlowProject/charge/public/index.php/admin/login/index.html',
  'user-agent' => 'Mozilla/5.0 (Windows NT 10.0; Win64; x64) AppleWebKit/537.36 (KHTML, like Gecko) Chrome/63.0.3239.108 Safari/537.36',
  'x-requested-with' => 'XMLHttpRequest',
  'accept' => 'application/json, text/javascript, */*; q=0.01',
  'connection' => 'keep-alive',
  'host' => 'localhost',
  'content-length' => '',
  'content-type' => '',
)
[ info ] [ PARAM ] array (
  't' => '1516673815',
)
[ info ] [ RUN ] app\admin\controller\Login->getVerify[ D:\WWW\FlowShow\FlowProject\charge\application\admin\controller\Login.php ]
[ info ] [ SESSION ] INIT array (
  'id' => '',
  'var_session_id' => '10',
  'prefix' => 'think',
  'type' => '',
  'auto_start' => true,
)
[ info ] [ LOG ] INIT File

---------------------------------------------------------------
[ 2018-01-23T10:17:00+08:00 ] 127.0.0.1 127.0.0.1 GET /FlowShow/FlowProject/charge/public/index.php/admin/login/index.html
[ log ] localhost/FlowShow/FlowProject/charge/public/index.php/admin/login/index.html [运行时间：0.037958s][吞吐率：26.34req/s] [内存消耗：1,027.87kb] [文件加载：36]
[ info ] [ LANG ] D:\WWW\FlowShow\FlowProject\charge\thinkphp\lang\zh-cn.php
[ info ] [ ROUTE ] array (
  'type' => 'module',
  'module' => 
  array (
    0 => 'admin',
    1 => 'login',
    2 => 'index',
  ),
)
[ info ] [ HEADER ] array (
  'cookie' => 'optimizelyEndUserId=oeu1506663637845r0.2817275719307284; _ga=GA1.1.251066124.1506503890; PHPSESSID=blf4ljm7tp3i25t71sn82a6c50',
  'accept-language' => 'zh-CN,zh;q=0.9',
  'accept-encoding' => 'gzip, deflate, br',
  'accept' => 'text/html,application/xhtml+xml,application/xml;q=0.9,image/webp,image/apng,*/*;q=0.8',
  'upgrade-insecure-requests' => '1',
  'user-agent' => 'Mozilla/5.0 (Windows NT 10.0; Win64; x64) AppleWebKit/537.36 (KHTML, like Gecko) Chrome/63.0.3239.108 Safari/537.36',
  'cache-control' => 'max-age=0',
  'connection' => 'keep-alive',
  'host' => 'localhost',
  'content-length' => '',
  'content-type' => '',
)
[ info ] [ PARAM ] array (
)
[ info ] [ RUN ] app\admin\controller\Login->index[ D:\WWW\FlowShow\FlowProject\charge\application\admin\controller\Login.php ]
[ info ] [ VIEW ] D:\WWW\FlowShow\FlowProject\charge\public/../application/admin\view\login\login.html [ array (
) ]
[ info ] [ LOG ] INIT File

---------------------------------------------------------------
[ 2018-01-23T10:17:00+08:00 ] 127.0.0.1 127.0.0.1 GET /FlowShow/FlowProject/charge/public/index.php/admin/login/getverify/t/1516673820.html
[ log ] localhost/FlowShow/FlowProject/charge/public/index.php/admin/login/getverify/t/1516673820.html [运行时间：0.097931s][吞吐率：10.21req/s] [内存消耗：1,022.18kb] [文件加载：35]
[ info ] [ LANG ] D:\WWW\FlowShow\FlowProject\charge\thinkphp\lang\zh-cn.php
[ info ] [ ROUTE ] array (
  'type' => 'module',
  'module' => 
  array (
    0 => 'admin',
    1 => 'login',
    2 => 'getverify',
  ),
)
[ info ] [ HEADER ] array (
  'cookie' => 'optimizelyEndUserId=oeu1506663637845r0.2817275719307284; _ga=GA1.1.251066124.1506503890; PHPSESSID=blf4ljm7tp3i25t71sn82a6c50',
  'accept-language' => 'zh-CN,zh;q=0.9',
  'accept-encoding' => 'gzip, deflate, br',
  'referer' => 'http://localhost/FlowShow/FlowProject/charge/public/index.php/admin/login/index.html',
  'user-agent' => 'Mozilla/5.0 (Windows NT 10.0; Win64; x64) AppleWebKit/537.36 (KHTML, like Gecko) Chrome/63.0.3239.108 Safari/537.36',
  'x-requested-with' => 'XMLHttpRequest',
  'accept' => 'application/json, text/javascript, */*; q=0.01',
  'connection' => 'keep-alive',
  'host' => 'localhost',
  'content-length' => '',
  'content-type' => '',
)
[ info ] [ PARAM ] array (
  't' => '1516673820',
)
[ info ] [ RUN ] app\admin\controller\Login->getVerify[ D:\WWW\FlowShow\FlowProject\charge\application\admin\controller\Login.php ]
[ info ] [ SESSION ] INIT array (
  'id' => '',
  'var_session_id' => '10',
  'prefix' => 'think',
  'type' => '',
  'auto_start' => true,
)
[ info ] [ LOG ] INIT File

---------------------------------------------------------------
[ 2018-01-23T10:18:42+08:00 ] 127.0.0.1 127.0.0.1 GET /FlowShow/FlowProject/charge/public/index.php/admin/login/index.html
[ log ] localhost/FlowShow/FlowProject/charge/public/index.php/admin/login/index.html [运行时间：0.038215s][吞吐率：26.17req/s] [内存消耗：1,027.87kb] [文件加载：36]
[ info ] [ LANG ] D:\WWW\FlowShow\FlowProject\charge\thinkphp\lang\zh-cn.php
[ info ] [ ROUTE ] array (
  'type' => 'module',
  'module' => 
  array (
    0 => 'admin',
    1 => 'login',
    2 => 'index',
  ),
)
[ info ] [ HEADER ] array (
  'cookie' => 'optimizelyEndUserId=oeu1506663637845r0.2817275719307284; _ga=GA1.1.251066124.1506503890; PHPSESSID=blf4ljm7tp3i25t71sn82a6c50',
  'accept-language' => 'zh-CN,zh;q=0.9',
  'accept-encoding' => 'gzip, deflate, br',
  'accept' => 'text/html,application/xhtml+xml,application/xml;q=0.9,image/webp,image/apng,*/*;q=0.8',
  'upgrade-insecure-requests' => '1',
  'user-agent' => 'Mozilla/5.0 (Windows NT 10.0; Win64; x64) AppleWebKit/537.36 (KHTML, like Gecko) Chrome/63.0.3239.108 Safari/537.36',
  'cache-control' => 'max-age=0',
  'connection' => 'keep-alive',
  'host' => 'localhost',
  'content-length' => '',
  'content-type' => '',
)
[ info ] [ PARAM ] array (
)
[ info ] [ RUN ] app\admin\controller\Login->index[ D:\WWW\FlowShow\FlowProject\charge\application\admin\controller\Login.php ]
[ info ] [ VIEW ] D:\WWW\FlowShow\FlowProject\charge\public/../application/admin\view\login\login.html [ array (
) ]
[ info ] [ LOG ] INIT File

---------------------------------------------------------------
[ 2018-01-23T10:18:42+08:00 ] 127.0.0.1 127.0.0.1 GET /FlowShow/FlowProject/charge/public/index.php/admin/login/getverify/t/1516673922.html
[ log ] localhost/FlowShow/FlowProject/charge/public/index.php/admin/login/getverify/t/1516673922.html [运行时间：0.141491s][吞吐率：7.07req/s] [内存消耗：1,022.20kb] [文件加载：35]
[ info ] [ LANG ] D:\WWW\FlowShow\FlowProject\charge\thinkphp\lang\zh-cn.php
[ info ] [ ROUTE ] array (
  'type' => 'module',
  'module' => 
  array (
    0 => 'admin',
    1 => 'login',
    2 => 'getverify',
  ),
)
[ info ] [ HEADER ] array (
  'cookie' => 'optimizelyEndUserId=oeu1506663637845r0.2817275719307284; _ga=GA1.1.251066124.1506503890; PHPSESSID=blf4ljm7tp3i25t71sn82a6c50',
  'accept-language' => 'zh-CN,zh;q=0.9',
  'accept-encoding' => 'gzip, deflate, br',
  'referer' => 'http://localhost/FlowShow/FlowProject/charge/public/index.php/admin/login/index.html',
  'user-agent' => 'Mozilla/5.0 (Windows NT 10.0; Win64; x64) AppleWebKit/537.36 (KHTML, like Gecko) Chrome/63.0.3239.108 Safari/537.36',
  'x-requested-with' => 'XMLHttpRequest',
  'accept' => 'application/json, text/javascript, */*; q=0.01',
  'connection' => 'keep-alive',
  'host' => 'localhost',
  'content-length' => '',
  'content-type' => '',
)
[ info ] [ PARAM ] array (
  't' => '1516673922',
)
[ info ] [ RUN ] app\admin\controller\Login->getVerify[ D:\WWW\FlowShow\FlowProject\charge\application\admin\controller\Login.php ]
[ info ] [ SESSION ] INIT array (
  'id' => '',
  'var_session_id' => '10',
  'prefix' => 'think',
  'type' => '',
  'auto_start' => true,
)
[ info ] [ LOG ] INIT File

---------------------------------------------------------------
[ 2018-01-23T10:18:57+08:00 ] 127.0.0.1 127.0.0.1 GET /FlowProject/charge/public/index.php/admin/login/index.html
[ log ] www.flowshow.com/FlowProject/charge/public/index.php/admin/login/index.html [运行时间：0.026698s][吞吐率：37.46req/s] [内存消耗：1,027.42kb] [文件加载：36]
[ info ] [ LANG ] D:\WWW\FlowShow\FlowProject\charge\thinkphp\lang\zh-cn.php
[ info ] [ ROUTE ] array (
  'type' => 'module',
  'module' => 
  array (
    0 => 'admin',
    1 => 'login',
    2 => 'index',
  ),
)
[ info ] [ HEADER ] array (
  'accept-language' => 'zh-CN,zh;q=0.9',
  'accept-encoding' => 'gzip, deflate',
  'accept' => 'text/html,application/xhtml+xml,application/xml;q=0.9,image/webp,image/apng,*/*;q=0.8',
  'upgrade-insecure-requests' => '1',
  'user-agent' => 'Mozilla/5.0 (Windows NT 10.0; Win64; x64) AppleWebKit/537.36 (KHTML, like Gecko) Chrome/63.0.3239.108 Safari/537.36',
  'connection' => 'keep-alive',
  'host' => 'www.flowshow.com',
  'content-length' => '',
  'content-type' => '',
)
[ info ] [ PARAM ] array (
)
[ info ] [ RUN ] app\admin\controller\Login->index[ D:\WWW\FlowShow\FlowProject\charge\application\admin\controller\Login.php ]
[ info ] [ VIEW ] D:\WWW\FlowShow\FlowProject\charge\public/../application/admin\view\login\login.html [ array (
) ]
[ info ] [ LOG ] INIT File

---------------------------------------------------------------
[ 2018-01-23T10:18:58+08:00 ] 127.0.0.1 127.0.0.1 GET /FlowProject/charge/public/index.php/admin/login/getverify/t/1516673937.html
[ log ] www.flowshow.com/FlowProject/charge/public/index.php/admin/login/getverify/t/1516673937.html [运行时间：0.095486s][吞吐率：10.47req/s] [内存消耗：1,021.98kb] [文件加载：35]
[ info ] [ LANG ] D:\WWW\FlowShow\FlowProject\charge\thinkphp\lang\zh-cn.php
[ info ] [ ROUTE ] array (
  'type' => 'module',
  'module' => 
  array (
    0 => 'admin',
    1 => 'login',
    2 => 'getverify',
  ),
)
[ info ] [ HEADER ] array (
  'accept-language' => 'zh-CN,zh;q=0.9',
  'accept-encoding' => 'gzip, deflate',
  'referer' => 'http://www.flowshow.com/FlowProject/charge/public/index.php/admin/login/index.html',
  'user-agent' => 'Mozilla/5.0 (Windows NT 10.0; Win64; x64) AppleWebKit/537.36 (KHTML, like Gecko) Chrome/63.0.3239.108 Safari/537.36',
  'x-requested-with' => 'XMLHttpRequest',
  'accept' => 'application/json, text/javascript, */*; q=0.01',
  'connection' => 'keep-alive',
  'host' => 'www.flowshow.com',
  'content-length' => '',
  'content-type' => '',
)
[ info ] [ PARAM ] array (
  't' => '1516673937',
)
[ info ] [ RUN ] app\admin\controller\Login->getVerify[ D:\WWW\FlowShow\FlowProject\charge\application\admin\controller\Login.php ]
[ info ] [ SESSION ] INIT array (
  'id' => '',
  'var_session_id' => '10',
  'prefix' => 'think',
  'type' => '',
  'auto_start' => true,
)
[ info ] [ LOG ] INIT File

---------------------------------------------------------------
[ 2018-01-23T10:19:01+08:00 ] 127.0.0.1 127.0.0.1 GET /FlowProject/charge/public/index.php/admin/login/index.html
[ log ] www.flowshow.com/FlowProject/charge/public/index.php/admin/login/index.html [运行时间：0.033028s][吞吐率：30.28req/s] [内存消耗：1,027.72kb] [文件加载：36]
[ info ] [ LANG ] D:\WWW\FlowShow\FlowProject\charge\thinkphp\lang\zh-cn.php
[ info ] [ ROUTE ] array (
  'type' => 'module',
  'module' => 
  array (
    0 => 'admin',
    1 => 'login',
    2 => 'index',
  ),
)
[ info ] [ HEADER ] array (
  'cookie' => 'PHPSESSID=q8140j13mkehn200t3hvcp9gh7',
  'accept-language' => 'zh-CN,zh;q=0.9',
  'accept-encoding' => 'gzip, deflate',
  'accept' => 'text/html,application/xhtml+xml,application/xml;q=0.9,image/webp,image/apng,*/*;q=0.8',
  'upgrade-insecure-requests' => '1',
  'user-agent' => 'Mozilla/5.0 (Windows NT 10.0; Win64; x64) AppleWebKit/537.36 (KHTML, like Gecko) Chrome/63.0.3239.108 Safari/537.36',
  'cache-control' => 'max-age=0',
  'connection' => 'keep-alive',
  'host' => 'www.flowshow.com',
  'content-length' => '',
  'content-type' => '',
)
[ info ] [ PARAM ] array (
)
[ info ] [ RUN ] app\admin\controller\Login->index[ D:\WWW\FlowShow\FlowProject\charge\application\admin\controller\Login.php ]
[ info ] [ VIEW ] D:\WWW\FlowShow\FlowProject\charge\public/../application/admin\view\login\login.html [ array (
) ]
[ info ] [ LOG ] INIT File

---------------------------------------------------------------
[ 2018-01-23T10:19:02+08:00 ] 127.0.0.1 127.0.0.1 GET /FlowProject/charge/public/index.php/admin/login/getverify/t/1516673941.html
[ log ] www.flowshow.com/FlowProject/charge/public/index.php/admin/login/getverify/t/1516673941.html [运行时间：0.160303s][吞吐率：6.24req/s] [内存消耗：1,022.01kb] [文件加载：35]
[ info ] [ LANG ] D:\WWW\FlowShow\FlowProject\charge\thinkphp\lang\zh-cn.php
[ info ] [ ROUTE ] array (
  'type' => 'module',
  'module' => 
  array (
    0 => 'admin',
    1 => 'login',
    2 => 'getverify',
  ),
)
[ info ] [ HEADER ] array (
  'cookie' => 'PHPSESSID=q8140j13mkehn200t3hvcp9gh7',
  'accept-language' => 'zh-CN,zh;q=0.9',
  'accept-encoding' => 'gzip, deflate',
  'referer' => 'http://www.flowshow.com/FlowProject/charge/public/index.php/admin/login/index.html',
  'user-agent' => 'Mozilla/5.0 (Windows NT 10.0; Win64; x64) AppleWebKit/537.36 (KHTML, like Gecko) Chrome/63.0.3239.108 Safari/537.36',
  'x-requested-with' => 'XMLHttpRequest',
  'accept' => 'application/json, text/javascript, */*; q=0.01',
  'connection' => 'keep-alive',
  'host' => 'www.flowshow.com',
  'content-length' => '',
  'content-type' => '',
)
[ info ] [ PARAM ] array (
  't' => '1516673941',
)
[ info ] [ RUN ] app\admin\controller\Login->getVerify[ D:\WWW\FlowShow\FlowProject\charge\application\admin\controller\Login.php ]
[ info ] [ SESSION ] INIT array (
  'id' => '',
  'var_session_id' => '10',
  'prefix' => 'think',
  'type' => '',
  'auto_start' => true,
)
[ info ] [ LOG ] INIT File

---------------------------------------------------------------
[ 2018-01-23T10:19:43+08:00 ] 127.0.0.1 127.0.0.1 GET /FlowProject/charge/public/
[ log ] www.flowshow.com/FlowProject/charge/public/ [运行时间：0.026394s][吞吐率：37.89req/s] [内存消耗：1,036.69kb] [文件加载：38]
[ info ] [ LANG ] D:\WWW\FlowShow\FlowProject\charge\thinkphp\lang\zh-cn.php
[ info ] [ ROUTE ] array (
  'type' => 'module',
  'module' => 
  array (
    0 => '',
    1 => NULL,
    2 => NULL,
  ),
)
[ info ] [ HEADER ] array (
  'cookie' => 'PHPSESSID=q8140j13mkehn200t3hvcp9gh7',
  'accept-language' => 'zh-CN,zh;q=0.9',
  'accept-encoding' => 'gzip, deflate',
  'referer' => 'http://www.flowshow.com/FlowProject/charge/',
  'accept' => 'text/html,application/xhtml+xml,application/xml;q=0.9,image/webp,image/apng,*/*;q=0.8',
  'user-agent' => 'Mozilla/5.0 (Windows NT 10.0; Win64; x64) AppleWebKit/537.36 (KHTML, like Gecko) Chrome/63.0.3239.108 Safari/537.36',
  'upgrade-insecure-requests' => '1',
  'connection' => 'keep-alive',
  'host' => 'www.flowshow.com',
  'content-length' => '',
  'content-type' => '',
)
[ info ] [ PARAM ] array (
)
[ info ] [ SESSION ] INIT array (
  'id' => '',
  'var_session_id' => '10',
  'prefix' => 'think',
  'type' => '',
  'auto_start' => true,
)
[ info ] [ LOG ] INIT File

---------------------------------------------------------------
[ 2018-01-23T10:19:56+08:00 ] 127.0.0.1 127.0.0.1 GET /FlowProject/charge/public/index.php/admin/login/index.html
[ log ] www.flowshow.com/FlowProject/charge/public/index.php/admin/login/index.html [运行时间：0.029928s][吞吐率：33.41req/s] [内存消耗：1,027.53kb] [文件加载：36]
[ info ] [ LANG ] D:\WWW\FlowShow\FlowProject\charge\thinkphp\lang\zh-cn.php
[ info ] [ ROUTE ] array (
  'type' => 'module',
  'module' => 
  array (
    0 => 'admin',
    1 => 'login',
    2 => 'index',
  ),
)
[ info ] [ HEADER ] array (
  'cookie' => 'PHPSESSID=q8140j13mkehn200t3hvcp9gh7',
  'accept-language' => 'zh-CN,zh;q=0.9',
  'accept-encoding' => 'gzip, deflate',
  'accept' => 'text/html,application/xhtml+xml,application/xml;q=0.9,image/webp,image/apng,*/*;q=0.8',
  'upgrade-insecure-requests' => '1',
  'user-agent' => 'Mozilla/5.0 (Windows NT 10.0; Win64; x64) AppleWebKit/537.36 (KHTML, like Gecko) Chrome/63.0.3239.108 Safari/537.36',
  'connection' => 'keep-alive',
  'host' => 'www.flowshow.com',
  'content-length' => '',
  'content-type' => '',
)
[ info ] [ PARAM ] array (
)
[ info ] [ RUN ] app\admin\controller\Login->index[ D:\WWW\FlowShow\FlowProject\charge\application\admin\controller\Login.php ]
[ info ] [ VIEW ] D:\WWW\FlowShow\FlowProject\charge\public/../application/admin\view\login\login.html [ array (
) ]
[ info ] [ LOG ] INIT File

---------------------------------------------------------------
[ 2018-01-23T10:19:56+08:00 ] 127.0.0.1 127.0.0.1 GET /FlowProject/charge/public/index.php/admin/login/getverify/t/1516673996.html
[ log ] www.flowshow.com/FlowProject/charge/public/index.php/admin/login/getverify/t/1516673996.html [运行时间：0.118282s][吞吐率：8.45req/s] [内存消耗：1,022.01kb] [文件加载：35]
[ info ] [ LANG ] D:\WWW\FlowShow\FlowProject\charge\thinkphp\lang\zh-cn.php
[ info ] [ ROUTE ] array (
  'type' => 'module',
  'module' => 
  array (
    0 => 'admin',
    1 => 'login',
    2 => 'getverify',
  ),
)
[ info ] [ HEADER ] array (
  'cookie' => 'PHPSESSID=q8140j13mkehn200t3hvcp9gh7',
  'accept-language' => 'zh-CN,zh;q=0.9',
  'accept-encoding' => 'gzip, deflate',
  'referer' => 'http://www.flowshow.com/FlowProject/charge/public/index.php/admin/login/index.html',
  'user-agent' => 'Mozilla/5.0 (Windows NT 10.0; Win64; x64) AppleWebKit/537.36 (KHTML, like Gecko) Chrome/63.0.3239.108 Safari/537.36',
  'x-requested-with' => 'XMLHttpRequest',
  'accept' => 'application/json, text/javascript, */*; q=0.01',
  'connection' => 'keep-alive',
  'host' => 'www.flowshow.com',
  'content-length' => '',
  'content-type' => '',
)
[ info ] [ PARAM ] array (
  't' => '1516673996',
)
[ info ] [ RUN ] app\admin\controller\Login->getVerify[ D:\WWW\FlowShow\FlowProject\charge\application\admin\controller\Login.php ]
[ info ] [ SESSION ] INIT array (
  'id' => '',
  'var_session_id' => '10',
  'prefix' => 'think',
  'type' => '',
  'auto_start' => true,
)
[ info ] [ LOG ] INIT File

---------------------------------------------------------------
[ 2018-01-23T10:20:30+08:00 ] 127.0.0.1 127.0.0.1 GET /FlowProject/charge/public/index.php/admin/login/index.html
[ log ] www.flowshow.com/FlowProject/charge/public/index.php/admin/login/index.html [运行时间：0.035460s][吞吐率：28.20req/s] [内存消耗：1,027.72kb] [文件加载：36]
[ info ] [ LANG ] D:\WWW\FlowShow\FlowProject\charge\thinkphp\lang\zh-cn.php
[ info ] [ ROUTE ] array (
  'type' => 'module',
  'module' => 
  array (
    0 => 'admin',
    1 => 'login',
    2 => 'index',
  ),
)
[ info ] [ HEADER ] array (
  'cookie' => 'PHPSESSID=q8140j13mkehn200t3hvcp9gh7',
  'accept-language' => 'zh-CN,zh;q=0.9',
  'accept-encoding' => 'gzip, deflate',
  'accept' => 'text/html,application/xhtml+xml,application/xml;q=0.9,image/webp,image/apng,*/*;q=0.8',
  'upgrade-insecure-requests' => '1',
  'user-agent' => 'Mozilla/5.0 (Windows NT 10.0; Win64; x64) AppleWebKit/537.36 (KHTML, like Gecko) Chrome/63.0.3239.108 Safari/537.36',
  'cache-control' => 'max-age=0',
  'connection' => 'keep-alive',
  'host' => 'www.flowshow.com',
  'content-length' => '',
  'content-type' => '',
)
[ info ] [ PARAM ] array (
)
[ info ] [ RUN ] app\admin\controller\Login->index[ D:\WWW\FlowShow\FlowProject\charge\application\admin\controller\Login.php ]
[ info ] [ VIEW ] D:\WWW\FlowShow\FlowProject\charge\public/../application/admin\view\login\login.html [ array (
) ]
[ info ] [ LOG ] INIT File

---------------------------------------------------------------
[ 2018-01-23T10:20:31+08:00 ] 127.0.0.1 127.0.0.1 GET /FlowProject/charge/public/index.php/admin/login/getverify/t/1516674030.html
[ log ] www.flowshow.com/FlowProject/charge/public/index.php/admin/login/getverify/t/1516674030.html [运行时间：0.102872s][吞吐率：9.72req/s] [内存消耗：1,022.01kb] [文件加载：35]
[ info ] [ LANG ] D:\WWW\FlowShow\FlowProject\charge\thinkphp\lang\zh-cn.php
[ info ] [ ROUTE ] array (
  'type' => 'module',
  'module' => 
  array (
    0 => 'admin',
    1 => 'login',
    2 => 'getverify',
  ),
)
[ info ] [ HEADER ] array (
  'cookie' => 'PHPSESSID=q8140j13mkehn200t3hvcp9gh7',
  'accept-language' => 'zh-CN,zh;q=0.9',
  'accept-encoding' => 'gzip, deflate',
  'referer' => 'http://www.flowshow.com/FlowProject/charge/public/index.php/admin/login/index.html',
  'user-agent' => 'Mozilla/5.0 (Windows NT 10.0; Win64; x64) AppleWebKit/537.36 (KHTML, like Gecko) Chrome/63.0.3239.108 Safari/537.36',
  'x-requested-with' => 'XMLHttpRequest',
  'accept' => 'application/json, text/javascript, */*; q=0.01',
  'connection' => 'keep-alive',
  'host' => 'www.flowshow.com',
  'content-length' => '',
  'content-type' => '',
)
[ info ] [ PARAM ] array (
  't' => '1516674030',
)
[ info ] [ RUN ] app\admin\controller\Login->getVerify[ D:\WWW\FlowShow\FlowProject\charge\application\admin\controller\Login.php ]
[ info ] [ SESSION ] INIT array (
  'id' => '',
  'var_session_id' => '10',
  'prefix' => 'think',
  'type' => '',
  'auto_start' => true,
)
[ info ] [ LOG ] INIT File

---------------------------------------------------------------
[ 2018-01-23T10:20:43+08:00 ] 127.0.0.1 127.0.0.1 POST /FlowProject/charge/public/index.php/admin/login/dologin.html
[ log ] www.flowshow.com/FlowProject/charge/public/index.php/admin/login/dologin.html [运行时间：0.389109s][吞吐率：2.57req/s] [内存消耗：1,513.84kb] [文件加载：43]
[ info ] [ LANG ] D:\WWW\FlowShow\FlowProject\charge\thinkphp\lang\zh-cn.php
[ info ] [ ROUTE ] array (
  'type' => 'module',
  'module' => 
  array (
    0 => 'admin',
    1 => 'login',
    2 => 'dologin',
  ),
)
[ info ] [ HEADER ] array (
  'cookie' => 'PHPSESSID=q8140j13mkehn200t3hvcp9gh7',
  'accept-language' => 'zh-CN,zh;q=0.9',
  'accept-encoding' => 'gzip, deflate',
  'referer' => 'http://www.flowshow.com/FlowProject/charge/public/index.php/admin/login/index.html',
  'content-type' => 'application/x-www-form-urlencoded; charset=UTF-8',
  'user-agent' => 'Mozilla/5.0 (Windows NT 10.0; Win64; x64) AppleWebKit/537.36 (KHTML, like Gecko) Chrome/63.0.3239.108 Safari/537.36',
  'x-requested-with' => 'XMLHttpRequest',
  'origin' => 'http://www.flowshow.com',
  'accept' => 'application/json, text/javascript, */*; q=0.01',
  'content-length' => '195',
  'connection' => 'keep-alive',
  'host' => 'www.flowshow.com',
)
[ info ] [ PARAM ] array (
  'username' => 'admin',
  'password' => 'qlh.947669',
  'geetest_challenge' => '3bb4e649b59a0a84ce6175952bd7ebd17b',
  'geetest_validate' => '86c46105717ff9e3733b6705ef693f0d',
  'geetest_seccode' => '86c46105717ff9e3733b6705ef693f0d|jordan',
)
[ info ] [ RUN ] app\admin\controller\Login->doLogin[ D:\WWW\FlowShow\FlowProject\charge\application\admin\controller\Login.php ]
[ info ] [ DB ] INIT mysql
[ info ] [ LOG ] INIT File
[ error ] [1045]SQLSTATE[HY000] [1045] Access denied for user 'phper'@'172.20.13.5' (using password: YES)[D:\WWW\FlowShow\FlowProject\charge\thinkphp\library\think\db\Connection.php:282]

---------------------------------------------------------------
[ 2018-01-23T10:20:45+08:00 ] 127.0.0.1 127.0.0.1 POST /FlowProject/charge/public/index.php/admin/login/dologin.html
[ log ] www.flowshow.com/FlowProject/charge/public/index.php/admin/login/dologin.html [运行时间：0.056244s][吞吐率：17.78req/s] [内存消耗：1,513.84kb] [文件加载：43]
[ info ] [ LANG ] D:\WWW\FlowShow\FlowProject\charge\thinkphp\lang\zh-cn.php
[ info ] [ ROUTE ] array (
  'type' => 'module',
  'module' => 
  array (
    0 => 'admin',
    1 => 'login',
    2 => 'dologin',
  ),
)
[ info ] [ HEADER ] array (
  'cookie' => 'PHPSESSID=q8140j13mkehn200t3hvcp9gh7',
  'accept-language' => 'zh-CN,zh;q=0.9',
  'accept-encoding' => 'gzip, deflate',
  'referer' => 'http://www.flowshow.com/FlowProject/charge/public/index.php/admin/login/index.html',
  'content-type' => 'application/x-www-form-urlencoded; charset=UTF-8',
  'user-agent' => 'Mozilla/5.0 (Windows NT 10.0; Win64; x64) AppleWebKit/537.36 (KHTML, like Gecko) Chrome/63.0.3239.108 Safari/537.36',
  'x-requested-with' => 'XMLHttpRequest',
  'origin' => 'http://www.flowshow.com',
  'accept' => 'application/json, text/javascript, */*; q=0.01',
  'content-length' => '195',
  'connection' => 'keep-alive',
  'host' => 'www.flowshow.com',
)
[ info ] [ PARAM ] array (
  'username' => 'admin',
  'password' => 'qlh.947669',
  'geetest_challenge' => '3bb4e649b59a0a84ce6175952bd7ebd17b',
  'geetest_validate' => '86c46105717ff9e3733b6705ef693f0d',
  'geetest_seccode' => '86c46105717ff9e3733b6705ef693f0d|jordan',
)
[ info ] [ RUN ] app\admin\controller\Login->doLogin[ D:\WWW\FlowShow\FlowProject\charge\application\admin\controller\Login.php ]
[ info ] [ DB ] INIT mysql
[ info ] [ LOG ] INIT File
[ error ] [1045]SQLSTATE[HY000] [1045] Access denied for user 'phper'@'172.20.13.5' (using password: YES)[D:\WWW\FlowShow\FlowProject\charge\thinkphp\library\think\db\Connection.php:282]

---------------------------------------------------------------
[ 2018-01-23T10:20:53+08:00 ] 127.0.0.1 127.0.0.1 POST /FlowProject/charge/public/index.php/admin/login/dologin.html
[ log ] www.flowshow.com/FlowProject/charge/public/index.php/admin/login/dologin.html [运行时间：0.046813s][吞吐率：21.36req/s] [内存消耗：1,513.84kb] [文件加载：43]
[ info ] [ LANG ] D:\WWW\FlowShow\FlowProject\charge\thinkphp\lang\zh-cn.php
[ info ] [ ROUTE ] array (
  'type' => 'module',
  'module' => 
  array (
    0 => 'admin',
    1 => 'login',
    2 => 'dologin',
  ),
)
[ info ] [ HEADER ] array (
  'cookie' => 'PHPSESSID=q8140j13mkehn200t3hvcp9gh7',
  'accept-language' => 'zh-CN,zh;q=0.9',
  'accept-encoding' => 'gzip, deflate',
  'referer' => 'http://www.flowshow.com/FlowProject/charge/public/index.php/admin/login/index.html',
  'content-type' => 'application/x-www-form-urlencoded; charset=UTF-8',
  'user-agent' => 'Mozilla/5.0 (Windows NT 10.0; Win64; x64) AppleWebKit/537.36 (KHTML, like Gecko) Chrome/63.0.3239.108 Safari/537.36',
  'x-requested-with' => 'XMLHttpRequest',
  'origin' => 'http://www.flowshow.com',
  'accept' => 'application/json, text/javascript, */*; q=0.01',
  'content-length' => '195',
  'connection' => 'keep-alive',
  'host' => 'www.flowshow.com',
)
[ info ] [ PARAM ] array (
  'username' => 'admin',
  'password' => 'qlh.947669',
  'geetest_challenge' => '3bb4e649b59a0a84ce6175952bd7ebd17b',
  'geetest_validate' => '86c46105717ff9e3733b6705ef693f0d',
  'geetest_seccode' => '86c46105717ff9e3733b6705ef693f0d|jordan',
)
[ info ] [ RUN ] app\admin\controller\Login->doLogin[ D:\WWW\FlowShow\FlowProject\charge\application\admin\controller\Login.php ]
[ info ] [ DB ] INIT mysql
[ info ] [ LOG ] INIT File
[ error ] [1045]SQLSTATE[HY000] [1045] Access denied for user 'phper'@'172.20.13.5' (using password: YES)[D:\WWW\FlowShow\FlowProject\charge\thinkphp\library\think\db\Connection.php:282]

---------------------------------------------------------------
[ 2018-01-23T10:21:40+08:00 ] 127.0.0.1 127.0.0.1 POST /FlowProject/charge/public/index.php/admin/login/dologin.html
[ log ] www.flowshow.com/FlowProject/charge/public/index.php/admin/login/dologin.html [运行时间：0.290979s][吞吐率：3.44req/s] [内存消耗：1,842.23kb] [文件加载：47]
[ info ] [ LANG ] D:\WWW\FlowShow\FlowProject\charge\thinkphp\lang\zh-cn.php
[ info ] [ ROUTE ] array (
  'type' => 'module',
  'module' => 
  array (
    0 => 'admin',
    1 => 'login',
    2 => 'dologin',
  ),
)
[ info ] [ HEADER ] array (
  'cookie' => 'PHPSESSID=q8140j13mkehn200t3hvcp9gh7',
  'accept-language' => 'zh-CN,zh;q=0.9',
  'accept-encoding' => 'gzip, deflate',
  'referer' => 'http://www.flowshow.com/FlowProject/charge/public/index.php/admin/login/index.html',
  'content-type' => 'application/x-www-form-urlencoded; charset=UTF-8',
  'user-agent' => 'Mozilla/5.0 (Windows NT 10.0; Win64; x64) AppleWebKit/537.36 (KHTML, like Gecko) Chrome/63.0.3239.108 Safari/537.36',
  'x-requested-with' => 'XMLHttpRequest',
  'origin' => 'http://www.flowshow.com',
  'accept' => 'application/json, text/javascript, */*; q=0.01',
  'content-length' => '195',
  'connection' => 'keep-alive',
  'host' => 'www.flowshow.com',
)
[ info ] [ PARAM ] array (
  'username' => 'admin',
  'password' => 'qlh.947669',
  'geetest_challenge' => '3bb4e649b59a0a84ce6175952bd7ebd17b',
  'geetest_validate' => '86c46105717ff9e3733b6705ef693f0d',
  'geetest_seccode' => '86c46105717ff9e3733b6705ef693f0d|jordan',
)
[ info ] [ RUN ] app\admin\controller\Login->doLogin[ D:\WWW\FlowShow\FlowProject\charge\application\admin\controller\Login.php ]
[ info ] [ DB ] INIT mysql
[ info ] [ SESSION ] INIT array (
  'id' => '',
  'var_session_id' => '10',
  'prefix' => 'think',
  'type' => '',
  'auto_start' => true,
)
[ info ] [ DB ] INIT mysql
[ info ] [ LOG ] INIT File
[ sql ] [ DB ] CONNECT:[ UseTime:0.013109s ] mysql:dbname=bill_charge;host=192.168.30.33;port=3306;charset=utf8
[ sql ] [ SQL ] SHOW COLUMNS FROM `bill_admin` [ RunTime:0.006279s ]
[ sql ] [ SQL ] SELECT * FROM `bill_admin` WHERE  `username` = 'admin' LIMIT 1    [ RunTime:0.032902s ]
[ sql ] [ SQL ] SHOW COLUMNS FROM `bill_auth_group` [ RunTime:0.005447s ]
[ sql ] [ SQL ] SELECT * FROM `bill_auth_group` WHERE  `id` = 1 LIMIT 1    [ RunTime:0.006045s ]
[ sql ] [ SQL ] SHOW COLUMNS FROM `bill_auth_rule` [ RunTime:0.006512s ]
[ sql ] [ SQL ] SELECT `name` FROM `bill_auth_rule`  [ RunTime:0.001953s ]
[ sql ] [ SQL ] UPDATE `bill_admin`  SET `loginnum`=388,`last_login_ip`='127.0.0.1',`last_login_time`=1516674100  WHERE  `id` = 1       [ RunTime:0.002281s ]
[ sql ] [ DB ] CONNECT:[ UseTime:0.010879s ] mysql:dbname=bill_charge;host=192.168.30.33;port=3306;charset=utf8
[ sql ] [ SQL ] SHOW COLUMNS FROM `bill_log` [ RunTime:0.005879s ]
[ sql ] [ SQL ] INSERT INTO `bill_log` (`admin_id` , `admin_name` , `description` , `status` , `ip` , `add_time`) VALUES (1 , 'admin' , '用户【admin】登录成功' , 1 , '127.0.0.1' , 1516674100)        [ RunTime:0.004837s ]

---------------------------------------------------------------
[ 2018-01-23T10:21:43+08:00 ] 127.0.0.1 127.0.0.1 GET /FlowProject/charge/public/index.php/admin/index/index.html
[ log ] www.flowshow.com/FlowProject/charge/public/index.php/admin/index/index.html [运行时间：0.129539s][吞吐率：7.72req/s] [内存消耗：1,904.40kb] [文件加载：49]
[ info ] [ LANG ] D:\WWW\FlowShow\FlowProject\charge\thinkphp\lang\zh-cn.php
[ info ] [ ROUTE ] array (
  'type' => 'module',
  'module' => 
  array (
    0 => 'admin',
    1 => 'index',
    2 => 'index',
  ),
)
[ info ] [ HEADER ] array (
  'cookie' => 'PHPSESSID=q8140j13mkehn200t3hvcp9gh7',
  'accept-language' => 'zh-CN,zh;q=0.9',
  'accept-encoding' => 'gzip, deflate',
  'referer' => 'http://www.flowshow.com/FlowProject/charge/public/index.php/admin/login/index.html',
  'accept' => 'text/html,application/xhtml+xml,application/xml;q=0.9,image/webp,image/apng,*/*;q=0.8',
  'user-agent' => 'Mozilla/5.0 (Windows NT 10.0; Win64; x64) AppleWebKit/537.36 (KHTML, like Gecko) Chrome/63.0.3239.108 Safari/537.36',
  'upgrade-insecure-requests' => '1',
  'connection' => 'keep-alive',
  'host' => 'www.flowshow.com',
  'content-length' => '',
  'content-type' => '',
)
[ info ] [ PARAM ] array (
)
[ info ] [ SESSION ] INIT array (
  'id' => '',
  'var_session_id' => '10',
  'prefix' => 'think',
  'type' => '',
  'auto_start' => true,
)
[ info ] [ DB ] INIT mysql
[ info ] [ RUN ] app\admin\controller\Index->index[ D:\WWW\FlowShow\FlowProject\charge\application\admin\controller\Index.php ]
[ info ] [ VIEW ] D:\WWW\FlowShow\FlowProject\charge\public/../application/admin\view\index\index.html [ array (
  0 => 'username',
  1 => 'rolename',
) ]
[ info ] [ LOG ] INIT File
[ sql ] [ DB ] CONNECT:[ UseTime:0.011738s ] mysql:dbname=bill_charge;host=192.168.30.33;port=3306;charset=utf8
[ sql ] [ SQL ] SHOW COLUMNS FROM `bill_auth_rule` [ RunTime:0.008379s ]
[ sql ] [ SQL ] SELECT * FROM `bill_auth_rule` WHERE  (  status = 1 ) ORDER BY sort  [ RunTime:0.008880s ]

---------------------------------------------------------------
[ 2018-01-23T10:21:43+08:00 ] 127.0.0.1 127.0.0.1 GET /FlowProject/charge/public/index.php/admin/index/center.html
[ log ] www.flowshow.com/FlowProject/charge/public/index.php/admin/index/center.html [运行时间：0.079579s][吞吐率：12.57req/s] [内存消耗：1,897.06kb] [文件加载：49]
[ info ] [ LANG ] D:\WWW\FlowShow\FlowProject\charge\thinkphp\lang\zh-cn.php
[ info ] [ ROUTE ] array (
  'type' => 'module',
  'module' => 
  array (
    0 => 'admin',
    1 => 'index',
    2 => 'center',
  ),
)
[ info ] [ HEADER ] array (
  'cookie' => 'PHPSESSID=q8140j13mkehn200t3hvcp9gh7',
  'accept-language' => 'zh-CN,zh;q=0.9',
  'accept-encoding' => 'gzip, deflate',
  'referer' => 'http://www.flowshow.com/FlowProject/charge/public/index.php/admin/index/index.html',
  'accept' => 'text/html,application/xhtml+xml,application/xml;q=0.9,image/webp,image/apng,*/*;q=0.8',
  'user-agent' => 'Mozilla/5.0 (Windows NT 10.0; Win64; x64) AppleWebKit/537.36 (KHTML, like Gecko) Chrome/63.0.3239.108 Safari/537.36',
  'upgrade-insecure-requests' => '1',
  'connection' => 'keep-alive',
  'host' => 'www.flowshow.com',
  'content-length' => '',
  'content-type' => '',
)
[ info ] [ PARAM ] array (
)
[ info ] [ SESSION ] INIT array (
  'id' => '',
  'var_session_id' => '10',
  'prefix' => 'think',
  'type' => '',
  'auto_start' => true,
)
[ info ] [ DB ] INIT mysql
[ info ] [ RUN ] app\admin\controller\Index->center[ D:\WWW\FlowShow\FlowProject\charge\application\admin\controller\Index.php ]
[ info ] [ VIEW ] D:\WWW\FlowShow\FlowProject\charge\public/../application/admin\view\index\center.html [ array (
  0 => 'username',
  1 => 'rolename',
) ]
[ info ] [ LOG ] INIT File
[ sql ] [ DB ] CONNECT:[ UseTime:0.002527s ] mysql:dbname=bill_charge;host=192.168.30.33;port=3306;charset=utf8
[ sql ] [ SQL ] SHOW COLUMNS FROM `bill_auth_rule` [ RunTime:0.002601s ]
[ sql ] [ SQL ] SELECT * FROM `bill_auth_rule` WHERE  (  status = 1 ) ORDER BY sort  [ RunTime:0.003130s ]

---------------------------------------------------------------
[ 2018-01-23T10:21:44+08:00 ] 127.0.0.1 127.0.0.1 GET /FlowProject/charge/public/index.php/admin/ajax/getMenuList
[ log ] www.flowshow.com/FlowProject/charge/public/index.php/admin/ajax/getMenuList [运行时间：0.271365s][吞吐率：3.69req/s] [内存消耗：1,777.09kb] [文件加载：46]
[ info ] [ LANG ] D:\WWW\FlowShow\FlowProject\charge\thinkphp\lang\zh-cn.php
[ info ] [ ROUTE ] array (
  'type' => 'module',
  'module' => 
  array (
    0 => 'admin',
    1 => 'ajax',
    2 => 'getMenuList',
  ),
)
[ info ] [ HEADER ] array (
  'cookie' => 'PHPSESSID=q8140j13mkehn200t3hvcp9gh7',
  'accept-language' => 'zh-CN,zh;q=0.9',
  'accept-encoding' => 'gzip, deflate',
  'referer' => 'http://www.flowshow.com/FlowProject/charge/public/index.php/admin/index/index.html',
  'user-agent' => 'Mozilla/5.0 (Windows NT 10.0; Win64; x64) AppleWebKit/537.36 (KHTML, like Gecko) Chrome/63.0.3239.108 Safari/537.36',
  'x-requested-with' => 'XMLHttpRequest',
  'accept' => 'application/json, text/javascript, */*; q=0.01',
  'connection' => 'keep-alive',
  'host' => 'www.flowshow.com',
  'content-length' => '',
  'content-type' => '',
)
[ info ] [ PARAM ] array (
)
[ info ] [ RUN ] app\admin\controller\Ajax->getMenuList[ D:\WWW\FlowShow\FlowProject\charge\application\admin\controller\Ajax.php ]
[ info ] [ SESSION ] INIT array (
  'id' => '',
  'var_session_id' => '10',
  'prefix' => 'think',
  'type' => '',
  'auto_start' => true,
)
[ info ] [ DB ] INIT mysql
[ info ] [ LOG ] INIT File
[ sql ] [ DB ] CONNECT:[ UseTime:0.003286s ] mysql:dbname=bill_charge;host=192.168.30.33;port=3306;charset=utf8
[ sql ] [ SQL ] SHOW COLUMNS FROM `bill_auth_rule` [ RunTime:0.002185s ]
[ sql ] [ SQL ] SELECT * FROM `bill_auth_rule` WHERE  (  status = 1 ) ORDER BY sort  [ RunTime:0.001952s ]
[ sql ] [ SQL ] SELECT * FROM `bill_auth_rule` WHERE  (  status = 1 ) ORDER BY sort  [ RunTime:0.206518s ]

---------------------------------------------------------------
[ 2018-01-23T10:21:46+08:00 ] 127.0.0.1 127.0.0.1 GET /FlowProject/charge/public/index.php/admin/member/index.html
[ log ] www.flowshow.com/FlowProject/charge/public/index.php/admin/member/index.html [运行时间：0.113420s][吞吐率：8.82req/s] [内存消耗：1,961.76kb] [文件加载：50]
[ info ] [ LANG ] D:\WWW\FlowShow\FlowProject\charge\thinkphp\lang\zh-cn.php
[ info ] [ ROUTE ] array (
  'type' => 'module',
  'module' => 
  array (
    0 => 'admin',
    1 => 'member',
    2 => 'index',
  ),
)
[ info ] [ HEADER ] array (
  'cookie' => 'PHPSESSID=q8140j13mkehn200t3hvcp9gh7',
  'accept-language' => 'zh-CN,zh;q=0.9',
  'accept-encoding' => 'gzip, deflate',
  'referer' => 'http://www.flowshow.com/FlowProject/charge/public/index.php/admin/index/index.html',
  'accept' => 'text/html,application/xhtml+xml,application/xml;q=0.9,image/webp,image/apng,*/*;q=0.8',
  'user-agent' => 'Mozilla/5.0 (Windows NT 10.0; Win64; x64) AppleWebKit/537.36 (KHTML, like Gecko) Chrome/63.0.3239.108 Safari/537.36',
  'upgrade-insecure-requests' => '1',
  'connection' => 'keep-alive',
  'host' => 'www.flowshow.com',
  'content-length' => '',
  'content-type' => '',
)
[ info ] [ PARAM ] array (
)
[ info ] [ SESSION ] INIT array (
  'id' => '',
  'var_session_id' => '10',
  'prefix' => 'think',
  'type' => '',
  'auto_start' => true,
)
[ info ] [ DB ] INIT mysql
[ info ] [ RUN ] app\admin\controller\Member->index[ D:\WWW\FlowShow\FlowProject\charge\application\admin\controller\Member.php ]
[ info ] [ VIEW ] D:\WWW\FlowShow\FlowProject\charge\public/../application/admin\view\member\index.html [ array (
  0 => 'username',
  1 => 'rolename',
  2 => 'Nowpage',
  3 => 'allpage',
  4 => 'count',
) ]
[ info ] [ LOG ] INIT File
[ sql ] [ DB ] CONNECT:[ UseTime:0.002680s ] mysql:dbname=bill_charge;host=192.168.30.33;port=3306;charset=utf8
[ sql ] [ SQL ] SHOW COLUMNS FROM `bill_auth_rule` [ RunTime:0.002384s ]
[ sql ] [ SQL ] SELECT * FROM `bill_auth_rule` WHERE  (  status = 1 ) ORDER BY sort  [ RunTime:0.002512s ]
[ sql ] [ SQL ] SHOW COLUMNS FROM `bill_user` [ RunTime:0.007255s ]
[ sql ] [ SQL ] SELECT COUNT(*) AS tp_count FROM `bill_user` LIMIT 1   [ RunTime:0.001299s ]
[ sql ] [ SQL ] SELECT `bill_user`.* FROM `bill_user` ORDER BY uid desc LIMIT 0,10   [ RunTime:0.029349s ]

---------------------------------------------------------------
[ 2018-01-23T10:21:47+08:00 ] 127.0.0.1 127.0.0.1 GET /FlowProject/charge/public/index.php/admin/member/index.html?page=1
[ log ] www.flowshow.com/FlowProject/charge/public/index.php/admin/member/index.html?page=1 [运行时间：0.064489s][吞吐率：15.51req/s] [内存消耗：1,835.77kb] [文件加载：48]
[ info ] [ LANG ] D:\WWW\FlowShow\FlowProject\charge\thinkphp\lang\zh-cn.php
[ info ] [ ROUTE ] array (
  'type' => 'module',
  'module' => 
  array (
    0 => 'admin',
    1 => 'member',
    2 => 'index',
  ),
)
[ info ] [ HEADER ] array (
  'cookie' => 'PHPSESSID=q8140j13mkehn200t3hvcp9gh7',
  'accept-language' => 'zh-CN,zh;q=0.9',
  'accept-encoding' => 'gzip, deflate',
  'referer' => 'http://www.flowshow.com/FlowProject/charge/public/index.php/admin/member/index.html',
  'user-agent' => 'Mozilla/5.0 (Windows NT 10.0; Win64; x64) AppleWebKit/537.36 (KHTML, like Gecko) Chrome/63.0.3239.108 Safari/537.36',
  'x-requested-with' => 'XMLHttpRequest',
  'accept' => 'application/json, text/javascript, */*; q=0.01',
  'connection' => 'keep-alive',
  'host' => 'www.flowshow.com',
  'content-length' => '',
  'content-type' => '',
)
[ info ] [ PARAM ] array (
  'page' => '1',
)
[ info ] [ SESSION ] INIT array (
  'id' => '',
  'var_session_id' => '10',
  'prefix' => 'think',
  'type' => '',
  'auto_start' => true,
)
[ info ] [ DB ] INIT mysql
[ info ] [ RUN ] app\admin\controller\Member->index[ D:\WWW\FlowShow\FlowProject\charge\application\admin\controller\Member.php ]
[ info ] [ LOG ] INIT File
[ sql ] [ DB ] CONNECT:[ UseTime:0.002610s ] mysql:dbname=bill_charge;host=192.168.30.33;port=3306;charset=utf8
[ sql ] [ SQL ] SHOW COLUMNS FROM `bill_auth_rule` [ RunTime:0.002366s ]
[ sql ] [ SQL ] SELECT * FROM `bill_auth_rule` WHERE  (  status = 1 ) ORDER BY sort  [ RunTime:0.001960s ]
[ sql ] [ SQL ] SHOW COLUMNS FROM `bill_user` [ RunTime:0.002007s ]
[ sql ] [ SQL ] SELECT COUNT(*) AS tp_count FROM `bill_user` LIMIT 1   [ RunTime:0.001091s ]
[ sql ] [ SQL ] SELECT `bill_user`.* FROM `bill_user` ORDER BY uid desc LIMIT 0,10   [ RunTime:0.001514s ]

---------------------------------------------------------------
[ 2018-01-23T10:21:56+08:00 ] 127.0.0.1 127.0.0.1 GET /FlowProject/charge/public/index.php/admin/member/index.html?page=1403
[ log ] www.flowshow.com/FlowProject/charge/public/index.php/admin/member/index.html?page=1403 [运行时间：0.154216s][吞吐率：6.48req/s] [内存消耗：1,831.24kb] [文件加载：48]
[ info ] [ LANG ] D:\WWW\FlowShow\FlowProject\charge\thinkphp\lang\zh-cn.php
[ info ] [ ROUTE ] array (
  'type' => 'module',
  'module' => 
  array (
    0 => 'admin',
    1 => 'member',
    2 => 'index',
  ),
)
[ info ] [ HEADER ] array (
  'cookie' => 'PHPSESSID=q8140j13mkehn200t3hvcp9gh7',
  'accept-language' => 'zh-CN,zh;q=0.9',
  'accept-encoding' => 'gzip, deflate',
  'referer' => 'http://www.flowshow.com/FlowProject/charge/public/index.php/admin/member/index.html',
  'user-agent' => 'Mozilla/5.0 (Windows NT 10.0; Win64; x64) AppleWebKit/537.36 (KHTML, like Gecko) Chrome/63.0.3239.108 Safari/537.36',
  'x-requested-with' => 'XMLHttpRequest',
  'accept' => 'application/json, text/javascript, */*; q=0.01',
  'connection' => 'keep-alive',
  'host' => 'www.flowshow.com',
  'content-length' => '',
  'content-type' => '',
)
[ info ] [ PARAM ] array (
  'page' => '1403',
)
[ info ] [ SESSION ] INIT array (
  'id' => '',
  'var_session_id' => '10',
  'prefix' => 'think',
  'type' => '',
  'auto_start' => true,
)
[ info ] [ DB ] INIT mysql
[ info ] [ RUN ] app\admin\controller\Member->index[ D:\WWW\FlowShow\FlowProject\charge\application\admin\controller\Member.php ]
[ info ] [ LOG ] INIT File
[ sql ] [ DB ] CONNECT:[ UseTime:0.013043s ] mysql:dbname=bill_charge;host=192.168.30.33;port=3306;charset=utf8
[ sql ] [ SQL ] SHOW COLUMNS FROM `bill_auth_rule` [ RunTime:0.002285s ]
[ sql ] [ SQL ] SELECT * FROM `bill_auth_rule` WHERE  (  status = 1 ) ORDER BY sort  [ RunTime:0.002004s ]
[ sql ] [ SQL ] SHOW COLUMNS FROM `bill_user` [ RunTime:0.002264s ]
[ sql ] [ SQL ] SELECT COUNT(*) AS tp_count FROM `bill_user` LIMIT 1   [ RunTime:0.001025s ]
[ sql ] [ SQL ] SELECT `bill_user`.* FROM `bill_user` ORDER BY uid desc LIMIT 14020,10   [ RunTime:0.044643s ]

---------------------------------------------------------------
[ 2018-01-23T10:21:58+08:00 ] 127.0.0.1 127.0.0.1 GET /FlowProject/charge/public/index.php/admin/member/index.html?page=1
[ log ] www.flowshow.com/FlowProject/charge/public/index.php/admin/member/index.html?page=1 [运行时间：0.064661s][吞吐率：15.47req/s] [内存消耗：1,835.77kb] [文件加载：48]
[ info ] [ LANG ] D:\WWW\FlowShow\FlowProject\charge\thinkphp\lang\zh-cn.php
[ info ] [ ROUTE ] array (
  'type' => 'module',
  'module' => 
  array (
    0 => 'admin',
    1 => 'member',
    2 => 'index',
  ),
)
[ info ] [ HEADER ] array (
  'cookie' => 'PHPSESSID=q8140j13mkehn200t3hvcp9gh7',
  'accept-language' => 'zh-CN,zh;q=0.9',
  'accept-encoding' => 'gzip, deflate',
  'referer' => 'http://www.flowshow.com/FlowProject/charge/public/index.php/admin/member/index.html',
  'user-agent' => 'Mozilla/5.0 (Windows NT 10.0; Win64; x64) AppleWebKit/537.36 (KHTML, like Gecko) Chrome/63.0.3239.108 Safari/537.36',
  'x-requested-with' => 'XMLHttpRequest',
  'accept' => 'application/json, text/javascript, */*; q=0.01',
  'connection' => 'keep-alive',
  'host' => 'www.flowshow.com',
  'content-length' => '',
  'content-type' => '',
)
[ info ] [ PARAM ] array (
  'page' => '1',
)
[ info ] [ SESSION ] INIT array (
  'id' => '',
  'var_session_id' => '10',
  'prefix' => 'think',
  'type' => '',
  'auto_start' => true,
)
[ info ] [ DB ] INIT mysql
[ info ] [ RUN ] app\admin\controller\Member->index[ D:\WWW\FlowShow\FlowProject\charge\application\admin\controller\Member.php ]
[ info ] [ LOG ] INIT File
[ sql ] [ DB ] CONNECT:[ UseTime:0.002360s ] mysql:dbname=bill_charge;host=192.168.30.33;port=3306;charset=utf8
[ sql ] [ SQL ] SHOW COLUMNS FROM `bill_auth_rule` [ RunTime:0.002565s ]
[ sql ] [ SQL ] SELECT * FROM `bill_auth_rule` WHERE  (  status = 1 ) ORDER BY sort  [ RunTime:0.002474s ]
[ sql ] [ SQL ] SHOW COLUMNS FROM `bill_user` [ RunTime:0.002320s ]
[ sql ] [ SQL ] SELECT COUNT(*) AS tp_count FROM `bill_user` LIMIT 1   [ RunTime:0.000988s ]
[ sql ] [ SQL ] SELECT `bill_user`.* FROM `bill_user` ORDER BY uid desc LIMIT 0,10   [ RunTime:0.001631s ]

---------------------------------------------------------------
[ 2018-01-23T10:23:11+08:00 ] 127.0.0.1 127.0.0.1 GET /FlowProject/charge/public/index.php/admin/member/index.html?page=2
[ log ] www.flowshow.com/FlowProject/charge/public/index.php/admin/member/index.html?page=2 [运行时间：0.109498s][吞吐率：9.13req/s] [内存消耗：1,836.03kb] [文件加载：48]
[ info ] [ LANG ] D:\WWW\FlowShow\FlowProject\charge\thinkphp\lang\zh-cn.php
[ info ] [ ROUTE ] array (
  'type' => 'module',
  'module' => 
  array (
    0 => 'admin',
    1 => 'member',
    2 => 'index',
  ),
)
[ info ] [ HEADER ] array (
  'cookie' => 'PHPSESSID=q8140j13mkehn200t3hvcp9gh7',
  'accept-language' => 'zh-CN,zh;q=0.9',
  'accept-encoding' => 'gzip, deflate',
  'referer' => 'http://www.flowshow.com/FlowProject/charge/public/index.php/admin/member/index.html',
  'user-agent' => 'Mozilla/5.0 (Windows NT 10.0; Win64; x64) AppleWebKit/537.36 (KHTML, like Gecko) Chrome/63.0.3239.108 Safari/537.36',
  'x-requested-with' => 'XMLHttpRequest',
  'accept' => 'application/json, text/javascript, */*; q=0.01',
  'connection' => 'keep-alive',
  'host' => 'www.flowshow.com',
  'content-length' => '',
  'content-type' => '',
)
[ info ] [ PARAM ] array (
  'page' => '2',
)
[ info ] [ SESSION ] INIT array (
  'id' => '',
  'var_session_id' => '10',
  'prefix' => 'think',
  'type' => '',
  'auto_start' => true,
)
[ info ] [ DB ] INIT mysql
[ info ] [ RUN ] app\admin\controller\Member->index[ D:\WWW\FlowShow\FlowProject\charge\application\admin\controller\Member.php ]
[ info ] [ LOG ] INIT File
[ sql ] [ DB ] CONNECT:[ UseTime:0.003625s ] mysql:dbname=bill_charge;host=192.168.30.33;port=3306;charset=utf8
[ sql ] [ SQL ] SHOW COLUMNS FROM `bill_auth_rule` [ RunTime:0.005588s ]
[ sql ] [ SQL ] SELECT * FROM `bill_auth_rule` WHERE  (  status = 1 ) ORDER BY sort  [ RunTime:0.002859s ]
[ sql ] [ SQL ] SHOW COLUMNS FROM `bill_user` [ RunTime:0.006653s ]
[ sql ] [ SQL ] SELECT COUNT(*) AS tp_count FROM `bill_user` LIMIT 1   [ RunTime:0.015424s ]
[ sql ] [ SQL ] SELECT `bill_user`.* FROM `bill_user` ORDER BY uid desc LIMIT 10,10   [ RunTime:0.020269s ]

---------------------------------------------------------------
[ 2018-01-23T10:23:14+08:00 ] 127.0.0.1 127.0.0.1 GET /FlowProject/charge/public/index.php/admin/member/index.html?page=1
[ log ] www.flowshow.com/FlowProject/charge/public/index.php/admin/member/index.html?page=1 [运行时间：0.075874s][吞吐率：13.18req/s] [内存消耗：1,835.77kb] [文件加载：48]
[ info ] [ LANG ] D:\WWW\FlowShow\FlowProject\charge\thinkphp\lang\zh-cn.php
[ info ] [ ROUTE ] array (
  'type' => 'module',
  'module' => 
  array (
    0 => 'admin',
    1 => 'member',
    2 => 'index',
  ),
)
[ info ] [ HEADER ] array (
  'cookie' => 'PHPSESSID=q8140j13mkehn200t3hvcp9gh7',
  'accept-language' => 'zh-CN,zh;q=0.9',
  'accept-encoding' => 'gzip, deflate',
  'referer' => 'http://www.flowshow.com/FlowProject/charge/public/index.php/admin/member/index.html',
  'user-agent' => 'Mozilla/5.0 (Windows NT 10.0; Win64; x64) AppleWebKit/537.36 (KHTML, like Gecko) Chrome/63.0.3239.108 Safari/537.36',
  'x-requested-with' => 'XMLHttpRequest',
  'accept' => 'application/json, text/javascript, */*; q=0.01',
  'connection' => 'keep-alive',
  'host' => 'www.flowshow.com',
  'content-length' => '',
  'content-type' => '',
)
[ info ] [ PARAM ] array (
  'page' => '1',
)
[ info ] [ SESSION ] INIT array (
  'id' => '',
  'var_session_id' => '10',
  'prefix' => 'think',
  'type' => '',
  'auto_start' => true,
)
[ info ] [ DB ] INIT mysql
[ info ] [ RUN ] app\admin\controller\Member->index[ D:\WWW\FlowShow\FlowProject\charge\application\admin\controller\Member.php ]
[ info ] [ LOG ] INIT File
[ sql ] [ DB ] CONNECT:[ UseTime:0.011433s ] mysql:dbname=bill_charge;host=192.168.30.33;port=3306;charset=utf8
[ sql ] [ SQL ] SHOW COLUMNS FROM `bill_auth_rule` [ RunTime:0.002112s ]
[ sql ] [ SQL ] SELECT * FROM `bill_auth_rule` WHERE  (  status = 1 ) ORDER BY sort  [ RunTime:0.002006s ]
[ sql ] [ SQL ] SHOW COLUMNS FROM `bill_user` [ RunTime:0.002324s ]
[ sql ] [ SQL ] SELECT COUNT(*) AS tp_count FROM `bill_user` LIMIT 1   [ RunTime:0.001333s ]
[ sql ] [ SQL ] SELECT `bill_user`.* FROM `bill_user` ORDER BY uid desc LIMIT 0,10   [ RunTime:0.001563s ]

---------------------------------------------------------------
[ 2018-01-23T10:23:38+08:00 ] 127.0.0.1 127.0.0.1 GET /FlowProject/charge/public/index.php/admin/member/index.html
[ log ] www.flowshow.com/FlowProject/charge/public/index.php/admin/member/index.html [运行时间：0.062293s][吞吐率：16.05req/s] [内存消耗：1,830.54kb] [文件加载：48]
[ info ] [ LANG ] D:\WWW\FlowShow\FlowProject\charge\thinkphp\lang\zh-cn.php
[ info ] [ ROUTE ] array (
  'type' => 'module',
  'module' => 
  array (
    0 => 'admin',
    1 => 'member',
    2 => 'index',
  ),
)
[ info ] [ HEADER ] array (
  'cookie' => 'PHPSESSID=q8140j13mkehn200t3hvcp9gh7',
  'accept-language' => 'zh-CN,zh;q=0.9',
  'accept-encoding' => 'gzip, deflate',
  'referer' => 'http://www.flowshow.com/FlowProject/charge/public/index.php/admin/member/index.html',
  'accept' => 'text/html,application/xhtml+xml,application/xml;q=0.9,image/webp,image/apng,*/*;q=0.8',
  'user-agent' => 'Mozilla/5.0 (Windows NT 10.0; Win64; x64) AppleWebKit/537.36 (KHTML, like Gecko) Chrome/63.0.3239.108 Safari/537.36',
  'upgrade-insecure-requests' => '1',
  'connection' => 'keep-alive',
  'host' => 'www.flowshow.com',
  'content-length' => '',
  'content-type' => '',
)
[ info ] [ PARAM ] array (
)
[ info ] [ SESSION ] INIT array (
  'id' => '',
  'var_session_id' => '10',
  'prefix' => 'think',
  'type' => '',
  'auto_start' => true,
)
[ info ] [ DB ] INIT mysql
[ info ] [ RUN ] app\admin\controller\Member->index[ D:\WWW\FlowShow\FlowProject\charge\application\admin\controller\Member.php ]
[ info ] [ VIEW ] D:\WWW\FlowShow\FlowProject\charge\public/../application/admin\view\member\index.html [ array (
  0 => 'username',
  1 => 'rolename',
  2 => 'Nowpage',
  3 => 'allpage',
  4 => 'count',
) ]
[ info ] [ LOG ] INIT File
[ sql ] [ DB ] CONNECT:[ UseTime:0.003486s ] mysql:dbname=bill_charge;host=192.168.30.33;port=3306;charset=utf8
[ sql ] [ SQL ] SHOW COLUMNS FROM `bill_auth_rule` [ RunTime:0.002018s ]
[ sql ] [ SQL ] SELECT * FROM `bill_auth_rule` WHERE  (  status = 1 ) ORDER BY sort  [ RunTime:0.001947s ]
[ sql ] [ SQL ] SHOW COLUMNS FROM `bill_user` [ RunTime:0.001932s ]
[ sql ] [ SQL ] SELECT COUNT(*) AS tp_count FROM `bill_user` LIMIT 1   [ RunTime:0.001082s ]
[ sql ] [ SQL ] SELECT `bill_user`.* FROM `bill_user` ORDER BY uid desc LIMIT 0,10   [ RunTime:0.002274s ]

---------------------------------------------------------------
[ 2018-01-23T10:23:38+08:00 ] 127.0.0.1 127.0.0.1 GET /FlowProject/charge/public/index.php/admin/member/index.html?page=1
[ log ] www.flowshow.com/FlowProject/charge/public/index.php/admin/member/index.html?page=1 [运行时间：0.057555s][吞吐率：17.37req/s] [内存消耗：1,835.77kb] [文件加载：48]
[ info ] [ LANG ] D:\WWW\FlowShow\FlowProject\charge\thinkphp\lang\zh-cn.php
[ info ] [ ROUTE ] array (
  'type' => 'module',
  'module' => 
  array (
    0 => 'admin',
    1 => 'member',
    2 => 'index',
  ),
)
[ info ] [ HEADER ] array (
  'cookie' => 'PHPSESSID=q8140j13mkehn200t3hvcp9gh7',
  'accept-language' => 'zh-CN,zh;q=0.9',
  'accept-encoding' => 'gzip, deflate',
  'referer' => 'http://www.flowshow.com/FlowProject/charge/public/index.php/admin/member/index.html',
  'user-agent' => 'Mozilla/5.0 (Windows NT 10.0; Win64; x64) AppleWebKit/537.36 (KHTML, like Gecko) Chrome/63.0.3239.108 Safari/537.36',
  'x-requested-with' => 'XMLHttpRequest',
  'accept' => 'application/json, text/javascript, */*; q=0.01',
  'connection' => 'keep-alive',
  'host' => 'www.flowshow.com',
  'content-length' => '',
  'content-type' => '',
)
[ info ] [ PARAM ] array (
  'page' => '1',
)
[ info ] [ SESSION ] INIT array (
  'id' => '',
  'var_session_id' => '10',
  'prefix' => 'think',
  'type' => '',
  'auto_start' => true,
)
[ info ] [ DB ] INIT mysql
[ info ] [ RUN ] app\admin\controller\Member->index[ D:\WWW\FlowShow\FlowProject\charge\application\admin\controller\Member.php ]
[ info ] [ LOG ] INIT File
[ sql ] [ DB ] CONNECT:[ UseTime:0.002393s ] mysql:dbname=bill_charge;host=192.168.30.33;port=3306;charset=utf8
[ sql ] [ SQL ] SHOW COLUMNS FROM `bill_auth_rule` [ RunTime:0.002059s ]
[ sql ] [ SQL ] SELECT * FROM `bill_auth_rule` WHERE  (  status = 1 ) ORDER BY sort  [ RunTime:0.001610s ]
[ sql ] [ SQL ] SHOW COLUMNS FROM `bill_user` [ RunTime:0.002129s ]
[ sql ] [ SQL ] SELECT COUNT(*) AS tp_count FROM `bill_user` LIMIT 1   [ RunTime:0.000864s ]
[ sql ] [ SQL ] SELECT `bill_user`.* FROM `bill_user` ORDER BY uid desc LIMIT 0,10   [ RunTime:0.001462s ]

---------------------------------------------------------------
