[ 2017-09-25T19:22:49+08:00 ] 127.0.0.1 127.0.0.1 GET /index.php/admin/login/index.html
[ log ] www.charge.com/index.php/admin/login/index.html [运行时间：0.038643s][吞吐率：25.88req/s] [内存消耗：1,148.91kb] [文件加载：38]
[ info ] [ LANG ] D:\WWW\charge\thinkphp\lang\zh-cn.php
[ info ] [ ROUTE ] array (
  'type' => 'module',
  'module' => 
  array (
    0 => 'admin',
    1 => 'login',
    2 => 'index',
  ),
)
[ info ] [ HEADER ] array (
  'upgrade-insecure-requests' => '1',
  'referer' => 'http://www.charge.com/index.php/admin/login/index.html',
  'proxy-connection' => 'keep-alive',
  'pragma' => 'no-cache',
  'cache-control' => 'no-cache',
  'accept-language' => 'zh-CN,zh;q=0.8',
  'accept-encoding' => 'gzip, deflate',
  'accept' => 'text/html,application/xhtml+xml,application/xml;q=0.9,image/webp,image/apng,*/*;q=0.8',
  'user-agent' => 'Mozilla/5.0 (Windows NT 10.0; Win64; x64) AppleWebKit/537.36 (KHTML, like Gecko) Chrome/60.0.3112.90 Safari/537.36',
  'host' => 'www.charge.com',
  'content-length' => '',
  'content-type' => '',
)
[ info ] [ PARAM ] array (
)
[ info ] [ RUN ] app\admin\controller\Login->index[ D:\WWW\charge\application\admin\controller\Login.php ]
[ info ] [ VIEW ] D:\WWW\charge\public/../application/admin\view\login\login.html [ array (
) ]
[ info ] [ LOG ] INIT File

---------------------------------------------------------------
[ 2017-09-25T19:22:49+08:00 ] 127.0.0.1 127.0.0.1 GET /index.php/admin/login/getverify/t/1506338569.html
[ log ] www.charge.com/index.php/admin/login/getverify/t/1506338569.html [运行时间：0.120423s][吞吐率：8.30req/s] [内存消耗：1,017.84kb] [文件加载：35]
[ info ] [ LANG ] D:\WWW\charge\thinkphp\lang\zh-cn.php
[ info ] [ ROUTE ] array (
  'type' => 'module',
  'module' => 
  array (
    0 => 'admin',
    1 => 'login',
    2 => 'getverify',
  ),
)
[ info ] [ HEADER ] array (
  'x-requested-with' => 'XMLHttpRequest',
  'referer' => 'http://www.charge.com/index.php/admin/login/index.html',
  'proxy-connection' => 'keep-alive',
  'pragma' => 'no-cache',
  'cache-control' => 'no-cache',
  'accept-language' => 'zh-CN,zh;q=0.8',
  'accept-encoding' => 'gzip, deflate',
  'accept' => 'application/json, text/javascript, */*; q=0.01',
  'user-agent' => 'Mozilla/5.0 (Windows NT 10.0; Win64; x64) AppleWebKit/537.36 (KHTML, like Gecko) Chrome/60.0.3112.90 Safari/537.36',
  'host' => 'www.charge.com',
  'content-length' => '',
  'content-type' => '',
)
[ info ] [ PARAM ] array (
  't' => '1506338569',
)
[ info ] [ RUN ] app\admin\controller\Login->getVerify[ D:\WWW\charge\application\admin\controller\Login.php ]
[ info ] [ SESSION ] INIT array (
  'id' => '',
  'var_session_id' => '',
  'prefix' => 'think',
  'type' => '',
  'auto_start' => true,
)
[ info ] [ LOG ] INIT File

---------------------------------------------------------------
[ 2017-09-25T19:23:05+08:00 ] 127.0.0.1 127.0.0.1 GET /index.php/admin/login/index.html
[ log ] www.charge.com/index.php/admin/login/index.html [运行时间：0.035389s][吞吐率：28.26req/s] [内存消耗：1,023.59kb] [文件加载：36]
[ info ] [ LANG ] D:\WWW\charge\thinkphp\lang\zh-cn.php
[ info ] [ ROUTE ] array (
  'type' => 'module',
  'module' => 
  array (
    0 => 'admin',
    1 => 'login',
    2 => 'index',
  ),
)
[ info ] [ HEADER ] array (
  'x-lantern-version' => '3.7.4',
  'upgrade-insecure-requests' => '1',
  'referer' => 'http://www.charge.com/index.php/admin/login/index.html',
  'proxy-connection' => 'keep-alive',
  'pragma' => 'no-cache',
  'cache-control' => 'no-cache',
  'accept-language' => 'zh-CN,zh;q=0.8',
  'accept-encoding' => 'gzip, deflate',
  'accept' => 'text/html,application/xhtml+xml,application/xml;q=0.9,image/webp,image/apng,*/*;q=0.8',
  'user-agent' => 'Mozilla/5.0 (Windows NT 10.0; Win64; x64) AppleWebKit/537.36 (KHTML, like Gecko) Chrome/60.0.3112.90 Safari/537.36',
  'host' => 'www.charge.com',
  'content-length' => '',
  'content-type' => '',
)
[ info ] [ PARAM ] array (
)
[ info ] [ RUN ] app\admin\controller\Login->index[ D:\WWW\charge\application\admin\controller\Login.php ]
[ info ] [ VIEW ] D:\WWW\charge\public/../application/admin\view\login\login.html [ array (
) ]
[ info ] [ LOG ] INIT File

---------------------------------------------------------------
[ 2017-09-25T19:23:06+08:00 ] 127.0.0.1 127.0.0.1 GET /index.php/admin/login/getverify/t/1506338585.html
[ log ] www.charge.com/index.php/admin/login/getverify/t/1506338585.html [运行时间：0.118306s][吞吐率：8.45req/s] [内存消耗：1,017.84kb] [文件加载：35]
[ info ] [ LANG ] D:\WWW\charge\thinkphp\lang\zh-cn.php
[ info ] [ ROUTE ] array (
  'type' => 'module',
  'module' => 
  array (
    0 => 'admin',
    1 => 'login',
    2 => 'getverify',
  ),
)
[ info ] [ HEADER ] array (
  'x-requested-with' => 'XMLHttpRequest',
  'referer' => 'http://www.charge.com/index.php/admin/login/index.html',
  'proxy-connection' => 'keep-alive',
  'pragma' => 'no-cache',
  'cache-control' => 'no-cache',
  'accept-language' => 'zh-CN,zh;q=0.8',
  'accept-encoding' => 'gzip, deflate',
  'accept' => 'application/json, text/javascript, */*; q=0.01',
  'user-agent' => 'Mozilla/5.0 (Windows NT 10.0; Win64; x64) AppleWebKit/537.36 (KHTML, like Gecko) Chrome/60.0.3112.90 Safari/537.36',
  'host' => 'www.charge.com',
  'content-length' => '',
  'content-type' => '',
)
[ info ] [ PARAM ] array (
  't' => '1506338585',
)
[ info ] [ RUN ] app\admin\controller\Login->getVerify[ D:\WWW\charge\application\admin\controller\Login.php ]
[ info ] [ SESSION ] INIT array (
  'id' => '',
  'var_session_id' => '',
  'prefix' => 'think',
  'type' => '',
  'auto_start' => true,
)
[ info ] [ LOG ] INIT File

---------------------------------------------------------------
[ 2017-09-25T19:23:15+08:00 ] 127.0.0.1 127.0.0.1 POST /index.php/admin/login/dologin.html
[ log ] www.charge.com/index.php/admin/login/dologin.html [运行时间：0.243126s][吞吐率：4.11req/s] [内存消耗：1,800.52kb] [文件加载：46]
[ info ] [ LANG ] D:\WWW\charge\thinkphp\lang\zh-cn.php
[ info ] [ ROUTE ] array (
  'type' => 'module',
  'module' => 
  array (
    0 => 'admin',
    1 => 'login',
    2 => 'dologin',
  ),
)
[ info ] [ HEADER ] array (
  'x-requested-with' => 'XMLHttpRequest',
  'referer' => 'http://www.charge.com/index.php/admin/login/index.html',
  'proxy-connection' => 'keep-alive',
  'pragma' => 'no-cache',
  'origin' => 'http://www.charge.com',
  'content-type' => 'application/x-www-form-urlencoded; charset=UTF-8',
  'cache-control' => 'no-cache',
  'accept-language' => 'zh-CN,zh;q=0.8',
  'accept-encoding' => 'gzip, deflate',
  'accept' => 'application/json, text/javascript, */*; q=0.01',
  'content-length' => '195',
  'user-agent' => 'Mozilla/5.0 (Windows NT 10.0; Win64; x64) AppleWebKit/537.36 (KHTML, like Gecko) Chrome/60.0.3112.90 Safari/537.36',
  'host' => 'www.charge.com',
)
[ info ] [ PARAM ] array (
  'username' => 'admin',
  'password' => 'qlh.947669',
  'geetest_challenge' => 'ade8d7e2688f8ebfa46ff78d888f162764',
  'geetest_validate' => '0838deba742b836b0a175bef5b3d53d3',
  'geetest_seccode' => '0838deba742b836b0a175bef5b3d53d3|jordan',
)
[ info ] [ RUN ] app\admin\controller\Login->doLogin[ D:\WWW\charge\application\admin\controller\Login.php ]
[ info ] [ DB ] INIT mysql
[ info ] [ SESSION ] INIT array (
  'id' => '',
  'var_session_id' => '',
  'prefix' => 'think',
  'type' => '',
  'auto_start' => true,
)
[ info ] [ DB ] INIT mysql
[ info ] [ LOG ] INIT File
[ sql ] [ DB ] CONNECT:[ UseTime:0.023041s ] mysql:dbname=bill_charge;host=192.168.120.4;port=3306;charset=utf8
[ sql ] [ SQL ] SHOW COLUMNS FROM `bill_admin` [ RunTime:0.016463s ]
[ sql ] [ SQL ] SELECT * FROM `bill_admin` WHERE  `username` = 'admin' LIMIT 1    [ RunTime:0.015026s ]
[ sql ] [ SQL ] SHOW COLUMNS FROM `bill_auth_group` [ RunTime:0.017011s ]
[ sql ] [ SQL ] SELECT * FROM `bill_auth_group` WHERE  `id` = 1 LIMIT 1    [ RunTime:0.012399s ]
[ sql ] [ SQL ] SHOW COLUMNS FROM `bill_auth_rule` [ RunTime:0.016549s ]
[ sql ] [ SQL ] SELECT `name` FROM `bill_auth_rule`  [ RunTime:0.016073s ]
[ sql ] [ SQL ] UPDATE `bill_admin`  SET `loginnum`=379,`last_login_ip`='127.0.0.1',`last_login_time`=1506338595  WHERE  `id` = 1       [ RunTime:0.013956s ]
[ sql ] [ DB ] CONNECT:[ UseTime:0.018240s ] mysql:dbname=bill_charge;host=192.168.120.4;port=3306;charset=utf8
[ sql ] [ SQL ] SHOW COLUMNS FROM `bill_log` [ RunTime:0.015705s ]
[ sql ] [ SQL ] INSERT INTO `bill_log` (`admin_id` , `admin_name` , `description` , `status` , `ip` , `add_time`) VALUES (1 , 'admin' , '用户【admin】登录成功' , 1 , '127.0.0.1' , 1506338595)        [ RunTime:0.011497s ]

---------------------------------------------------------------
[ 2017-09-25T19:23:18+08:00 ] 127.0.0.1 127.0.0.1 GET /index.php/admin/index/index.html
[ log ] www.charge.com/index.php/admin/index/index.html [运行时间：0.037538s][吞吐率：26.64req/s] [内存消耗：1,032.34kb] [文件加载：38]
[ info ] [ LANG ] D:\WWW\charge\thinkphp\lang\zh-cn.php
[ info ] [ ROUTE ] array (
  'type' => 'module',
  'module' => 
  array (
    0 => 'admin',
    1 => 'index',
    2 => 'index',
  ),
)
[ info ] [ HEADER ] array (
  'upgrade-insecure-requests' => '1',
  'referer' => 'http://www.charge.com/index.php/admin/login/index.html',
  'proxy-connection' => 'keep-alive',
  'pragma' => 'no-cache',
  'cache-control' => 'no-cache',
  'accept-language' => 'zh-CN,zh;q=0.8',
  'accept-encoding' => 'gzip, deflate',
  'accept' => 'text/html,application/xhtml+xml,application/xml;q=0.9,image/webp,image/apng,*/*;q=0.8',
  'user-agent' => 'Mozilla/5.0 (Windows NT 10.0; Win64; x64) AppleWebKit/537.36 (KHTML, like Gecko) Chrome/60.0.3112.90 Safari/537.36',
  'host' => 'www.charge.com',
  'content-length' => '',
  'content-type' => '',
)
[ info ] [ PARAM ] array (
)
[ info ] [ SESSION ] INIT array (
  'id' => '',
  'var_session_id' => '',
  'prefix' => 'think',
  'type' => '',
  'auto_start' => true,
)
[ info ] [ LOG ] INIT File

---------------------------------------------------------------
[ 2017-09-25T19:23:18+08:00 ] 127.0.0.1 127.0.0.1 GET /index.php/admin/login/index.html
[ log ] www.charge.com/index.php/admin/login/index.html [运行时间：0.027333s][吞吐率：36.59req/s] [内存消耗：1,023.44kb] [文件加载：36]
[ info ] [ LANG ] D:\WWW\charge\thinkphp\lang\zh-cn.php
[ info ] [ ROUTE ] array (
  'type' => 'module',
  'module' => 
  array (
    0 => 'admin',
    1 => 'login',
    2 => 'index',
  ),
)
[ info ] [ HEADER ] array (
  'upgrade-insecure-requests' => '1',
  'referer' => 'http://www.charge.com/index.php/admin/login/index.html',
  'proxy-connection' => 'keep-alive',
  'pragma' => 'no-cache',
  'cache-control' => 'no-cache',
  'accept-language' => 'zh-CN,zh;q=0.8',
  'accept-encoding' => 'gzip, deflate',
  'accept' => 'text/html,application/xhtml+xml,application/xml;q=0.9,image/webp,image/apng,*/*;q=0.8',
  'user-agent' => 'Mozilla/5.0 (Windows NT 10.0; Win64; x64) AppleWebKit/537.36 (KHTML, like Gecko) Chrome/60.0.3112.90 Safari/537.36',
  'host' => 'www.charge.com',
  'content-length' => '',
  'content-type' => '',
)
[ info ] [ PARAM ] array (
)
[ info ] [ RUN ] app\admin\controller\Login->index[ D:\WWW\charge\application\admin\controller\Login.php ]
[ info ] [ VIEW ] D:\WWW\charge\public/../application/admin\view\login\login.html [ array (
) ]
[ info ] [ LOG ] INIT File

---------------------------------------------------------------
[ 2017-09-25T19:23:19+08:00 ] 127.0.0.1 127.0.0.1 GET /index.php/admin/login/getverify/t/1506338598.html
[ log ] www.charge.com/index.php/admin/login/getverify/t/1506338598.html [运行时间：0.110963s][吞吐率：9.01req/s] [内存消耗：1,017.84kb] [文件加载：35]
[ info ] [ LANG ] D:\WWW\charge\thinkphp\lang\zh-cn.php
[ info ] [ ROUTE ] array (
  'type' => 'module',
  'module' => 
  array (
    0 => 'admin',
    1 => 'login',
    2 => 'getverify',
  ),
)
[ info ] [ HEADER ] array (
  'x-requested-with' => 'XMLHttpRequest',
  'referer' => 'http://www.charge.com/index.php/admin/login/index.html',
  'proxy-connection' => 'keep-alive',
  'pragma' => 'no-cache',
  'cache-control' => 'no-cache',
  'accept-language' => 'zh-CN,zh;q=0.8',
  'accept-encoding' => 'gzip, deflate',
  'accept' => 'application/json, text/javascript, */*; q=0.01',
  'user-agent' => 'Mozilla/5.0 (Windows NT 10.0; Win64; x64) AppleWebKit/537.36 (KHTML, like Gecko) Chrome/60.0.3112.90 Safari/537.36',
  'host' => 'www.charge.com',
  'content-length' => '',
  'content-type' => '',
)
[ info ] [ PARAM ] array (
  't' => '1506338598',
)
[ info ] [ RUN ] app\admin\controller\Login->getVerify[ D:\WWW\charge\application\admin\controller\Login.php ]
[ info ] [ SESSION ] INIT array (
  'id' => '',
  'var_session_id' => '',
  'prefix' => 'think',
  'type' => '',
  'auto_start' => true,
)
[ info ] [ LOG ] INIT File

---------------------------------------------------------------
[ 2017-09-25T19:24:06+08:00 ] 127.0.0.1 127.0.0.1 POST /index.php/admin/login/dologin.html
[ log ] www.charge.com/index.php/admin/login/dologin.html [运行时间：0.137251s][吞吐率：7.29req/s] [内存消耗：1,560.88kb] [文件加载：43]
[ info ] [ LANG ] D:\WWW\charge\thinkphp\lang\zh-cn.php
[ info ] [ ROUTE ] array (
  'type' => 'module',
  'module' => 
  array (
    0 => 'admin',
    1 => 'login',
    2 => 'dologin',
  ),
)
[ info ] [ HEADER ] array (
  'x-requested-with' => 'XMLHttpRequest',
  'referer' => 'http://www.charge.com/index.php/admin/login/index.html',
  'proxy-connection' => 'keep-alive',
  'pragma' => 'no-cache',
  'origin' => 'http://www.charge.com',
  'content-type' => 'application/x-www-form-urlencoded; charset=UTF-8',
  'cache-control' => 'no-cache',
  'accept-language' => 'zh-CN,zh;q=0.8',
  'accept-encoding' => 'gzip, deflate',
  'accept' => 'application/json, text/javascript, */*; q=0.01',
  'content-length' => '81',
  'user-agent' => 'Mozilla/5.0 (Windows NT 10.0; Win64; x64) AppleWebKit/537.36 (KHTML, like Gecko) Chrome/60.0.3112.90 Safari/537.36',
  'host' => 'www.charge.com',
)
[ info ] [ PARAM ] array (
  'username' => 'admin',
  'password' => '123',
  'geetest_challenge' => '',
  'geetest_validate' => '',
  'geetest_seccode' => '',
)
[ info ] [ RUN ] app\admin\controller\Login->doLogin[ D:\WWW\charge\application\admin\controller\Login.php ]
[ info ] [ DB ] INIT mysql
[ info ] [ DB ] INIT mysql
[ info ] [ LOG ] INIT File
[ sql ] [ DB ] CONNECT:[ UseTime:0.020233s ] mysql:dbname=bill_charge;host=192.168.120.4;port=3306;charset=utf8
[ sql ] [ SQL ] SHOW COLUMNS FROM `bill_admin` [ RunTime:0.013598s ]
[ sql ] [ SQL ] SELECT * FROM `bill_admin` WHERE  `username` = 'admin' LIMIT 1    [ RunTime:0.011431s ]
[ sql ] [ DB ] CONNECT:[ UseTime:0.017875s ] mysql:dbname=bill_charge;host=192.168.120.4;port=3306;charset=utf8
[ sql ] [ SQL ] SHOW COLUMNS FROM `bill_log` [ RunTime:0.014673s ]
[ sql ] [ SQL ] INSERT INTO `bill_log` (`admin_id` , `admin_name` , `description` , `status` , `ip` , `add_time`) VALUES (1 , 'admin' , '用户【admin】登录失败：密码错误' , 2 , '127.0.0.1' , 1506338646)        [ RunTime:0.016074s ]

---------------------------------------------------------------
[ 2017-09-25T19:24:12+08:00 ] 127.0.0.1 127.0.0.1 POST /index.php/admin/login/dologin.html
[ log ] www.charge.com/index.php/admin/login/dologin.html [运行时间：0.218051s][吞吐率：4.59req/s] [内存消耗：1,800.33kb] [文件加载：46]
[ info ] [ LANG ] D:\WWW\charge\thinkphp\lang\zh-cn.php
[ info ] [ ROUTE ] array (
  'type' => 'module',
  'module' => 
  array (
    0 => 'admin',
    1 => 'login',
    2 => 'dologin',
  ),
)
[ info ] [ HEADER ] array (
  'x-requested-with' => 'XMLHttpRequest',
  'referer' => 'http://www.charge.com/index.php/admin/login/index.html',
  'proxy-connection' => 'keep-alive',
  'pragma' => 'no-cache',
  'origin' => 'http://www.charge.com',
  'content-type' => 'application/x-www-form-urlencoded; charset=UTF-8',
  'cache-control' => 'no-cache',
  'accept-language' => 'zh-CN,zh;q=0.8',
  'accept-encoding' => 'gzip, deflate',
  'accept' => 'application/json, text/javascript, */*; q=0.01',
  'content-length' => '88',
  'user-agent' => 'Mozilla/5.0 (Windows NT 10.0; Win64; x64) AppleWebKit/537.36 (KHTML, like Gecko) Chrome/60.0.3112.90 Safari/537.36',
  'host' => 'www.charge.com',
)
[ info ] [ PARAM ] array (
  'username' => 'admin',
  'password' => 'qlh.947669',
  'geetest_challenge' => '',
  'geetest_validate' => '',
  'geetest_seccode' => '',
)
[ info ] [ RUN ] app\admin\controller\Login->doLogin[ D:\WWW\charge\application\admin\controller\Login.php ]
[ info ] [ DB ] INIT mysql
[ info ] [ SESSION ] INIT array (
  'id' => '',
  'var_session_id' => '',
  'prefix' => 'think',
  'type' => '',
  'auto_start' => true,
)
[ info ] [ DB ] INIT mysql
[ info ] [ LOG ] INIT File
[ sql ] [ DB ] CONNECT:[ UseTime:0.019038s ] mysql:dbname=bill_charge;host=192.168.120.4;port=3306;charset=utf8
[ sql ] [ SQL ] SHOW COLUMNS FROM `bill_admin` [ RunTime:0.016102s ]
[ sql ] [ SQL ] SELECT * FROM `bill_admin` WHERE  `username` = 'admin' LIMIT 1    [ RunTime:0.011318s ]
[ sql ] [ SQL ] SHOW COLUMNS FROM `bill_auth_group` [ RunTime:0.014324s ]
[ sql ] [ SQL ] SELECT * FROM `bill_auth_group` WHERE  `id` = 1 LIMIT 1    [ RunTime:0.011104s ]
[ sql ] [ SQL ] SHOW COLUMNS FROM `bill_auth_rule` [ RunTime:0.012398s ]
[ sql ] [ SQL ] SELECT `name` FROM `bill_auth_rule`  [ RunTime:0.014536s ]
[ sql ] [ SQL ] UPDATE `bill_admin`  SET `loginnum`=380,`last_login_ip`='127.0.0.1',`last_login_time`=1506338652  WHERE  `id` = 1       [ RunTime:0.013682s ]
[ sql ] [ DB ] CONNECT:[ UseTime:0.017598s ] mysql:dbname=bill_charge;host=192.168.120.4;port=3306;charset=utf8
[ sql ] [ SQL ] SHOW COLUMNS FROM `bill_log` [ RunTime:0.012760s ]
[ sql ] [ SQL ] INSERT INTO `bill_log` (`admin_id` , `admin_name` , `description` , `status` , `ip` , `add_time`) VALUES (1 , 'admin' , '用户【admin】登录成功' , 1 , '127.0.0.1' , 1506338652)        [ RunTime:0.011352s ]

---------------------------------------------------------------
[ 2017-09-25T19:24:14+08:00 ] 127.0.0.1 127.0.0.1 GET /index.php/admin/index/index.html
[ log ] www.charge.com/index.php/admin/index/index.html [运行时间：0.062260s][吞吐率：16.06req/s] [内存消耗：1,032.34kb] [文件加载：38]
[ info ] [ LANG ] D:\WWW\charge\thinkphp\lang\zh-cn.php
[ info ] [ ROUTE ] array (
  'type' => 'module',
  'module' => 
  array (
    0 => 'admin',
    1 => 'index',
    2 => 'index',
  ),
)
[ info ] [ HEADER ] array (
  'upgrade-insecure-requests' => '1',
  'referer' => 'http://www.charge.com/index.php/admin/login/index.html',
  'proxy-connection' => 'keep-alive',
  'pragma' => 'no-cache',
  'cache-control' => 'no-cache',
  'accept-language' => 'zh-CN,zh;q=0.8',
  'accept-encoding' => 'gzip, deflate',
  'accept' => 'text/html,application/xhtml+xml,application/xml;q=0.9,image/webp,image/apng,*/*;q=0.8',
  'user-agent' => 'Mozilla/5.0 (Windows NT 10.0; Win64; x64) AppleWebKit/537.36 (KHTML, like Gecko) Chrome/60.0.3112.90 Safari/537.36',
  'host' => 'www.charge.com',
  'content-length' => '',
  'content-type' => '',
)
[ info ] [ PARAM ] array (
)
[ info ] [ SESSION ] INIT array (
  'id' => '',
  'var_session_id' => '',
  'prefix' => 'think',
  'type' => '',
  'auto_start' => true,
)
[ info ] [ LOG ] INIT File

---------------------------------------------------------------
[ 2017-09-25T19:24:15+08:00 ] 127.0.0.1 127.0.0.1 GET /index.php/admin/login/index.html
[ log ] www.charge.com/index.php/admin/login/index.html [运行时间：0.030065s][吞吐率：33.26req/s] [内存消耗：1,023.44kb] [文件加载：36]
[ info ] [ LANG ] D:\WWW\charge\thinkphp\lang\zh-cn.php
[ info ] [ ROUTE ] array (
  'type' => 'module',
  'module' => 
  array (
    0 => 'admin',
    1 => 'login',
    2 => 'index',
  ),
)
[ info ] [ HEADER ] array (
  'upgrade-insecure-requests' => '1',
  'referer' => 'http://www.charge.com/index.php/admin/login/index.html',
  'proxy-connection' => 'keep-alive',
  'pragma' => 'no-cache',
  'cache-control' => 'no-cache',
  'accept-language' => 'zh-CN,zh;q=0.8',
  'accept-encoding' => 'gzip, deflate',
  'accept' => 'text/html,application/xhtml+xml,application/xml;q=0.9,image/webp,image/apng,*/*;q=0.8',
  'user-agent' => 'Mozilla/5.0 (Windows NT 10.0; Win64; x64) AppleWebKit/537.36 (KHTML, like Gecko) Chrome/60.0.3112.90 Safari/537.36',
  'host' => 'www.charge.com',
  'content-length' => '',
  'content-type' => '',
)
[ info ] [ PARAM ] array (
)
[ info ] [ RUN ] app\admin\controller\Login->index[ D:\WWW\charge\application\admin\controller\Login.php ]
[ info ] [ VIEW ] D:\WWW\charge\public/../application/admin\view\login\login.html [ array (
) ]
[ info ] [ LOG ] INIT File

---------------------------------------------------------------
[ 2017-09-25T19:24:15+08:00 ] 127.0.0.1 127.0.0.1 GET /index.php/admin/login/getverify/t/1506338655.html
[ log ] www.charge.com/index.php/admin/login/getverify/t/1506338655.html [运行时间：0.120971s][吞吐率：8.27req/s] [内存消耗：1,017.84kb] [文件加载：35]
[ info ] [ LANG ] D:\WWW\charge\thinkphp\lang\zh-cn.php
[ info ] [ ROUTE ] array (
  'type' => 'module',
  'module' => 
  array (
    0 => 'admin',
    1 => 'login',
    2 => 'getverify',
  ),
)
[ info ] [ HEADER ] array (
  'x-requested-with' => 'XMLHttpRequest',
  'referer' => 'http://www.charge.com/index.php/admin/login/index.html',
  'proxy-connection' => 'keep-alive',
  'pragma' => 'no-cache',
  'cache-control' => 'no-cache',
  'accept-language' => 'zh-CN,zh;q=0.8',
  'accept-encoding' => 'gzip, deflate',
  'accept' => 'application/json, text/javascript, */*; q=0.01',
  'user-agent' => 'Mozilla/5.0 (Windows NT 10.0; Win64; x64) AppleWebKit/537.36 (KHTML, like Gecko) Chrome/60.0.3112.90 Safari/537.36',
  'host' => 'www.charge.com',
  'content-length' => '',
  'content-type' => '',
)
[ info ] [ PARAM ] array (
  't' => '1506338655',
)
[ info ] [ RUN ] app\admin\controller\Login->getVerify[ D:\WWW\charge\application\admin\controller\Login.php ]
[ info ] [ SESSION ] INIT array (
  'id' => '',
  'var_session_id' => '',
  'prefix' => 'think',
  'type' => '',
  'auto_start' => true,
)
[ info ] [ LOG ] INIT File

---------------------------------------------------------------
[ 2017-09-25T19:24:45+08:00 ] 127.0.0.1 127.0.0.1 GET /index.php/admin/login/index.html
[ log ] www.charge.com/index.php/admin/login/index.html [运行时间：0.029260s][吞吐率：34.18req/s] [内存消耗：1,023.44kb] [文件加载：36]
[ info ] [ LANG ] D:\WWW\charge\thinkphp\lang\zh-cn.php
[ info ] [ ROUTE ] array (
  'type' => 'module',
  'module' => 
  array (
    0 => 'admin',
    1 => 'login',
    2 => 'index',
  ),
)
[ info ] [ HEADER ] array (
  'upgrade-insecure-requests' => '1',
  'referer' => 'http://www.charge.com/index.php/admin/login/index.html',
  'proxy-connection' => 'keep-alive',
  'pragma' => 'no-cache',
  'cache-control' => 'no-cache',
  'accept-language' => 'zh-CN,zh;q=0.8',
  'accept-encoding' => 'gzip, deflate',
  'accept' => 'text/html,application/xhtml+xml,application/xml;q=0.9,image/webp,image/apng,*/*;q=0.8',
  'user-agent' => 'Mozilla/5.0 (Windows NT 10.0; Win64; x64) AppleWebKit/537.36 (KHTML, like Gecko) Chrome/60.0.3112.90 Safari/537.36',
  'host' => 'www.charge.com',
  'content-length' => '',
  'content-type' => '',
)
[ info ] [ PARAM ] array (
)
[ info ] [ RUN ] app\admin\controller\Login->index[ D:\WWW\charge\application\admin\controller\Login.php ]
[ info ] [ VIEW ] D:\WWW\charge\public/../application/admin\view\login\login.html [ array (
) ]
[ info ] [ LOG ] INIT File

---------------------------------------------------------------
[ 2017-09-25T19:24:46+08:00 ] 127.0.0.1 127.0.0.1 GET /index.php/admin/login/getverify/t/1506338685.html
[ log ] www.charge.com/index.php/admin/login/getverify/t/1506338685.html [运行时间：0.135601s][吞吐率：7.37req/s] [内存消耗：1,017.84kb] [文件加载：35]
[ info ] [ LANG ] D:\WWW\charge\thinkphp\lang\zh-cn.php
[ info ] [ ROUTE ] array (
  'type' => 'module',
  'module' => 
  array (
    0 => 'admin',
    1 => 'login',
    2 => 'getverify',
  ),
)
[ info ] [ HEADER ] array (
  'x-requested-with' => 'XMLHttpRequest',
  'referer' => 'http://www.charge.com/index.php/admin/login/index.html',
  'proxy-connection' => 'keep-alive',
  'pragma' => 'no-cache',
  'cache-control' => 'no-cache',
  'accept-language' => 'zh-CN,zh;q=0.8',
  'accept-encoding' => 'gzip, deflate',
  'accept' => 'application/json, text/javascript, */*; q=0.01',
  'user-agent' => 'Mozilla/5.0 (Windows NT 10.0; Win64; x64) AppleWebKit/537.36 (KHTML, like Gecko) Chrome/60.0.3112.90 Safari/537.36',
  'host' => 'www.charge.com',
  'content-length' => '',
  'content-type' => '',
)
[ info ] [ PARAM ] array (
  't' => '1506338685',
)
[ info ] [ RUN ] app\admin\controller\Login->getVerify[ D:\WWW\charge\application\admin\controller\Login.php ]
[ info ] [ SESSION ] INIT array (
  'id' => '',
  'var_session_id' => '',
  'prefix' => 'think',
  'type' => '',
  'auto_start' => true,
)
[ info ] [ LOG ] INIT File

---------------------------------------------------------------
[ 2017-09-25T19:24:52+08:00 ] 127.0.0.1 127.0.0.1 POST /index.php/admin/login/dologin.html
[ log ] www.charge.com/index.php/admin/login/dologin.html [运行时间：0.093904s][吞吐率：10.65req/s] [内存消耗：1,583.77kb] [文件加载：45]
[ info ] [ LANG ] D:\WWW\charge\thinkphp\lang\zh-cn.php
[ info ] [ ROUTE ] array (
  'type' => 'module',
  'module' => 
  array (
    0 => 'admin',
    1 => 'login',
    2 => 'dologin',
  ),
)
[ info ] [ HEADER ] array (
  'x-requested-with' => 'XMLHttpRequest',
  'referer' => 'http://www.charge.com/index.php/admin/login/index.html',
  'proxy-connection' => 'keep-alive',
  'pragma' => 'no-cache',
  'origin' => 'http://www.charge.com',
  'content-type' => 'application/x-www-form-urlencoded; charset=UTF-8',
  'cache-control' => 'no-cache',
  'accept-language' => 'zh-CN,zh;q=0.8',
  'accept-encoding' => 'gzip, deflate',
  'accept' => 'application/json, text/javascript, */*; q=0.01',
  'content-length' => '88',
  'user-agent' => 'Mozilla/5.0 (Windows NT 10.0; Win64; x64) AppleWebKit/537.36 (KHTML, like Gecko) Chrome/60.0.3112.90 Safari/537.36',
  'host' => 'www.charge.com',
)
[ info ] [ PARAM ] array (
  'username' => 'admin',
  'password' => 'qlh.947669',
  'geetest_challenge' => '',
  'geetest_validate' => '',
  'geetest_seccode' => '',
)
[ info ] [ RUN ] app\admin\controller\Login->doLogin[ D:\WWW\charge\application\admin\controller\Login.php ]
[ info ] [ DB ] INIT mysql
[ info ] [ SESSION ] INIT array (
  'id' => '',
  'var_session_id' => '',
  'prefix' => 'think',
  'type' => '',
  'auto_start' => true,
)
[ info ] [ LOG ] INIT File
[ sql ] [ DB ] CONNECT:[ UseTime:0.020854s ] mysql:dbname=bill_charge;host=192.168.120.4;port=3306;charset=utf8
[ sql ] [ SQL ] SHOW COLUMNS FROM `bill_admin` [ RunTime:0.013231s ]
[ sql ] [ SQL ] SELECT * FROM `bill_admin` WHERE  `username` = 'admin' LIMIT 1    [ RunTime:0.012323s ]

---------------------------------------------------------------
[ 2017-09-25T19:24:55+08:00 ] 127.0.0.1 127.0.0.1 POST /index.php/admin/login/dologin.html
[ log ] www.charge.com/index.php/admin/login/dologin.html [运行时间：0.135022s][吞吐率：7.41req/s] [内存消耗：1,603.71kb] [文件加载：47]
[ info ] [ LANG ] D:\WWW\charge\thinkphp\lang\zh-cn.php
[ info ] [ ROUTE ] array (
  'type' => 'module',
  'module' => 
  array (
    0 => 'admin',
    1 => 'login',
    2 => 'dologin',
  ),
)
[ info ] [ HEADER ] array (
  'x-requested-with' => 'XMLHttpRequest',
  'referer' => 'http://www.charge.com/index.php/admin/login/index.html',
  'proxy-connection' => 'keep-alive',
  'pragma' => 'no-cache',
  'origin' => 'http://www.charge.com',
  'content-type' => 'application/x-www-form-urlencoded; charset=UTF-8',
  'cache-control' => 'no-cache',
  'accept-language' => 'zh-CN,zh;q=0.8',
  'accept-encoding' => 'gzip, deflate',
  'accept' => 'application/json, text/javascript, */*; q=0.01',
  'content-length' => '195',
  'user-agent' => 'Mozilla/5.0 (Windows NT 10.0; Win64; x64) AppleWebKit/537.36 (KHTML, like Gecko) Chrome/60.0.3112.90 Safari/537.36',
  'host' => 'www.charge.com',
)
[ info ] [ PARAM ] array (
  'username' => 'admin',
  'password' => 'qlh.947669',
  'geetest_challenge' => 'b9a126e31a1e4979174146a271e603e76t',
  'geetest_validate' => '5a9f9505e7fcf0dd03302337d09d3355',
  'geetest_seccode' => '5a9f9505e7fcf0dd03302337d09d3355|jordan',
)
[ info ] [ RUN ] app\admin\controller\Login->doLogin[ D:\WWW\charge\application\admin\controller\Login.php ]
[ info ] [ DB ] INIT mysql
[ info ] [ SESSION ] INIT array (
  'id' => '',
  'var_session_id' => '',
  'prefix' => 'think',
  'type' => '',
  'auto_start' => true,
)
[ info ] [ LOG ] INIT File
[ sql ] [ DB ] CONNECT:[ UseTime:0.019806s ] mysql:dbname=bill_charge;host=192.168.120.4;port=3306;charset=utf8
[ sql ] [ SQL ] SHOW COLUMNS FROM `bill_admin` [ RunTime:0.013991s ]
[ sql ] [ SQL ] SELECT * FROM `bill_admin` WHERE  `username` = 'admin' LIMIT 1    [ RunTime:0.017462s ]
[ error ] [8]未定义数组下标: 5[D:\WWW\charge\extend\com\Geetestlib.php:287]

---------------------------------------------------------------
[ 2017-09-25T19:25:06+08:00 ] 127.0.0.1 127.0.0.1 POST /index.php/admin/login/dologin.html
[ log ] www.charge.com/index.php/admin/login/dologin.html [运行时间：0.117637s][吞吐率：8.50req/s] [内存消耗：1,603.71kb] [文件加载：47]
[ info ] [ LANG ] D:\WWW\charge\thinkphp\lang\zh-cn.php
[ info ] [ ROUTE ] array (
  'type' => 'module',
  'module' => 
  array (
    0 => 'admin',
    1 => 'login',
    2 => 'dologin',
  ),
)
[ info ] [ HEADER ] array (
  'x-requested-with' => 'XMLHttpRequest',
  'referer' => 'http://www.charge.com/index.php/admin/login/index.html',
  'proxy-connection' => 'keep-alive',
  'pragma' => 'no-cache',
  'origin' => 'http://www.charge.com',
  'content-type' => 'application/x-www-form-urlencoded; charset=UTF-8',
  'cache-control' => 'no-cache',
  'accept-language' => 'zh-CN,zh;q=0.8',
  'accept-encoding' => 'gzip, deflate',
  'accept' => 'application/json, text/javascript, */*; q=0.01',
  'content-length' => '195',
  'user-agent' => 'Mozilla/5.0 (Windows NT 10.0; Win64; x64) AppleWebKit/537.36 (KHTML, like Gecko) Chrome/60.0.3112.90 Safari/537.36',
  'host' => 'www.charge.com',
)
[ info ] [ PARAM ] array (
  'username' => 'admin',
  'password' => 'qlh.947669',
  'geetest_challenge' => 'b9a126e31a1e4979174146a271e603e76t',
  'geetest_validate' => '5a9f9505e7fcf0dd03302337d09d3355',
  'geetest_seccode' => '5a9f9505e7fcf0dd03302337d09d3355|jordan',
)
[ info ] [ RUN ] app\admin\controller\Login->doLogin[ D:\WWW\charge\application\admin\controller\Login.php ]
[ info ] [ DB ] INIT mysql
[ info ] [ SESSION ] INIT array (
  'id' => '',
  'var_session_id' => '',
  'prefix' => 'think',
  'type' => '',
  'auto_start' => true,
)
[ info ] [ LOG ] INIT File
[ sql ] [ DB ] CONNECT:[ UseTime:0.024927s ] mysql:dbname=bill_charge;host=192.168.120.4;port=3306;charset=utf8
[ sql ] [ SQL ] SHOW COLUMNS FROM `bill_admin` [ RunTime:0.021611s ]
[ sql ] [ SQL ] SELECT * FROM `bill_admin` WHERE  `username` = 'admin' LIMIT 1    [ RunTime:0.015556s ]
[ error ] [8]未定义数组下标: 5[D:\WWW\charge\extend\com\Geetestlib.php:287]

---------------------------------------------------------------
