[ 2018-11-03T23:57:40+08:00 ] 172.24.117.196 183.4.43.125 GET /charge/public/index.php/port/check/UserCheck?openid=oOcH90GND00Q-lGt-Ih2xABUu9js&limit=3&lastid=0
[ log ] www.qinlh.com/charge/public/index.php/port/check/UserCheck?openid=oOcH90GND00Q-lGt-Ih2xABUu9js&limit=3&lastid=0 [运行时间：0.439945s][吞吐率：2.27req/s] [内存消耗：2,756.59kb] [文件加载：41]
[ sql ] [ DB ] CONNECT:[ UseTime:0.008989s ] mysql:dbname=bill_charge;host=39.104.52.159;port=3306;charset=utf8
[ sql ] [ SQL ] SHOW COLUMNS FROM `bill_public_follow` [ RunTime:0.001424s ]
[ sql ] [ SQL ] SELECT `f`.`uid` FROM `bill_public_follow` `f` INNER JOIN `bill_user` `u` ON `f`.`uid`=`u`.`uid` WHERE  `f`.`openid` = 'oOcH90GND00Q-lGt-Ih2xABUu9js' LIMIT 1   [ RunTime:0.000805s ]
[ sql ] [ SQL ] 
							SELECT
								sum(`money`) AS `money`,
								`time`
							FROM
								`bill_charge`
							WHERE
								`user_id` = '32850'
							AND `inout_start` = 1
							AND `time` >= unix_timestamp('2018-11-01 00:00:00')
							AND `time` <= unix_timestamp('2018-11-30 23:29:59')
							ORDER BY
								`a_id` DESC
						 [ RunTime:0.020838s ]
[ sql ] [ SQL ] 
							SELECT
								sum(`money`) AS `money`,
								`time`
							FROM
								`bill_charge`
							WHERE
								`user_id` = '32850'
							AND `inout_start` = 2
							AND `time` >= unix_timestamp('2018-11-01 00:00:00')
							AND `time` <= unix_timestamp('2018-11-30 23:29:59')
							ORDER BY
								`a_id` DESC
						 [ RunTime:0.018700s ]
[ sql ] [ SQL ] SHOW COLUMNS FROM `bill_charge` [ RunTime:0.000863s ]
[ sql ] [ SQL ] SELECT COUNT(*) AS tp_count FROM `bill_charge` WHERE  `user_id` = 32850 LIMIT 1    [ RunTime:0.023987s ]
[ sql ] [ SQL ] 
						SELECT
							time,
							a_id
						FROM
							bill_charge
						WHERE
							a_id > 0 and user_id = 32850
						GROUP BY
							time
						ORDER BY
							a_id DESC
						LIMIT 3
					 [ RunTime:0.138057s ]
[ sql ] [ SQL ] 
						SELECT
							time,
							a_id
						FROM
							bill_charge
						WHERE
							a_id > 0 and user_id = 32850
						GROUP BY
							time
						ORDER BY
							time DESC
					 [ RunTime:0.016713s ]
[ sql ] [ SQL ] 
									SELECT
										time,
										inout_start,
										sum(money) AS money
									FROM
										bill_charge
									WHERE
										user_id = 32850
									AND inout_start = 1
									AND time = 1541174400
									GROUP BY
										time
							 [ RunTime:0.016744s ]
[ sql ] [ SQL ] 
										SELECT
											time,
											inout_start,
											sum(money) AS money
										FROM
											bill_charge
										WHERE
											user_id = 32850
										AND inout_start = 2
										AND time = 1541174400
										GROUP BY
											time
									 [ RunTime:0.016604s ]
[ sql ] [ SQL ] SELECT * FROM `bill_charge` `c` INNER JOIN `bill_inout_class` `i` ON `c`.`inout_class`=`i`.`c_id` WHERE  `c`.`time` = 1541174400  AND `c`.`user_id` = 32850 ORDER BY c.a_id desc  [ RunTime:0.017425s ]
[ sql ] [ SQL ] 
									SELECT
										time,
										inout_start,
										sum(money) AS money
									FROM
										bill_charge
									WHERE
										user_id = 32850
									AND inout_start = 1
									AND time = 1541088000
									GROUP BY
										time
							 [ RunTime:0.016899s ]
[ sql ] [ SQL ] 
										SELECT
											time,
											inout_start,
											sum(money) AS money
										FROM
											bill_charge
										WHERE
											user_id = 32850
										AND inout_start = 2
										AND time = 1541088000
										GROUP BY
											time
									 [ RunTime:0.016689s ]
[ sql ] [ SQL ] SELECT * FROM `bill_charge` `c` INNER JOIN `bill_inout_class` `i` ON `c`.`inout_class`=`i`.`c_id` WHERE  `c`.`time` = 1541088000  AND `c`.`user_id` = 32850 ORDER BY c.a_id desc  [ RunTime:0.025527s ]
[ sql ] [ SQL ] 
									SELECT
										time,
										inout_start,
										sum(money) AS money
									FROM
										bill_charge
									WHERE
										user_id = 32850
									AND inout_start = 1
									AND time = 1541001600
									GROUP BY
										time
							 [ RunTime:0.018080s ]
[ sql ] [ SQL ] 
										SELECT
											time,
											inout_start,
											sum(money) AS money
										FROM
											bill_charge
										WHERE
											user_id = 32850
										AND inout_start = 2
										AND time = 1541001600
										GROUP BY
											time
									 [ RunTime:0.017461s ]
[ sql ] [ SQL ] SELECT * FROM `bill_charge` `c` INNER JOIN `bill_inout_class` `i` ON `c`.`inout_class`=`i`.`c_id` WHERE  `c`.`time` = 1541001600  AND `c`.`user_id` = 32850 ORDER BY c.a_id desc  [ RunTime:0.020670s ]

---------------------------------------------------------------
[ 2018-11-03T23:57:41+08:00 ] 172.24.117.196 183.4.43.125 GET /charge/public/index.php/port/login/saveUserInfo?encryptedData=VLh56Xg3cou5ei92SFf25EMPU4SpcT%2B9giBkuzBw7lWeRJWUlBlflonMlGJpflqf2AZJQwKOH3Glvw4Ph%2F9UKRufSQX1oQWjNP2ORuEAU2%2BHxdKUV3aFfuaFVqqOeK4TxteKFcdlFnRwAknk1RKnHR7rVZ6WTHaZ5BFR5PEqm%2Bi%2FNlL4e%2BgmukU%2Bbqo%2Bs9v4wtp1J51EQPhEAq6U8TS8k8uH%2FkiG%2BMAo4Juz6x0AYpmW%2Fayb%2BUkr%2F2eQ7XgIAbQLKSUSZoyAZGKSr%2FsHnHTOrhygOCg0Zgqz%2Frq%2BTWr0TTr4MitQZCqCiQt9aHy8a8mO%2FmI%2FrgdGrtkerz3K20XNwGKg62Y0jw8oa%2BqV4oMUMwfiBCHfhK%2B8%2BjnBEiPIeCNocIW3wQQiTaF1xRmYRhiZHlUxx%2B%2FLta4oOODp4breksfoedx98J%2BG56ulKoysOOwJvPX4fjIBvE45R3OUVg5bgqZt3hTZXXn6kNzUbVA2wLXkP5AkW%2F2w0Tb1Zpgsm9v09OdM6x4iZzWWIgqcY4ZylQ%3D%3D&PHPSESSID=SIokZLsbhplIy5zE6ezej7unVjT&iv=ti48eZBqAzI4m2k15Y%2BqxQ%3D%3D
[ log ] www.qinlh.com/charge/public/index.php/port/login/saveUserInfo?encryptedData=VLh56Xg3cou5ei92SFf25EMPU4SpcT%2B9giBkuzBw7lWeRJWUlBlflonMlGJpflqf2AZJQwKOH3Glvw4Ph%2F9UKRufSQX1oQWjNP2ORuEAU2%2BHxdKUV3aFfuaFVqqOeK4TxteKFcdlFnRwAknk1RKnHR7rVZ6WTHaZ5BFR5PEqm%2Bi%2FNlL4e%2BgmukU%2Bbqo%2Bs9v4wtp1J51EQPhEAq6U8TS8k8uH%2FkiG%2BMAo4Juz6x0AYpmW%2Fayb%2BUkr%2F2eQ7XgIAbQLKSUSZoyAZGKSr%2FsHnHTOrhygOCg0Zgqz%2Frq%2BTWr0TTr4MitQZCqCiQt9aHy8a8mO%2FmI%2FrgdGrtkerz3K20XNwGKg62Y0jw8oa%2BqV4oMUMwfiBCHfhK%2B8%2BjnBEiPIeCNocIW3wQQiTaF1xRmYRhiZHlUxx%2B%2FLta4oOODp4breksfoedx98J%2BG56ulKoysOOwJvPX4fjIBvE45R3OUVg5bgqZt3hTZXXn6kNzUbVA2wLXkP5AkW%2F2w0Tb1Zpgsm9v09OdM6x4iZzWWIgqcY4ZylQ%3D%3D&PHPSESSID=SIokZLsbhplIy5zE6ezej7unVjT&iv=ti48eZBqAzI4m2k15Y%2BqxQ%3D%3D [运行时间：0.102504s][吞吐率：9.76req/s] [内存消耗：2,570.92kb] [文件加载：45]
[ sql ] [ DB ] CONNECT:[ UseTime:0.000946s ] mysql:dbname=bill_charge;host=39.104.52.159;port=3306;charset=utf8
[ sql ] [ SQL ] SHOW COLUMNS FROM `bill_user` [ RunTime:0.001041s ]
[ sql ] [ SQL ] UPDATE `bill_user`  SET `nickname`='A朝汕区租电业务经理覃洪良',`sex`=1,`city`='Dongguan',`province`='Guangdong',`country`='China',`headimgurl`='https://wx.qlogo.cn/mmopen/vi_32/Q0j4TwGTfTLDXO18Xl3lmGzGWjd4HjYyuQiaa7eSeMXpSsTibPaU8aIIJzU5Fia2pbe77LP3xHNPWZ3hm4xXZU0vw/132'  WHERE  `uid` = 32850          [ RunTime:0.000476s ]
[ sql ] [ SQL ] SHOW COLUMNS FROM `bill_friend` [ RunTime:0.000691s ]
[ sql ] [ SQL ] SELECT * FROM `bill_friend` WHERE  `uid` = 32850 LIMIT 1    [ RunTime:0.007266s ]
[ sql ] [ SQL ] UPDATE `bill_friend`  SET `start`=1,`friend_name`='A朝汕区租电业务经理覃洪良',`friend_imgurl`='https://wx.qlogo.cn/mmopen/vi_32/Q0j4TwGTfTLDXO18Xl3lmGzGWjd4HjYyuQiaa7eSeMXpSsTibPaU8aIIJzU5Fia2pbe77LP3xHNPWZ3hm4xXZU0vw/132',`time`=1541260661  WHERE  `uid` = 32850        [ RunTime:0.049671s ]

---------------------------------------------------------------
[ 2018-11-03T23:57:41+08:00 ] 172.24.117.196 183.4.43.125 GET /charge/public/index.php/port/check/inoutClass
[ log ] www.qinlh.com/charge/public/index.php/port/check/inoutClass [运行时间：0.035662s][吞吐率：28.04req/s] [内存消耗：2,421.53kb] [文件加载：39]
[ sql ] [ DB ] CONNECT:[ UseTime:0.002786s ] mysql:dbname=bill_charge;host=39.104.52.159;port=3306;charset=utf8
[ sql ] [ SQL ] SHOW COLUMNS FROM `bill_inout_class` [ RunTime:0.000820s ]
[ sql ] [ SQL ] SELECT * FROM `bill_inout_class` WHERE  `start` = 1   [ RunTime:0.000364s ]
[ sql ] [ SQL ] SELECT * FROM `bill_inout_class` WHERE  `start` = 2   [ RunTime:0.000329s ]

---------------------------------------------------------------
