[ 2017-05-18T22:17:49+08:00 ] ::1 ::1 GET /charge/public/index.php/port/login/sendCode?code=041TYoT00b3JZD1mQ4S00g06T00TYoT1&PHPSESSID=0fcGM9lftFCT4DvhxFILWYUSNUi
[ log ] localhost/charge/public/index.php/port/login/sendCode?code=041TYoT00b3JZD1mQ4S00g06T00TYoT1&PHPSESSID=0fcGM9lftFCT4DvhxFILWYUSNUi [运行时间：0.878124s][吞吐率：1.14req/s] [内存消耗：1,541.59kb] [文件加载：42]
[ info ] [ LANG ] D:\WWW\charge\thinkphp\lang\zh-cn.php
[ info ] [ ROUTE ] array (
  'type' => 'module',
  'module' => 
  array (
    0 => 'port',
    1 => 'login',
    2 => 'sendCode',
  ),
)
[ info ] [ HEADER ] array (
  'accept-encoding' => 'gzip, deflate, sdch',
  'referer' => 'https://servicewechat.com/wx0d74e7d7020142e0/devtools/page-frame.html',
  'accept' => '*/*',
  'content-type' => 'application/json',
  'user-agent' => 'Mozilla/5.0 (Windows NT 10.0; Win64; x64) AppleWebKit/537.36 (KHTML, like Gecko) Chrome/53.0.2785.143 Safari/537.36 appservice webview/100000',
  'x-requested-with' => 'XMLHttpRequest',
  'cache-control' => 'no-cache',
  'pragma' => 'no-cache',
  'connection' => 'close',
  'host' => 'localhost',
)
[ info ] [ PARAM ] array (
  'code' => '041TYoT00b3JZD1mQ4S00g06T00TYoT1',
  'PHPSESSID' => '0fcGM9lftFCT4DvhxFILWYUSNUi',
)
[ info ] [ RUN ] app\port\controller\Login->sendCode[ D:\WWW\charge\application\port\controller\Login.php ]
[ info ] [ CACHE ] INIT File
[ info ] [ DB ] INIT mysql
[ info ] [ LOG ] INIT File
[ sql ] [ DB ] CONNECT:[ UseTime:0.001129s ] mysql:dbname=bill_charge;host=127.0.0.1;port=3306;charset=utf8
[ sql ] [ SQL ] SHOW COLUMNS FROM `bill_public_follow` [ RunTime:0.019043s ]
[ sql ] [ SQL ] SELECT * FROM `bill_public_follow` WHERE  `openid` = 'onVsY0Z7hIknIoGK0kvfXMMp8wLM' LIMIT 1    [ RunTime:0.000597s ]

---------------------------------------------------------------
[ 2017-05-18T22:17:49+08:00 ] ::1 ::1 GET /charge/public/index.php/port/login/saveUserInfo?encryptedData=j9CwEK0uqkqLwbL3QHmZtLzLUZXMj3vfqFjbiMgNq6VBWDft0AiCu%2BIKraZeolp5J7Eni%2Fjs7bTnzMbkD%2B1qUgQ3vc3Bd9f7WILX9KxNOY36W%2Fiz9y%2BilFQG0KyiBupVi34srs3HQ11Pv1916VIIlPInC%2FXg0R2MdxQtApP%2Bd17ohbp9wCuSxL7XIGC7b73TxSJbc6gTEtKjHecx5JAzZXAA67leZkVnSGx9E3v%2FCDg2Cf2rCmJjPPa%2FKD0FtJLIQsUHOX3Omh%2BykG%2Fd0GU1yXbEx8kr%2F35KZWQaVkeRCpmsa0QK4RUPU84hsZmeIBgPb7voMhjQdQSbri5yk5UwXXQTf5l6LQsL8dCky7gE2qGdBrbU0gDOH1jNdQuA0Jqvh5C1iu%2Bw9SfQRudfQvYsmLxo1K7nWF5j6SCCH%2FkQA3A3qdC3KWTr9FADV5A2B27faDZxNpSx2gJT7AvwcUlaITPB2gPOkllsbOhgD4m7%2B2SQxY%2BlqR%2FiN16c3anVwsjf&PHPSESSID=CT1jludU58r8zZ4Rp5UW6ystFT7&iv=D2XRXI3I8GMr31Vo9gsLiw%3D%3D
[ log ] localhost/charge/public/index.php/port/login/saveUserInfo?encryptedData=j9CwEK0uqkqLwbL3QHmZtLzLUZXMj3vfqFjbiMgNq6VBWDft0AiCu%2BIKraZeolp5J7Eni%2Fjs7bTnzMbkD%2B1qUgQ3vc3Bd9f7WILX9KxNOY36W%2Fiz9y%2BilFQG0KyiBupVi34srs3HQ11Pv1916VIIlPInC%2FXg0R2MdxQtApP%2Bd17ohbp9wCuSxL7XIGC7b73TxSJbc6gTEtKjHecx5JAzZXAA67leZkVnSGx9E3v%2FCDg2Cf2rCmJjPPa%2FKD0FtJLIQsUHOX3Omh%2BykG%2Fd0GU1yXbEx8kr%2F35KZWQaVkeRCpmsa0QK4RUPU84hsZmeIBgPb7voMhjQdQSbri5yk5UwXXQTf5l6LQsL8dCky7gE2qGdBrbU0gDOH1jNdQuA0Jqvh5C1iu%2Bw9SfQRudfQvYsmLxo1K7nWF5j6SCCH%2FkQA3A3qdC3KWTr9FADV5A2B27faDZxNpSx2gJT7AvwcUlaITPB2gPOkllsbOhgD4m7%2B2SQxY%2BlqR%2FiN16c3anVwsjf&PHPSESSID=CT1jludU58r8zZ4Rp5UW6ystFT7&iv=D2XRXI3I8GMr31Vo9gsLiw%3D%3D [运行时间：0.083858s][吞吐率：11.92req/s] [内存消耗：1,565.94kb] [文件加载：45]
[ info ] [ LANG ] D:\WWW\charge\thinkphp\lang\zh-cn.php
[ info ] [ ROUTE ] array (
  'type' => 'module',
  'module' => 
  array (
    0 => 'port',
    1 => 'login',
    2 => 'saveUserInfo',
  ),
)
[ info ] [ HEADER ] array (
  'accept-encoding' => 'gzip, deflate, sdch',
  'referer' => 'https://servicewechat.com/wx0d74e7d7020142e0/devtools/page-frame.html',
  'accept' => '*/*',
  'content-type' => 'application/json',
  'user-agent' => 'Mozilla/5.0 (Windows NT 10.0; Win64; x64) AppleWebKit/537.36 (KHTML, like Gecko) Chrome/53.0.2785.143 Safari/537.36 appservice webview/100000',
  'x-requested-with' => 'XMLHttpRequest',
  'cache-control' => 'no-cache',
  'pragma' => 'no-cache',
  'connection' => 'close',
  'host' => 'localhost',
)
[ info ] [ PARAM ] array (
  'encryptedData' => 'j9CwEK0uqkqLwbL3QHmZtLzLUZXMj3vfqFjbiMgNq6VBWDft0AiCu+IKraZeolp5J7Eni/js7bTnzMbkD+1qUgQ3vc3Bd9f7WILX9KxNOY36W/iz9y+ilFQG0KyiBupVi34srs3HQ11Pv1916VIIlPInC/Xg0R2MdxQtApP+d17ohbp9wCuSxL7XIGC7b73TxSJbc6gTEtKjHecx5JAzZXAA67leZkVnSGx9E3v/CDg2Cf2rCmJjPPa/KD0FtJLIQsUHOX3Omh+ykG/d0GU1yXbEx8kr/35KZWQaVkeRCpmsa0QK4RUPU84hsZmeIBgPb7voMhjQdQSbri5yk5UwXXQTf5l6LQsL8dCky7gE2qGdBrbU0gDOH1jNdQuA0Jqvh5C1iu+w9SfQRudfQvYsmLxo1K7nWF5j6SCCH/kQA3A3qdC3KWTr9FADV5A2B27faDZxNpSx2gJT7AvwcUlaITPB2gPOkllsbOhgD4m7+2SQxY+lqR/iN16c3anVwsjf',
  'PHPSESSID' => 'CT1jludU58r8zZ4Rp5UW6ystFT7',
  'iv' => 'D2XRXI3I8GMr31Vo9gsLiw==',
)
[ info ] [ RUN ] app\port\controller\Login->saveUserInfo[ D:\WWW\charge\application\port\controller\Login.php ]
[ info ] [ CACHE ] INIT File
[ info ] [ DB ] INIT mysql
[ info ] [ LOG ] INIT File
[ sql ] [ DB ] CONNECT:[ UseTime:0.001489s ] mysql:dbname=bill_charge;host=127.0.0.1;port=3306;charset=utf8
[ sql ] [ SQL ] SHOW COLUMNS FROM `bill_user` [ RunTime:0.021348s ]
[ sql ] [ SQL ] UPDATE `bill_user`  SET `nickname`='伊人回眸泪倾城 ....จุ๊บ',`sex`=1,`city`='',`province`='Beijing',`country`='CN',`headimgurl`='http://wx.qlogo.cn/mmopen/vi_32/Q0j4TwGTfTK6zmnIDhZFZFHuBBTG0fkJ2fWjrXTpv7IiaM0miazveEWEib0FR8mSlRaqKgjg0GYelKOX0XDQGMCyg/0'  WHERE  `uid` = 1          [ RunTime:0.001065s ]
[ sql ] [ SQL ] SHOW COLUMNS FROM `bill_friend` [ RunTime:0.020259s ]
[ sql ] [ SQL ] SELECT * FROM `bill_friend` WHERE  `uid` = 1 LIMIT 1    [ RunTime:0.000599s ]
[ sql ] [ SQL ] UPDATE `bill_friend`  SET `start`=1,`friend_name`='伊人回眸泪倾城 ....จุ๊บ',`friend_imgurl`='http://wx.qlogo.cn/mmopen/vi_32/Q0j4TwGTfTK6zmnIDhZFZFHuBBTG0fkJ2fWjrXTpv7IiaM0miazveEWEib0FR8mSlRaqKgjg0GYelKOX0XDQGMCyg/0',`time`=1495117069  WHERE  `uid` = 1        [ RunTime:0.000737s ]

---------------------------------------------------------------
[ 2017-05-18T22:17:51+08:00 ] ::1 ::1 GET /charge/public/index.php/port/friend/MyFriend?openid=onVsY0Z7hIknIoGK0kvfXMMp8wLM
[ log ] localhost/charge/public/index.php/port/friend/MyFriend?openid=onVsY0Z7hIknIoGK0kvfXMMp8wLM [运行时间：0.108508s][吞吐率：9.22req/s] [内存消耗：1,638.29kb] [文件加载：41]
[ info ] [ LANG ] D:\WWW\charge\thinkphp\lang\zh-cn.php
[ info ] [ ROUTE ] array (
  'type' => 'module',
  'module' => 
  array (
    0 => 'port',
    1 => 'friend',
    2 => 'MyFriend',
  ),
)
[ info ] [ HEADER ] array (
  'accept-encoding' => 'gzip, deflate, sdch',
  'referer' => 'https://servicewechat.com/wx0d74e7d7020142e0/devtools/page-frame.html',
  'accept' => '*/*',
  'content-type' => 'application/json',
  'user-agent' => 'Mozilla/5.0 (Windows NT 10.0; Win64; x64) AppleWebKit/537.36 (KHTML, like Gecko) Chrome/53.0.2785.143 Safari/537.36 appservice webview/100000',
  'x-requested-with' => 'XMLHttpRequest',
  'cache-control' => 'no-cache',
  'pragma' => 'no-cache',
  'connection' => 'close',
  'host' => 'localhost',
)
[ info ] [ PARAM ] array (
  'openid' => 'onVsY0Z7hIknIoGK0kvfXMMp8wLM',
)
[ info ] [ RUN ] app\port\controller\Friend->MyFriend[ D:\WWW\charge\application\port\controller\Friend.php ]
[ info ] [ DB ] INIT mysql
[ info ] [ LOG ] INIT File
[ sql ] [ DB ] CONNECT:[ UseTime:0.001073s ] mysql:dbname=bill_charge;host=127.0.0.1;port=3306;charset=utf8
[ sql ] [ SQL ] SHOW COLUMNS FROM `bill_public_follow` [ RunTime:0.035203s ]
[ sql ] [ SQL ] SELECT `uid` FROM `bill_public_follow` WHERE  `openid` = 'onVsY0Z7hIknIoGK0kvfXMMp8wLM' LIMIT 1    [ RunTime:0.002725s ]
[ sql ] [ SQL ] SHOW COLUMNS FROM `bill_user_friend` [ RunTime:0.027787s ]
[ sql ] [ SQL ] SELECT * FROM `bill_user_friend` `uf` INNER JOIN `bill_friend` `bf` ON `uf`.`f_id`=`bf`.`f_id` WHERE  `u_id` = 1   [ RunTime:0.000984s ]
[ sql ] [ SQL ] SELECT sum(`sum_money`) AS `sum_money` FROM `bill_circle_friend_assoct` WHERE friend_id = 5 AND `pay_start` = 0 [ RunTime:0.000426s ]
[ sql ] [ SQL ] SELECT sum(`sum_money`) AS `total_money` FROM `bill_circle_friend_assoct` WHERE `friend_id` = 5 AND `pay_start` = 1 [ RunTime:0.000354s ]
[ sql ] [ SQL ] SELECT sum(`sum_money`) AS `sum_money` FROM `bill_circle_friend_assoct` WHERE friend_id = 4 AND `pay_start` = 0 [ RunTime:0.000336s ]
[ sql ] [ SQL ] SELECT sum(`sum_money`) AS `total_money` FROM `bill_circle_friend_assoct` WHERE `friend_id` = 4 AND `pay_start` = 1 [ RunTime:0.000314s ]
[ sql ] [ SQL ] SELECT sum(`sum_money`) AS `sum_money` FROM `bill_circle_friend_assoct` WHERE friend_id = 3 AND `pay_start` = 0 [ RunTime:0.000400s ]
[ sql ] [ SQL ] SELECT sum(`sum_money`) AS `total_money` FROM `bill_circle_friend_assoct` WHERE `friend_id` = 3 AND `pay_start` = 1 [ RunTime:0.000434s ]
[ sql ] [ SQL ] SELECT sum(`sum_money`) AS `sum_money` FROM `bill_circle_friend_assoct` WHERE friend_id = 2 AND `pay_start` = 0 [ RunTime:0.000450s ]
[ sql ] [ SQL ] SELECT sum(`sum_money`) AS `total_money` FROM `bill_circle_friend_assoct` WHERE `friend_id` = 2 AND `pay_start` = 1 [ RunTime:0.001161s ]
[ sql ] [ SQL ] SELECT sum(`sum_money`) AS `sum_money` FROM `bill_circle_friend_assoct` WHERE friend_id = 1 AND `pay_start` = 0 [ RunTime:0.000349s ]
[ sql ] [ SQL ] SELECT sum(`sum_money`) AS `total_money` FROM `bill_circle_friend_assoct` WHERE `friend_id` = 1 AND `pay_start` = 1 [ RunTime:0.000395s ]
[ sql ] [ SQL ] SELECT sum(`sum_money`) AS `sum_money` FROM `bill_circle_friend_assoct` WHERE friend_id = 53 AND `pay_start` = 0 [ RunTime:0.000466s ]
[ sql ] [ SQL ] SELECT sum(`sum_money`) AS `total_money` FROM `bill_circle_friend_assoct` WHERE `friend_id` = 53 AND `pay_start` = 1 [ RunTime:0.000473s ]
[ sql ] [ SQL ] SELECT sum(`sum_money`) AS `sum_money` FROM `bill_circle_friend_assoct` WHERE friend_id = 54 AND `pay_start` = 0 [ RunTime:0.000351s ]
[ sql ] [ SQL ] SELECT sum(`sum_money`) AS `total_money` FROM `bill_circle_friend_assoct` WHERE `friend_id` = 54 AND `pay_start` = 1 [ RunTime:0.000339s ]

---------------------------------------------------------------
[ 2017-05-18T22:18:05+08:00 ] ::1 ::1 GET /charge/public/index.php/port/friend/friend_add?phone=15110110706&name=%E9%93%81%E8%A7%82%E9%9F%B3&openid=onVsY0Z7hIknIoGK0kvfXMMp8wLM
[ log ] localhost/charge/public/index.php/port/friend/friend_add?phone=15110110706&name=%E9%93%81%E8%A7%82%E9%9F%B3&openid=onVsY0Z7hIknIoGK0kvfXMMp8wLM [运行时间：0.065122s][吞吐率：15.36req/s] [内存消耗：1,572.67kb] [文件加载：38]
[ info ] [ LANG ] D:\WWW\charge\thinkphp\lang\zh-cn.php
[ info ] [ ROUTE ] array (
  'type' => 'module',
  'module' => 
  array (
    0 => 'port',
    1 => 'friend',
    2 => 'friend_add',
  ),
)
[ info ] [ HEADER ] array (
  'accept-encoding' => 'gzip, deflate, sdch',
  'referer' => 'https://servicewechat.com/wx0d74e7d7020142e0/devtools/page-frame.html',
  'accept' => '*/*',
  'content-type' => 'application/json',
  'user-agent' => 'Mozilla/5.0 (Windows NT 10.0; Win64; x64) AppleWebKit/537.36 (KHTML, like Gecko) Chrome/53.0.2785.143 Safari/537.36 appservice webview/100000',
  'x-requested-with' => 'XMLHttpRequest',
  'cache-control' => 'no-cache',
  'pragma' => 'no-cache',
  'connection' => 'close',
  'host' => 'localhost',
)
[ info ] [ PARAM ] array (
  'phone' => '15110110706',
  'name' => '铁观音',
  'openid' => 'onVsY0Z7hIknIoGK0kvfXMMp8wLM',
)
[ info ] [ RUN ] app\port\controller\Friend->friend_add[ D:\WWW\charge\application\port\controller\Friend.php ]
[ info ] [ DB ] INIT mysql
[ info ] [ LOG ] INIT File
[ sql ] [ DB ] CONNECT:[ UseTime:0.000843s ] mysql:dbname=bill_charge;host=127.0.0.1;port=3306;charset=utf8
[ sql ] [ SQL ] SHOW COLUMNS FROM `bill_public_follow` [ RunTime:0.019478s ]
[ sql ] [ SQL ] SELECT `uid` FROM `bill_public_follow` WHERE  `openid` = 'onVsY0Z7hIknIoGK0kvfXMMp8wLM' LIMIT 1    [ RunTime:0.000466s ]
[ sql ] [ SQL ] SHOW COLUMNS FROM `bill_user_friend` [ RunTime:0.017733s ]
[ sql ] [ SQL ] SELECT * FROM `bill_user_friend` WHERE  `u_id` = 1   [ RunTime:0.000502s ]

---------------------------------------------------------------
[ 2017-05-18T22:19:12+08:00 ] ::1 ::1 GET /charge/public/index.php/port/check/UserCheck?openid=onVsY0Z7hIknIoGK0kvfXMMp8wLM&limit=3&lastid=0
[ log ] localhost/charge/public/index.php/port/check/UserCheck?openid=onVsY0Z7hIknIoGK0kvfXMMp8wLM&limit=3&lastid=0 [运行时间：0.103377s][吞吐率：9.67req/s] [内存消耗：1,490.23kb] [文件加载：39]
[ info ] [ LANG ] D:\WWW\charge\thinkphp\lang\zh-cn.php
[ info ] [ ROUTE ] array (
  'type' => 'module',
  'module' => 
  array (
    0 => 'port',
    1 => 'check',
    2 => 'UserCheck',
  ),
)
[ info ] [ HEADER ] array (
  'accept-encoding' => 'gzip, deflate, sdch',
  'referer' => 'https://servicewechat.com/wx0d74e7d7020142e0/devtools/page-frame.html',
  'accept' => '*/*',
  'content-type' => 'application/json',
  'user-agent' => 'Mozilla/5.0 (Windows NT 10.0; Win64; x64) AppleWebKit/537.36 (KHTML, like Gecko) Chrome/53.0.2785.143 Safari/537.36 appservice webview/100000',
  'x-requested-with' => 'XMLHttpRequest',
  'cache-control' => 'no-cache',
  'pragma' => 'no-cache',
  'connection' => 'close',
  'host' => 'localhost',
)
[ info ] [ PARAM ] array (
  'openid' => 'onVsY0Z7hIknIoGK0kvfXMMp8wLM',
  'limit' => '3',
  'lastid' => '0',
)
[ info ] [ RUN ] app\port\controller\Check->UserCheck[ D:\WWW\charge\application\port\controller\Check.php ]
[ info ] [ DB ] INIT mysql
[ info ] [ LOG ] INIT File
[ sql ] [ DB ] CONNECT:[ UseTime:0.001266s ] mysql:dbname=bill_charge;host=127.0.0.1;port=3306;charset=utf8
[ sql ] [ SQL ] SHOW COLUMNS FROM `bill_public_follow` [ RunTime:0.036393s ]
[ sql ] [ SQL ] SELECT `f`.`uid` FROM `bill_public_follow` `f` INNER JOIN `bill_user` `u` ON `f`.`uid`=`u`.`uid` WHERE  `f`.`openid` = 'onVsY0Z7hIknIoGK0kvfXMMp8wLM' LIMIT 1   [ RunTime:0.000460s ]
[ sql ] [ SQL ] SELECT sum(`money`) as `money`,`time` FROM `bill_charge` WHERE `user_id` = '1' AND `inout_start`=1 AND `time` >= unix_timestamp('2017-05-01 00:00:00') AND `time` <= unix_timestamp('2017-05-18 22:19:12') [ RunTime:0.000409s ]
[ sql ] [ SQL ] SELECT sum(`money`) as `money`,`time` FROM `bill_charge` WHERE `user_id` = '1' AND `inout_start`=2 AND `time` >= unix_timestamp('2017-05-01 00:00:00') AND `time` <= unix_timestamp('2017-05-18 22:19:12') [ RunTime:0.000468s ]
[ sql ] [ SQL ] select time,a_id from bill_charge where a_id > 0 group by time order by a_id desc LIMIT 3 [ RunTime:0.000536s ]
[ sql ] [ SQL ] select time,inout_start,sum(money) as money from bill_charge where inout_start=1 and time=1494777600 group by time [ RunTime:0.000484s ]
[ sql ] [ SQL ] select time,inout_start,sum(money) as money from bill_charge where inout_start=2 and time=1494777600 group by time [ RunTime:0.000699s ]
[ sql ] [ SQL ] SHOW COLUMNS FROM `bill_charge` [ RunTime:0.024277s ]
[ sql ] [ SQL ] SELECT * FROM `bill_charge` `c` INNER JOIN `bill_inout_class` `i` ON `c`.`inout_class`=`i`.`c_id` WHERE  `c`.`time` = 1494777600  [ RunTime:0.000800s ]
[ sql ] [ SQL ] select time,inout_start,sum(money) as money from bill_charge where inout_start=1 and time=1490976000 group by time [ RunTime:0.000570s ]
[ sql ] [ SQL ] select time,inout_start,sum(money) as money from bill_charge where inout_start=2 and time=1490976000 group by time [ RunTime:0.000553s ]
[ sql ] [ SQL ] SELECT * FROM `bill_charge` `c` INNER JOIN `bill_inout_class` `i` ON `c`.`inout_class`=`i`.`c_id` WHERE  `c`.`time` = 1490976000  [ RunTime:0.000743s ]
[ sql ] [ SQL ] select time,inout_start,sum(money) as money from bill_charge where inout_start=1 and time=1488988800 group by time [ RunTime:0.000521s ]
[ sql ] [ SQL ] select time,inout_start,sum(money) as money from bill_charge where inout_start=2 and time=1488988800 group by time [ RunTime:0.000585s ]
[ sql ] [ SQL ] SELECT * FROM `bill_charge` `c` INNER JOIN `bill_inout_class` `i` ON `c`.`inout_class`=`i`.`c_id` WHERE  `c`.`time` = 1488988800  [ RunTime:0.000701s ]

---------------------------------------------------------------
[ 2017-05-18T22:19:13+08:00 ] ::1 ::1 GET /charge/public/index.php/port/login/sendCode?code=001GEojh1jbRFw0t7zih1sShjh1GEoj0&PHPSESSID=CT1jludU58r8zZ4Rp5UW6ystFT7
[ log ] localhost/charge/public/index.php/port/login/sendCode?code=001GEojh1jbRFw0t7zih1sShjh1GEoj0&PHPSESSID=CT1jludU58r8zZ4Rp5UW6ystFT7 [运行时间：0.226642s][吞吐率：4.41req/s] [内存消耗：1,541.63kb] [文件加载：42]
[ info ] [ LANG ] D:\WWW\charge\thinkphp\lang\zh-cn.php
[ info ] [ ROUTE ] array (
  'type' => 'module',
  'module' => 
  array (
    0 => 'port',
    1 => 'login',
    2 => 'sendCode',
  ),
)
[ info ] [ HEADER ] array (
  'accept-encoding' => 'gzip, deflate, sdch',
  'referer' => 'https://servicewechat.com/wx0d74e7d7020142e0/devtools/page-frame.html',
  'accept' => '*/*',
  'content-type' => 'application/json',
  'user-agent' => 'Mozilla/5.0 (Windows NT 10.0; Win64; x64) AppleWebKit/537.36 (KHTML, like Gecko) Chrome/53.0.2785.143 Safari/537.36 appservice webview/100000',
  'x-requested-with' => 'XMLHttpRequest',
  'cache-control' => 'no-cache',
  'pragma' => 'no-cache',
  'connection' => 'close',
  'host' => 'localhost',
)
[ info ] [ PARAM ] array (
  'code' => '001GEojh1jbRFw0t7zih1sShjh1GEoj0',
  'PHPSESSID' => 'CT1jludU58r8zZ4Rp5UW6ystFT7',
)
[ info ] [ RUN ] app\port\controller\Login->sendCode[ D:\WWW\charge\application\port\controller\Login.php ]
[ info ] [ CACHE ] INIT File
[ info ] [ DB ] INIT mysql
[ info ] [ LOG ] INIT File
[ sql ] [ DB ] CONNECT:[ UseTime:0.002936s ] mysql:dbname=bill_charge;host=127.0.0.1;port=3306;charset=utf8
[ sql ] [ SQL ] SHOW COLUMNS FROM `bill_public_follow` [ RunTime:0.018905s ]
[ sql ] [ SQL ] SELECT * FROM `bill_public_follow` WHERE  `openid` = 'onVsY0Z7hIknIoGK0kvfXMMp8wLM' LIMIT 1    [ RunTime:0.000831s ]

---------------------------------------------------------------
[ 2017-05-18T22:19:13+08:00 ] ::1 ::1 GET /charge/public/index.php/port/login/saveUserInfo?encryptedData=rwnZHs32t%2FpQesqfSanPxP3aCNYYzODOljtAuY9CZ6GaY%2Fr74iURtzBwA%2Bm4KOO2HFz5%2FqZkldYs58w7Y7EteEb0cLTu8W5%2FpTLsy9MrFqwp2dTtN1nvINRf09CzhpwTu8XEF4706Ay1ZPbpsa8XqmaYf8z81XtsrqOmSUk4hmmah4VnvNZTVmV4iG9XR1H76HyK2Kn5QGhRJC1tXpDJsVT3O54efFq5n0XNGHnQfNlkETU1q9MHK92KhZAb4m3rn5hwyZemCU0r2qoLm8DQquFQQoumHchq%2FPfo9MQl%2Bey9%2BtWbG6OXabpd2vJNE2NVaWS6JlvLbuUKJ1w%2Fpj%2ByrE7Ui4dsH0Iq9Vprx3jitDDcfWAaBLIGq7BVuCdACZeZP%2F%2FXteG73ctAdgfK8rYD4vhAtdHjaXQxpvmHHPKQKD2ToPceymLAHO1wlmzPz57Dl%2FavjvmAUBvUjFFkoK7rb0Vgvq%2BLve0CU0d1QS%2Fm6dTdPq1zL1Hl3A1MystJiCpg&PHPSESSID=t4oiYJ0vNcTWyzgNnHznHZikPos&iv=v5uu9ZkJRSssX5V%2BNYnz%2Fw%3D%3D
[ log ] localhost/charge/public/index.php/port/login/saveUserInfo?encryptedData=rwnZHs32t%2FpQesqfSanPxP3aCNYYzODOljtAuY9CZ6GaY%2Fr74iURtzBwA%2Bm4KOO2HFz5%2FqZkldYs58w7Y7EteEb0cLTu8W5%2FpTLsy9MrFqwp2dTtN1nvINRf09CzhpwTu8XEF4706Ay1ZPbpsa8XqmaYf8z81XtsrqOmSUk4hmmah4VnvNZTVmV4iG9XR1H76HyK2Kn5QGhRJC1tXpDJsVT3O54efFq5n0XNGHnQfNlkETU1q9MHK92KhZAb4m3rn5hwyZemCU0r2qoLm8DQquFQQoumHchq%2FPfo9MQl%2Bey9%2BtWbG6OXabpd2vJNE2NVaWS6JlvLbuUKJ1w%2Fpj%2ByrE7Ui4dsH0Iq9Vprx3jitDDcfWAaBLIGq7BVuCdACZeZP%2F%2FXteG73ctAdgfK8rYD4vhAtdHjaXQxpvmHHPKQKD2ToPceymLAHO1wlmzPz57Dl%2FavjvmAUBvUjFFkoK7rb0Vgvq%2BLve0CU0d1QS%2Fm6dTdPq1zL1Hl3A1MystJiCpg&PHPSESSID=t4oiYJ0vNcTWyzgNnHznHZikPos&iv=v5uu9ZkJRSssX5V%2BNYnz%2Fw%3D%3D [运行时间：0.085604s][吞吐率：11.68req/s] [内存消耗：1,565.94kb] [文件加载：45]
[ info ] [ LANG ] D:\WWW\charge\thinkphp\lang\zh-cn.php
[ info ] [ ROUTE ] array (
  'type' => 'module',
  'module' => 
  array (
    0 => 'port',
    1 => 'login',
    2 => 'saveUserInfo',
  ),
)
[ info ] [ HEADER ] array (
  'accept-encoding' => 'gzip, deflate, sdch',
  'referer' => 'https://servicewechat.com/wx0d74e7d7020142e0/devtools/page-frame.html',
  'accept' => '*/*',
  'content-type' => 'application/json',
  'user-agent' => 'Mozilla/5.0 (Windows NT 10.0; Win64; x64) AppleWebKit/537.36 (KHTML, like Gecko) Chrome/53.0.2785.143 Safari/537.36 appservice webview/100000',
  'x-requested-with' => 'XMLHttpRequest',
  'cache-control' => 'no-cache',
  'pragma' => 'no-cache',
  'connection' => 'close',
  'host' => 'localhost',
)
[ info ] [ PARAM ] array (
  'encryptedData' => 'rwnZHs32t/pQesqfSanPxP3aCNYYzODOljtAuY9CZ6GaY/r74iURtzBwA+m4KOO2HFz5/qZkldYs58w7Y7EteEb0cLTu8W5/pTLsy9MrFqwp2dTtN1nvINRf09CzhpwTu8XEF4706Ay1ZPbpsa8XqmaYf8z81XtsrqOmSUk4hmmah4VnvNZTVmV4iG9XR1H76HyK2Kn5QGhRJC1tXpDJsVT3O54efFq5n0XNGHnQfNlkETU1q9MHK92KhZAb4m3rn5hwyZemCU0r2qoLm8DQquFQQoumHchq/Pfo9MQl+ey9+tWbG6OXabpd2vJNE2NVaWS6JlvLbuUKJ1w/pj+yrE7Ui4dsH0Iq9Vprx3jitDDcfWAaBLIGq7BVuCdACZeZP//XteG73ctAdgfK8rYD4vhAtdHjaXQxpvmHHPKQKD2ToPceymLAHO1wlmzPz57Dl/avjvmAUBvUjFFkoK7rb0Vgvq+Lve0CU0d1QS/m6dTdPq1zL1Hl3A1MystJiCpg',
  'PHPSESSID' => 't4oiYJ0vNcTWyzgNnHznHZikPos',
  'iv' => 'v5uu9ZkJRSssX5V+NYnz/w==',
)
[ info ] [ RUN ] app\port\controller\Login->saveUserInfo[ D:\WWW\charge\application\port\controller\Login.php ]
[ info ] [ CACHE ] INIT File
[ info ] [ DB ] INIT mysql
[ info ] [ LOG ] INIT File
[ sql ] [ DB ] CONNECT:[ UseTime:0.001506s ] mysql:dbname=bill_charge;host=127.0.0.1;port=3306;charset=utf8
[ sql ] [ SQL ] SHOW COLUMNS FROM `bill_user` [ RunTime:0.027248s ]
[ sql ] [ SQL ] UPDATE `bill_user`  SET `nickname`='伊人回眸泪倾城 ....จุ๊บ',`sex`=1,`city`='',`province`='Beijing',`country`='CN',`headimgurl`='http://wx.qlogo.cn/mmopen/vi_32/Q0j4TwGTfTK6zmnIDhZFZFHuBBTG0fkJ2fWjrXTpv7IiaM0miazveEWEib0FR8mSlRaqKgjg0GYelKOX0XDQGMCyg/0'  WHERE  `uid` = 1          [ RunTime:0.000583s ]
[ sql ] [ SQL ] SHOW COLUMNS FROM `bill_friend` [ RunTime:0.018861s ]
[ sql ] [ SQL ] SELECT * FROM `bill_friend` WHERE  `uid` = 1 LIMIT 1    [ RunTime:0.000572s ]
[ sql ] [ SQL ] UPDATE `bill_friend`  SET `start`=1,`friend_name`='伊人回眸泪倾城 ....จุ๊บ',`friend_imgurl`='http://wx.qlogo.cn/mmopen/vi_32/Q0j4TwGTfTK6zmnIDhZFZFHuBBTG0fkJ2fWjrXTpv7IiaM0miazveEWEib0FR8mSlRaqKgjg0GYelKOX0XDQGMCyg/0',`time`=1495117153  WHERE  `uid` = 1        [ RunTime:0.000714s ]

---------------------------------------------------------------
[ 2017-05-18T22:19:17+08:00 ] ::1 ::1 GET /charge/public/index.php/port/friend/MyFriend?openid=onVsY0Z7hIknIoGK0kvfXMMp8wLM
[ log ] localhost/charge/public/index.php/port/friend/MyFriend?openid=onVsY0Z7hIknIoGK0kvfXMMp8wLM [运行时间：0.100308s][吞吐率：9.97req/s] [内存消耗：1,638.43kb] [文件加载：41]
[ info ] [ LANG ] D:\WWW\charge\thinkphp\lang\zh-cn.php
[ info ] [ ROUTE ] array (
  'type' => 'module',
  'module' => 
  array (
    0 => 'port',
    1 => 'friend',
    2 => 'MyFriend',
  ),
)
[ info ] [ HEADER ] array (
  'accept-encoding' => 'gzip, deflate, sdch',
  'referer' => 'https://servicewechat.com/wx0d74e7d7020142e0/devtools/page-frame.html',
  'accept' => '*/*',
  'content-type' => 'application/json',
  'user-agent' => 'Mozilla/5.0 (Windows NT 10.0; Win64; x64) AppleWebKit/537.36 (KHTML, like Gecko) Chrome/53.0.2785.143 Safari/537.36 appservice webview/100000',
  'x-requested-with' => 'XMLHttpRequest',
  'cache-control' => 'no-cache',
  'pragma' => 'no-cache',
  'connection' => 'close',
  'host' => 'localhost',
)
[ info ] [ PARAM ] array (
  'openid' => 'onVsY0Z7hIknIoGK0kvfXMMp8wLM',
)
[ info ] [ RUN ] app\port\controller\Friend->MyFriend[ D:\WWW\charge\application\port\controller\Friend.php ]
[ info ] [ DB ] INIT mysql
[ info ] [ LOG ] INIT File
[ sql ] [ DB ] CONNECT:[ UseTime:0.001236s ] mysql:dbname=bill_charge;host=127.0.0.1;port=3306;charset=utf8
[ sql ] [ SQL ] SHOW COLUMNS FROM `bill_public_follow` [ RunTime:0.027698s ]
[ sql ] [ SQL ] SELECT `uid` FROM `bill_public_follow` WHERE  `openid` = 'onVsY0Z7hIknIoGK0kvfXMMp8wLM' LIMIT 1    [ RunTime:0.000892s ]
[ sql ] [ SQL ] SHOW COLUMNS FROM `bill_user_friend` [ RunTime:0.030858s ]
[ sql ] [ SQL ] SELECT * FROM `bill_user_friend` `uf` INNER JOIN `bill_friend` `bf` ON `uf`.`f_id`=`bf`.`f_id` WHERE  `u_id` = 1   [ RunTime:0.000849s ]
[ sql ] [ SQL ] SELECT sum(`sum_money`) AS `sum_money` FROM `bill_circle_friend_assoct` WHERE friend_id = 5 AND `pay_start` = 0 [ RunTime:0.001386s ]
[ sql ] [ SQL ] SELECT sum(`sum_money`) AS `total_money` FROM `bill_circle_friend_assoct` WHERE `friend_id` = 5 AND `pay_start` = 1 [ RunTime:0.000755s ]
[ sql ] [ SQL ] SELECT sum(`sum_money`) AS `sum_money` FROM `bill_circle_friend_assoct` WHERE friend_id = 4 AND `pay_start` = 0 [ RunTime:0.000487s ]
[ sql ] [ SQL ] SELECT sum(`sum_money`) AS `total_money` FROM `bill_circle_friend_assoct` WHERE `friend_id` = 4 AND `pay_start` = 1 [ RunTime:0.000371s ]
[ sql ] [ SQL ] SELECT sum(`sum_money`) AS `sum_money` FROM `bill_circle_friend_assoct` WHERE friend_id = 3 AND `pay_start` = 0 [ RunTime:0.000338s ]
[ sql ] [ SQL ] SELECT sum(`sum_money`) AS `total_money` FROM `bill_circle_friend_assoct` WHERE `friend_id` = 3 AND `pay_start` = 1 [ RunTime:0.000323s ]
[ sql ] [ SQL ] SELECT sum(`sum_money`) AS `sum_money` FROM `bill_circle_friend_assoct` WHERE friend_id = 2 AND `pay_start` = 0 [ RunTime:0.000316s ]
[ sql ] [ SQL ] SELECT sum(`sum_money`) AS `total_money` FROM `bill_circle_friend_assoct` WHERE `friend_id` = 2 AND `pay_start` = 1 [ RunTime:0.000315s ]
[ sql ] [ SQL ] SELECT sum(`sum_money`) AS `sum_money` FROM `bill_circle_friend_assoct` WHERE friend_id = 1 AND `pay_start` = 0 [ RunTime:0.000459s ]
[ sql ] [ SQL ] SELECT sum(`sum_money`) AS `total_money` FROM `bill_circle_friend_assoct` WHERE `friend_id` = 1 AND `pay_start` = 1 [ RunTime:0.000395s ]
[ sql ] [ SQL ] SELECT sum(`sum_money`) AS `sum_money` FROM `bill_circle_friend_assoct` WHERE friend_id = 53 AND `pay_start` = 0 [ RunTime:0.000562s ]
[ sql ] [ SQL ] SELECT sum(`sum_money`) AS `total_money` FROM `bill_circle_friend_assoct` WHERE `friend_id` = 53 AND `pay_start` = 1 [ RunTime:0.000389s ]
[ sql ] [ SQL ] SELECT sum(`sum_money`) AS `sum_money` FROM `bill_circle_friend_assoct` WHERE friend_id = 54 AND `pay_start` = 0 [ RunTime:0.000366s ]
[ sql ] [ SQL ] SELECT sum(`sum_money`) AS `total_money` FROM `bill_circle_friend_assoct` WHERE `friend_id` = 54 AND `pay_start` = 1 [ RunTime:0.000325s ]

---------------------------------------------------------------
[ 2017-05-18T22:19:32+08:00 ] ::1 ::1 GET /charge/public/index.php/port/friend/friend_add?phone=15110110706&name=%E8%AE%A4%E5%90%8C%E6%84%9F%E5%A4%AA%E7%83%A6%E4%BA%BA&openid=onVsY0Z7hIknIoGK0kvfXMMp8wLM
[ log ] localhost/charge/public/index.php/port/friend/friend_add?phone=15110110706&name=%E8%AE%A4%E5%90%8C%E6%84%9F%E5%A4%AA%E7%83%A6%E4%BA%BA&openid=onVsY0Z7hIknIoGK0kvfXMMp8wLM [运行时间：0.066076s][吞吐率：15.13req/s] [内存消耗：1,661.38kb] [文件加载：44]
[ info ] [ LANG ] D:\WWW\charge\thinkphp\lang\zh-cn.php
[ info ] [ ROUTE ] array (
  'type' => 'module',
  'module' => 
  array (
    0 => 'port',
    1 => 'friend',
    2 => 'friend_add',
  ),
)
[ info ] [ HEADER ] array (
  'accept-encoding' => 'gzip, deflate, sdch',
  'referer' => 'https://servicewechat.com/wx0d74e7d7020142e0/devtools/page-frame.html',
  'accept' => '*/*',
  'content-type' => 'application/json',
  'user-agent' => 'Mozilla/5.0 (Windows NT 10.0; Win64; x64) AppleWebKit/537.36 (KHTML, like Gecko) Chrome/53.0.2785.143 Safari/537.36 appservice webview/100000',
  'x-requested-with' => 'XMLHttpRequest',
  'cache-control' => 'no-cache',
  'pragma' => 'no-cache',
  'connection' => 'close',
  'host' => 'localhost',
)
[ info ] [ PARAM ] array (
  'phone' => '15110110706',
  'name' => '认同感太烦人',
  'openid' => 'onVsY0Z7hIknIoGK0kvfXMMp8wLM',
)
[ info ] [ RUN ] app\port\controller\Friend->friend_add[ D:\WWW\charge\application\port\controller\Friend.php ]
[ info ] [ DB ] INIT mysql
[ info ] [ LOG ] INIT File
[ sql ] [ DB ] CONNECT:[ UseTime:0.001132s ] mysql:dbname=bill_charge;host=127.0.0.1;port=3306;charset=utf8
[ sql ] [ SQL ] SHOW COLUMNS FROM `bill_public_follow` [ RunTime:0.018461s ]
[ sql ] [ SQL ] SELECT `uid` FROM `bill_public_follow` WHERE  `openid` = 'onVsY0Z7hIknIoGK0kvfXMMp8wLM' LIMIT 1    [ RunTime:0.000526s ]
[ sql ] [ SQL ] SHOW COLUMNS FROM `bill_user_friend` [ RunTime:0.015056s ]
[ sql ] [ SQL ] SELECT * FROM `bill_user_friend` WHERE  `u_id` = 1   [ RunTime:0.000545s ]
[ error ] [8]未定义数组索引: f_id[D:\WWW\charge\application\port\model\FriendModel.php:34]

---------------------------------------------------------------
[ 2017-05-18T22:20:10+08:00 ] ::1 ::1 GET /charge/public/index.php/port/check/UserCheck?openid=onVsY0Z7hIknIoGK0kvfXMMp8wLM&limit=3&lastid=0
[ log ] localhost/charge/public/index.php/port/check/UserCheck?openid=onVsY0Z7hIknIoGK0kvfXMMp8wLM&limit=3&lastid=0 [运行时间：0.086051s][吞吐率：11.62req/s] [内存消耗：1,490.23kb] [文件加载：39]
[ info ] [ LANG ] D:\WWW\charge\thinkphp\lang\zh-cn.php
[ info ] [ ROUTE ] array (
  'type' => 'module',
  'module' => 
  array (
    0 => 'port',
    1 => 'check',
    2 => 'UserCheck',
  ),
)
[ info ] [ HEADER ] array (
  'accept-encoding' => 'gzip, deflate, sdch',
  'referer' => 'https://servicewechat.com/wx0d74e7d7020142e0/devtools/page-frame.html',
  'accept' => '*/*',
  'content-type' => 'application/json',
  'user-agent' => 'Mozilla/5.0 (Windows NT 10.0; Win64; x64) AppleWebKit/537.36 (KHTML, like Gecko) Chrome/53.0.2785.143 Safari/537.36 appservice webview/100000',
  'x-requested-with' => 'XMLHttpRequest',
  'cache-control' => 'no-cache',
  'pragma' => 'no-cache',
  'connection' => 'close',
  'host' => 'localhost',
)
[ info ] [ PARAM ] array (
  'openid' => 'onVsY0Z7hIknIoGK0kvfXMMp8wLM',
  'limit' => '3',
  'lastid' => '0',
)
[ info ] [ RUN ] app\port\controller\Check->UserCheck[ D:\WWW\charge\application\port\controller\Check.php ]
[ info ] [ DB ] INIT mysql
[ info ] [ LOG ] INIT File
[ sql ] [ DB ] CONNECT:[ UseTime:0.001036s ] mysql:dbname=bill_charge;host=127.0.0.1;port=3306;charset=utf8
[ sql ] [ SQL ] SHOW COLUMNS FROM `bill_public_follow` [ RunTime:0.022349s ]
[ sql ] [ SQL ] SELECT `f`.`uid` FROM `bill_public_follow` `f` INNER JOIN `bill_user` `u` ON `f`.`uid`=`u`.`uid` WHERE  `f`.`openid` = 'onVsY0Z7hIknIoGK0kvfXMMp8wLM' LIMIT 1   [ RunTime:0.000552s ]
[ sql ] [ SQL ] SELECT sum(`money`) as `money`,`time` FROM `bill_charge` WHERE `user_id` = '1' AND `inout_start`=1 AND `time` >= unix_timestamp('2017-05-01 00:00:00') AND `time` <= unix_timestamp('2017-05-18 22:20:10') [ RunTime:0.001307s ]
[ sql ] [ SQL ] SELECT sum(`money`) as `money`,`time` FROM `bill_charge` WHERE `user_id` = '1' AND `inout_start`=2 AND `time` >= unix_timestamp('2017-05-01 00:00:00') AND `time` <= unix_timestamp('2017-05-18 22:20:10') [ RunTime:0.000594s ]
[ sql ] [ SQL ] select time,a_id from bill_charge where a_id > 0 group by time order by a_id desc LIMIT 3 [ RunTime:0.000668s ]
[ sql ] [ SQL ] select time,inout_start,sum(money) as money from bill_charge where inout_start=1 and time=1494777600 group by time [ RunTime:0.000516s ]
[ sql ] [ SQL ] select time,inout_start,sum(money) as money from bill_charge where inout_start=2 and time=1494777600 group by time [ RunTime:0.000435s ]
[ sql ] [ SQL ] SHOW COLUMNS FROM `bill_charge` [ RunTime:0.017483s ]
[ sql ] [ SQL ] SELECT * FROM `bill_charge` `c` INNER JOIN `bill_inout_class` `i` ON `c`.`inout_class`=`i`.`c_id` WHERE  `c`.`time` = 1494777600  [ RunTime:0.000891s ]
[ sql ] [ SQL ] select time,inout_start,sum(money) as money from bill_charge where inout_start=1 and time=1490976000 group by time [ RunTime:0.000593s ]
[ sql ] [ SQL ] select time,inout_start,sum(money) as money from bill_charge where inout_start=2 and time=1490976000 group by time [ RunTime:0.000508s ]
[ sql ] [ SQL ] SELECT * FROM `bill_charge` `c` INNER JOIN `bill_inout_class` `i` ON `c`.`inout_class`=`i`.`c_id` WHERE  `c`.`time` = 1490976000  [ RunTime:0.000712s ]
[ sql ] [ SQL ] select time,inout_start,sum(money) as money from bill_charge where inout_start=1 and time=1488988800 group by time [ RunTime:0.000494s ]
[ sql ] [ SQL ] select time,inout_start,sum(money) as money from bill_charge where inout_start=2 and time=1488988800 group by time [ RunTime:0.000478s ]
[ sql ] [ SQL ] SELECT * FROM `bill_charge` `c` INNER JOIN `bill_inout_class` `i` ON `c`.`inout_class`=`i`.`c_id` WHERE  `c`.`time` = 1488988800  [ RunTime:0.001118s ]

---------------------------------------------------------------
[ 2017-05-18T22:20:11+08:00 ] ::1 ::1 GET /charge/public/index.php/port/login/sendCode?code=081FbPhe1ieTIt0UPfke1zyQhe1FbPhu&PHPSESSID=t4oiYJ0vNcTWyzgNnHznHZikPos
[ log ] localhost/charge/public/index.php/port/login/sendCode?code=081FbPhe1ieTIt0UPfke1zyQhe1FbPhu&PHPSESSID=t4oiYJ0vNcTWyzgNnHznHZikPos [运行时间：0.278393s][吞吐率：3.59req/s] [内存消耗：1,541.63kb] [文件加载：42]
[ info ] [ LANG ] D:\WWW\charge\thinkphp\lang\zh-cn.php
[ info ] [ ROUTE ] array (
  'type' => 'module',
  'module' => 
  array (
    0 => 'port',
    1 => 'login',
    2 => 'sendCode',
  ),
)
[ info ] [ HEADER ] array (
  'accept-encoding' => 'gzip, deflate, sdch',
  'referer' => 'https://servicewechat.com/wx0d74e7d7020142e0/devtools/page-frame.html',
  'accept' => '*/*',
  'content-type' => 'application/json',
  'user-agent' => 'Mozilla/5.0 (Windows NT 10.0; Win64; x64) AppleWebKit/537.36 (KHTML, like Gecko) Chrome/53.0.2785.143 Safari/537.36 appservice webview/100000',
  'x-requested-with' => 'XMLHttpRequest',
  'cache-control' => 'no-cache',
  'pragma' => 'no-cache',
  'connection' => 'close',
  'host' => 'localhost',
)
[ info ] [ PARAM ] array (
  'code' => '081FbPhe1ieTIt0UPfke1zyQhe1FbPhu',
  'PHPSESSID' => 't4oiYJ0vNcTWyzgNnHznHZikPos',
)
[ info ] [ RUN ] app\port\controller\Login->sendCode[ D:\WWW\charge\application\port\controller\Login.php ]
[ info ] [ CACHE ] INIT File
[ info ] [ DB ] INIT mysql
[ info ] [ LOG ] INIT File
[ sql ] [ DB ] CONNECT:[ UseTime:0.000918s ] mysql:dbname=bill_charge;host=127.0.0.1;port=3306;charset=utf8
[ sql ] [ SQL ] SHOW COLUMNS FROM `bill_public_follow` [ RunTime:0.018494s ]
[ sql ] [ SQL ] SELECT * FROM `bill_public_follow` WHERE  `openid` = 'onVsY0Z7hIknIoGK0kvfXMMp8wLM' LIMIT 1    [ RunTime:0.000649s ]

---------------------------------------------------------------
[ 2017-05-18T22:20:11+08:00 ] ::1 ::1 GET /charge/public/index.php/port/login/saveUserInfo?encryptedData=lcvQAI1OnFSwP1eYMew6WJN24HfXpcNlgrjJXp1fcEwRIpCKb0TWMl06sV0sjdB64TG9fzzMqitPWHM58ACcxGtmVxZ3AAOluBYRR%2F1dRW05DEKWmH1tIqBrsl8yhagsNG7An%2BTC3AzaZjdOzENT1aSMdsSas64lziaULw8DCWV9N5GyxPr0GKGwexa6ww5X14SwgEKNBqzbTvwH9wqK8lQqlOW5hzAZHl2%2Fkz8M6Kg%2FloJT%2FSkfhY14lmyyM1mtbPjgaL1UdoMAteMw0clW25%2BjL%2FauG9mDPWdDqrwH0yWtuDQZkul9p2lrDEtQ4gEGT400jdAKrAzYurJLIPTH8Ihz6K%2FY7jt4Md3GXU7aLFIlqPrgUKvoV4mIpDF6%2FjQsdKOfDTfj9Anec3nXhtHIbYkFJiLF4iPbzPdN9oPHD0K35dxLNxAhephQ6ptq9O9V9T%2Fc1GT65Le%2FPcSK6y4FruKqYpxCvWBPKUAGmPSFyKi3D7PfycZqM35BjB2JlDyD&PHPSESSID=JwxwrRymm1hhpvXRgWTgvYEU9Se&iv=8Aawlbljl19m0tzPIWfSVA%3D%3D
[ log ] localhost/charge/public/index.php/port/login/saveUserInfo?encryptedData=lcvQAI1OnFSwP1eYMew6WJN24HfXpcNlgrjJXp1fcEwRIpCKb0TWMl06sV0sjdB64TG9fzzMqitPWHM58ACcxGtmVxZ3AAOluBYRR%2F1dRW05DEKWmH1tIqBrsl8yhagsNG7An%2BTC3AzaZjdOzENT1aSMdsSas64lziaULw8DCWV9N5GyxPr0GKGwexa6ww5X14SwgEKNBqzbTvwH9wqK8lQqlOW5hzAZHl2%2Fkz8M6Kg%2FloJT%2FSkfhY14lmyyM1mtbPjgaL1UdoMAteMw0clW25%2BjL%2FauG9mDPWdDqrwH0yWtuDQZkul9p2lrDEtQ4gEGT400jdAKrAzYurJLIPTH8Ihz6K%2FY7jt4Md3GXU7aLFIlqPrgUKvoV4mIpDF6%2FjQsdKOfDTfj9Anec3nXhtHIbYkFJiLF4iPbzPdN9oPHD0K35dxLNxAhephQ6ptq9O9V9T%2Fc1GT65Le%2FPcSK6y4FruKqYpxCvWBPKUAGmPSFyKi3D7PfycZqM35BjB2JlDyD&PHPSESSID=JwxwrRymm1hhpvXRgWTgvYEU9Se&iv=8Aawlbljl19m0tzPIWfSVA%3D%3D [运行时间：0.080831s][吞吐率：12.37req/s] [内存消耗：1,565.84kb] [文件加载：45]
[ info ] [ LANG ] D:\WWW\charge\thinkphp\lang\zh-cn.php
[ info ] [ ROUTE ] array (
  'type' => 'module',
  'module' => 
  array (
    0 => 'port',
    1 => 'login',
    2 => 'saveUserInfo',
  ),
)
[ info ] [ HEADER ] array (
  'accept-encoding' => 'gzip, deflate, sdch',
  'referer' => 'https://servicewechat.com/wx0d74e7d7020142e0/devtools/page-frame.html',
  'accept' => '*/*',
  'content-type' => 'application/json',
  'user-agent' => 'Mozilla/5.0 (Windows NT 10.0; Win64; x64) AppleWebKit/537.36 (KHTML, like Gecko) Chrome/53.0.2785.143 Safari/537.36 appservice webview/100000',
  'x-requested-with' => 'XMLHttpRequest',
  'cache-control' => 'no-cache',
  'pragma' => 'no-cache',
  'connection' => 'close',
  'host' => 'localhost',
)
[ info ] [ PARAM ] array (
  'encryptedData' => 'lcvQAI1OnFSwP1eYMew6WJN24HfXpcNlgrjJXp1fcEwRIpCKb0TWMl06sV0sjdB64TG9fzzMqitPWHM58ACcxGtmVxZ3AAOluBYRR/1dRW05DEKWmH1tIqBrsl8yhagsNG7An+TC3AzaZjdOzENT1aSMdsSas64lziaULw8DCWV9N5GyxPr0GKGwexa6ww5X14SwgEKNBqzbTvwH9wqK8lQqlOW5hzAZHl2/kz8M6Kg/loJT/SkfhY14lmyyM1mtbPjgaL1UdoMAteMw0clW25+jL/auG9mDPWdDqrwH0yWtuDQZkul9p2lrDEtQ4gEGT400jdAKrAzYurJLIPTH8Ihz6K/Y7jt4Md3GXU7aLFIlqPrgUKvoV4mIpDF6/jQsdKOfDTfj9Anec3nXhtHIbYkFJiLF4iPbzPdN9oPHD0K35dxLNxAhephQ6ptq9O9V9T/c1GT65Le/PcSK6y4FruKqYpxCvWBPKUAGmPSFyKi3D7PfycZqM35BjB2JlDyD',
  'PHPSESSID' => 'JwxwrRymm1hhpvXRgWTgvYEU9Se',
  'iv' => '8Aawlbljl19m0tzPIWfSVA==',
)
[ info ] [ RUN ] app\port\controller\Login->saveUserInfo[ D:\WWW\charge\application\port\controller\Login.php ]
[ info ] [ CACHE ] INIT File
[ info ] [ DB ] INIT mysql
[ info ] [ LOG ] INIT File
[ sql ] [ DB ] CONNECT:[ UseTime:0.001884s ] mysql:dbname=bill_charge;host=127.0.0.1;port=3306;charset=utf8
[ sql ] [ SQL ] SHOW COLUMNS FROM `bill_user` [ RunTime:0.020317s ]
[ sql ] [ SQL ] UPDATE `bill_user`  SET `nickname`='伊人回眸泪倾城 ....จุ๊บ',`sex`=1,`city`='',`province`='Beijing',`country`='CN',`headimgurl`='http://wx.qlogo.cn/mmopen/vi_32/Q0j4TwGTfTK6zmnIDhZFZFHuBBTG0fkJ2fWjrXTpv7IiaM0miazveEWEib0FR8mSlRaqKgjg0GYelKOX0XDQGMCyg/0'  WHERE  `uid` = 1          [ RunTime:0.000461s ]
[ sql ] [ SQL ] SHOW COLUMNS FROM `bill_friend` [ RunTime:0.022747s ]
[ sql ] [ SQL ] SELECT * FROM `bill_friend` WHERE  `uid` = 1 LIMIT 1    [ RunTime:0.000469s ]
[ sql ] [ SQL ] UPDATE `bill_friend`  SET `start`=1,`friend_name`='伊人回眸泪倾城 ....จุ๊บ',`friend_imgurl`='http://wx.qlogo.cn/mmopen/vi_32/Q0j4TwGTfTK6zmnIDhZFZFHuBBTG0fkJ2fWjrXTpv7IiaM0miazveEWEib0FR8mSlRaqKgjg0GYelKOX0XDQGMCyg/0',`time`=1495117211  WHERE  `uid` = 1        [ RunTime:0.000637s ]

---------------------------------------------------------------
[ 2017-05-18T22:20:15+08:00 ] ::1 ::1 GET /charge/public/index.php/port/friend/MyFriend?openid=onVsY0Z7hIknIoGK0kvfXMMp8wLM
[ log ] localhost/charge/public/index.php/port/friend/MyFriend?openid=onVsY0Z7hIknIoGK0kvfXMMp8wLM [运行时间：0.097009s][吞吐率：10.31req/s] [内存消耗：1,638.45kb] [文件加载：41]
[ info ] [ LANG ] D:\WWW\charge\thinkphp\lang\zh-cn.php
[ info ] [ ROUTE ] array (
  'type' => 'module',
  'module' => 
  array (
    0 => 'port',
    1 => 'friend',
    2 => 'MyFriend',
  ),
)
[ info ] [ HEADER ] array (
  'accept-encoding' => 'gzip, deflate, sdch',
  'referer' => 'https://servicewechat.com/wx0d74e7d7020142e0/devtools/page-frame.html',
  'accept' => '*/*',
  'content-type' => 'application/json',
  'user-agent' => 'Mozilla/5.0 (Windows NT 10.0; Win64; x64) AppleWebKit/537.36 (KHTML, like Gecko) Chrome/53.0.2785.143 Safari/537.36 appservice webview/100000',
  'x-requested-with' => 'XMLHttpRequest',
  'cache-control' => 'no-cache',
  'pragma' => 'no-cache',
  'connection' => 'close',
  'host' => 'localhost',
)
[ info ] [ PARAM ] array (
  'openid' => 'onVsY0Z7hIknIoGK0kvfXMMp8wLM',
)
[ info ] [ RUN ] app\port\controller\Friend->MyFriend[ D:\WWW\charge\application\port\controller\Friend.php ]
[ info ] [ DB ] INIT mysql
[ info ] [ LOG ] INIT File
[ sql ] [ DB ] CONNECT:[ UseTime:0.000935s ] mysql:dbname=bill_charge;host=127.0.0.1;port=3306;charset=utf8
[ sql ] [ SQL ] SHOW COLUMNS FROM `bill_public_follow` [ RunTime:0.019636s ]
[ sql ] [ SQL ] SELECT `uid` FROM `bill_public_follow` WHERE  `openid` = 'onVsY0Z7hIknIoGK0kvfXMMp8wLM' LIMIT 1    [ RunTime:0.000562s ]
[ sql ] [ SQL ] SHOW COLUMNS FROM `bill_user_friend` [ RunTime:0.034297s ]
[ sql ] [ SQL ] SELECT * FROM `bill_user_friend` `uf` INNER JOIN `bill_friend` `bf` ON `uf`.`f_id`=`bf`.`f_id` WHERE  `u_id` = 1   [ RunTime:0.000844s ]
[ sql ] [ SQL ] SELECT sum(`sum_money`) AS `sum_money` FROM `bill_circle_friend_assoct` WHERE friend_id = 5 AND `pay_start` = 0 [ RunTime:0.000703s ]
[ sql ] [ SQL ] SELECT sum(`sum_money`) AS `total_money` FROM `bill_circle_friend_assoct` WHERE `friend_id` = 5 AND `pay_start` = 1 [ RunTime:0.000450s ]
[ sql ] [ SQL ] SELECT sum(`sum_money`) AS `sum_money` FROM `bill_circle_friend_assoct` WHERE friend_id = 4 AND `pay_start` = 0 [ RunTime:0.000413s ]
[ sql ] [ SQL ] SELECT sum(`sum_money`) AS `total_money` FROM `bill_circle_friend_assoct` WHERE `friend_id` = 4 AND `pay_start` = 1 [ RunTime:0.000450s ]
[ sql ] [ SQL ] SELECT sum(`sum_money`) AS `sum_money` FROM `bill_circle_friend_assoct` WHERE friend_id = 3 AND `pay_start` = 0 [ RunTime:0.000417s ]
[ sql ] [ SQL ] SELECT sum(`sum_money`) AS `total_money` FROM `bill_circle_friend_assoct` WHERE `friend_id` = 3 AND `pay_start` = 1 [ RunTime:0.000446s ]
[ sql ] [ SQL ] SELECT sum(`sum_money`) AS `sum_money` FROM `bill_circle_friend_assoct` WHERE friend_id = 2 AND `pay_start` = 0 [ RunTime:0.000386s ]
[ sql ] [ SQL ] SELECT sum(`sum_money`) AS `total_money` FROM `bill_circle_friend_assoct` WHERE `friend_id` = 2 AND `pay_start` = 1 [ RunTime:0.000395s ]
[ sql ] [ SQL ] SELECT sum(`sum_money`) AS `sum_money` FROM `bill_circle_friend_assoct` WHERE friend_id = 1 AND `pay_start` = 0 [ RunTime:0.000352s ]
[ sql ] [ SQL ] SELECT sum(`sum_money`) AS `total_money` FROM `bill_circle_friend_assoct` WHERE `friend_id` = 1 AND `pay_start` = 1 [ RunTime:0.000441s ]
[ sql ] [ SQL ] SELECT sum(`sum_money`) AS `sum_money` FROM `bill_circle_friend_assoct` WHERE friend_id = 53 AND `pay_start` = 0 [ RunTime:0.000455s ]
[ sql ] [ SQL ] SELECT sum(`sum_money`) AS `total_money` FROM `bill_circle_friend_assoct` WHERE `friend_id` = 53 AND `pay_start` = 1 [ RunTime:0.000383s ]
[ sql ] [ SQL ] SELECT sum(`sum_money`) AS `sum_money` FROM `bill_circle_friend_assoct` WHERE friend_id = 54 AND `pay_start` = 0 [ RunTime:0.000387s ]
[ sql ] [ SQL ] SELECT sum(`sum_money`) AS `total_money` FROM `bill_circle_friend_assoct` WHERE `friend_id` = 54 AND `pay_start` = 1 [ RunTime:0.000328s ]

---------------------------------------------------------------
[ 2017-05-18T22:20:30+08:00 ] ::1 ::1 GET /charge/public/index.php/port/friend/friend_add?phone=15110110706&name=%E5%8F%91%E7%83%AD&openid=onVsY0Z7hIknIoGK0kvfXMMp8wLM
[ log ] localhost/charge/public/index.php/port/friend/friend_add?phone=15110110706&name=%E5%8F%91%E7%83%AD&openid=onVsY0Z7hIknIoGK0kvfXMMp8wLM [运行时间：0.065929s][吞吐率：15.17req/s] [内存消耗：1,661.27kb] [文件加载：44]
[ info ] [ LANG ] D:\WWW\charge\thinkphp\lang\zh-cn.php
[ info ] [ ROUTE ] array (
  'type' => 'module',
  'module' => 
  array (
    0 => 'port',
    1 => 'friend',
    2 => 'friend_add',
  ),
)
[ info ] [ HEADER ] array (
  'accept-encoding' => 'gzip, deflate, sdch',
  'referer' => 'https://servicewechat.com/wx0d74e7d7020142e0/devtools/page-frame.html',
  'accept' => '*/*',
  'content-type' => 'application/json',
  'user-agent' => 'Mozilla/5.0 (Windows NT 10.0; Win64; x64) AppleWebKit/537.36 (KHTML, like Gecko) Chrome/53.0.2785.143 Safari/537.36 appservice webview/100000',
  'x-requested-with' => 'XMLHttpRequest',
  'cache-control' => 'no-cache',
  'pragma' => 'no-cache',
  'connection' => 'close',
  'host' => 'localhost',
)
[ info ] [ PARAM ] array (
  'phone' => '15110110706',
  'name' => '发热',
  'openid' => 'onVsY0Z7hIknIoGK0kvfXMMp8wLM',
)
[ info ] [ RUN ] app\port\controller\Friend->friend_add[ D:\WWW\charge\application\port\controller\Friend.php ]
[ info ] [ DB ] INIT mysql
[ info ] [ LOG ] INIT File
[ sql ] [ DB ] CONNECT:[ UseTime:0.001088s ] mysql:dbname=bill_charge;host=127.0.0.1;port=3306;charset=utf8
[ sql ] [ SQL ] SHOW COLUMNS FROM `bill_public_follow` [ RunTime:0.018496s ]
[ sql ] [ SQL ] SELECT `uid` FROM `bill_public_follow` WHERE  `openid` = 'onVsY0Z7hIknIoGK0kvfXMMp8wLM' LIMIT 1    [ RunTime:0.000456s ]
[ sql ] [ SQL ] SHOW COLUMNS FROM `bill_user_friend` [ RunTime:0.015099s ]
[ sql ] [ SQL ] SELECT * FROM `bill_user_friend` WHERE  `u_id` = 1   [ RunTime:0.000607s ]
[ error ] [8]未定义数组索引: f_id[D:\WWW\charge\application\port\model\FriendModel.php:34]

---------------------------------------------------------------
[ 2017-05-18T22:21:17+08:00 ] ::1 ::1 GET /charge/public/index.php/port/check/UserCheck?openid=onVsY0Z7hIknIoGK0kvfXMMp8wLM&limit=3&lastid=0
[ log ] localhost/charge/public/index.php/port/check/UserCheck?openid=onVsY0Z7hIknIoGK0kvfXMMp8wLM&limit=3&lastid=0 [运行时间：0.141983s][吞吐率：7.04req/s] [内存消耗：1,490.23kb] [文件加载：39]
[ info ] [ LANG ] D:\WWW\charge\thinkphp\lang\zh-cn.php
[ info ] [ ROUTE ] array (
  'type' => 'module',
  'module' => 
  array (
    0 => 'port',
    1 => 'check',
    2 => 'UserCheck',
  ),
)
[ info ] [ HEADER ] array (
  'accept-encoding' => 'gzip, deflate, sdch',
  'referer' => 'https://servicewechat.com/wx0d74e7d7020142e0/devtools/page-frame.html',
  'accept' => '*/*',
  'content-type' => 'application/json',
  'user-agent' => 'Mozilla/5.0 (Windows NT 10.0; Win64; x64) AppleWebKit/537.36 (KHTML, like Gecko) Chrome/53.0.2785.143 Safari/537.36 appservice webview/100000',
  'x-requested-with' => 'XMLHttpRequest',
  'cache-control' => 'no-cache',
  'pragma' => 'no-cache',
  'connection' => 'close',
  'host' => 'localhost',
)
[ info ] [ PARAM ] array (
  'openid' => 'onVsY0Z7hIknIoGK0kvfXMMp8wLM',
  'limit' => '3',
  'lastid' => '0',
)
[ info ] [ RUN ] app\port\controller\Check->UserCheck[ D:\WWW\charge\application\port\controller\Check.php ]
[ info ] [ DB ] INIT mysql
[ info ] [ LOG ] INIT File
[ sql ] [ DB ] CONNECT:[ UseTime:0.000897s ] mysql:dbname=bill_charge;host=127.0.0.1;port=3306;charset=utf8
[ sql ] [ SQL ] SHOW COLUMNS FROM `bill_public_follow` [ RunTime:0.064448s ]
[ sql ] [ SQL ] SELECT `f`.`uid` FROM `bill_public_follow` `f` INNER JOIN `bill_user` `u` ON `f`.`uid`=`u`.`uid` WHERE  `f`.`openid` = 'onVsY0Z7hIknIoGK0kvfXMMp8wLM' LIMIT 1   [ RunTime:0.000550s ]
[ sql ] [ SQL ] SELECT sum(`money`) as `money`,`time` FROM `bill_charge` WHERE `user_id` = '1' AND `inout_start`=1 AND `time` >= unix_timestamp('2017-05-01 00:00:00') AND `time` <= unix_timestamp('2017-05-18 22:21:17') [ RunTime:0.000611s ]
[ sql ] [ SQL ] SELECT sum(`money`) as `money`,`time` FROM `bill_charge` WHERE `user_id` = '1' AND `inout_start`=2 AND `time` >= unix_timestamp('2017-05-01 00:00:00') AND `time` <= unix_timestamp('2017-05-18 22:21:17') [ RunTime:0.000524s ]
[ sql ] [ SQL ] select time,a_id from bill_charge where a_id > 0 group by time order by a_id desc LIMIT 3 [ RunTime:0.000604s ]
[ sql ] [ SQL ] select time,inout_start,sum(money) as money from bill_charge where inout_start=1 and time=1494777600 group by time [ RunTime:0.000461s ]
[ sql ] [ SQL ] select time,inout_start,sum(money) as money from bill_charge where inout_start=2 and time=1494777600 group by time [ RunTime:0.000419s ]
[ sql ] [ SQL ] SHOW COLUMNS FROM `bill_charge` [ RunTime:0.029140s ]
[ sql ] [ SQL ] SELECT * FROM `bill_charge` `c` INNER JOIN `bill_inout_class` `i` ON `c`.`inout_class`=`i`.`c_id` WHERE  `c`.`time` = 1494777600  [ RunTime:0.000634s ]
[ sql ] [ SQL ] select time,inout_start,sum(money) as money from bill_charge where inout_start=1 and time=1490976000 group by time [ RunTime:0.000701s ]
[ sql ] [ SQL ] select time,inout_start,sum(money) as money from bill_charge where inout_start=2 and time=1490976000 group by time [ RunTime:0.000441s ]
[ sql ] [ SQL ] SELECT * FROM `bill_charge` `c` INNER JOIN `bill_inout_class` `i` ON `c`.`inout_class`=`i`.`c_id` WHERE  `c`.`time` = 1490976000  [ RunTime:0.000640s ]
[ sql ] [ SQL ] select time,inout_start,sum(money) as money from bill_charge where inout_start=1 and time=1488988800 group by time [ RunTime:0.000400s ]
[ sql ] [ SQL ] select time,inout_start,sum(money) as money from bill_charge where inout_start=2 and time=1488988800 group by time [ RunTime:0.000345s ]
[ sql ] [ SQL ] SELECT * FROM `bill_charge` `c` INNER JOIN `bill_inout_class` `i` ON `c`.`inout_class`=`i`.`c_id` WHERE  `c`.`time` = 1488988800  [ RunTime:0.000593s ]

---------------------------------------------------------------
[ 2017-05-18T22:21:18+08:00 ] ::1 ::1 GET /charge/public/index.php/port/login/sendCode?code=0518I2LI1yFi4805KLMI1dyRKI18I2LK&PHPSESSID=JwxwrRymm1hhpvXRgWTgvYEU9Se
[ log ] localhost/charge/public/index.php/port/login/sendCode?code=0518I2LI1yFi4805KLMI1dyRKI18I2LK&PHPSESSID=JwxwrRymm1hhpvXRgWTgvYEU9Se [运行时间：0.283155s][吞吐率：3.53req/s] [内存消耗：1,541.63kb] [文件加载：42]
[ info ] [ LANG ] D:\WWW\charge\thinkphp\lang\zh-cn.php
[ info ] [ ROUTE ] array (
  'type' => 'module',
  'module' => 
  array (
    0 => 'port',
    1 => 'login',
    2 => 'sendCode',
  ),
)
[ info ] [ HEADER ] array (
  'accept-encoding' => 'gzip, deflate, sdch',
  'referer' => 'https://servicewechat.com/wx0d74e7d7020142e0/devtools/page-frame.html',
  'accept' => '*/*',
  'content-type' => 'application/json',
  'user-agent' => 'Mozilla/5.0 (Windows NT 10.0; Win64; x64) AppleWebKit/537.36 (KHTML, like Gecko) Chrome/53.0.2785.143 Safari/537.36 appservice webview/100000',
  'x-requested-with' => 'XMLHttpRequest',
  'cache-control' => 'no-cache',
  'pragma' => 'no-cache',
  'connection' => 'close',
  'host' => 'localhost',
)
[ info ] [ PARAM ] array (
  'code' => '0518I2LI1yFi4805KLMI1dyRKI18I2LK',
  'PHPSESSID' => 'JwxwrRymm1hhpvXRgWTgvYEU9Se',
)
[ info ] [ RUN ] app\port\controller\Login->sendCode[ D:\WWW\charge\application\port\controller\Login.php ]
[ info ] [ CACHE ] INIT File
[ info ] [ DB ] INIT mysql
[ info ] [ LOG ] INIT File
[ sql ] [ DB ] CONNECT:[ UseTime:0.000848s ] mysql:dbname=bill_charge;host=127.0.0.1;port=3306;charset=utf8
[ sql ] [ SQL ] SHOW COLUMNS FROM `bill_public_follow` [ RunTime:0.017236s ]
[ sql ] [ SQL ] SELECT * FROM `bill_public_follow` WHERE  `openid` = 'onVsY0Z7hIknIoGK0kvfXMMp8wLM' LIMIT 1    [ RunTime:0.000458s ]

---------------------------------------------------------------
[ 2017-05-18T22:21:18+08:00 ] ::1 ::1 GET /charge/public/index.php/port/login/saveUserInfo?encryptedData=swBWHVJD5lLh1q%2FQOg5LWr1BkvUbXU66zw%2FhDHV6DyVua%2BPNoeoVIcQG6bOeZHg04Zzt%2Bqj%2BQ8fP1O4orUysi5zhDYXjWoobAknxiHsxBFcv6H6qNDexJCyfdreXn0C%2BBc0bOpR0gZkxAm92d4UXidJzOTALbLl%2Bv4Pjgppi23FYePjXknOwCy8jY2xofSosWYrbhTKxQN%2FsQavim08SIg5gUPaSKUSvSYeKwxA00S%2FW5327jVwHu%2FLdnXjVg73Ilot735KEghdImOJpf50NKb0U5ydmORXt2WTvx7sR%2F2M4m%2Fj%2FmcPiVSOY4KHMOc5hU8HCCMyUyL2%2B%2B39GXhZKr4LwCZpd7UyreyRgsjOzxdaYSOOgOMBtkAFw7eBN0qruKVJa%2FIb4wbWO2%2FW%2F2k88MiriAk%2FEjuFb5ic%2BVLCJpd9gS1uUbK69gZt4408DQKmlfP3cPGNn22NxjQEtaPXHb3vrPPovRY5yzmzndQ14DSr7g%2BMDkk2k0KAKJpO5FJCC&PHPSESSID=o1I0AV8vRR2rAmN6yZmvo8ZuQTH&iv=SL79%2FTdNQEkrr92XTxcyvg%3D%3D
[ log ] localhost/charge/public/index.php/port/login/saveUserInfo?encryptedData=swBWHVJD5lLh1q%2FQOg5LWr1BkvUbXU66zw%2FhDHV6DyVua%2BPNoeoVIcQG6bOeZHg04Zzt%2Bqj%2BQ8fP1O4orUysi5zhDYXjWoobAknxiHsxBFcv6H6qNDexJCyfdreXn0C%2BBc0bOpR0gZkxAm92d4UXidJzOTALbLl%2Bv4Pjgppi23FYePjXknOwCy8jY2xofSosWYrbhTKxQN%2FsQavim08SIg5gUPaSKUSvSYeKwxA00S%2FW5327jVwHu%2FLdnXjVg73Ilot735KEghdImOJpf50NKb0U5ydmORXt2WTvx7sR%2F2M4m%2Fj%2FmcPiVSOY4KHMOc5hU8HCCMyUyL2%2B%2B39GXhZKr4LwCZpd7UyreyRgsjOzxdaYSOOgOMBtkAFw7eBN0qruKVJa%2FIb4wbWO2%2FW%2F2k88MiriAk%2FEjuFb5ic%2BVLCJpd9gS1uUbK69gZt4408DQKmlfP3cPGNn22NxjQEtaPXHb3vrPPovRY5yzmzndQ14DSr7g%2BMDkk2k0KAKJpO5FJCC&PHPSESSID=o1I0AV8vRR2rAmN6yZmvo8ZuQTH&iv=SL79%2FTdNQEkrr92XTxcyvg%3D%3D [运行时间：0.104951s][吞吐率：9.53req/s] [内存消耗：1,565.95kb] [文件加载：45]
[ info ] [ LANG ] D:\WWW\charge\thinkphp\lang\zh-cn.php
[ info ] [ ROUTE ] array (
  'type' => 'module',
  'module' => 
  array (
    0 => 'port',
    1 => 'login',
    2 => 'saveUserInfo',
  ),
)
[ info ] [ HEADER ] array (
  'accept-encoding' => 'gzip, deflate, sdch',
  'referer' => 'https://servicewechat.com/wx0d74e7d7020142e0/devtools/page-frame.html',
  'accept' => '*/*',
  'content-type' => 'application/json',
  'user-agent' => 'Mozilla/5.0 (Windows NT 10.0; Win64; x64) AppleWebKit/537.36 (KHTML, like Gecko) Chrome/53.0.2785.143 Safari/537.36 appservice webview/100000',
  'x-requested-with' => 'XMLHttpRequest',
  'cache-control' => 'no-cache',
  'pragma' => 'no-cache',
  'connection' => 'close',
  'host' => 'localhost',
)
[ info ] [ PARAM ] array (
  'encryptedData' => 'swBWHVJD5lLh1q/QOg5LWr1BkvUbXU66zw/hDHV6DyVua+PNoeoVIcQG6bOeZHg04Zzt+qj+Q8fP1O4orUysi5zhDYXjWoobAknxiHsxBFcv6H6qNDexJCyfdreXn0C+Bc0bOpR0gZkxAm92d4UXidJzOTALbLl+v4Pjgppi23FYePjXknOwCy8jY2xofSosWYrbhTKxQN/sQavim08SIg5gUPaSKUSvSYeKwxA00S/W5327jVwHu/LdnXjVg73Ilot735KEghdImOJpf50NKb0U5ydmORXt2WTvx7sR/2M4m/j/mcPiVSOY4KHMOc5hU8HCCMyUyL2++39GXhZKr4LwCZpd7UyreyRgsjOzxdaYSOOgOMBtkAFw7eBN0qruKVJa/Ib4wbWO2/W/2k88MiriAk/EjuFb5ic+VLCJpd9gS1uUbK69gZt4408DQKmlfP3cPGNn22NxjQEtaPXHb3vrPPovRY5yzmzndQ14DSr7g+MDkk2k0KAKJpO5FJCC',
  'PHPSESSID' => 'o1I0AV8vRR2rAmN6yZmvo8ZuQTH',
  'iv' => 'SL79/TdNQEkrr92XTxcyvg==',
)
[ info ] [ RUN ] app\port\controller\Login->saveUserInfo[ D:\WWW\charge\application\port\controller\Login.php ]
[ info ] [ CACHE ] INIT File
[ info ] [ DB ] INIT mysql
[ info ] [ LOG ] INIT File
[ sql ] [ DB ] CONNECT:[ UseTime:0.001173s ] mysql:dbname=bill_charge;host=127.0.0.1;port=3306;charset=utf8
[ sql ] [ SQL ] SHOW COLUMNS FROM `bill_user` [ RunTime:0.044913s ]
[ sql ] [ SQL ] UPDATE `bill_user`  SET `nickname`='伊人回眸泪倾城 ....จุ๊บ',`sex`=1,`city`='',`province`='Beijing',`country`='CN',`headimgurl`='http://wx.qlogo.cn/mmopen/vi_32/Q0j4TwGTfTK6zmnIDhZFZFHuBBTG0fkJ2fWjrXTpv7IiaM0miazveEWEib0FR8mSlRaqKgjg0GYelKOX0XDQGMCyg/0'  WHERE  `uid` = 1          [ RunTime:0.000524s ]
[ sql ] [ SQL ] SHOW COLUMNS FROM `bill_friend` [ RunTime:0.019238s ]
[ sql ] [ SQL ] SELECT * FROM `bill_friend` WHERE  `uid` = 1 LIMIT 1    [ RunTime:0.000716s ]
[ sql ] [ SQL ] UPDATE `bill_friend`  SET `start`=1,`friend_name`='伊人回眸泪倾城 ....จุ๊บ',`friend_imgurl`='http://wx.qlogo.cn/mmopen/vi_32/Q0j4TwGTfTK6zmnIDhZFZFHuBBTG0fkJ2fWjrXTpv7IiaM0miazveEWEib0FR8mSlRaqKgjg0GYelKOX0XDQGMCyg/0',`time`=1495117278  WHERE  `uid` = 1        [ RunTime:0.000912s ]

---------------------------------------------------------------
[ 2017-05-18T22:26:18+08:00 ] ::1 ::1 GET /charge/public/index.php/port/check/UserCheck?openid=onVsY0Z7hIknIoGK0kvfXMMp8wLM&limit=3&lastid=0
[ log ] localhost/charge/public/index.php/port/check/UserCheck?openid=onVsY0Z7hIknIoGK0kvfXMMp8wLM&limit=3&lastid=0 [运行时间：0.142045s][吞吐率：7.04req/s] [内存消耗：1,490.14kb] [文件加载：39]
[ info ] [ LANG ] D:\WWW\charge\thinkphp\lang\zh-cn.php
[ info ] [ ROUTE ] array (
  'type' => 'module',
  'module' => 
  array (
    0 => 'port',
    1 => 'check',
    2 => 'UserCheck',
  ),
)
[ info ] [ HEADER ] array (
  'accept-encoding' => 'gzip, deflate, sdch',
  'referer' => 'https://servicewechat.com/wx0d74e7d7020142e0/devtools/page-frame.html',
  'accept' => '*/*',
  'content-type' => 'application/json',
  'user-agent' => 'Mozilla/5.0 (Windows NT 10.0; Win64; x64) AppleWebKit/537.36 (KHTML, like Gecko) Chrome/53.0.2785.143 Safari/537.36 appservice webview/100000',
  'x-requested-with' => 'XMLHttpRequest',
  'cache-control' => 'no-cache',
  'pragma' => 'no-cache',
  'connection' => 'close',
  'host' => 'localhost',
)
[ info ] [ PARAM ] array (
  'openid' => 'onVsY0Z7hIknIoGK0kvfXMMp8wLM',
  'limit' => '3',
  'lastid' => '0',
)
[ info ] [ RUN ] app\port\controller\Check->UserCheck[ D:\WWW\charge\application\port\controller\Check.php ]
[ info ] [ DB ] INIT mysql
[ info ] [ LOG ] INIT File
[ sql ] [ DB ] CONNECT:[ UseTime:0.008607s ] mysql:dbname=bill_charge;host=127.0.0.1;port=3306;charset=utf8
[ sql ] [ SQL ] SHOW COLUMNS FROM `bill_public_follow` [ RunTime:0.060699s ]
[ sql ] [ SQL ] SELECT `f`.`uid` FROM `bill_public_follow` `f` INNER JOIN `bill_user` `u` ON `f`.`uid`=`u`.`uid` WHERE  `f`.`openid` = 'onVsY0Z7hIknIoGK0kvfXMMp8wLM' LIMIT 1   [ RunTime:0.000706s ]
[ sql ] [ SQL ] SELECT sum(`money`) as `money`,`time` FROM `bill_charge` WHERE `user_id` = '1' AND `inout_start`=1 AND `time` >= unix_timestamp('2017-05-01 00:00:00') AND `time` <= unix_timestamp('2017-05-18 22:26:18') [ RunTime:0.000777s ]
[ sql ] [ SQL ] SELECT sum(`money`) as `money`,`time` FROM `bill_charge` WHERE `user_id` = '1' AND `inout_start`=2 AND `time` >= unix_timestamp('2017-05-01 00:00:00') AND `time` <= unix_timestamp('2017-05-18 22:26:18') [ RunTime:0.000734s ]
[ sql ] [ SQL ] select time,a_id from bill_charge where a_id > 0 group by time order by a_id desc LIMIT 3 [ RunTime:0.000775s ]
[ sql ] [ SQL ] select time,inout_start,sum(money) as money from bill_charge where inout_start=1 and time=1494777600 group by time [ RunTime:0.000511s ]
[ sql ] [ SQL ] select time,inout_start,sum(money) as money from bill_charge where inout_start=2 and time=1494777600 group by time [ RunTime:0.000514s ]
[ sql ] [ SQL ] SHOW COLUMNS FROM `bill_charge` [ RunTime:0.021683s ]
[ sql ] [ SQL ] SELECT * FROM `bill_charge` `c` INNER JOIN `bill_inout_class` `i` ON `c`.`inout_class`=`i`.`c_id` WHERE  `c`.`time` = 1494777600  [ RunTime:0.000632s ]
[ sql ] [ SQL ] select time,inout_start,sum(money) as money from bill_charge where inout_start=1 and time=1490976000 group by time [ RunTime:0.000334s ]
[ sql ] [ SQL ] select time,inout_start,sum(money) as money from bill_charge where inout_start=2 and time=1490976000 group by time [ RunTime:0.000617s ]
[ sql ] [ SQL ] SELECT * FROM `bill_charge` `c` INNER JOIN `bill_inout_class` `i` ON `c`.`inout_class`=`i`.`c_id` WHERE  `c`.`time` = 1490976000  [ RunTime:0.000773s ]
[ sql ] [ SQL ] select time,inout_start,sum(money) as money from bill_charge where inout_start=1 and time=1488988800 group by time [ RunTime:0.000476s ]
[ sql ] [ SQL ] select time,inout_start,sum(money) as money from bill_charge where inout_start=2 and time=1488988800 group by time [ RunTime:0.000357s ]
[ sql ] [ SQL ] SELECT * FROM `bill_charge` `c` INNER JOIN `bill_inout_class` `i` ON `c`.`inout_class`=`i`.`c_id` WHERE  `c`.`time` = 1488988800  [ RunTime:0.000773s ]

---------------------------------------------------------------
[ 2017-05-18T22:26:19+08:00 ] ::1 ::1 GET /charge/public/index.php/port/login/sendCode?code=051n3JT92cWo2P0OVLS92UbMT92n3JTr&PHPSESSID=o1I0AV8vRR2rAmN6yZmvo8ZuQTH
[ log ] localhost/charge/public/index.php/port/login/sendCode?code=051n3JT92cWo2P0OVLS92UbMT92n3JTr&PHPSESSID=o1I0AV8vRR2rAmN6yZmvo8ZuQTH [运行时间：0.861374s][吞吐率：1.16req/s] [内存消耗：1,541.63kb] [文件加载：42]
[ info ] [ LANG ] D:\WWW\charge\thinkphp\lang\zh-cn.php
[ info ] [ ROUTE ] array (
  'type' => 'module',
  'module' => 
  array (
    0 => 'port',
    1 => 'login',
    2 => 'sendCode',
  ),
)
[ info ] [ HEADER ] array (
  'accept-encoding' => 'gzip, deflate, sdch',
  'referer' => 'https://servicewechat.com/wx0d74e7d7020142e0/devtools/page-frame.html',
  'accept' => '*/*',
  'content-type' => 'application/json',
  'user-agent' => 'Mozilla/5.0 (Windows NT 10.0; Win64; x64) AppleWebKit/537.36 (KHTML, like Gecko) Chrome/53.0.2785.143 Safari/537.36 appservice webview/100000',
  'x-requested-with' => 'XMLHttpRequest',
  'cache-control' => 'no-cache',
  'pragma' => 'no-cache',
  'connection' => 'close',
  'host' => 'localhost',
)
[ info ] [ PARAM ] array (
  'code' => '051n3JT92cWo2P0OVLS92UbMT92n3JTr',
  'PHPSESSID' => 'o1I0AV8vRR2rAmN6yZmvo8ZuQTH',
)
[ info ] [ RUN ] app\port\controller\Login->sendCode[ D:\WWW\charge\application\port\controller\Login.php ]
[ info ] [ CACHE ] INIT File
[ info ] [ DB ] INIT mysql
[ info ] [ LOG ] INIT File
[ sql ] [ DB ] CONNECT:[ UseTime:0.001319s ] mysql:dbname=bill_charge;host=127.0.0.1;port=3306;charset=utf8
[ sql ] [ SQL ] SHOW COLUMNS FROM `bill_public_follow` [ RunTime:0.017630s ]
[ sql ] [ SQL ] SELECT * FROM `bill_public_follow` WHERE  `openid` = 'onVsY0Z7hIknIoGK0kvfXMMp8wLM' LIMIT 1    [ RunTime:0.000638s ]

---------------------------------------------------------------
[ 2017-05-18T22:26:19+08:00 ] ::1 ::1 GET /charge/public/index.php/port/login/saveUserInfo?encryptedData=r%2Bod0xfAiPMgSMKnQ1a%2B6wX4asFFOZYHhnjuGhdDkbb76DOK8QCTZs0uvAkulpbEm9NuaYkFrzig8sxB6qQJajtHM%2Boy1eUmEc6C5jQkgWGNRi7tKXLJdHUhE5cOAbuso0rXscOecTH83HxXOG62QXotwddTF91%2BFcwUMmVocmNVk3tdo8IMNA9%2BobK6ABY%2F0cleB%2BFQ30ZYOf%2BW0qfSxdjiuSyn2MaL439HjoeU18pzUB6c%2B8l6WydZlJ%2FJ4ZP%2FORrGkJNoUCLi%2FDwc9PkVIJjhh1078lDmnrgcQMIpbZiyf4ldIE0GxAuzFSAXubVREE0XZDXc7nsRs%2FoniHI9Q6%2BE4pTnygasHnA4wR4QPYham%2BfM8CIkiKld0OFZcYsOaoVmEPFWE%2BMWo3FCb6L1cQRwmIjh1u4N0DF2NcRcXAb12axnV%2BbJrpnsmi1Wbg5q2%2BiSFQj52cBSoAthhMundHerv5m9iUNBOYuoe19M5o6qpT0QVHY1z%2B5Im7IMm4gV&PHPSESSID=XyEfc3kW5uHIupieylWNgxZ0m03&iv=xrhhsC3S4PXV7%2FAHT9jBIQ%3D%3D
[ log ] localhost/charge/public/index.php/port/login/saveUserInfo?encryptedData=r%2Bod0xfAiPMgSMKnQ1a%2B6wX4asFFOZYHhnjuGhdDkbb76DOK8QCTZs0uvAkulpbEm9NuaYkFrzig8sxB6qQJajtHM%2Boy1eUmEc6C5jQkgWGNRi7tKXLJdHUhE5cOAbuso0rXscOecTH83HxXOG62QXotwddTF91%2BFcwUMmVocmNVk3tdo8IMNA9%2BobK6ABY%2F0cleB%2BFQ30ZYOf%2BW0qfSxdjiuSyn2MaL439HjoeU18pzUB6c%2B8l6WydZlJ%2FJ4ZP%2FORrGkJNoUCLi%2FDwc9PkVIJjhh1078lDmnrgcQMIpbZiyf4ldIE0GxAuzFSAXubVREE0XZDXc7nsRs%2FoniHI9Q6%2BE4pTnygasHnA4wR4QPYham%2BfM8CIkiKld0OFZcYsOaoVmEPFWE%2BMWo3FCb6L1cQRwmIjh1u4N0DF2NcRcXAb12axnV%2BbJrpnsmi1Wbg5q2%2BiSFQj52cBSoAthhMundHerv5m9iUNBOYuoe19M5o6qpT0QVHY1z%2B5Im7IMm4gV&PHPSESSID=XyEfc3kW5uHIupieylWNgxZ0m03&iv=xrhhsC3S4PXV7%2FAHT9jBIQ%3D%3D [运行时间：0.089761s][吞吐率：11.14req/s] [内存消耗：1,566.08kb] [文件加载：45]
[ info ] [ LANG ] D:\WWW\charge\thinkphp\lang\zh-cn.php
[ info ] [ ROUTE ] array (
  'type' => 'module',
  'module' => 
  array (
    0 => 'port',
    1 => 'login',
    2 => 'saveUserInfo',
  ),
)
[ info ] [ HEADER ] array (
  'accept-encoding' => 'gzip, deflate, sdch',
  'referer' => 'https://servicewechat.com/wx0d74e7d7020142e0/devtools/page-frame.html',
  'accept' => '*/*',
  'content-type' => 'application/json',
  'user-agent' => 'Mozilla/5.0 (Windows NT 10.0; Win64; x64) AppleWebKit/537.36 (KHTML, like Gecko) Chrome/53.0.2785.143 Safari/537.36 appservice webview/100000',
  'x-requested-with' => 'XMLHttpRequest',
  'cache-control' => 'no-cache',
  'pragma' => 'no-cache',
  'connection' => 'close',
  'host' => 'localhost',
)
[ info ] [ PARAM ] array (
  'encryptedData' => 'r+od0xfAiPMgSMKnQ1a+6wX4asFFOZYHhnjuGhdDkbb76DOK8QCTZs0uvAkulpbEm9NuaYkFrzig8sxB6qQJajtHM+oy1eUmEc6C5jQkgWGNRi7tKXLJdHUhE5cOAbuso0rXscOecTH83HxXOG62QXotwddTF91+FcwUMmVocmNVk3tdo8IMNA9+obK6ABY/0cleB+FQ30ZYOf+W0qfSxdjiuSyn2MaL439HjoeU18pzUB6c+8l6WydZlJ/J4ZP/ORrGkJNoUCLi/Dwc9PkVIJjhh1078lDmnrgcQMIpbZiyf4ldIE0GxAuzFSAXubVREE0XZDXc7nsRs/oniHI9Q6+E4pTnygasHnA4wR4QPYham+fM8CIkiKld0OFZcYsOaoVmEPFWE+MWo3FCb6L1cQRwmIjh1u4N0DF2NcRcXAb12axnV+bJrpnsmi1Wbg5q2+iSFQj52cBSoAthhMundHerv5m9iUNBOYuoe19M5o6qpT0QVHY1z+5Im7IMm4gV',
  'PHPSESSID' => 'XyEfc3kW5uHIupieylWNgxZ0m03',
  'iv' => 'xrhhsC3S4PXV7/AHT9jBIQ==',
)
[ info ] [ RUN ] app\port\controller\Login->saveUserInfo[ D:\WWW\charge\application\port\controller\Login.php ]
[ info ] [ CACHE ] INIT File
[ info ] [ DB ] INIT mysql
[ info ] [ LOG ] INIT File
[ sql ] [ DB ] CONNECT:[ UseTime:0.000823s ] mysql:dbname=bill_charge;host=127.0.0.1;port=3306;charset=utf8
[ sql ] [ SQL ] SHOW COLUMNS FROM `bill_user` [ RunTime:0.021578s ]
[ sql ] [ SQL ] UPDATE `bill_user`  SET `nickname`='伊人回眸泪倾城 ....จุ๊บ',`sex`=1,`city`='',`province`='Beijing',`country`='CN',`headimgurl`='http://wx.qlogo.cn/mmopen/vi_32/Q0j4TwGTfTK6zmnIDhZFZFHuBBTG0fkJ2fWjrXTpv7IiaM0miazveEWEib0FR8mSlRaqKgjg0GYelKOX0XDQGMCyg/0'  WHERE  `uid` = 1          [ RunTime:0.000506s ]
[ sql ] [ SQL ] SHOW COLUMNS FROM `bill_friend` [ RunTime:0.019923s ]
[ sql ] [ SQL ] SELECT * FROM `bill_friend` WHERE  `uid` = 1 LIMIT 1    [ RunTime:0.000736s ]
[ sql ] [ SQL ] UPDATE `bill_friend`  SET `start`=1,`friend_name`='伊人回眸泪倾城 ....จุ๊บ',`friend_imgurl`='http://wx.qlogo.cn/mmopen/vi_32/Q0j4TwGTfTK6zmnIDhZFZFHuBBTG0fkJ2fWjrXTpv7IiaM0miazveEWEib0FR8mSlRaqKgjg0GYelKOX0XDQGMCyg/0',`time`=1495117579  WHERE  `uid` = 1        [ RunTime:0.000761s ]

---------------------------------------------------------------
[ 2017-05-18T22:26:23+08:00 ] ::1 ::1 GET /charge/public/index.php/port/friend/MyFriend?openid=onVsY0Z7hIknIoGK0kvfXMMp8wLM
[ log ] localhost/charge/public/index.php/port/friend/MyFriend?openid=onVsY0Z7hIknIoGK0kvfXMMp8wLM [运行时间：0.102923s][吞吐率：9.72req/s] [内存消耗：1,634.89kb] [文件加载：41]
[ info ] [ LANG ] D:\WWW\charge\thinkphp\lang\zh-cn.php
[ info ] [ ROUTE ] array (
  'type' => 'module',
  'module' => 
  array (
    0 => 'port',
    1 => 'friend',
    2 => 'MyFriend',
  ),
)
[ info ] [ HEADER ] array (
  'accept-encoding' => 'gzip, deflate, sdch',
  'referer' => 'https://servicewechat.com/wx0d74e7d7020142e0/devtools/page-frame.html',
  'accept' => '*/*',
  'content-type' => 'application/json',
  'user-agent' => 'Mozilla/5.0 (Windows NT 10.0; Win64; x64) AppleWebKit/537.36 (KHTML, like Gecko) Chrome/53.0.2785.143 Safari/537.36 appservice webview/100000',
  'x-requested-with' => 'XMLHttpRequest',
  'cache-control' => 'no-cache',
  'pragma' => 'no-cache',
  'connection' => 'close',
  'host' => 'localhost',
)
[ info ] [ PARAM ] array (
  'openid' => 'onVsY0Z7hIknIoGK0kvfXMMp8wLM',
)
[ info ] [ RUN ] app\port\controller\Friend->MyFriend[ D:\WWW\charge\application\port\controller\Friend.php ]
[ info ] [ DB ] INIT mysql
[ info ] [ LOG ] INIT File
[ sql ] [ DB ] CONNECT:[ UseTime:0.001119s ] mysql:dbname=bill_charge;host=127.0.0.1;port=3306;charset=utf8
[ sql ] [ SQL ] SHOW COLUMNS FROM `bill_public_follow` [ RunTime:0.033157s ]
[ sql ] [ SQL ] SELECT `uid` FROM `bill_public_follow` WHERE  `openid` = 'onVsY0Z7hIknIoGK0kvfXMMp8wLM' LIMIT 1    [ RunTime:0.000585s ]
[ sql ] [ SQL ] SHOW COLUMNS FROM `bill_user_friend` [ RunTime:0.027422s ]
[ sql ] [ SQL ] SELECT * FROM `bill_user_friend` `uf` INNER JOIN `bill_friend` `bf` ON `uf`.`f_id`=`bf`.`f_id` WHERE  `u_id` = 1   [ RunTime:0.001219s ]
[ sql ] [ SQL ] SELECT sum(`sum_money`) AS `sum_money` FROM `bill_circle_friend_assoct` WHERE friend_id = 5 AND `pay_start` = 0 [ RunTime:0.000446s ]
[ sql ] [ SQL ] SELECT sum(`sum_money`) AS `total_money` FROM `bill_circle_friend_assoct` WHERE `friend_id` = 5 AND `pay_start` = 1 [ RunTime:0.000411s ]
[ sql ] [ SQL ] SELECT sum(`sum_money`) AS `sum_money` FROM `bill_circle_friend_assoct` WHERE friend_id = 4 AND `pay_start` = 0 [ RunTime:0.000411s ]
[ sql ] [ SQL ] SELECT sum(`sum_money`) AS `total_money` FROM `bill_circle_friend_assoct` WHERE `friend_id` = 4 AND `pay_start` = 1 [ RunTime:0.000413s ]
[ sql ] [ SQL ] SELECT sum(`sum_money`) AS `sum_money` FROM `bill_circle_friend_assoct` WHERE friend_id = 3 AND `pay_start` = 0 [ RunTime:0.000437s ]
[ sql ] [ SQL ] SELECT sum(`sum_money`) AS `total_money` FROM `bill_circle_friend_assoct` WHERE `friend_id` = 3 AND `pay_start` = 1 [ RunTime:0.000342s ]
[ sql ] [ SQL ] SELECT sum(`sum_money`) AS `sum_money` FROM `bill_circle_friend_assoct` WHERE friend_id = 2 AND `pay_start` = 0 [ RunTime:0.000338s ]
[ sql ] [ SQL ] SELECT sum(`sum_money`) AS `total_money` FROM `bill_circle_friend_assoct` WHERE `friend_id` = 2 AND `pay_start` = 1 [ RunTime:0.000269s ]
[ sql ] [ SQL ] SELECT sum(`sum_money`) AS `sum_money` FROM `bill_circle_friend_assoct` WHERE friend_id = 1 AND `pay_start` = 0 [ RunTime:0.000337s ]
[ sql ] [ SQL ] SELECT sum(`sum_money`) AS `total_money` FROM `bill_circle_friend_assoct` WHERE `friend_id` = 1 AND `pay_start` = 1 [ RunTime:0.000331s ]
[ sql ] [ SQL ] SELECT sum(`sum_money`) AS `sum_money` FROM `bill_circle_friend_assoct` WHERE friend_id = 53 AND `pay_start` = 0 [ RunTime:0.000343s ]
[ sql ] [ SQL ] SELECT sum(`sum_money`) AS `total_money` FROM `bill_circle_friend_assoct` WHERE `friend_id` = 53 AND `pay_start` = 1 [ RunTime:0.000411s ]
[ sql ] [ SQL ] SELECT sum(`sum_money`) AS `sum_money` FROM `bill_circle_friend_assoct` WHERE friend_id = 54 AND `pay_start` = 0 [ RunTime:0.000424s ]
[ sql ] [ SQL ] SELECT sum(`sum_money`) AS `total_money` FROM `bill_circle_friend_assoct` WHERE `friend_id` = 54 AND `pay_start` = 1 [ RunTime:0.000772s ]

---------------------------------------------------------------
[ 2017-05-18T22:26:42+08:00 ] ::1 ::1 GET /charge/public/index.php/port/friend/friend_add?phone=15110110706&name=%E3%94%BF&openid=onVsY0Z7hIknIoGK0kvfXMMp8wLM
[ log ] localhost/charge/public/index.php/port/friend/friend_add?phone=15110110706&name=%E3%94%BF&openid=onVsY0Z7hIknIoGK0kvfXMMp8wLM [运行时间：0.064915s][吞吐率：15.40req/s] [内存消耗：1,657.73kb] [文件加载：44]
[ info ] [ LANG ] D:\WWW\charge\thinkphp\lang\zh-cn.php
[ info ] [ ROUTE ] array (
  'type' => 'module',
  'module' => 
  array (
    0 => 'port',
    1 => 'friend',
    2 => 'friend_add',
  ),
)
[ info ] [ HEADER ] array (
  'accept-encoding' => 'gzip, deflate, sdch',
  'referer' => 'https://servicewechat.com/wx0d74e7d7020142e0/devtools/page-frame.html',
  'accept' => '*/*',
  'content-type' => 'application/json',
  'user-agent' => 'Mozilla/5.0 (Windows NT 10.0; Win64; x64) AppleWebKit/537.36 (KHTML, like Gecko) Chrome/53.0.2785.143 Safari/537.36 appservice webview/100000',
  'x-requested-with' => 'XMLHttpRequest',
  'cache-control' => 'no-cache',
  'pragma' => 'no-cache',
  'connection' => 'close',
  'host' => 'localhost',
)
[ info ] [ PARAM ] array (
  'phone' => '15110110706',
  'name' => '㔿',
  'openid' => 'onVsY0Z7hIknIoGK0kvfXMMp8wLM',
)
[ info ] [ RUN ] app\port\controller\Friend->friend_add[ D:\WWW\charge\application\port\controller\Friend.php ]
[ info ] [ DB ] INIT mysql
[ info ] [ LOG ] INIT File
[ sql ] [ DB ] CONNECT:[ UseTime:0.001414s ] mysql:dbname=bill_charge;host=127.0.0.1;port=3306;charset=utf8
[ sql ] [ SQL ] SHOW COLUMNS FROM `bill_public_follow` [ RunTime:0.018312s ]
[ sql ] [ SQL ] SELECT `uid` FROM `bill_public_follow` WHERE  `openid` = 'onVsY0Z7hIknIoGK0kvfXMMp8wLM' LIMIT 1    [ RunTime:0.000632s ]
[ sql ] [ SQL ] SHOW COLUMNS FROM `bill_user_friend` [ RunTime:0.014639s ]
[ sql ] [ SQL ] SELECT * FROM `bill_user_friend` WHERE  `u_id` = 1   [ RunTime:0.000511s ]
[ error ] [8]未定义数组索引: f_id[D:\WWW\charge\application\port\model\FriendModel.php:34]

---------------------------------------------------------------
