[ 2017-05-19T17:58:16+08:00 ] ::1 ::1 GET /charge/public/index.php/port/circle/circleUser?openid=onVsY0Z7hIknIoGK0kvfXMMp8wLM
[ log ] localhost/charge/public/index.php/port/circle/circleUser?openid=onVsY0Z7hIknIoGK0kvfXMMp8wLM [运行时间：0.072386s][吞吐率：13.81req/s] [内存消耗：1,721.62kb] [文件加载：41]
[ info ] [ LANG ] D:\WWW\charge\thinkphp\lang\zh-cn.php
[ info ] [ ROUTE ] array (
  'type' => 'module',
  'module' => 
  array (
    0 => 'port',
    1 => 'circle',
    2 => 'circleUser',
  ),
)
[ info ] [ HEADER ] array (
  'accept-encoding' => 'gzip, deflate, sdch',
  'referer' => 'https://servicewechat.com/wx0d74e7d7020142e0/devtools/page-frame.html',
  'accept' => '*/*',
  'content-type' => 'application/json',
  'user-agent' => 'Mozilla/5.0 (Windows NT 10.0; Win64; x64) AppleWebKit/537.36 (KHTML, like Gecko) Chrome/53.0.2785.143 Safari/537.36 appservice webview/100000',
  'x-requested-with' => 'XMLHttpRequest',
  'cache-control' => 'no-cache',
  'pragma' => 'no-cache',
  'connection' => 'close',
  'host' => 'localhost',
)
[ info ] [ PARAM ] array (
  'openid' => 'onVsY0Z7hIknIoGK0kvfXMMp8wLM',
)
[ info ] [ RUN ] app\port\controller\Circle->circleUser[ D:\WWW\charge\application\port\controller\Circle.php ]
[ info ] [ DB ] INIT mysql
[ info ] [ LOG ] INIT File
[ sql ] [ DB ] CONNECT:[ UseTime:0.001005s ] mysql:dbname=bill_charge;host=127.0.0.1;port=3306;charset=utf8
[ sql ] [ SQL ] SHOW COLUMNS FROM `bill_public_follow` [ RunTime:0.011828s ]
[ sql ] [ SQL ] SELECT `uid` FROM `bill_public_follow` WHERE  `openid` = 'onVsY0Z7hIknIoGK0kvfXMMp8wLM' LIMIT 1    [ RunTime:0.000615s ]
[ sql ] [ SQL ] SHOW COLUMNS FROM `bill_circle` [ RunTime:0.011530s ]
[ sql ] [ SQL ] SELECT * FROM `bill_circle` `c` INNER JOIN `bill_inout_class` `bic` ON `c`.`class_id`=`bic`.`c_id` WHERE  `user_id` = 1 ORDER BY cir_id desc   [ RunTime:0.000966s ]

---------------------------------------------------------------
[ 2017-05-19T17:58:20+08:00 ] ::1 ::1 GET /charge/public/index.php/port/circle/circleName
[ log ] localhost/charge/public/index.php/port/circle/circleName [运行时间：0.062577s][吞吐率：15.98req/s] [内存消耗：1,704.75kb] [文件加载：40]
[ info ] [ LANG ] D:\WWW\charge\thinkphp\lang\zh-cn.php
[ info ] [ ROUTE ] array (
  'type' => 'module',
  'module' => 
  array (
    0 => 'port',
    1 => 'circle',
    2 => 'circleName',
  ),
)
[ info ] [ HEADER ] array (
  'accept-encoding' => 'gzip, deflate, sdch',
  'referer' => 'https://servicewechat.com/wx0d74e7d7020142e0/devtools/page-frame.html',
  'accept' => '*/*',
  'content-type' => 'application/json',
  'user-agent' => 'Mozilla/5.0 (Windows NT 10.0; Win64; x64) AppleWebKit/537.36 (KHTML, like Gecko) Chrome/53.0.2785.143 Safari/537.36 appservice webview/100000',
  'x-requested-with' => 'XMLHttpRequest',
  'cache-control' => 'no-cache',
  'pragma' => 'no-cache',
  'connection' => 'close',
  'host' => 'localhost',
)
[ info ] [ PARAM ] array (
)
[ info ] [ RUN ] app\port\controller\Circle->CircleName[ D:\WWW\charge\application\port\controller\Circle.php ]
[ info ] [ DB ] INIT mysql
[ info ] [ LOG ] INIT File
[ sql ] [ DB ] CONNECT:[ UseTime:0.001198s ] mysql:dbname=bill_charge;host=127.0.0.1;port=3306;charset=utf8
[ sql ] [ SQL ] SHOW COLUMNS FROM `bill_public_follow` [ RunTime:0.012658s ]
[ sql ] [ SQL ] SELECT `uid` FROM `bill_public_follow` WHERE  `openid` IS NULL LIMIT 1   [ RunTime:0.000434s ]
[ sql ] [ SQL ] SHOW COLUMNS FROM `bill_circle` [ RunTime:0.011236s ]
[ sql ] [ SQL ] SELECT `circle_name`,`cir_id` FROM `bill_circle` WHERE  `cir_id` IS NULL  AND `user_id` IS NULL LIMIT 1   [ RunTime:0.000448s ]

---------------------------------------------------------------
[ 2017-05-19T17:58:20+08:00 ] ::1 ::1 GET /charge/public/index.php/port/circle/CircleName?cir_id=9&openid=onVsY0Z7hIknIoGK0kvfXMMp8wLM
[ log ] localhost/charge/public/index.php/port/circle/CircleName?cir_id=9&openid=onVsY0Z7hIknIoGK0kvfXMMp8wLM [运行时间：0.062547s][吞吐率：15.99req/s] [内存消耗：1,713.50kb] [文件加载：41]
[ info ] [ LANG ] D:\WWW\charge\thinkphp\lang\zh-cn.php
[ info ] [ ROUTE ] array (
  'type' => 'module',
  'module' => 
  array (
    0 => 'port',
    1 => 'circle',
    2 => 'CircleName',
  ),
)
[ info ] [ HEADER ] array (
  'accept-encoding' => 'gzip, deflate, sdch',
  'referer' => 'https://servicewechat.com/wx0d74e7d7020142e0/devtools/page-frame.html',
  'accept' => '*/*',
  'content-type' => 'application/json',
  'user-agent' => 'Mozilla/5.0 (Windows NT 10.0; Win64; x64) AppleWebKit/537.36 (KHTML, like Gecko) Chrome/53.0.2785.143 Safari/537.36 appservice webview/100000',
  'x-requested-with' => 'XMLHttpRequest',
  'cache-control' => 'no-cache',
  'pragma' => 'no-cache',
  'connection' => 'close',
  'host' => 'localhost',
)
[ info ] [ PARAM ] array (
  'cir_id' => '9',
  'openid' => 'onVsY0Z7hIknIoGK0kvfXMMp8wLM',
)
[ info ] [ RUN ] app\port\controller\Circle->CircleName[ D:\WWW\charge\application\port\controller\Circle.php ]
[ info ] [ DB ] INIT mysql
[ info ] [ LOG ] INIT File
[ sql ] [ DB ] CONNECT:[ UseTime:0.001183s ] mysql:dbname=bill_charge;host=127.0.0.1;port=3306;charset=utf8
[ sql ] [ SQL ] SHOW COLUMNS FROM `bill_public_follow` [ RunTime:0.011016s ]
[ sql ] [ SQL ] SELECT `uid` FROM `bill_public_follow` WHERE  `openid` = 'onVsY0Z7hIknIoGK0kvfXMMp8wLM' LIMIT 1    [ RunTime:0.000532s ]
[ sql ] [ SQL ] SHOW COLUMNS FROM `bill_circle` [ RunTime:0.011598s ]
[ sql ] [ SQL ] SELECT `circle_name`,`cir_id` FROM `bill_circle` WHERE  `cir_id` = 9  AND `user_id` = 1 LIMIT 1     [ RunTime:0.000595s ]

---------------------------------------------------------------
[ 2017-05-19T17:58:21+08:00 ] ::1 ::1 GET /charge/public/index.php/port/circle/CircleFriend?cir_id=9&openid=onVsY0Z7hIknIoGK0kvfXMMp8wLM
[ log ] localhost/charge/public/index.php/port/circle/CircleFriend?cir_id=9&openid=onVsY0Z7hIknIoGK0kvfXMMp8wLM [运行时间：0.080762s][吞吐率：12.38req/s] [内存消耗：1,719.74kb] [文件加载：41]
[ info ] [ LANG ] D:\WWW\charge\thinkphp\lang\zh-cn.php
[ info ] [ ROUTE ] array (
  'type' => 'module',
  'module' => 
  array (
    0 => 'port',
    1 => 'circle',
    2 => 'CircleFriend',
  ),
)
[ info ] [ HEADER ] array (
  'accept-encoding' => 'gzip, deflate, sdch',
  'referer' => 'https://servicewechat.com/wx0d74e7d7020142e0/devtools/page-frame.html',
  'accept' => '*/*',
  'content-type' => 'application/json',
  'user-agent' => 'Mozilla/5.0 (Windows NT 10.0; Win64; x64) AppleWebKit/537.36 (KHTML, like Gecko) Chrome/53.0.2785.143 Safari/537.36 appservice webview/100000',
  'x-requested-with' => 'XMLHttpRequest',
  'cache-control' => 'no-cache',
  'pragma' => 'no-cache',
  'connection' => 'close',
  'host' => 'localhost',
)
[ info ] [ PARAM ] array (
  'cir_id' => '9',
  'openid' => 'onVsY0Z7hIknIoGK0kvfXMMp8wLM',
)
[ info ] [ RUN ] app\port\controller\Circle->CircleFriend[ D:\WWW\charge\application\port\controller\Circle.php ]
[ info ] [ DB ] INIT mysql
[ info ] [ LOG ] INIT File
[ sql ] [ DB ] CONNECT:[ UseTime:0.001220s ] mysql:dbname=bill_charge;host=127.0.0.1;port=3306;charset=utf8
[ sql ] [ SQL ] SHOW COLUMNS FROM `bill_public_follow` [ RunTime:0.011798s ]
[ sql ] [ SQL ] SELECT `uid` FROM `bill_public_follow` WHERE  `openid` = 'onVsY0Z7hIknIoGK0kvfXMMp8wLM' LIMIT 1    [ RunTime:0.001747s ]
[ sql ] [ SQL ] SHOW COLUMNS FROM `bill_circle` [ RunTime:0.015330s ]
[ sql ] [ SQL ] SELECT `friend_id`,`cir_id` FROM `bill_circle` WHERE  `cir_id` = 9  AND `user_id` = 1    [ RunTime:0.000555s ]
[ sql ] [ SQL ] SHOW COLUMNS FROM `bill_friend` [ RunTime:0.014981s ]
[ sql ] [ SQL ] SELECT * FROM `bill_friend` WHERE  `f_id` IN (56,1)    [ RunTime:0.000757s ]

---------------------------------------------------------------
[ 2017-05-19T17:58:21+08:00 ] ::1 ::1 GET /charge/public/index.php/port/circle/CircleMyconsume?cir_id=9&openid=onVsY0Z7hIknIoGK0kvfXMMp8wLM
[ log ] localhost/charge/public/index.php/port/circle/CircleMyconsume?cir_id=9&openid=onVsY0Z7hIknIoGK0kvfXMMp8wLM [运行时间：0.098045s][吞吐率：10.20req/s] [内存消耗：1,719.95kb] [文件加载：41]
[ info ] [ LANG ] D:\WWW\charge\thinkphp\lang\zh-cn.php
[ info ] [ ROUTE ] array (
  'type' => 'module',
  'module' => 
  array (
    0 => 'port',
    1 => 'circle',
    2 => 'CircleMyconsume',
  ),
)
[ info ] [ HEADER ] array (
  'accept-encoding' => 'gzip, deflate, sdch',
  'referer' => 'https://servicewechat.com/wx0d74e7d7020142e0/devtools/page-frame.html',
  'accept' => '*/*',
  'content-type' => 'application/json',
  'user-agent' => 'Mozilla/5.0 (Windows NT 10.0; Win64; x64) AppleWebKit/537.36 (KHTML, like Gecko) Chrome/53.0.2785.143 Safari/537.36 appservice webview/100000',
  'x-requested-with' => 'XMLHttpRequest',
  'cache-control' => 'no-cache',
  'pragma' => 'no-cache',
  'connection' => 'close',
  'host' => 'localhost',
)
[ info ] [ PARAM ] array (
  'cir_id' => '9',
  'openid' => 'onVsY0Z7hIknIoGK0kvfXMMp8wLM',
)
[ info ] [ RUN ] app\port\controller\Circle->CircleMyconsume[ D:\WWW\charge\application\port\controller\Circle.php ]
[ info ] [ DB ] INIT mysql
[ info ] [ LOG ] INIT File
[ sql ] [ DB ] CONNECT:[ UseTime:0.002338s ] mysql:dbname=bill_charge;host=127.0.0.1;port=3306;charset=utf8
[ sql ] [ SQL ] SHOW COLUMNS FROM `bill_public_follow` [ RunTime:0.014687s ]
[ sql ] [ SQL ] SELECT `uid` FROM `bill_public_follow` WHERE  `openid` = 'onVsY0Z7hIknIoGK0kvfXMMp8wLM' LIMIT 1    [ RunTime:0.000456s ]
[ sql ] [ SQL ] SHOW COLUMNS FROM `bill_friend` [ RunTime:0.015622s ]
[ sql ] [ SQL ] SELECT `f_id` FROM `bill_friend` WHERE  `uid` = 1 LIMIT 1    [ RunTime:0.000421s ]
[ sql ] [ SQL ] SHOW COLUMNS FROM `bill_circle_friend_assoct` [ RunTime:0.009978s ]
[ sql ] [ SQL ] SELECT SUM(sum_money) AS tp_sum FROM `bill_circle_friend_assoct` WHERE  `cir_id` = 9  AND `friend_id` = 1  AND `pay_start` = 0 LIMIT 1      [ RunTime:0.000499s ]
[ sql ] [ SQL ] SELECT SUM(sum_money) AS tp_sum FROM `bill_circle_friend_assoct` WHERE  `friend_id` = 1  AND `pay_start` = 1  AND `cir_id` = 9 LIMIT 1      [ RunTime:0.000416s ]
[ sql ] [ SQL ] SELECT SUM(sum_money) AS tp_sum FROM `bill_circle_friend_assoct` WHERE  `pay_start` = 1  AND `cir_id` = 9 LIMIT 1     [ RunTime:0.000374s ]
[ sql ] [ SQL ] SHOW COLUMNS FROM `bill_circle_bill` [ RunTime:0.010709s ]
[ sql ] [ SQL ] SELECT * FROM `bill_circle_bill` `b` INNER JOIN `bill_friend` `f` ON `b`.`payer`=`f`.`f_id` INNER JOIN `bill_inout_class` `i` ON `b`.`class_id`=`i`.`c_id` WHERE  `b`.`cir_id` = '9'  [ RunTime:0.000734s ]
[ sql ] [ SQL ] SELECT COUNT(*) AS tp_count FROM `bill_circle_friend_assoct` WHERE  `cbl_id` = 78 LIMIT 1    [ RunTime:0.000395s ]
[ sql ] [ SQL ] SELECT COUNT(*) AS tp_count FROM `bill_circle_friend_assoct` WHERE  `cbl_id` = 79 LIMIT 1    [ RunTime:0.000384s ]
[ sql ] [ SQL ] SELECT COUNT(*) AS tp_count FROM `bill_circle_friend_assoct` WHERE  `cbl_id` = 80 LIMIT 1    [ RunTime:0.000350s ]

---------------------------------------------------------------
[ 2017-05-19T17:58:21+08:00 ] ::1 ::1 GET /charge/public/index.php/port/circle/CircleList?cir_id=9&openid=onVsY0Z7hIknIoGK0kvfXMMp8wLM
[ log ] localhost/charge/public/index.php/port/circle/CircleList?cir_id=9&openid=onVsY0Z7hIknIoGK0kvfXMMp8wLM [运行时间：0.074637s][吞吐率：13.40req/s] [内存消耗：1,719.92kb] [文件加载：41]
[ info ] [ LANG ] D:\WWW\charge\thinkphp\lang\zh-cn.php
[ info ] [ ROUTE ] array (
  'type' => 'module',
  'module' => 
  array (
    0 => 'port',
    1 => 'circle',
    2 => 'CircleList',
  ),
)
[ info ] [ HEADER ] array (
  'accept-encoding' => 'gzip, deflate, sdch',
  'referer' => 'https://servicewechat.com/wx0d74e7d7020142e0/devtools/page-frame.html',
  'accept' => '*/*',
  'content-type' => 'application/json',
  'user-agent' => 'Mozilla/5.0 (Windows NT 10.0; Win64; x64) AppleWebKit/537.36 (KHTML, like Gecko) Chrome/53.0.2785.143 Safari/537.36 appservice webview/100000',
  'x-requested-with' => 'XMLHttpRequest',
  'cache-control' => 'no-cache',
  'pragma' => 'no-cache',
  'connection' => 'close',
  'host' => 'localhost',
)
[ info ] [ PARAM ] array (
  'cir_id' => '9',
  'openid' => 'onVsY0Z7hIknIoGK0kvfXMMp8wLM',
)
[ info ] [ RUN ] app\port\controller\Circle->CircleList[ D:\WWW\charge\application\port\controller\Circle.php ]
[ info ] [ DB ] INIT mysql
[ info ] [ LOG ] INIT File
[ sql ] [ DB ] CONNECT:[ UseTime:0.001215s ] mysql:dbname=bill_charge;host=127.0.0.1;port=3306;charset=utf8
[ sql ] [ SQL ] SHOW COLUMNS FROM `bill_circle_bill` [ RunTime:0.011654s ]
[ sql ] [ SQL ] SELECT * FROM `bill_circle_bill` `ab` INNER JOIN `bill_inout_class` `ic` ON `ab`.`class_id`=`ic`.`c_id` WHERE  `cir_id` = 9   [ RunTime:0.000886s ]
[ sql ] [ SQL ] SHOW COLUMNS FROM `bill_circle` [ RunTime:0.012999s ]
[ sql ] [ SQL ] SELECT `friend_id` FROM `bill_circle` WHERE  `cir_id` = 9 LIMIT 1    [ RunTime:0.000497s ]
[ sql ] [ SQL ] SHOW COLUMNS FROM `bill_friend` [ RunTime:0.013251s ]
[ sql ] [ SQL ] SELECT * FROM `bill_friend` WHERE  `f_id` IN (1)   [ RunTime:0.000538s ]
[ sql ] [ SQL ] SELECT * FROM `bill_friend` WHERE  `f_id` IN (56)   [ RunTime:0.000402s ]
[ sql ] [ SQL ] SELECT * FROM `bill_friend` WHERE  `f_id` IN (56)   [ RunTime:0.000390s ]

---------------------------------------------------------------
[ 2017-05-19T18:01:11+08:00 ] ::1 ::1 GET /charge/public/index.php/port/check/UserCheck?openid=onVsY0Z7hIknIoGK0kvfXMMp8wLM&limit=3&lastid=0
[ log ] localhost/charge/public/index.php/port/check/UserCheck?openid=onVsY0Z7hIknIoGK0kvfXMMp8wLM&limit=3&lastid=0 [运行时间：0.069539s][吞吐率：14.38req/s] [内存消耗：1,490.25kb] [文件加载：39]
[ info ] [ LANG ] D:\WWW\charge\thinkphp\lang\zh-cn.php
[ info ] [ ROUTE ] array (
  'type' => 'module',
  'module' => 
  array (
    0 => 'port',
    1 => 'check',
    2 => 'UserCheck',
  ),
)
[ info ] [ HEADER ] array (
  'accept-encoding' => 'gzip, deflate, sdch',
  'referer' => 'https://servicewechat.com/wx0d74e7d7020142e0/devtools/page-frame.html',
  'accept' => '*/*',
  'content-type' => 'application/json',
  'user-agent' => 'Mozilla/5.0 (Windows NT 10.0; Win64; x64) AppleWebKit/537.36 (KHTML, like Gecko) Chrome/53.0.2785.143 Safari/537.36 appservice webview/100000',
  'x-requested-with' => 'XMLHttpRequest',
  'cache-control' => 'no-cache',
  'pragma' => 'no-cache',
  'connection' => 'close',
  'host' => 'localhost',
)
[ info ] [ PARAM ] array (
  'openid' => 'onVsY0Z7hIknIoGK0kvfXMMp8wLM',
  'limit' => '3',
  'lastid' => '0',
)
[ info ] [ RUN ] app\port\controller\Check->UserCheck[ D:\WWW\charge\application\port\controller\Check.php ]
[ info ] [ DB ] INIT mysql
[ info ] [ LOG ] INIT File
[ sql ] [ DB ] CONNECT:[ UseTime:0.001612s ] mysql:dbname=bill_charge;host=127.0.0.1;port=3306;charset=utf8
[ sql ] [ SQL ] SHOW COLUMNS FROM `bill_public_follow` [ RunTime:0.012509s ]
[ sql ] [ SQL ] SELECT `f`.`uid` FROM `bill_public_follow` `f` INNER JOIN `bill_user` `u` ON `f`.`uid`=`u`.`uid` WHERE  `f`.`openid` = 'onVsY0Z7hIknIoGK0kvfXMMp8wLM' LIMIT 1   [ RunTime:0.000782s ]
[ sql ] [ SQL ] SELECT sum(`money`) as `money`,`time` FROM `bill_charge` WHERE `user_id` = '1' AND `inout_start`=1 AND `time` >= unix_timestamp('2017-05-01 00:00:00') AND `time` <= unix_timestamp('2017-05-19 18:01:11') [ RunTime:0.000555s ]
[ sql ] [ SQL ] SELECT sum(`money`) as `money`,`time` FROM `bill_charge` WHERE `user_id` = '1' AND `inout_start`=2 AND `time` >= unix_timestamp('2017-05-01 00:00:00') AND `time` <= unix_timestamp('2017-05-19 18:01:11') [ RunTime:0.000474s ]
[ sql ] [ SQL ] select time,a_id from bill_charge where a_id > 0 group by time order by a_id desc LIMIT 3 [ RunTime:0.000749s ]
[ sql ] [ SQL ] select time,inout_start,sum(money) as money from bill_charge where inout_start=1 and time=1495123200 group by time [ RunTime:0.000559s ]
[ sql ] [ SQL ] select time,inout_start,sum(money) as money from bill_charge where inout_start=2 and time=1495123200 group by time [ RunTime:0.000570s ]
[ sql ] [ SQL ] SHOW COLUMNS FROM `bill_charge` [ RunTime:0.011535s ]
[ sql ] [ SQL ] SELECT * FROM `bill_charge` `c` INNER JOIN `bill_inout_class` `i` ON `c`.`inout_class`=`i`.`c_id` WHERE  `c`.`time` = 1495123200  [ RunTime:0.001040s ]
[ sql ] [ SQL ] select time,inout_start,sum(money) as money from bill_charge where inout_start=1 and time=1494777600 group by time [ RunTime:0.000496s ]
[ sql ] [ SQL ] select time,inout_start,sum(money) as money from bill_charge where inout_start=2 and time=1494777600 group by time [ RunTime:0.000979s ]
[ sql ] [ SQL ] SELECT * FROM `bill_charge` `c` INNER JOIN `bill_inout_class` `i` ON `c`.`inout_class`=`i`.`c_id` WHERE  `c`.`time` = 1494777600  [ RunTime:0.000699s ]
[ sql ] [ SQL ] select time,inout_start,sum(money) as money from bill_charge where inout_start=1 and time=1490976000 group by time [ RunTime:0.000385s ]
[ sql ] [ SQL ] select time,inout_start,sum(money) as money from bill_charge where inout_start=2 and time=1490976000 group by time [ RunTime:0.000370s ]
[ sql ] [ SQL ] SELECT * FROM `bill_charge` `c` INNER JOIN `bill_inout_class` `i` ON `c`.`inout_class`=`i`.`c_id` WHERE  `c`.`time` = 1490976000  [ RunTime:0.000482s ]

---------------------------------------------------------------
[ 2017-05-19T18:01:12+08:00 ] ::1 ::1 GET /charge/public/index.php/port/login/sendCode?code=041789Ea0Tppot1AAEFa0vE6Ea0789Ey&PHPSESSID=5VZIJgvRTzUNqzP8E45uvEq7Vjx
[ log ] localhost/charge/public/index.php/port/login/sendCode?code=041789Ea0Tppot1AAEFa0vE6Ea0789Ey&PHPSESSID=5VZIJgvRTzUNqzP8E45uvEq7Vjx [运行时间：0.435454s][吞吐率：2.30req/s] [内存消耗：1,541.60kb] [文件加载：42]
[ info ] [ LANG ] D:\WWW\charge\thinkphp\lang\zh-cn.php
[ info ] [ ROUTE ] array (
  'type' => 'module',
  'module' => 
  array (
    0 => 'port',
    1 => 'login',
    2 => 'sendCode',
  ),
)
[ info ] [ HEADER ] array (
  'accept-encoding' => 'gzip, deflate, sdch',
  'referer' => 'https://servicewechat.com/wx0d74e7d7020142e0/devtools/page-frame.html',
  'accept' => '*/*',
  'content-type' => 'application/json',
  'user-agent' => 'Mozilla/5.0 (Windows NT 10.0; Win64; x64) AppleWebKit/537.36 (KHTML, like Gecko) Chrome/53.0.2785.143 Safari/537.36 appservice webview/100000',
  'x-requested-with' => 'XMLHttpRequest',
  'cache-control' => 'no-cache',
  'pragma' => 'no-cache',
  'connection' => 'close',
  'host' => 'localhost',
)
[ info ] [ PARAM ] array (
  'code' => '041789Ea0Tppot1AAEFa0vE6Ea0789Ey',
  'PHPSESSID' => '5VZIJgvRTzUNqzP8E45uvEq7Vjx',
)
[ info ] [ RUN ] app\port\controller\Login->sendCode[ D:\WWW\charge\application\port\controller\Login.php ]
[ info ] [ CACHE ] INIT File
[ info ] [ DB ] INIT mysql
[ info ] [ LOG ] INIT File
[ sql ] [ DB ] CONNECT:[ UseTime:0.001461s ] mysql:dbname=bill_charge;host=127.0.0.1;port=3306;charset=utf8
[ sql ] [ SQL ] SHOW COLUMNS FROM `bill_public_follow` [ RunTime:0.032736s ]
[ sql ] [ SQL ] SELECT * FROM `bill_public_follow` WHERE  `openid` = 'onVsY0Z7hIknIoGK0kvfXMMp8wLM' LIMIT 1    [ RunTime:0.000602s ]

---------------------------------------------------------------
[ 2017-05-19T18:01:13+08:00 ] ::1 ::1 GET /charge/public/index.php/port/login/saveUserInfo?encryptedData=SzSYNpgLHDsvtH%2FSJhCPjWrBi947nhGna79a8DzN3uwATLDrD%2BLJud9KINms96v4K3esP8H6qKLw7a%2BES2ijcoASBJsPllkWTSqzV5QczbG8V8655Ofj6LqcP1p6pDzb8zmK%2BVBgKNrEdagUQzlTpd%2FXcRgEQ2t4POwdrFnEcAN1BziqVnjFBI%2B5Uf2%2BR79fJrXYP%2F5z7U4mxYyjpmdl74c5xqiA3Uq0kPOjjR4G%2BrJYeyeidi0CjSn62qSz%2ByVdmQjQD0VwR2xD66B1ek0zX5e4gwxuSsm8bHC5ZcOiBNdSOVjBraV1AkrU8SqRiM%2B9NbKF%2BmKq3w%2FS4ylfSlHv09vgaN1lLDPKYO99wLAqTGF4qk1byIfYozBpN1ZS5ipmlc8PGmt4yQV4WfP7TULkHrqvT6Xh5T%2BCo5j4vpWuH%2FNDOoxxsUHF%2BRProz9BpsPraLWMZoDWZ8Li827H5hzXRF3G9D7b9k6ygSFTdxxhe0uvsMxjkuMWHyAFfJvBaSso&PHPSESSID=GG8S4vGN9HKLy8Lt5lwAHOGthCV&iv=lDdb0As6o9ui%2FQ8sg3v6Ew%3D%3D
[ log ] localhost/charge/public/index.php/port/login/saveUserInfo?encryptedData=SzSYNpgLHDsvtH%2FSJhCPjWrBi947nhGna79a8DzN3uwATLDrD%2BLJud9KINms96v4K3esP8H6qKLw7a%2BES2ijcoASBJsPllkWTSqzV5QczbG8V8655Ofj6LqcP1p6pDzb8zmK%2BVBgKNrEdagUQzlTpd%2FXcRgEQ2t4POwdrFnEcAN1BziqVnjFBI%2B5Uf2%2BR79fJrXYP%2F5z7U4mxYyjpmdl74c5xqiA3Uq0kPOjjR4G%2BrJYeyeidi0CjSn62qSz%2ByVdmQjQD0VwR2xD66B1ek0zX5e4gwxuSsm8bHC5ZcOiBNdSOVjBraV1AkrU8SqRiM%2B9NbKF%2BmKq3w%2FS4ylfSlHv09vgaN1lLDPKYO99wLAqTGF4qk1byIfYozBpN1ZS5ipmlc8PGmt4yQV4WfP7TULkHrqvT6Xh5T%2BCo5j4vpWuH%2FNDOoxxsUHF%2BRProz9BpsPraLWMZoDWZ8Li827H5hzXRF3G9D7b9k6ygSFTdxxhe0uvsMxjkuMWHyAFfJvBaSso&PHPSESSID=GG8S4vGN9HKLy8Lt5lwAHOGthCV&iv=lDdb0As6o9ui%2FQ8sg3v6Ew%3D%3D [运行时间：0.112687s][吞吐率：8.87req/s] [内存消耗：1,566.02kb] [文件加载：45]
[ info ] [ LANG ] D:\WWW\charge\thinkphp\lang\zh-cn.php
[ info ] [ ROUTE ] array (
  'type' => 'module',
  'module' => 
  array (
    0 => 'port',
    1 => 'login',
    2 => 'saveUserInfo',
  ),
)
[ info ] [ HEADER ] array (
  'accept-encoding' => 'gzip, deflate, sdch',
  'referer' => 'https://servicewechat.com/wx0d74e7d7020142e0/devtools/page-frame.html',
  'accept' => '*/*',
  'content-type' => 'application/json',
  'user-agent' => 'Mozilla/5.0 (Windows NT 10.0; Win64; x64) AppleWebKit/537.36 (KHTML, like Gecko) Chrome/53.0.2785.143 Safari/537.36 appservice webview/100000',
  'x-requested-with' => 'XMLHttpRequest',
  'cache-control' => 'no-cache',
  'pragma' => 'no-cache',
  'connection' => 'close',
  'host' => 'localhost',
)
[ info ] [ PARAM ] array (
  'encryptedData' => 'SzSYNpgLHDsvtH/SJhCPjWrBi947nhGna79a8DzN3uwATLDrD+LJud9KINms96v4K3esP8H6qKLw7a+ES2ijcoASBJsPllkWTSqzV5QczbG8V8655Ofj6LqcP1p6pDzb8zmK+VBgKNrEdagUQzlTpd/XcRgEQ2t4POwdrFnEcAN1BziqVnjFBI+5Uf2+R79fJrXYP/5z7U4mxYyjpmdl74c5xqiA3Uq0kPOjjR4G+rJYeyeidi0CjSn62qSz+yVdmQjQD0VwR2xD66B1ek0zX5e4gwxuSsm8bHC5ZcOiBNdSOVjBraV1AkrU8SqRiM+9NbKF+mKq3w/S4ylfSlHv09vgaN1lLDPKYO99wLAqTGF4qk1byIfYozBpN1ZS5ipmlc8PGmt4yQV4WfP7TULkHrqvT6Xh5T+Co5j4vpWuH/NDOoxxsUHF+RProz9BpsPraLWMZoDWZ8Li827H5hzXRF3G9D7b9k6ygSFTdxxhe0uvsMxjkuMWHyAFfJvBaSso',
  'PHPSESSID' => 'GG8S4vGN9HKLy8Lt5lwAHOGthCV',
  'iv' => 'lDdb0As6o9ui/Q8sg3v6Ew==',
)
[ info ] [ RUN ] app\port\controller\Login->saveUserInfo[ D:\WWW\charge\application\port\controller\Login.php ]
[ info ] [ CACHE ] INIT File
[ info ] [ DB ] INIT mysql
[ info ] [ LOG ] INIT File
[ sql ] [ DB ] CONNECT:[ UseTime:0.000928s ] mysql:dbname=bill_charge;host=127.0.0.1;port=3306;charset=utf8
[ sql ] [ SQL ] SHOW COLUMNS FROM `bill_user` [ RunTime:0.054450s ]
[ sql ] [ SQL ] UPDATE `bill_user`  SET `nickname`='伊人回眸泪倾城 ....จุ๊บ',`sex`=1,`city`='',`province`='Beijing',`country`='CN',`headimgurl`='http://wx.qlogo.cn/mmopen/vi_32/Q0j4TwGTfTK6zmnIDhZFZFHuBBTG0fkJ2fWjrXTpv7IiaM0miazveEWEib0FR8mSlRaqKgjg0GYelKOX0XDQGMCyg/0'  WHERE  `uid` = 1          [ RunTime:0.002863s ]
[ sql ] [ SQL ] SHOW COLUMNS FROM `bill_friend` [ RunTime:0.010875s ]
[ sql ] [ SQL ] SELECT * FROM `bill_friend` WHERE  `uid` = 1 LIMIT 1    [ RunTime:0.000779s ]
[ sql ] [ SQL ] UPDATE `bill_friend`  SET `start`=1,`friend_name`='伊人回眸泪倾城 ....จุ๊บ',`friend_imgurl`='http://wx.qlogo.cn/mmopen/vi_32/Q0j4TwGTfTK6zmnIDhZFZFHuBBTG0fkJ2fWjrXTpv7IiaM0miazveEWEib0FR8mSlRaqKgjg0GYelKOX0XDQGMCyg/0',`time`=1495188073  WHERE  `uid` = 1        [ RunTime:0.001636s ]

---------------------------------------------------------------
[ 2017-05-19T18:01:14+08:00 ] ::1 ::1 GET /charge/public/index.php/port/circle/circleUser?openid=onVsY0Z7hIknIoGK0kvfXMMp8wLM
[ log ] localhost/charge/public/index.php/port/circle/circleUser?openid=onVsY0Z7hIknIoGK0kvfXMMp8wLM [运行时间：0.073561s][吞吐率：13.59req/s] [内存消耗：1,721.66kb] [文件加载：41]
[ info ] [ LANG ] D:\WWW\charge\thinkphp\lang\zh-cn.php
[ info ] [ ROUTE ] array (
  'type' => 'module',
  'module' => 
  array (
    0 => 'port',
    1 => 'circle',
    2 => 'circleUser',
  ),
)
[ info ] [ HEADER ] array (
  'accept-encoding' => 'gzip, deflate, sdch',
  'referer' => 'https://servicewechat.com/wx0d74e7d7020142e0/devtools/page-frame.html',
  'accept' => '*/*',
  'content-type' => 'application/json',
  'user-agent' => 'Mozilla/5.0 (Windows NT 10.0; Win64; x64) AppleWebKit/537.36 (KHTML, like Gecko) Chrome/53.0.2785.143 Safari/537.36 appservice webview/100000',
  'x-requested-with' => 'XMLHttpRequest',
  'cache-control' => 'no-cache',
  'pragma' => 'no-cache',
  'connection' => 'close',
  'host' => 'localhost',
)
[ info ] [ PARAM ] array (
  'openid' => 'onVsY0Z7hIknIoGK0kvfXMMp8wLM',
)
[ info ] [ RUN ] app\port\controller\Circle->circleUser[ D:\WWW\charge\application\port\controller\Circle.php ]
[ info ] [ DB ] INIT mysql
[ info ] [ LOG ] INIT File
[ sql ] [ DB ] CONNECT:[ UseTime:0.003349s ] mysql:dbname=bill_charge;host=127.0.0.1;port=3306;charset=utf8
[ sql ] [ SQL ] SHOW COLUMNS FROM `bill_public_follow` [ RunTime:0.013384s ]
[ sql ] [ SQL ] SELECT `uid` FROM `bill_public_follow` WHERE  `openid` = 'onVsY0Z7hIknIoGK0kvfXMMp8wLM' LIMIT 1    [ RunTime:0.000581s ]
[ sql ] [ SQL ] SHOW COLUMNS FROM `bill_circle` [ RunTime:0.011682s ]
[ sql ] [ SQL ] SELECT * FROM `bill_circle` `c` INNER JOIN `bill_inout_class` `bic` ON `c`.`class_id`=`bic`.`c_id` WHERE  `user_id` = 1 ORDER BY cir_id desc   [ RunTime:0.001037s ]

---------------------------------------------------------------
[ 2017-05-19T18:01:17+08:00 ] ::1 ::1 GET /charge/public/index.php/port/circle/circleName
[ log ] localhost/charge/public/index.php/port/circle/circleName [运行时间：0.061502s][吞吐率：16.26req/s] [内存消耗：1,704.75kb] [文件加载：40]
[ info ] [ LANG ] D:\WWW\charge\thinkphp\lang\zh-cn.php
[ info ] [ ROUTE ] array (
  'type' => 'module',
  'module' => 
  array (
    0 => 'port',
    1 => 'circle',
    2 => 'circleName',
  ),
)
[ info ] [ HEADER ] array (
  'accept-encoding' => 'gzip, deflate, sdch',
  'referer' => 'https://servicewechat.com/wx0d74e7d7020142e0/devtools/page-frame.html',
  'accept' => '*/*',
  'content-type' => 'application/json',
  'user-agent' => 'Mozilla/5.0 (Windows NT 10.0; Win64; x64) AppleWebKit/537.36 (KHTML, like Gecko) Chrome/53.0.2785.143 Safari/537.36 appservice webview/100000',
  'x-requested-with' => 'XMLHttpRequest',
  'cache-control' => 'no-cache',
  'pragma' => 'no-cache',
  'connection' => 'close',
  'host' => 'localhost',
)
[ info ] [ PARAM ] array (
)
[ info ] [ RUN ] app\port\controller\Circle->CircleName[ D:\WWW\charge\application\port\controller\Circle.php ]
[ info ] [ DB ] INIT mysql
[ info ] [ LOG ] INIT File
[ sql ] [ DB ] CONNECT:[ UseTime:0.001308s ] mysql:dbname=bill_charge;host=127.0.0.1;port=3306;charset=utf8
[ sql ] [ SQL ] SHOW COLUMNS FROM `bill_public_follow` [ RunTime:0.012459s ]
[ sql ] [ SQL ] SELECT `uid` FROM `bill_public_follow` WHERE  `openid` IS NULL LIMIT 1   [ RunTime:0.000472s ]
[ sql ] [ SQL ] SHOW COLUMNS FROM `bill_circle` [ RunTime:0.011933s ]
[ sql ] [ SQL ] SELECT `circle_name`,`cir_id` FROM `bill_circle` WHERE  `cir_id` IS NULL  AND `user_id` IS NULL LIMIT 1   [ RunTime:0.000482s ]

---------------------------------------------------------------
[ 2017-05-19T18:01:17+08:00 ] ::1 ::1 GET /charge/public/index.php/port/circle/CircleName?cir_id=9&openid=onVsY0Z7hIknIoGK0kvfXMMp8wLM
[ log ] localhost/charge/public/index.php/port/circle/CircleName?cir_id=9&openid=onVsY0Z7hIknIoGK0kvfXMMp8wLM [运行时间：0.052741s][吞吐率：18.96req/s] [内存消耗：1,713.50kb] [文件加载：41]
[ info ] [ LANG ] D:\WWW\charge\thinkphp\lang\zh-cn.php
[ info ] [ ROUTE ] array (
  'type' => 'module',
  'module' => 
  array (
    0 => 'port',
    1 => 'circle',
    2 => 'CircleName',
  ),
)
[ info ] [ HEADER ] array (
  'accept-encoding' => 'gzip, deflate, sdch',
  'referer' => 'https://servicewechat.com/wx0d74e7d7020142e0/devtools/page-frame.html',
  'accept' => '*/*',
  'content-type' => 'application/json',
  'user-agent' => 'Mozilla/5.0 (Windows NT 10.0; Win64; x64) AppleWebKit/537.36 (KHTML, like Gecko) Chrome/53.0.2785.143 Safari/537.36 appservice webview/100000',
  'x-requested-with' => 'XMLHttpRequest',
  'cache-control' => 'no-cache',
  'pragma' => 'no-cache',
  'connection' => 'close',
  'host' => 'localhost',
)
[ info ] [ PARAM ] array (
  'cir_id' => '9',
  'openid' => 'onVsY0Z7hIknIoGK0kvfXMMp8wLM',
)
[ info ] [ RUN ] app\port\controller\Circle->CircleName[ D:\WWW\charge\application\port\controller\Circle.php ]
[ info ] [ DB ] INIT mysql
[ info ] [ LOG ] INIT File
[ sql ] [ DB ] CONNECT:[ UseTime:0.001162s ] mysql:dbname=bill_charge;host=127.0.0.1;port=3306;charset=utf8
[ sql ] [ SQL ] SHOW COLUMNS FROM `bill_public_follow` [ RunTime:0.010116s ]
[ sql ] [ SQL ] SELECT `uid` FROM `bill_public_follow` WHERE  `openid` = 'onVsY0Z7hIknIoGK0kvfXMMp8wLM' LIMIT 1    [ RunTime:0.000489s ]
[ sql ] [ SQL ] SHOW COLUMNS FROM `bill_circle` [ RunTime:0.011295s ]
[ sql ] [ SQL ] SELECT `circle_name`,`cir_id` FROM `bill_circle` WHERE  `cir_id` = 9  AND `user_id` = 1 LIMIT 1     [ RunTime:0.000631s ]

---------------------------------------------------------------
[ 2017-05-19T18:01:17+08:00 ] ::1 ::1 GET /charge/public/index.php/port/circle/CircleFriend?cir_id=9&openid=onVsY0Z7hIknIoGK0kvfXMMp8wLM
[ log ] localhost/charge/public/index.php/port/circle/CircleFriend?cir_id=9&openid=onVsY0Z7hIknIoGK0kvfXMMp8wLM [运行时间：0.080289s][吞吐率：12.46req/s] [内存消耗：1,719.74kb] [文件加载：41]
[ info ] [ LANG ] D:\WWW\charge\thinkphp\lang\zh-cn.php
[ info ] [ ROUTE ] array (
  'type' => 'module',
  'module' => 
  array (
    0 => 'port',
    1 => 'circle',
    2 => 'CircleFriend',
  ),
)
[ info ] [ HEADER ] array (
  'accept-encoding' => 'gzip, deflate, sdch',
  'referer' => 'https://servicewechat.com/wx0d74e7d7020142e0/devtools/page-frame.html',
  'accept' => '*/*',
  'content-type' => 'application/json',
  'user-agent' => 'Mozilla/5.0 (Windows NT 10.0; Win64; x64) AppleWebKit/537.36 (KHTML, like Gecko) Chrome/53.0.2785.143 Safari/537.36 appservice webview/100000',
  'x-requested-with' => 'XMLHttpRequest',
  'cache-control' => 'no-cache',
  'pragma' => 'no-cache',
  'connection' => 'close',
  'host' => 'localhost',
)
[ info ] [ PARAM ] array (
  'cir_id' => '9',
  'openid' => 'onVsY0Z7hIknIoGK0kvfXMMp8wLM',
)
[ info ] [ RUN ] app\port\controller\Circle->CircleFriend[ D:\WWW\charge\application\port\controller\Circle.php ]
[ info ] [ DB ] INIT mysql
[ info ] [ LOG ] INIT File
[ sql ] [ DB ] CONNECT:[ UseTime:0.001260s ] mysql:dbname=bill_charge;host=127.0.0.1;port=3306;charset=utf8
[ sql ] [ SQL ] SHOW COLUMNS FROM `bill_public_follow` [ RunTime:0.011796s ]
[ sql ] [ SQL ] SELECT `uid` FROM `bill_public_follow` WHERE  `openid` = 'onVsY0Z7hIknIoGK0kvfXMMp8wLM' LIMIT 1    [ RunTime:0.000576s ]
[ sql ] [ SQL ] SHOW COLUMNS FROM `bill_circle` [ RunTime:0.014437s ]
[ sql ] [ SQL ] SELECT `friend_id`,`cir_id` FROM `bill_circle` WHERE  `cir_id` = 9  AND `user_id` = 1    [ RunTime:0.000661s ]
[ sql ] [ SQL ] SHOW COLUMNS FROM `bill_friend` [ RunTime:0.015295s ]
[ sql ] [ SQL ] SELECT * FROM `bill_friend` WHERE  `f_id` IN (56,1)    [ RunTime:0.000637s ]

---------------------------------------------------------------
[ 2017-05-19T18:01:17+08:00 ] ::1 ::1 GET /charge/public/index.php/port/circle/CircleMyconsume?cir_id=9&openid=onVsY0Z7hIknIoGK0kvfXMMp8wLM
[ log ] localhost/charge/public/index.php/port/circle/CircleMyconsume?cir_id=9&openid=onVsY0Z7hIknIoGK0kvfXMMp8wLM [运行时间：0.096862s][吞吐率：10.32req/s] [内存消耗：1,719.95kb] [文件加载：41]
[ info ] [ LANG ] D:\WWW\charge\thinkphp\lang\zh-cn.php
[ info ] [ ROUTE ] array (
  'type' => 'module',
  'module' => 
  array (
    0 => 'port',
    1 => 'circle',
    2 => 'CircleMyconsume',
  ),
)
[ info ] [ HEADER ] array (
  'accept-encoding' => 'gzip, deflate, sdch',
  'referer' => 'https://servicewechat.com/wx0d74e7d7020142e0/devtools/page-frame.html',
  'accept' => '*/*',
  'content-type' => 'application/json',
  'user-agent' => 'Mozilla/5.0 (Windows NT 10.0; Win64; x64) AppleWebKit/537.36 (KHTML, like Gecko) Chrome/53.0.2785.143 Safari/537.36 appservice webview/100000',
  'x-requested-with' => 'XMLHttpRequest',
  'cache-control' => 'no-cache',
  'pragma' => 'no-cache',
  'connection' => 'close',
  'host' => 'localhost',
)
[ info ] [ PARAM ] array (
  'cir_id' => '9',
  'openid' => 'onVsY0Z7hIknIoGK0kvfXMMp8wLM',
)
[ info ] [ RUN ] app\port\controller\Circle->CircleMyconsume[ D:\WWW\charge\application\port\controller\Circle.php ]
[ info ] [ DB ] INIT mysql
[ info ] [ LOG ] INIT File
[ sql ] [ DB ] CONNECT:[ UseTime:0.001636s ] mysql:dbname=bill_charge;host=127.0.0.1;port=3306;charset=utf8
[ sql ] [ SQL ] SHOW COLUMNS FROM `bill_public_follow` [ RunTime:0.016068s ]
[ sql ] [ SQL ] SELECT `uid` FROM `bill_public_follow` WHERE  `openid` = 'onVsY0Z7hIknIoGK0kvfXMMp8wLM' LIMIT 1    [ RunTime:0.000649s ]
[ sql ] [ SQL ] SHOW COLUMNS FROM `bill_friend` [ RunTime:0.013612s ]
[ sql ] [ SQL ] SELECT `f_id` FROM `bill_friend` WHERE  `uid` = 1 LIMIT 1    [ RunTime:0.000468s ]
[ sql ] [ SQL ] SHOW COLUMNS FROM `bill_circle_friend_assoct` [ RunTime:0.014221s ]
[ sql ] [ SQL ] SELECT SUM(sum_money) AS tp_sum FROM `bill_circle_friend_assoct` WHERE  `cir_id` = 9  AND `friend_id` = 1  AND `pay_start` = 0 LIMIT 1      [ RunTime:0.000597s ]
[ sql ] [ SQL ] SELECT SUM(sum_money) AS tp_sum FROM `bill_circle_friend_assoct` WHERE  `friend_id` = 1  AND `pay_start` = 1  AND `cir_id` = 9 LIMIT 1      [ RunTime:0.000431s ]
[ sql ] [ SQL ] SELECT SUM(sum_money) AS tp_sum FROM `bill_circle_friend_assoct` WHERE  `pay_start` = 1  AND `cir_id` = 9 LIMIT 1     [ RunTime:0.000489s ]
[ sql ] [ SQL ] SHOW COLUMNS FROM `bill_circle_bill` [ RunTime:0.010368s ]
[ sql ] [ SQL ] SELECT * FROM `bill_circle_bill` `b` INNER JOIN `bill_friend` `f` ON `b`.`payer`=`f`.`f_id` INNER JOIN `bill_inout_class` `i` ON `b`.`class_id`=`i`.`c_id` WHERE  `b`.`cir_id` = '9'  [ RunTime:0.001068s ]
[ sql ] [ SQL ] SELECT COUNT(*) AS tp_count FROM `bill_circle_friend_assoct` WHERE  `cbl_id` = 78 LIMIT 1    [ RunTime:0.000406s ]
[ sql ] [ SQL ] SELECT COUNT(*) AS tp_count FROM `bill_circle_friend_assoct` WHERE  `cbl_id` = 79 LIMIT 1    [ RunTime:0.000344s ]
[ sql ] [ SQL ] SELECT COUNT(*) AS tp_count FROM `bill_circle_friend_assoct` WHERE  `cbl_id` = 80 LIMIT 1    [ RunTime:0.000312s ]

---------------------------------------------------------------
[ 2017-05-19T18:01:17+08:00 ] ::1 ::1 GET /charge/public/index.php/port/circle/CircleList?cir_id=9&openid=onVsY0Z7hIknIoGK0kvfXMMp8wLM
[ log ] localhost/charge/public/index.php/port/circle/CircleList?cir_id=9&openid=onVsY0Z7hIknIoGK0kvfXMMp8wLM [运行时间：0.081438s][吞吐率：12.28req/s] [内存消耗：1,719.92kb] [文件加载：41]
[ info ] [ LANG ] D:\WWW\charge\thinkphp\lang\zh-cn.php
[ info ] [ ROUTE ] array (
  'type' => 'module',
  'module' => 
  array (
    0 => 'port',
    1 => 'circle',
    2 => 'CircleList',
  ),
)
[ info ] [ HEADER ] array (
  'accept-encoding' => 'gzip, deflate, sdch',
  'referer' => 'https://servicewechat.com/wx0d74e7d7020142e0/devtools/page-frame.html',
  'accept' => '*/*',
  'content-type' => 'application/json',
  'user-agent' => 'Mozilla/5.0 (Windows NT 10.0; Win64; x64) AppleWebKit/537.36 (KHTML, like Gecko) Chrome/53.0.2785.143 Safari/537.36 appservice webview/100000',
  'x-requested-with' => 'XMLHttpRequest',
  'cache-control' => 'no-cache',
  'pragma' => 'no-cache',
  'connection' => 'close',
  'host' => 'localhost',
)
[ info ] [ PARAM ] array (
  'cir_id' => '9',
  'openid' => 'onVsY0Z7hIknIoGK0kvfXMMp8wLM',
)
[ info ] [ RUN ] app\port\controller\Circle->CircleList[ D:\WWW\charge\application\port\controller\Circle.php ]
[ info ] [ DB ] INIT mysql
[ info ] [ LOG ] INIT File
[ sql ] [ DB ] CONNECT:[ UseTime:0.001240s ] mysql:dbname=bill_charge;host=127.0.0.1;port=3306;charset=utf8
[ sql ] [ SQL ] SHOW COLUMNS FROM `bill_circle_bill` [ RunTime:0.011650s ]
[ sql ] [ SQL ] SELECT * FROM `bill_circle_bill` `ab` INNER JOIN `bill_inout_class` `ic` ON `ab`.`class_id`=`ic`.`c_id` WHERE  `cir_id` = 9   [ RunTime:0.000862s ]
[ sql ] [ SQL ] SHOW COLUMNS FROM `bill_circle` [ RunTime:0.011383s ]
[ sql ] [ SQL ] SELECT `friend_id` FROM `bill_circle` WHERE  `cir_id` = 9 LIMIT 1    [ RunTime:0.000531s ]
[ sql ] [ SQL ] SHOW COLUMNS FROM `bill_friend` [ RunTime:0.015165s ]
[ sql ] [ SQL ] SELECT * FROM `bill_friend` WHERE  `f_id` IN (1)   [ RunTime:0.000479s ]
[ sql ] [ SQL ] SELECT * FROM `bill_friend` WHERE  `f_id` IN (56)   [ RunTime:0.000470s ]
[ sql ] [ SQL ] SELECT * FROM `bill_friend` WHERE  `f_id` IN (56)   [ RunTime:0.000512s ]

---------------------------------------------------------------
[ 2017-05-19T18:01:53+08:00 ] ::1 ::1 GET /charge/public/index.php/port/check/UserCheck?openid=onVsY0Z7hIknIoGK0kvfXMMp8wLM&limit=3&lastid=0
[ log ] localhost/charge/public/index.php/port/check/UserCheck?openid=onVsY0Z7hIknIoGK0kvfXMMp8wLM&limit=3&lastid=0 [运行时间：0.105784s][吞吐率：9.45req/s] [内存消耗：1,490.25kb] [文件加载：39]
[ info ] [ LANG ] D:\WWW\charge\thinkphp\lang\zh-cn.php
[ info ] [ ROUTE ] array (
  'type' => 'module',
  'module' => 
  array (
    0 => 'port',
    1 => 'check',
    2 => 'UserCheck',
  ),
)
[ info ] [ HEADER ] array (
  'accept-encoding' => 'gzip, deflate, sdch',
  'referer' => 'https://servicewechat.com/wx0d74e7d7020142e0/devtools/page-frame.html',
  'accept' => '*/*',
  'content-type' => 'application/json',
  'user-agent' => 'Mozilla/5.0 (Windows NT 10.0; Win64; x64) AppleWebKit/537.36 (KHTML, like Gecko) Chrome/53.0.2785.143 Safari/537.36 appservice webview/100000',
  'x-requested-with' => 'XMLHttpRequest',
  'cache-control' => 'no-cache',
  'pragma' => 'no-cache',
  'connection' => 'close',
  'host' => 'localhost',
)
[ info ] [ PARAM ] array (
  'openid' => 'onVsY0Z7hIknIoGK0kvfXMMp8wLM',
  'limit' => '3',
  'lastid' => '0',
)
[ info ] [ RUN ] app\port\controller\Check->UserCheck[ D:\WWW\charge\application\port\controller\Check.php ]
[ info ] [ DB ] INIT mysql
[ info ] [ LOG ] INIT File
[ sql ] [ DB ] CONNECT:[ UseTime:0.001258s ] mysql:dbname=bill_charge;host=127.0.0.1;port=3306;charset=utf8
[ sql ] [ SQL ] SHOW COLUMNS FROM `bill_public_follow` [ RunTime:0.052495s ]
[ sql ] [ SQL ] SELECT `f`.`uid` FROM `bill_public_follow` `f` INNER JOIN `bill_user` `u` ON `f`.`uid`=`u`.`uid` WHERE  `f`.`openid` = 'onVsY0Z7hIknIoGK0kvfXMMp8wLM' LIMIT 1   [ RunTime:0.000437s ]
[ sql ] [ SQL ] SELECT sum(`money`) as `money`,`time` FROM `bill_charge` WHERE `user_id` = '1' AND `inout_start`=1 AND `time` >= unix_timestamp('2017-05-01 00:00:00') AND `time` <= unix_timestamp('2017-05-19 18:01:53') [ RunTime:0.000397s ]
[ sql ] [ SQL ] SELECT sum(`money`) as `money`,`time` FROM `bill_charge` WHERE `user_id` = '1' AND `inout_start`=2 AND `time` >= unix_timestamp('2017-05-01 00:00:00') AND `time` <= unix_timestamp('2017-05-19 18:01:53') [ RunTime:0.000560s ]
[ sql ] [ SQL ] select time,a_id from bill_charge where a_id > 0 group by time order by a_id desc LIMIT 3 [ RunTime:0.001098s ]
[ sql ] [ SQL ] select time,inout_start,sum(money) as money from bill_charge where inout_start=1 and time=1495123200 group by time [ RunTime:0.000679s ]
[ sql ] [ SQL ] select time,inout_start,sum(money) as money from bill_charge where inout_start=2 and time=1495123200 group by time [ RunTime:0.000472s ]
[ sql ] [ SQL ] SHOW COLUMNS FROM `bill_charge` [ RunTime:0.009660s ]
[ sql ] [ SQL ] SELECT * FROM `bill_charge` `c` INNER JOIN `bill_inout_class` `i` ON `c`.`inout_class`=`i`.`c_id` WHERE  `c`.`time` = 1495123200  [ RunTime:0.000849s ]
[ sql ] [ SQL ] select time,inout_start,sum(money) as money from bill_charge where inout_start=1 and time=1494777600 group by time [ RunTime:0.000512s ]
[ sql ] [ SQL ] select time,inout_start,sum(money) as money from bill_charge where inout_start=2 and time=1494777600 group by time [ RunTime:0.000461s ]
[ sql ] [ SQL ] SELECT * FROM `bill_charge` `c` INNER JOIN `bill_inout_class` `i` ON `c`.`inout_class`=`i`.`c_id` WHERE  `c`.`time` = 1494777600  [ RunTime:0.000617s ]
[ sql ] [ SQL ] select time,inout_start,sum(money) as money from bill_charge where inout_start=1 and time=1490976000 group by time [ RunTime:0.000490s ]
[ sql ] [ SQL ] select time,inout_start,sum(money) as money from bill_charge where inout_start=2 and time=1490976000 group by time [ RunTime:0.000550s ]
[ sql ] [ SQL ] SELECT * FROM `bill_charge` `c` INNER JOIN `bill_inout_class` `i` ON `c`.`inout_class`=`i`.`c_id` WHERE  `c`.`time` = 1490976000  [ RunTime:0.000714s ]

---------------------------------------------------------------
[ 2017-05-19T18:01:55+08:00 ] ::1 ::1 GET /charge/public/index.php/port/login/sendCode?code=041yAh8a1DasuS1fvB7a1ofh8a1yAh8Q&PHPSESSID=GG8S4vGN9HKLy8Lt5lwAHOGthCV
[ log ] localhost/charge/public/index.php/port/login/sendCode?code=041yAh8a1DasuS1fvB7a1ofh8a1yAh8Q&PHPSESSID=GG8S4vGN9HKLy8Lt5lwAHOGthCV [运行时间：0.744977s][吞吐率：1.34req/s] [内存消耗：1,541.60kb] [文件加载：42]
[ info ] [ LANG ] D:\WWW\charge\thinkphp\lang\zh-cn.php
[ info ] [ ROUTE ] array (
  'type' => 'module',
  'module' => 
  array (
    0 => 'port',
    1 => 'login',
    2 => 'sendCode',
  ),
)
[ info ] [ HEADER ] array (
  'accept-encoding' => 'gzip, deflate, sdch',
  'referer' => 'https://servicewechat.com/wx0d74e7d7020142e0/devtools/page-frame.html',
  'accept' => '*/*',
  'content-type' => 'application/json',
  'user-agent' => 'Mozilla/5.0 (Windows NT 10.0; Win64; x64) AppleWebKit/537.36 (KHTML, like Gecko) Chrome/53.0.2785.143 Safari/537.36 appservice webview/100000',
  'x-requested-with' => 'XMLHttpRequest',
  'cache-control' => 'no-cache',
  'pragma' => 'no-cache',
  'connection' => 'close',
  'host' => 'localhost',
)
[ info ] [ PARAM ] array (
  'code' => '041yAh8a1DasuS1fvB7a1ofh8a1yAh8Q',
  'PHPSESSID' => 'GG8S4vGN9HKLy8Lt5lwAHOGthCV',
)
[ info ] [ RUN ] app\port\controller\Login->sendCode[ D:\WWW\charge\application\port\controller\Login.php ]
[ info ] [ CACHE ] INIT File
[ info ] [ DB ] INIT mysql
[ info ] [ LOG ] INIT File
[ sql ] [ DB ] CONNECT:[ UseTime:0.001031s ] mysql:dbname=bill_charge;host=127.0.0.1;port=3306;charset=utf8
[ sql ] [ SQL ] SHOW COLUMNS FROM `bill_public_follow` [ RunTime:0.010428s ]
[ sql ] [ SQL ] SELECT * FROM `bill_public_follow` WHERE  `openid` = 'onVsY0Z7hIknIoGK0kvfXMMp8wLM' LIMIT 1    [ RunTime:0.000561s ]

---------------------------------------------------------------
[ 2017-05-19T18:01:55+08:00 ] ::1 ::1 GET /charge/public/index.php/port/login/saveUserInfo?encryptedData=itSWpIV31qg6ybVFio91jLe2jJ8l0BZz7vXONg%2FFzaE6rsq7TtrBMjRoQmKAr22As%2BrEzyfLqUGJO2fLvzMvgZydxugQnC4bsBfgyilhcZlhigP45mfblV9w2766EZR%2Bbsd0q%2FlRqGPtEehBHc069guibVLg90uDK3uvuTW%2BWjsXEOmFegJrtph1qL0A67dd2Iubo9d8zOp0AW7MC1BNdpEH5zyi8IgGmQ3WH0kovAX1k66sCZNX9EzLx29%2FRICWEHdsGD%2FvFr10sLyFihw8e3xv5brwA8wj%2FZqeT9NrBjKaQpv%2FuoHt36Dlf9%2FUhjrYhf03Z9I4ORve%2F2shXPeNarVqp1J34GIpr2v9DE5FBSSUNxnjwUaOwCafAsrTXvGSDFSz4gbya3tiw2MeVMSy3uMgD1PNDFmzxxz0Arye%2F9O3RBeh4s0lbgpKEdfMoLgUibcL3Wp792kHKsQjk7ZHIuoKh7fhfIhHX7frWLvbvp1rJZY74YVfqWypa4UwhOYQ&PHPSESSID=Bge16bLsGlICZZGaC6Bz92pJkZ5&iv=pmD8X%2B%2Fvl%2Fnm4N%2F07MTezA%3D%3D
[ log ] localhost/charge/public/index.php/port/login/saveUserInfo?encryptedData=itSWpIV31qg6ybVFio91jLe2jJ8l0BZz7vXONg%2FFzaE6rsq7TtrBMjRoQmKAr22As%2BrEzyfLqUGJO2fLvzMvgZydxugQnC4bsBfgyilhcZlhigP45mfblV9w2766EZR%2Bbsd0q%2FlRqGPtEehBHc069guibVLg90uDK3uvuTW%2BWjsXEOmFegJrtph1qL0A67dd2Iubo9d8zOp0AW7MC1BNdpEH5zyi8IgGmQ3WH0kovAX1k66sCZNX9EzLx29%2FRICWEHdsGD%2FvFr10sLyFihw8e3xv5brwA8wj%2FZqeT9NrBjKaQpv%2FuoHt36Dlf9%2FUhjrYhf03Z9I4ORve%2F2shXPeNarVqp1J34GIpr2v9DE5FBSSUNxnjwUaOwCafAsrTXvGSDFSz4gbya3tiw2MeVMSy3uMgD1PNDFmzxxz0Arye%2F9O3RBeh4s0lbgpKEdfMoLgUibcL3Wp792kHKsQjk7ZHIuoKh7fhfIhHX7frWLvbvp1rJZY74YVfqWypa4UwhOYQ&PHPSESSID=Bge16bLsGlICZZGaC6Bz92pJkZ5&iv=pmD8X%2B%2Fvl%2Fnm4N%2F07MTezA%3D%3D [运行时间：0.055884s][吞吐率：17.89req/s] [内存消耗：1,566.01kb] [文件加载：45]
[ info ] [ LANG ] D:\WWW\charge\thinkphp\lang\zh-cn.php
[ info ] [ ROUTE ] array (
  'type' => 'module',
  'module' => 
  array (
    0 => 'port',
    1 => 'login',
    2 => 'saveUserInfo',
  ),
)
[ info ] [ HEADER ] array (
  'accept-encoding' => 'gzip, deflate, sdch',
  'referer' => 'https://servicewechat.com/wx0d74e7d7020142e0/devtools/page-frame.html',
  'accept' => '*/*',
  'content-type' => 'application/json',
  'user-agent' => 'Mozilla/5.0 (Windows NT 10.0; Win64; x64) AppleWebKit/537.36 (KHTML, like Gecko) Chrome/53.0.2785.143 Safari/537.36 appservice webview/100000',
  'x-requested-with' => 'XMLHttpRequest',
  'cache-control' => 'no-cache',
  'pragma' => 'no-cache',
  'connection' => 'close',
  'host' => 'localhost',
)
[ info ] [ PARAM ] array (
  'encryptedData' => 'itSWpIV31qg6ybVFio91jLe2jJ8l0BZz7vXONg/FzaE6rsq7TtrBMjRoQmKAr22As+rEzyfLqUGJO2fLvzMvgZydxugQnC4bsBfgyilhcZlhigP45mfblV9w2766EZR+bsd0q/lRqGPtEehBHc069guibVLg90uDK3uvuTW+WjsXEOmFegJrtph1qL0A67dd2Iubo9d8zOp0AW7MC1BNdpEH5zyi8IgGmQ3WH0kovAX1k66sCZNX9EzLx29/RICWEHdsGD/vFr10sLyFihw8e3xv5brwA8wj/ZqeT9NrBjKaQpv/uoHt36Dlf9/UhjrYhf03Z9I4ORve/2shXPeNarVqp1J34GIpr2v9DE5FBSSUNxnjwUaOwCafAsrTXvGSDFSz4gbya3tiw2MeVMSy3uMgD1PNDFmzxxz0Arye/9O3RBeh4s0lbgpKEdfMoLgUibcL3Wp792kHKsQjk7ZHIuoKh7fhfIhHX7frWLvbvp1rJZY74YVfqWypa4UwhOYQ',
  'PHPSESSID' => 'Bge16bLsGlICZZGaC6Bz92pJkZ5',
  'iv' => 'pmD8X+/vl/nm4N/07MTezA==',
)
[ info ] [ RUN ] app\port\controller\Login->saveUserInfo[ D:\WWW\charge\application\port\controller\Login.php ]
[ info ] [ CACHE ] INIT File
[ info ] [ DB ] INIT mysql
[ info ] [ LOG ] INIT File
[ sql ] [ DB ] CONNECT:[ UseTime:0.001044s ] mysql:dbname=bill_charge;host=127.0.0.1;port=3306;charset=utf8
[ sql ] [ SQL ] SHOW COLUMNS FROM `bill_user` [ RunTime:0.011667s ]
[ sql ] [ SQL ] UPDATE `bill_user`  SET `nickname`='伊人回眸泪倾城 ....จุ๊บ',`sex`=1,`city`='',`province`='Beijing',`country`='CN',`headimgurl`='http://wx.qlogo.cn/mmopen/vi_32/Q0j4TwGTfTK6zmnIDhZFZFHuBBTG0fkJ2fWjrXTpv7IiaM0miazveEWEib0FR8mSlRaqKgjg0GYelKOX0XDQGMCyg/0'  WHERE  `uid` = 1          [ RunTime:0.000510s ]
[ sql ] [ SQL ] SHOW COLUMNS FROM `bill_friend` [ RunTime:0.009539s ]
[ sql ] [ SQL ] SELECT * FROM `bill_friend` WHERE  `uid` = 1 LIMIT 1    [ RunTime:0.000639s ]
[ sql ] [ SQL ] UPDATE `bill_friend`  SET `start`=1,`friend_name`='伊人回眸泪倾城 ....จุ๊บ',`friend_imgurl`='http://wx.qlogo.cn/mmopen/vi_32/Q0j4TwGTfTK6zmnIDhZFZFHuBBTG0fkJ2fWjrXTpv7IiaM0miazveEWEib0FR8mSlRaqKgjg0GYelKOX0XDQGMCyg/0',`time`=1495188115  WHERE  `uid` = 1        [ RunTime:0.000508s ]

---------------------------------------------------------------
[ 2017-05-19T18:02:07+08:00 ] ::1 ::1 GET /charge/public/index.php/port/check/UserCheck?openid=onVsY0Z7hIknIoGK0kvfXMMp8wLM&limit=3&lastid=0
[ log ] localhost/charge/public/index.php/port/check/UserCheck?openid=onVsY0Z7hIknIoGK0kvfXMMp8wLM&limit=3&lastid=0 [运行时间：0.102256s][吞吐率：9.78req/s] [内存消耗：1,490.25kb] [文件加载：39]
[ info ] [ LANG ] D:\WWW\charge\thinkphp\lang\zh-cn.php
[ info ] [ ROUTE ] array (
  'type' => 'module',
  'module' => 
  array (
    0 => 'port',
    1 => 'check',
    2 => 'UserCheck',
  ),
)
[ info ] [ HEADER ] array (
  'accept-encoding' => 'gzip, deflate, sdch',
  'referer' => 'https://servicewechat.com/wx0d74e7d7020142e0/devtools/page-frame.html',
  'accept' => '*/*',
  'content-type' => 'application/json',
  'user-agent' => 'Mozilla/5.0 (Windows NT 10.0; Win64; x64) AppleWebKit/537.36 (KHTML, like Gecko) Chrome/53.0.2785.143 Safari/537.36 appservice webview/100000',
  'x-requested-with' => 'XMLHttpRequest',
  'cache-control' => 'no-cache',
  'pragma' => 'no-cache',
  'connection' => 'close',
  'host' => 'localhost',
)
[ info ] [ PARAM ] array (
  'openid' => 'onVsY0Z7hIknIoGK0kvfXMMp8wLM',
  'limit' => '3',
  'lastid' => '0',
)
[ info ] [ RUN ] app\port\controller\Check->UserCheck[ D:\WWW\charge\application\port\controller\Check.php ]
[ info ] [ DB ] INIT mysql
[ info ] [ LOG ] INIT File
[ sql ] [ DB ] CONNECT:[ UseTime:0.001363s ] mysql:dbname=bill_charge;host=127.0.0.1;port=3306;charset=utf8
[ sql ] [ SQL ] SHOW COLUMNS FROM `bill_public_follow` [ RunTime:0.051154s ]
[ sql ] [ SQL ] SELECT `f`.`uid` FROM `bill_public_follow` `f` INNER JOIN `bill_user` `u` ON `f`.`uid`=`u`.`uid` WHERE  `f`.`openid` = 'onVsY0Z7hIknIoGK0kvfXMMp8wLM' LIMIT 1   [ RunTime:0.000484s ]
[ sql ] [ SQL ] SELECT sum(`money`) as `money`,`time` FROM `bill_charge` WHERE `user_id` = '1' AND `inout_start`=1 AND `time` >= unix_timestamp('2017-05-01 00:00:00') AND `time` <= unix_timestamp('2017-05-19 18:02:07') [ RunTime:0.000414s ]
[ sql ] [ SQL ] SELECT sum(`money`) as `money`,`time` FROM `bill_charge` WHERE `user_id` = '1' AND `inout_start`=2 AND `time` >= unix_timestamp('2017-05-01 00:00:00') AND `time` <= unix_timestamp('2017-05-19 18:02:07') [ RunTime:0.000352s ]
[ sql ] [ SQL ] select time,a_id from bill_charge where a_id > 0 group by time order by a_id desc LIMIT 3 [ RunTime:0.000648s ]
[ sql ] [ SQL ] select time,inout_start,sum(money) as money from bill_charge where inout_start=1 and time=1495123200 group by time [ RunTime:0.000441s ]
[ sql ] [ SQL ] select time,inout_start,sum(money) as money from bill_charge where inout_start=2 and time=1495123200 group by time [ RunTime:0.000409s ]
[ sql ] [ SQL ] SHOW COLUMNS FROM `bill_charge` [ RunTime:0.011770s ]
[ sql ] [ SQL ] SELECT * FROM `bill_charge` `c` INNER JOIN `bill_inout_class` `i` ON `c`.`inout_class`=`i`.`c_id` WHERE  `c`.`time` = 1495123200  [ RunTime:0.000702s ]
[ sql ] [ SQL ] select time,inout_start,sum(money) as money from bill_charge where inout_start=1 and time=1494777600 group by time [ RunTime:0.000407s ]
[ sql ] [ SQL ] select time,inout_start,sum(money) as money from bill_charge where inout_start=2 and time=1494777600 group by time [ RunTime:0.000341s ]
[ sql ] [ SQL ] SELECT * FROM `bill_charge` `c` INNER JOIN `bill_inout_class` `i` ON `c`.`inout_class`=`i`.`c_id` WHERE  `c`.`time` = 1494777600  [ RunTime:0.000469s ]
[ sql ] [ SQL ] select time,inout_start,sum(money) as money from bill_charge where inout_start=1 and time=1490976000 group by time [ RunTime:0.000320s ]
[ sql ] [ SQL ] select time,inout_start,sum(money) as money from bill_charge where inout_start=2 and time=1490976000 group by time [ RunTime:0.000344s ]
[ sql ] [ SQL ] SELECT * FROM `bill_charge` `c` INNER JOIN `bill_inout_class` `i` ON `c`.`inout_class`=`i`.`c_id` WHERE  `c`.`time` = 1490976000  [ RunTime:0.000502s ]

---------------------------------------------------------------
[ 2017-05-19T18:02:08+08:00 ] ::1 ::1 GET /charge/public/index.php/port/login/sendCode?code=0613ijKs1ssl3q0Q7fKs1FnGKs13ijKb&PHPSESSID=Bge16bLsGlICZZGaC6Bz92pJkZ5
[ log ] localhost/charge/public/index.php/port/login/sendCode?code=0613ijKs1ssl3q0Q7fKs1FnGKs13ijKb&PHPSESSID=Bge16bLsGlICZZGaC6Bz92pJkZ5 [运行时间：0.339057s][吞吐率：2.95req/s] [内存消耗：1,541.60kb] [文件加载：42]
[ info ] [ LANG ] D:\WWW\charge\thinkphp\lang\zh-cn.php
[ info ] [ ROUTE ] array (
  'type' => 'module',
  'module' => 
  array (
    0 => 'port',
    1 => 'login',
    2 => 'sendCode',
  ),
)
[ info ] [ HEADER ] array (
  'accept-encoding' => 'gzip, deflate, sdch',
  'referer' => 'https://servicewechat.com/wx0d74e7d7020142e0/devtools/page-frame.html',
  'accept' => '*/*',
  'content-type' => 'application/json',
  'user-agent' => 'Mozilla/5.0 (Windows NT 10.0; Win64; x64) AppleWebKit/537.36 (KHTML, like Gecko) Chrome/53.0.2785.143 Safari/537.36 appservice webview/100000',
  'x-requested-with' => 'XMLHttpRequest',
  'cache-control' => 'no-cache',
  'pragma' => 'no-cache',
  'connection' => 'close',
  'host' => 'localhost',
)
[ info ] [ PARAM ] array (
  'code' => '0613ijKs1ssl3q0Q7fKs1FnGKs13ijKb',
  'PHPSESSID' => 'Bge16bLsGlICZZGaC6Bz92pJkZ5',
)
[ info ] [ RUN ] app\port\controller\Login->sendCode[ D:\WWW\charge\application\port\controller\Login.php ]
[ info ] [ CACHE ] INIT File
[ info ] [ DB ] INIT mysql
[ info ] [ LOG ] INIT File
[ sql ] [ DB ] CONNECT:[ UseTime:0.001072s ] mysql:dbname=bill_charge;host=127.0.0.1;port=3306;charset=utf8
[ sql ] [ SQL ] SHOW COLUMNS FROM `bill_public_follow` [ RunTime:0.010069s ]
[ sql ] [ SQL ] SELECT * FROM `bill_public_follow` WHERE  `openid` = 'onVsY0Z7hIknIoGK0kvfXMMp8wLM' LIMIT 1    [ RunTime:0.000557s ]

---------------------------------------------------------------
[ 2017-05-19T18:02:09+08:00 ] ::1 ::1 GET /charge/public/index.php/port/login/saveUserInfo?encryptedData=%2B8kCWuC4T61giYNmKvYWckFfNSx8MS1ltDDbsoGW7HYk5zqTT2RKMEBoNKrmBPDs%2FPtJvPHk5qQPelxxrzCFxhN1vEVXmiWlXSJRSeEg4aqq0b8fd6M88Bk8p5qkZNw861DI29Un6IUxU3CTXq6fjG7X%2Fr%2FVK4Lv1evWorlHlwNwokZskH53sS6ehbmjXQtWds%2BRWE0SMFnD%2BfGcH0eADL7NI51zAK5IQu2gXuBq39fv7wJXhgSq12bbWH76EjCTSwUcwqr%2B2emhV6%2FeDXieqZrcBkAp9e1d0kklrVNJDmWWNsTigqViFyhNT2XxkWFNGeHlUmwLV2g77wXnQovTyOA5%2B8dc0Hi9COK6A5A5z8jbp2ud%2F4yoYfH1pl0VS4z7xk%2FeCQFwexboJXrAdu46%2Fthb3oxfWQXXZ8n9M4x8KCgmffa96rHUPLTAvbJBcLrsKqpD4UY2jWomgfnj%2BA6PmLoaTyBFL1rmlbzssJaevvj30SNpxcuHszwY9F0OZxTf&PHPSESSID=LCnnl45P6q0Ef2yIGHM9hLyBJOj&iv=hiAmg1rGdo2fFXy1pqNLAg%3D%3D
[ log ] localhost/charge/public/index.php/port/login/saveUserInfo?encryptedData=%2B8kCWuC4T61giYNmKvYWckFfNSx8MS1ltDDbsoGW7HYk5zqTT2RKMEBoNKrmBPDs%2FPtJvPHk5qQPelxxrzCFxhN1vEVXmiWlXSJRSeEg4aqq0b8fd6M88Bk8p5qkZNw861DI29Un6IUxU3CTXq6fjG7X%2Fr%2FVK4Lv1evWorlHlwNwokZskH53sS6ehbmjXQtWds%2BRWE0SMFnD%2BfGcH0eADL7NI51zAK5IQu2gXuBq39fv7wJXhgSq12bbWH76EjCTSwUcwqr%2B2emhV6%2FeDXieqZrcBkAp9e1d0kklrVNJDmWWNsTigqViFyhNT2XxkWFNGeHlUmwLV2g77wXnQovTyOA5%2B8dc0Hi9COK6A5A5z8jbp2ud%2F4yoYfH1pl0VS4z7xk%2FeCQFwexboJXrAdu46%2Fthb3oxfWQXXZ8n9M4x8KCgmffa96rHUPLTAvbJBcLrsKqpD4UY2jWomgfnj%2BA6PmLoaTyBFL1rmlbzssJaevvj30SNpxcuHszwY9F0OZxTf&PHPSESSID=LCnnl45P6q0Ef2yIGHM9hLyBJOj&iv=hiAmg1rGdo2fFXy1pqNLAg%3D%3D [运行时间：0.058252s][吞吐率：17.17req/s] [内存消耗：1,565.78kb] [文件加载：45]
[ info ] [ LANG ] D:\WWW\charge\thinkphp\lang\zh-cn.php
[ info ] [ ROUTE ] array (
  'type' => 'module',
  'module' => 
  array (
    0 => 'port',
    1 => 'login',
    2 => 'saveUserInfo',
  ),
)
[ info ] [ HEADER ] array (
  'accept-encoding' => 'gzip, deflate, sdch',
  'referer' => 'https://servicewechat.com/wx0d74e7d7020142e0/devtools/page-frame.html',
  'accept' => '*/*',
  'content-type' => 'application/json',
  'user-agent' => 'Mozilla/5.0 (Windows NT 10.0; Win64; x64) AppleWebKit/537.36 (KHTML, like Gecko) Chrome/53.0.2785.143 Safari/537.36 appservice webview/100000',
  'x-requested-with' => 'XMLHttpRequest',
  'cache-control' => 'no-cache',
  'pragma' => 'no-cache',
  'connection' => 'close',
  'host' => 'localhost',
)
[ info ] [ PARAM ] array (
  'encryptedData' => '+8kCWuC4T61giYNmKvYWckFfNSx8MS1ltDDbsoGW7HYk5zqTT2RKMEBoNKrmBPDs/PtJvPHk5qQPelxxrzCFxhN1vEVXmiWlXSJRSeEg4aqq0b8fd6M88Bk8p5qkZNw861DI29Un6IUxU3CTXq6fjG7X/r/VK4Lv1evWorlHlwNwokZskH53sS6ehbmjXQtWds+RWE0SMFnD+fGcH0eADL7NI51zAK5IQu2gXuBq39fv7wJXhgSq12bbWH76EjCTSwUcwqr+2emhV6/eDXieqZrcBkAp9e1d0kklrVNJDmWWNsTigqViFyhNT2XxkWFNGeHlUmwLV2g77wXnQovTyOA5+8dc0Hi9COK6A5A5z8jbp2ud/4yoYfH1pl0VS4z7xk/eCQFwexboJXrAdu46/thb3oxfWQXXZ8n9M4x8KCgmffa96rHUPLTAvbJBcLrsKqpD4UY2jWomgfnj+A6PmLoaTyBFL1rmlbzssJaevvj30SNpxcuHszwY9F0OZxTf',
  'PHPSESSID' => 'LCnnl45P6q0Ef2yIGHM9hLyBJOj',
  'iv' => 'hiAmg1rGdo2fFXy1pqNLAg==',
)
[ info ] [ RUN ] app\port\controller\Login->saveUserInfo[ D:\WWW\charge\application\port\controller\Login.php ]
[ info ] [ CACHE ] INIT File
[ info ] [ DB ] INIT mysql
[ info ] [ LOG ] INIT File
[ sql ] [ DB ] CONNECT:[ UseTime:0.001199s ] mysql:dbname=bill_charge;host=127.0.0.1;port=3306;charset=utf8
[ sql ] [ SQL ] SHOW COLUMNS FROM `bill_user` [ RunTime:0.011957s ]
[ sql ] [ SQL ] UPDATE `bill_user`  SET `nickname`='伊人回眸泪倾城 ....จุ๊บ',`sex`=1,`city`='',`province`='Beijing',`country`='CN',`headimgurl`='http://wx.qlogo.cn/mmopen/vi_32/Q0j4TwGTfTK6zmnIDhZFZFHuBBTG0fkJ2fWjrXTpv7IiaM0miazveEWEib0FR8mSlRaqKgjg0GYelKOX0XDQGMCyg/0'  WHERE  `uid` = 1          [ RunTime:0.000571s ]
[ sql ] [ SQL ] SHOW COLUMNS FROM `bill_friend` [ RunTime:0.009960s ]
[ sql ] [ SQL ] SELECT * FROM `bill_friend` WHERE  `uid` = 1 LIMIT 1    [ RunTime:0.000504s ]
[ sql ] [ SQL ] UPDATE `bill_friend`  SET `start`=1,`friend_name`='伊人回眸泪倾城 ....จุ๊บ',`friend_imgurl`='http://wx.qlogo.cn/mmopen/vi_32/Q0j4TwGTfTK6zmnIDhZFZFHuBBTG0fkJ2fWjrXTpv7IiaM0miazveEWEib0FR8mSlRaqKgjg0GYelKOX0XDQGMCyg/0',`time`=1495188129  WHERE  `uid` = 1        [ RunTime:0.000531s ]

---------------------------------------------------------------
[ 2017-05-19T18:05:06+08:00 ] ::1 ::1 GET /charge/public/index.php/port/circle/circleUser?openid=onVsY0Z7hIknIoGK0kvfXMMp8wLM
[ log ] localhost/charge/public/index.php/port/circle/circleUser?openid=onVsY0Z7hIknIoGK0kvfXMMp8wLM [运行时间：0.073172s][吞吐率：13.67req/s] [内存消耗：1,721.62kb] [文件加载：41]
[ info ] [ LANG ] D:\WWW\charge\thinkphp\lang\zh-cn.php
[ info ] [ ROUTE ] array (
  'type' => 'module',
  'module' => 
  array (
    0 => 'port',
    1 => 'circle',
    2 => 'circleUser',
  ),
)
[ info ] [ HEADER ] array (
  'accept-encoding' => 'gzip, deflate, sdch',
  'referer' => 'https://servicewechat.com/wx0d74e7d7020142e0/devtools/page-frame.html',
  'accept' => '*/*',
  'content-type' => 'application/json',
  'user-agent' => 'Mozilla/5.0 (Windows NT 10.0; Win64; x64) AppleWebKit/537.36 (KHTML, like Gecko) Chrome/53.0.2785.143 Safari/537.36 appservice webview/100000',
  'x-requested-with' => 'XMLHttpRequest',
  'cache-control' => 'no-cache',
  'pragma' => 'no-cache',
  'connection' => 'close',
  'host' => 'localhost',
)
[ info ] [ PARAM ] array (
  'openid' => 'onVsY0Z7hIknIoGK0kvfXMMp8wLM',
)
[ info ] [ RUN ] app\port\controller\Circle->circleUser[ D:\WWW\charge\application\port\controller\Circle.php ]
[ info ] [ DB ] INIT mysql
[ info ] [ LOG ] INIT File
[ sql ] [ DB ] CONNECT:[ UseTime:0.002800s ] mysql:dbname=bill_charge;host=127.0.0.1;port=3306;charset=utf8
[ sql ] [ SQL ] SHOW COLUMNS FROM `bill_public_follow` [ RunTime:0.010663s ]
[ sql ] [ SQL ] SELECT `uid` FROM `bill_public_follow` WHERE  `openid` = 'onVsY0Z7hIknIoGK0kvfXMMp8wLM' LIMIT 1    [ RunTime:0.000394s ]
[ sql ] [ SQL ] SHOW COLUMNS FROM `bill_circle` [ RunTime:0.010764s ]
[ sql ] [ SQL ] SELECT * FROM `bill_circle` `c` INNER JOIN `bill_inout_class` `bic` ON `c`.`class_id`=`bic`.`c_id` WHERE  `user_id` = 1 ORDER BY cir_id desc   [ RunTime:0.001042s ]

---------------------------------------------------------------
[ 2017-05-19T18:05:11+08:00 ] ::1 ::1 GET /charge/public/index.php/port/circle/circleName
[ log ] localhost/charge/public/index.php/port/circle/circleName [运行时间：0.064936s][吞吐率：15.40req/s] [内存消耗：1,704.75kb] [文件加载：40]
[ info ] [ LANG ] D:\WWW\charge\thinkphp\lang\zh-cn.php
[ info ] [ ROUTE ] array (
  'type' => 'module',
  'module' => 
  array (
    0 => 'port',
    1 => 'circle',
    2 => 'circleName',
  ),
)
[ info ] [ HEADER ] array (
  'accept-encoding' => 'gzip, deflate, sdch',
  'referer' => 'https://servicewechat.com/wx0d74e7d7020142e0/devtools/page-frame.html',
  'accept' => '*/*',
  'content-type' => 'application/json',
  'user-agent' => 'Mozilla/5.0 (Windows NT 10.0; Win64; x64) AppleWebKit/537.36 (KHTML, like Gecko) Chrome/53.0.2785.143 Safari/537.36 appservice webview/100000',
  'x-requested-with' => 'XMLHttpRequest',
  'cache-control' => 'no-cache',
  'pragma' => 'no-cache',
  'connection' => 'close',
  'host' => 'localhost',
)
[ info ] [ PARAM ] array (
)
[ info ] [ RUN ] app\port\controller\Circle->CircleName[ D:\WWW\charge\application\port\controller\Circle.php ]
[ info ] [ DB ] INIT mysql
[ info ] [ LOG ] INIT File
[ sql ] [ DB ] CONNECT:[ UseTime:0.001327s ] mysql:dbname=bill_charge;host=127.0.0.1;port=3306;charset=utf8
[ sql ] [ SQL ] SHOW COLUMNS FROM `bill_public_follow` [ RunTime:0.012856s ]
[ sql ] [ SQL ] SELECT `uid` FROM `bill_public_follow` WHERE  `openid` IS NULL LIMIT 1   [ RunTime:0.000496s ]
[ sql ] [ SQL ] SHOW COLUMNS FROM `bill_circle` [ RunTime:0.010285s ]
[ sql ] [ SQL ] SELECT `circle_name`,`cir_id` FROM `bill_circle` WHERE  `cir_id` IS NULL  AND `user_id` IS NULL LIMIT 1   [ RunTime:0.000521s ]

---------------------------------------------------------------
[ 2017-05-19T18:05:11+08:00 ] ::1 ::1 GET /charge/public/index.php/port/circle/CircleName?cir_id=9&openid=onVsY0Z7hIknIoGK0kvfXMMp8wLM
[ log ] localhost/charge/public/index.php/port/circle/CircleName?cir_id=9&openid=onVsY0Z7hIknIoGK0kvfXMMp8wLM [运行时间：0.056079s][吞吐率：17.83req/s] [内存消耗：1,713.50kb] [文件加载：41]
[ info ] [ LANG ] D:\WWW\charge\thinkphp\lang\zh-cn.php
[ info ] [ ROUTE ] array (
  'type' => 'module',
  'module' => 
  array (
    0 => 'port',
    1 => 'circle',
    2 => 'CircleName',
  ),
)
[ info ] [ HEADER ] array (
  'accept-encoding' => 'gzip, deflate, sdch',
  'referer' => 'https://servicewechat.com/wx0d74e7d7020142e0/devtools/page-frame.html',
  'accept' => '*/*',
  'content-type' => 'application/json',
  'user-agent' => 'Mozilla/5.0 (Windows NT 10.0; Win64; x64) AppleWebKit/537.36 (KHTML, like Gecko) Chrome/53.0.2785.143 Safari/537.36 appservice webview/100000',
  'x-requested-with' => 'XMLHttpRequest',
  'cache-control' => 'no-cache',
  'pragma' => 'no-cache',
  'connection' => 'close',
  'host' => 'localhost',
)
[ info ] [ PARAM ] array (
  'cir_id' => '9',
  'openid' => 'onVsY0Z7hIknIoGK0kvfXMMp8wLM',
)
[ info ] [ RUN ] app\port\controller\Circle->CircleName[ D:\WWW\charge\application\port\controller\Circle.php ]
[ info ] [ DB ] INIT mysql
[ info ] [ LOG ] INIT File
[ sql ] [ DB ] CONNECT:[ UseTime:0.001234s ] mysql:dbname=bill_charge;host=127.0.0.1;port=3306;charset=utf8
[ sql ] [ SQL ] SHOW COLUMNS FROM `bill_public_follow` [ RunTime:0.011534s ]
[ sql ] [ SQL ] SELECT `uid` FROM `bill_public_follow` WHERE  `openid` = 'onVsY0Z7hIknIoGK0kvfXMMp8wLM' LIMIT 1    [ RunTime:0.000557s ]
[ sql ] [ SQL ] SHOW COLUMNS FROM `bill_circle` [ RunTime:0.009898s ]
[ sql ] [ SQL ] SELECT `circle_name`,`cir_id` FROM `bill_circle` WHERE  `cir_id` = 9  AND `user_id` = 1 LIMIT 1     [ RunTime:0.000439s ]

---------------------------------------------------------------
[ 2017-05-19T18:05:11+08:00 ] ::1 ::1 GET /charge/public/index.php/port/circle/CircleMyconsume?cir_id=9&openid=onVsY0Z7hIknIoGK0kvfXMMp8wLM
[ log ] localhost/charge/public/index.php/port/circle/CircleMyconsume?cir_id=9&openid=onVsY0Z7hIknIoGK0kvfXMMp8wLM [运行时间：0.083696s][吞吐率：11.95req/s] [内存消耗：1,719.95kb] [文件加载：41]
[ info ] [ LANG ] D:\WWW\charge\thinkphp\lang\zh-cn.php
[ info ] [ ROUTE ] array (
  'type' => 'module',
  'module' => 
  array (
    0 => 'port',
    1 => 'circle',
    2 => 'CircleMyconsume',
  ),
)
[ info ] [ HEADER ] array (
  'accept-encoding' => 'gzip, deflate, sdch',
  'referer' => 'https://servicewechat.com/wx0d74e7d7020142e0/devtools/page-frame.html',
  'accept' => '*/*',
  'content-type' => 'application/json',
  'user-agent' => 'Mozilla/5.0 (Windows NT 10.0; Win64; x64) AppleWebKit/537.36 (KHTML, like Gecko) Chrome/53.0.2785.143 Safari/537.36 appservice webview/100000',
  'x-requested-with' => 'XMLHttpRequest',
  'cache-control' => 'no-cache',
  'pragma' => 'no-cache',
  'connection' => 'close',
  'host' => 'localhost',
)
[ info ] [ PARAM ] array (
  'cir_id' => '9',
  'openid' => 'onVsY0Z7hIknIoGK0kvfXMMp8wLM',
)
[ info ] [ RUN ] app\port\controller\Circle->CircleMyconsume[ D:\WWW\charge\application\port\controller\Circle.php ]
[ info ] [ DB ] INIT mysql
[ info ] [ LOG ] INIT File
[ sql ] [ DB ] CONNECT:[ UseTime:0.000901s ] mysql:dbname=bill_charge;host=127.0.0.1;port=3306;charset=utf8
[ sql ] [ SQL ] SHOW COLUMNS FROM `bill_public_follow` [ RunTime:0.010586s ]
[ sql ] [ SQL ] SELECT `uid` FROM `bill_public_follow` WHERE  `openid` = 'onVsY0Z7hIknIoGK0kvfXMMp8wLM' LIMIT 1    [ RunTime:0.000391s ]
[ sql ] [ SQL ] SHOW COLUMNS FROM `bill_friend` [ RunTime:0.011584s ]
[ sql ] [ SQL ] SELECT `f_id` FROM `bill_friend` WHERE  `uid` = 1 LIMIT 1    [ RunTime:0.000506s ]
[ sql ] [ SQL ] SHOW COLUMNS FROM `bill_circle_friend_assoct` [ RunTime:0.011859s ]
[ sql ] [ SQL ] SELECT SUM(sum_money) AS tp_sum FROM `bill_circle_friend_assoct` WHERE  `cir_id` = 9  AND `friend_id` = 1  AND `pay_start` = 0 LIMIT 1      [ RunTime:0.000756s ]
[ sql ] [ SQL ] SELECT SUM(sum_money) AS tp_sum FROM `bill_circle_friend_assoct` WHERE  `friend_id` = 1  AND `pay_start` = 1  AND `cir_id` = 9 LIMIT 1      [ RunTime:0.000510s ]
[ sql ] [ SQL ] SELECT SUM(sum_money) AS tp_sum FROM `bill_circle_friend_assoct` WHERE  `pay_start` = 1  AND `cir_id` = 9 LIMIT 1     [ RunTime:0.000514s ]
[ sql ] [ SQL ] SHOW COLUMNS FROM `bill_circle_bill` [ RunTime:0.012319s ]
[ sql ] [ SQL ] SELECT * FROM `bill_circle_bill` `b` INNER JOIN `bill_friend` `f` ON `b`.`payer`=`f`.`f_id` INNER JOIN `bill_inout_class` `i` ON `b`.`class_id`=`i`.`c_id` WHERE  `b`.`cir_id` = '9'  [ RunTime:0.001245s ]
[ sql ] [ SQL ] SELECT COUNT(*) AS tp_count FROM `bill_circle_friend_assoct` WHERE  `cbl_id` = 78 LIMIT 1    [ RunTime:0.000464s ]
[ sql ] [ SQL ] SELECT COUNT(*) AS tp_count FROM `bill_circle_friend_assoct` WHERE  `cbl_id` = 79 LIMIT 1    [ RunTime:0.000482s ]
[ sql ] [ SQL ] SELECT COUNT(*) AS tp_count FROM `bill_circle_friend_assoct` WHERE  `cbl_id` = 80 LIMIT 1    [ RunTime:0.000480s ]

---------------------------------------------------------------
[ 2017-05-19T18:05:12+08:00 ] ::1 ::1 GET /charge/public/index.php/port/circle/CircleFriend?cir_id=9&openid=onVsY0Z7hIknIoGK0kvfXMMp8wLM
[ log ] localhost/charge/public/index.php/port/circle/CircleFriend?cir_id=9&openid=onVsY0Z7hIknIoGK0kvfXMMp8wLM [运行时间：0.062415s][吞吐率：16.02req/s] [内存消耗：1,719.74kb] [文件加载：41]
[ info ] [ LANG ] D:\WWW\charge\thinkphp\lang\zh-cn.php
[ info ] [ ROUTE ] array (
  'type' => 'module',
  'module' => 
  array (
    0 => 'port',
    1 => 'circle',
    2 => 'CircleFriend',
  ),
)
[ info ] [ HEADER ] array (
  'accept-encoding' => 'gzip, deflate, sdch',
  'referer' => 'https://servicewechat.com/wx0d74e7d7020142e0/devtools/page-frame.html',
  'accept' => '*/*',
  'content-type' => 'application/json',
  'user-agent' => 'Mozilla/5.0 (Windows NT 10.0; Win64; x64) AppleWebKit/537.36 (KHTML, like Gecko) Chrome/53.0.2785.143 Safari/537.36 appservice webview/100000',
  'x-requested-with' => 'XMLHttpRequest',
  'cache-control' => 'no-cache',
  'pragma' => 'no-cache',
  'connection' => 'close',
  'host' => 'localhost',
)
[ info ] [ PARAM ] array (
  'cir_id' => '9',
  'openid' => 'onVsY0Z7hIknIoGK0kvfXMMp8wLM',
)
[ info ] [ RUN ] app\port\controller\Circle->CircleFriend[ D:\WWW\charge\application\port\controller\Circle.php ]
[ info ] [ DB ] INIT mysql
[ info ] [ LOG ] INIT File
[ sql ] [ DB ] CONNECT:[ UseTime:0.001043s ] mysql:dbname=bill_charge;host=127.0.0.1;port=3306;charset=utf8
[ sql ] [ SQL ] SHOW COLUMNS FROM `bill_public_follow` [ RunTime:0.010035s ]
[ sql ] [ SQL ] SELECT `uid` FROM `bill_public_follow` WHERE  `openid` = 'onVsY0Z7hIknIoGK0kvfXMMp8wLM' LIMIT 1    [ RunTime:0.000517s ]
[ sql ] [ SQL ] SHOW COLUMNS FROM `bill_circle` [ RunTime:0.010178s ]
[ sql ] [ SQL ] SELECT `friend_id`,`cir_id` FROM `bill_circle` WHERE  `cir_id` = 9  AND `user_id` = 1    [ RunTime:0.000601s ]
[ sql ] [ SQL ] SHOW COLUMNS FROM `bill_friend` [ RunTime:0.011000s ]
[ sql ] [ SQL ] SELECT * FROM `bill_friend` WHERE  `f_id` IN (56,1)    [ RunTime:0.000715s ]

---------------------------------------------------------------
[ 2017-05-19T18:05:12+08:00 ] ::1 ::1 GET /charge/public/index.php/port/circle/CircleList?cir_id=9&openid=onVsY0Z7hIknIoGK0kvfXMMp8wLM
[ log ] localhost/charge/public/index.php/port/circle/CircleList?cir_id=9&openid=onVsY0Z7hIknIoGK0kvfXMMp8wLM [运行时间：0.069919s][吞吐率：14.30req/s] [内存消耗：1,719.92kb] [文件加载：41]
[ info ] [ LANG ] D:\WWW\charge\thinkphp\lang\zh-cn.php
[ info ] [ ROUTE ] array (
  'type' => 'module',
  'module' => 
  array (
    0 => 'port',
    1 => 'circle',
    2 => 'CircleList',
  ),
)
[ info ] [ HEADER ] array (
  'accept-encoding' => 'gzip, deflate, sdch',
  'referer' => 'https://servicewechat.com/wx0d74e7d7020142e0/devtools/page-frame.html',
  'accept' => '*/*',
  'content-type' => 'application/json',
  'user-agent' => 'Mozilla/5.0 (Windows NT 10.0; Win64; x64) AppleWebKit/537.36 (KHTML, like Gecko) Chrome/53.0.2785.143 Safari/537.36 appservice webview/100000',
  'x-requested-with' => 'XMLHttpRequest',
  'cache-control' => 'no-cache',
  'pragma' => 'no-cache',
  'connection' => 'close',
  'host' => 'localhost',
)
[ info ] [ PARAM ] array (
  'cir_id' => '9',
  'openid' => 'onVsY0Z7hIknIoGK0kvfXMMp8wLM',
)
[ info ] [ RUN ] app\port\controller\Circle->CircleList[ D:\WWW\charge\application\port\controller\Circle.php ]
[ info ] [ DB ] INIT mysql
[ info ] [ LOG ] INIT File
[ sql ] [ DB ] CONNECT:[ UseTime:0.000933s ] mysql:dbname=bill_charge;host=127.0.0.1;port=3306;charset=utf8
[ sql ] [ SQL ] SHOW COLUMNS FROM `bill_circle_bill` [ RunTime:0.011144s ]
[ sql ] [ SQL ] SELECT * FROM `bill_circle_bill` `ab` INNER JOIN `bill_inout_class` `ic` ON `ab`.`class_id`=`ic`.`c_id` WHERE  `cir_id` = 9   [ RunTime:0.000776s ]
[ sql ] [ SQL ] SHOW COLUMNS FROM `bill_circle` [ RunTime:0.010734s ]
[ sql ] [ SQL ] SELECT `friend_id` FROM `bill_circle` WHERE  `cir_id` = 9 LIMIT 1    [ RunTime:0.000492s ]
[ sql ] [ SQL ] SHOW COLUMNS FROM `bill_friend` [ RunTime:0.010683s ]
[ sql ] [ SQL ] SELECT * FROM `bill_friend` WHERE  `f_id` IN (1)   [ RunTime:0.000517s ]
[ sql ] [ SQL ] SELECT * FROM `bill_friend` WHERE  `f_id` IN (56)   [ RunTime:0.000663s ]
[ sql ] [ SQL ] SELECT * FROM `bill_friend` WHERE  `f_id` IN (56)   [ RunTime:0.000489s ]

---------------------------------------------------------------
[ 2017-05-19T18:05:36+08:00 ] ::1 ::1 GET /charge/public/index.php/port/check/UserCheck?openid=onVsY0Z7hIknIoGK0kvfXMMp8wLM&limit=3&lastid=0
[ log ] localhost/charge/public/index.php/port/check/UserCheck?openid=onVsY0Z7hIknIoGK0kvfXMMp8wLM&limit=3&lastid=0 [运行时间：0.064209s][吞吐率：15.57req/s] [内存消耗：1,490.25kb] [文件加载：39]
[ info ] [ LANG ] D:\WWW\charge\thinkphp\lang\zh-cn.php
[ info ] [ ROUTE ] array (
  'type' => 'module',
  'module' => 
  array (
    0 => 'port',
    1 => 'check',
    2 => 'UserCheck',
  ),
)
[ info ] [ HEADER ] array (
  'accept-encoding' => 'gzip, deflate, sdch',
  'referer' => 'https://servicewechat.com/wx0d74e7d7020142e0/devtools/page-frame.html',
  'accept' => '*/*',
  'content-type' => 'application/json',
  'user-agent' => 'Mozilla/5.0 (Windows NT 10.0; Win64; x64) AppleWebKit/537.36 (KHTML, like Gecko) Chrome/53.0.2785.143 Safari/537.36 appservice webview/100000',
  'x-requested-with' => 'XMLHttpRequest',
  'cache-control' => 'no-cache',
  'pragma' => 'no-cache',
  'connection' => 'close',
  'host' => 'localhost',
)
[ info ] [ PARAM ] array (
  'openid' => 'onVsY0Z7hIknIoGK0kvfXMMp8wLM',
  'limit' => '3',
  'lastid' => '0',
)
[ info ] [ RUN ] app\port\controller\Check->UserCheck[ D:\WWW\charge\application\port\controller\Check.php ]
[ info ] [ DB ] INIT mysql
[ info ] [ LOG ] INIT File
[ sql ] [ DB ] CONNECT:[ UseTime:0.001171s ] mysql:dbname=bill_charge;host=127.0.0.1;port=3306;charset=utf8
[ sql ] [ SQL ] SHOW COLUMNS FROM `bill_public_follow` [ RunTime:0.011993s ]
[ sql ] [ SQL ] SELECT `f`.`uid` FROM `bill_public_follow` `f` INNER JOIN `bill_user` `u` ON `f`.`uid`=`u`.`uid` WHERE  `f`.`openid` = 'onVsY0Z7hIknIoGK0kvfXMMp8wLM' LIMIT 1   [ RunTime:0.000544s ]
[ sql ] [ SQL ] SELECT sum(`money`) as `money`,`time` FROM `bill_charge` WHERE `user_id` = '1' AND `inout_start`=1 AND `time` >= unix_timestamp('2017-05-01 00:00:00') AND `time` <= unix_timestamp('2017-05-19 18:05:36') [ RunTime:0.000375s ]
[ sql ] [ SQL ] SELECT sum(`money`) as `money`,`time` FROM `bill_charge` WHERE `user_id` = '1' AND `inout_start`=2 AND `time` >= unix_timestamp('2017-05-01 00:00:00') AND `time` <= unix_timestamp('2017-05-19 18:05:36') [ RunTime:0.000355s ]
[ sql ] [ SQL ] select time,a_id from bill_charge where a_id > 0 group by time order by a_id desc LIMIT 3 [ RunTime:0.000768s ]
[ sql ] [ SQL ] select time,inout_start,sum(money) as money from bill_charge where inout_start=1 and time=1495123200 group by time [ RunTime:0.000558s ]
[ sql ] [ SQL ] select time,inout_start,sum(money) as money from bill_charge where inout_start=2 and time=1495123200 group by time [ RunTime:0.000936s ]
[ sql ] [ SQL ] SHOW COLUMNS FROM `bill_charge` [ RunTime:0.010462s ]
[ sql ] [ SQL ] SELECT * FROM `bill_charge` `c` INNER JOIN `bill_inout_class` `i` ON `c`.`inout_class`=`i`.`c_id` WHERE  `c`.`time` = 1495123200  [ RunTime:0.000776s ]
[ sql ] [ SQL ] select time,inout_start,sum(money) as money from bill_charge where inout_start=1 and time=1494777600 group by time [ RunTime:0.000448s ]
[ sql ] [ SQL ] select time,inout_start,sum(money) as money from bill_charge where inout_start=2 and time=1494777600 group by time [ RunTime:0.000397s ]
[ sql ] [ SQL ] SELECT * FROM `bill_charge` `c` INNER JOIN `bill_inout_class` `i` ON `c`.`inout_class`=`i`.`c_id` WHERE  `c`.`time` = 1494777600  [ RunTime:0.000571s ]
[ sql ] [ SQL ] select time,inout_start,sum(money) as money from bill_charge where inout_start=1 and time=1490976000 group by time [ RunTime:0.000374s ]
[ sql ] [ SQL ] select time,inout_start,sum(money) as money from bill_charge where inout_start=2 and time=1490976000 group by time [ RunTime:0.000404s ]
[ sql ] [ SQL ] SELECT * FROM `bill_charge` `c` INNER JOIN `bill_inout_class` `i` ON `c`.`inout_class`=`i`.`c_id` WHERE  `c`.`time` = 1490976000  [ RunTime:0.000550s ]

---------------------------------------------------------------
[ 2017-05-19T18:05:38+08:00 ] ::1 ::1 GET /charge/public/index.php/port/check/UserCheck?openid=onVsY0Z7hIknIoGK0kvfXMMp8wLM&limit=3&lastid=0
[ log ] localhost/charge/public/index.php/port/check/UserCheck?openid=onVsY0Z7hIknIoGK0kvfXMMp8wLM&limit=3&lastid=0 [运行时间：0.063049s][吞吐率：15.86req/s] [内存消耗：1,490.25kb] [文件加载：39]
[ info ] [ LANG ] D:\WWW\charge\thinkphp\lang\zh-cn.php
[ info ] [ ROUTE ] array (
  'type' => 'module',
  'module' => 
  array (
    0 => 'port',
    1 => 'check',
    2 => 'UserCheck',
  ),
)
[ info ] [ HEADER ] array (
  'accept-encoding' => 'gzip, deflate, sdch',
  'referer' => 'https://servicewechat.com/wx0d74e7d7020142e0/devtools/page-frame.html',
  'accept' => '*/*',
  'content-type' => 'application/json',
  'user-agent' => 'Mozilla/5.0 (Windows NT 10.0; Win64; x64) AppleWebKit/537.36 (KHTML, like Gecko) Chrome/53.0.2785.143 Safari/537.36 appservice webview/100000',
  'x-requested-with' => 'XMLHttpRequest',
  'cache-control' => 'no-cache',
  'pragma' => 'no-cache',
  'connection' => 'close',
  'host' => 'localhost',
)
[ info ] [ PARAM ] array (
  'openid' => 'onVsY0Z7hIknIoGK0kvfXMMp8wLM',
  'limit' => '3',
  'lastid' => '0',
)
[ info ] [ RUN ] app\port\controller\Check->UserCheck[ D:\WWW\charge\application\port\controller\Check.php ]
[ info ] [ DB ] INIT mysql
[ info ] [ LOG ] INIT File
[ sql ] [ DB ] CONNECT:[ UseTime:0.001174s ] mysql:dbname=bill_charge;host=127.0.0.1;port=3306;charset=utf8
[ sql ] [ SQL ] SHOW COLUMNS FROM `bill_public_follow` [ RunTime:0.011817s ]
[ sql ] [ SQL ] SELECT `f`.`uid` FROM `bill_public_follow` `f` INNER JOIN `bill_user` `u` ON `f`.`uid`=`u`.`uid` WHERE  `f`.`openid` = 'onVsY0Z7hIknIoGK0kvfXMMp8wLM' LIMIT 1   [ RunTime:0.000460s ]
[ sql ] [ SQL ] SELECT sum(`money`) as `money`,`time` FROM `bill_charge` WHERE `user_id` = '1' AND `inout_start`=1 AND `time` >= unix_timestamp('2017-05-01 00:00:00') AND `time` <= unix_timestamp('2017-05-19 18:05:38') [ RunTime:0.000497s ]
[ sql ] [ SQL ] SELECT sum(`money`) as `money`,`time` FROM `bill_charge` WHERE `user_id` = '1' AND `inout_start`=2 AND `time` >= unix_timestamp('2017-05-01 00:00:00') AND `time` <= unix_timestamp('2017-05-19 18:05:38') [ RunTime:0.000545s ]
[ sql ] [ SQL ] select time,a_id from bill_charge where a_id > 0 group by time order by a_id desc LIMIT 3 [ RunTime:0.000777s ]
[ sql ] [ SQL ] select time,inout_start,sum(money) as money from bill_charge where inout_start=1 and time=1495123200 group by time [ RunTime:0.000478s ]
[ sql ] [ SQL ] select time,inout_start,sum(money) as money from bill_charge where inout_start=2 and time=1495123200 group by time [ RunTime:0.000383s ]
[ sql ] [ SQL ] SHOW COLUMNS FROM `bill_charge` [ RunTime:0.009963s ]
[ sql ] [ SQL ] SELECT * FROM `bill_charge` `c` INNER JOIN `bill_inout_class` `i` ON `c`.`inout_class`=`i`.`c_id` WHERE  `c`.`time` = 1495123200  [ RunTime:0.000596s ]
[ sql ] [ SQL ] select time,inout_start,sum(money) as money from bill_charge where inout_start=1 and time=1494777600 group by time [ RunTime:0.000328s ]
[ sql ] [ SQL ] select time,inout_start,sum(money) as money from bill_charge where inout_start=2 and time=1494777600 group by time [ RunTime:0.000326s ]
[ sql ] [ SQL ] SELECT * FROM `bill_charge` `c` INNER JOIN `bill_inout_class` `i` ON `c`.`inout_class`=`i`.`c_id` WHERE  `c`.`time` = 1494777600  [ RunTime:0.000479s ]
[ sql ] [ SQL ] select time,inout_start,sum(money) as money from bill_charge where inout_start=1 and time=1490976000 group by time [ RunTime:0.000307s ]
[ sql ] [ SQL ] select time,inout_start,sum(money) as money from bill_charge where inout_start=2 and time=1490976000 group by time [ RunTime:0.000315s ]
[ sql ] [ SQL ] SELECT * FROM `bill_charge` `c` INNER JOIN `bill_inout_class` `i` ON `c`.`inout_class`=`i`.`c_id` WHERE  `c`.`time` = 1490976000  [ RunTime:0.000455s ]

---------------------------------------------------------------
[ 2017-05-19T18:05:39+08:00 ] ::1 ::1 GET /charge/public/index.php/port/login/sendCode?code=021LIneQ0e2rfb2c57hQ0f9leQ0LIneu&PHPSESSID=LCnnl45P6q0Ef2yIGHM9hLyBJOj
[ log ] localhost/charge/public/index.php/port/login/sendCode?code=021LIneQ0e2rfb2c57hQ0f9leQ0LIneu&PHPSESSID=LCnnl45P6q0Ef2yIGHM9hLyBJOj [运行时间：0.699273s][吞吐率：1.43req/s] [内存消耗：1,541.60kb] [文件加载：42]
[ info ] [ LANG ] D:\WWW\charge\thinkphp\lang\zh-cn.php
[ info ] [ ROUTE ] array (
  'type' => 'module',
  'module' => 
  array (
    0 => 'port',
    1 => 'login',
    2 => 'sendCode',
  ),
)
[ info ] [ HEADER ] array (
  'accept-encoding' => 'gzip, deflate, sdch',
  'referer' => 'https://servicewechat.com/wx0d74e7d7020142e0/devtools/page-frame.html',
  'accept' => '*/*',
  'content-type' => 'application/json',
  'user-agent' => 'Mozilla/5.0 (Windows NT 10.0; Win64; x64) AppleWebKit/537.36 (KHTML, like Gecko) Chrome/53.0.2785.143 Safari/537.36 appservice webview/100000',
  'x-requested-with' => 'XMLHttpRequest',
  'cache-control' => 'no-cache',
  'pragma' => 'no-cache',
  'connection' => 'close',
  'host' => 'localhost',
)
[ info ] [ PARAM ] array (
  'code' => '021LIneQ0e2rfb2c57hQ0f9leQ0LIneu',
  'PHPSESSID' => 'LCnnl45P6q0Ef2yIGHM9hLyBJOj',
)
[ info ] [ RUN ] app\port\controller\Login->sendCode[ D:\WWW\charge\application\port\controller\Login.php ]
[ info ] [ CACHE ] INIT File
[ info ] [ DB ] INIT mysql
[ info ] [ LOG ] INIT File
[ sql ] [ DB ] CONNECT:[ UseTime:0.000936s ] mysql:dbname=bill_charge;host=127.0.0.1;port=3306;charset=utf8
[ sql ] [ SQL ] SHOW COLUMNS FROM `bill_public_follow` [ RunTime:0.009810s ]
[ sql ] [ SQL ] SELECT * FROM `bill_public_follow` WHERE  `openid` = 'onVsY0Z7hIknIoGK0kvfXMMp8wLM' LIMIT 1    [ RunTime:0.000554s ]

---------------------------------------------------------------
[ 2017-05-19T18:05:40+08:00 ] ::1 ::1 GET /charge/public/index.php/port/login/saveUserInfo?encryptedData=JAwVc6BXOMNZaRe7yrAf%2Fv5vdwedRR8wWxJQfAOCTuapdBWk5tyq2dSNMhhY%2B2gwIJ3oe64cisH1fy6wQmSjolLVMW3EUUgeKbvfPHaKBAIPEWPhmY90AlT88SlpIpNoXeWDrr7YdSt%2Be71uxQMU1QgFNJq5WSY98YQUQduyFN8IU8Uaag%2FBxBrGyZUPzUyY7ur4jRYupZCVWi2HW9vpwhZ0C92bGRHlYfbRBFjSjyfQ6q6tnZOLCzBAAlnJRyrSceNMHs%2BEWvqpnrFeEBrIIATH2jS0MH0gwYGk7Y7gPkc%2B6GynRG3NCzMV3cMYoTwQvGL20%2FlbQnmCNn14YLfCx%2B5%2FJTi5awIw1mTpdp1b7Ph0kXnrAM9%2FvBMz7lO4cI3lVkaKfK%2FardZf%2BADHc2lVWGpji8EdhGGuHZWvC5jZXAbWvWlY1ux5FT0SrEyhtWAv2lepIa0BF5X34RlNt0rQCVcBAM4g4uvVkLCMRHrZhvWczXYFE13X5Fzh01Qe9wn%2F&PHPSESSID=X01Wr602GYR9AjDwVI45DUcAwxT&iv=oj8yOoM2NX4mPPlFSqsGkw%3D%3D
[ log ] localhost/charge/public/index.php/port/login/saveUserInfo?encryptedData=JAwVc6BXOMNZaRe7yrAf%2Fv5vdwedRR8wWxJQfAOCTuapdBWk5tyq2dSNMhhY%2B2gwIJ3oe64cisH1fy6wQmSjolLVMW3EUUgeKbvfPHaKBAIPEWPhmY90AlT88SlpIpNoXeWDrr7YdSt%2Be71uxQMU1QgFNJq5WSY98YQUQduyFN8IU8Uaag%2FBxBrGyZUPzUyY7ur4jRYupZCVWi2HW9vpwhZ0C92bGRHlYfbRBFjSjyfQ6q6tnZOLCzBAAlnJRyrSceNMHs%2BEWvqpnrFeEBrIIATH2jS0MH0gwYGk7Y7gPkc%2B6GynRG3NCzMV3cMYoTwQvGL20%2FlbQnmCNn14YLfCx%2B5%2FJTi5awIw1mTpdp1b7Ph0kXnrAM9%2FvBMz7lO4cI3lVkaKfK%2FardZf%2BADHc2lVWGpji8EdhGGuHZWvC5jZXAbWvWlY1ux5FT0SrEyhtWAv2lepIa0BF5X34RlNt0rQCVcBAM4g4uvVkLCMRHrZhvWczXYFE13X5Fzh01Qe9wn%2F&PHPSESSID=X01Wr602GYR9AjDwVI45DUcAwxT&iv=oj8yOoM2NX4mPPlFSqsGkw%3D%3D [运行时间：0.052904s][吞吐率：18.90req/s] [内存消耗：1,565.78kb] [文件加载：45]
[ info ] [ LANG ] D:\WWW\charge\thinkphp\lang\zh-cn.php
[ info ] [ ROUTE ] array (
  'type' => 'module',
  'module' => 
  array (
    0 => 'port',
    1 => 'login',
    2 => 'saveUserInfo',
  ),
)
[ info ] [ HEADER ] array (
  'accept-encoding' => 'gzip, deflate, sdch',
  'referer' => 'https://servicewechat.com/wx0d74e7d7020142e0/devtools/page-frame.html',
  'accept' => '*/*',
  'content-type' => 'application/json',
  'user-agent' => 'Mozilla/5.0 (Windows NT 10.0; Win64; x64) AppleWebKit/537.36 (KHTML, like Gecko) Chrome/53.0.2785.143 Safari/537.36 appservice webview/100000',
  'x-requested-with' => 'XMLHttpRequest',
  'cache-control' => 'no-cache',
  'pragma' => 'no-cache',
  'connection' => 'close',
  'host' => 'localhost',
)
[ info ] [ PARAM ] array (
  'encryptedData' => 'JAwVc6BXOMNZaRe7yrAf/v5vdwedRR8wWxJQfAOCTuapdBWk5tyq2dSNMhhY+2gwIJ3oe64cisH1fy6wQmSjolLVMW3EUUgeKbvfPHaKBAIPEWPhmY90AlT88SlpIpNoXeWDrr7YdSt+e71uxQMU1QgFNJq5WSY98YQUQduyFN8IU8Uaag/BxBrGyZUPzUyY7ur4jRYupZCVWi2HW9vpwhZ0C92bGRHlYfbRBFjSjyfQ6q6tnZOLCzBAAlnJRyrSceNMHs+EWvqpnrFeEBrIIATH2jS0MH0gwYGk7Y7gPkc+6GynRG3NCzMV3cMYoTwQvGL20/lbQnmCNn14YLfCx+5/JTi5awIw1mTpdp1b7Ph0kXnrAM9/vBMz7lO4cI3lVkaKfK/ardZf+ADHc2lVWGpji8EdhGGuHZWvC5jZXAbWvWlY1ux5FT0SrEyhtWAv2lepIa0BF5X34RlNt0rQCVcBAM4g4uvVkLCMRHrZhvWczXYFE13X5Fzh01Qe9wn/',
  'PHPSESSID' => 'X01Wr602GYR9AjDwVI45DUcAwxT',
  'iv' => 'oj8yOoM2NX4mPPlFSqsGkw==',
)
[ info ] [ RUN ] app\port\controller\Login->saveUserInfo[ D:\WWW\charge\application\port\controller\Login.php ]
[ info ] [ CACHE ] INIT File
[ info ] [ DB ] INIT mysql
[ info ] [ LOG ] INIT File
[ sql ] [ DB ] CONNECT:[ UseTime:0.001008s ] mysql:dbname=bill_charge;host=127.0.0.1;port=3306;charset=utf8
[ sql ] [ SQL ] SHOW COLUMNS FROM `bill_user` [ RunTime:0.010734s ]
[ sql ] [ SQL ] UPDATE `bill_user`  SET `nickname`='伊人回眸泪倾城 ....จุ๊บ',`sex`=1,`city`='',`province`='Beijing',`country`='CN',`headimgurl`='http://wx.qlogo.cn/mmopen/vi_32/Q0j4TwGTfTK6zmnIDhZFZFHuBBTG0fkJ2fWjrXTpv7IiaM0miazveEWEib0FR8mSlRaqKgjg0GYelKOX0XDQGMCyg/0'  WHERE  `uid` = 1          [ RunTime:0.000669s ]
[ sql ] [ SQL ] SHOW COLUMNS FROM `bill_friend` [ RunTime:0.009407s ]
[ sql ] [ SQL ] SELECT * FROM `bill_friend` WHERE  `uid` = 1 LIMIT 1    [ RunTime:0.000542s ]
[ sql ] [ SQL ] UPDATE `bill_friend`  SET `start`=1,`friend_name`='伊人回眸泪倾城 ....จุ๊บ',`friend_imgurl`='http://wx.qlogo.cn/mmopen/vi_32/Q0j4TwGTfTK6zmnIDhZFZFHuBBTG0fkJ2fWjrXTpv7IiaM0miazveEWEib0FR8mSlRaqKgjg0GYelKOX0XDQGMCyg/0',`time`=1495188340  WHERE  `uid` = 1        [ RunTime:0.000485s ]

---------------------------------------------------------------
[ 2017-05-19T18:09:28+08:00 ] ::1 ::1 GET /charge/public/index.php/port/circle/circleUser?openid=onVsY0Z7hIknIoGK0kvfXMMp8wLM
[ log ] localhost/charge/public/index.php/port/circle/circleUser?openid=onVsY0Z7hIknIoGK0kvfXMMp8wLM [运行时间：0.069140s][吞吐率：14.46req/s] [内存消耗：1,721.66kb] [文件加载：41]
[ info ] [ LANG ] D:\WWW\charge\thinkphp\lang\zh-cn.php
[ info ] [ ROUTE ] array (
  'type' => 'module',
  'module' => 
  array (
    0 => 'port',
    1 => 'circle',
    2 => 'circleUser',
  ),
)
[ info ] [ HEADER ] array (
  'accept-encoding' => 'gzip, deflate, sdch',
  'referer' => 'https://servicewechat.com/wx0d74e7d7020142e0/devtools/page-frame.html',
  'accept' => '*/*',
  'content-type' => 'application/json',
  'user-agent' => 'Mozilla/5.0 (Windows NT 10.0; Win64; x64) AppleWebKit/537.36 (KHTML, like Gecko) Chrome/53.0.2785.143 Safari/537.36 appservice webview/100000',
  'x-requested-with' => 'XMLHttpRequest',
  'cache-control' => 'no-cache',
  'pragma' => 'no-cache',
  'connection' => 'close',
  'host' => 'localhost',
)
[ info ] [ PARAM ] array (
  'openid' => 'onVsY0Z7hIknIoGK0kvfXMMp8wLM',
)
[ info ] [ RUN ] app\port\controller\Circle->circleUser[ D:\WWW\charge\application\port\controller\Circle.php ]
[ info ] [ DB ] INIT mysql
[ info ] [ LOG ] INIT File
[ sql ] [ DB ] CONNECT:[ UseTime:0.001338s ] mysql:dbname=bill_charge;host=127.0.0.1;port=3306;charset=utf8
[ sql ] [ SQL ] SHOW COLUMNS FROM `bill_public_follow` [ RunTime:0.012953s ]
[ sql ] [ SQL ] SELECT `uid` FROM `bill_public_follow` WHERE  `openid` = 'onVsY0Z7hIknIoGK0kvfXMMp8wLM' LIMIT 1    [ RunTime:0.000522s ]
[ sql ] [ SQL ] SHOW COLUMNS FROM `bill_circle` [ RunTime:0.013403s ]
[ sql ] [ SQL ] SELECT * FROM `bill_circle` `c` INNER JOIN `bill_inout_class` `bic` ON `c`.`class_id`=`bic`.`c_id` WHERE  `user_id` = 1 ORDER BY cir_id desc   [ RunTime:0.001793s ]

---------------------------------------------------------------
[ 2017-05-19T18:09:37+08:00 ] ::1 ::1 GET /charge/public/index.php/port/circle/circleName
[ log ] localhost/charge/public/index.php/port/circle/circleName [运行时间：0.067651s][吞吐率：14.78req/s] [内存消耗：1,704.75kb] [文件加载：40]
[ info ] [ LANG ] D:\WWW\charge\thinkphp\lang\zh-cn.php
[ info ] [ ROUTE ] array (
  'type' => 'module',
  'module' => 
  array (
    0 => 'port',
    1 => 'circle',
    2 => 'circleName',
  ),
)
[ info ] [ HEADER ] array (
  'accept-encoding' => 'gzip, deflate, sdch',
  'referer' => 'https://servicewechat.com/wx0d74e7d7020142e0/devtools/page-frame.html',
  'accept' => '*/*',
  'content-type' => 'application/json',
  'user-agent' => 'Mozilla/5.0 (Windows NT 10.0; Win64; x64) AppleWebKit/537.36 (KHTML, like Gecko) Chrome/53.0.2785.143 Safari/537.36 appservice webview/100000',
  'x-requested-with' => 'XMLHttpRequest',
  'cache-control' => 'no-cache',
  'pragma' => 'no-cache',
  'connection' => 'close',
  'host' => 'localhost',
)
[ info ] [ PARAM ] array (
)
[ info ] [ RUN ] app\port\controller\Circle->CircleName[ D:\WWW\charge\application\port\controller\Circle.php ]
[ info ] [ DB ] INIT mysql
[ info ] [ LOG ] INIT File
[ sql ] [ DB ] CONNECT:[ UseTime:0.001353s ] mysql:dbname=bill_charge;host=127.0.0.1;port=3306;charset=utf8
[ sql ] [ SQL ] SHOW COLUMNS FROM `bill_public_follow` [ RunTime:0.019871s ]
[ sql ] [ SQL ] SELECT `uid` FROM `bill_public_follow` WHERE  `openid` IS NULL LIMIT 1   [ RunTime:0.000592s ]
[ sql ] [ SQL ] SHOW COLUMNS FROM `bill_circle` [ RunTime:0.011152s ]
[ sql ] [ SQL ] SELECT `circle_name`,`cir_id` FROM `bill_circle` WHERE  `cir_id` IS NULL  AND `user_id` IS NULL LIMIT 1   [ RunTime:0.000475s ]

---------------------------------------------------------------
[ 2017-05-19T18:09:37+08:00 ] ::1 ::1 GET /charge/public/index.php/port/circle/CircleName?cir_id=9&openid=onVsY0Z7hIknIoGK0kvfXMMp8wLM
[ log ] localhost/charge/public/index.php/port/circle/CircleName?cir_id=9&openid=onVsY0Z7hIknIoGK0kvfXMMp8wLM [运行时间：0.048197s][吞吐率：20.75req/s] [内存消耗：1,713.50kb] [文件加载：41]
[ info ] [ LANG ] D:\WWW\charge\thinkphp\lang\zh-cn.php
[ info ] [ ROUTE ] array (
  'type' => 'module',
  'module' => 
  array (
    0 => 'port',
    1 => 'circle',
    2 => 'CircleName',
  ),
)
[ info ] [ HEADER ] array (
  'accept-encoding' => 'gzip, deflate, sdch',
  'referer' => 'https://servicewechat.com/wx0d74e7d7020142e0/devtools/page-frame.html',
  'accept' => '*/*',
  'content-type' => 'application/json',
  'user-agent' => 'Mozilla/5.0 (Windows NT 10.0; Win64; x64) AppleWebKit/537.36 (KHTML, like Gecko) Chrome/53.0.2785.143 Safari/537.36 appservice webview/100000',
  'x-requested-with' => 'XMLHttpRequest',
  'cache-control' => 'no-cache',
  'pragma' => 'no-cache',
  'connection' => 'close',
  'host' => 'localhost',
)
[ info ] [ PARAM ] array (
  'cir_id' => '9',
  'openid' => 'onVsY0Z7hIknIoGK0kvfXMMp8wLM',
)
[ info ] [ RUN ] app\port\controller\Circle->CircleName[ D:\WWW\charge\application\port\controller\Circle.php ]
[ info ] [ DB ] INIT mysql
[ info ] [ LOG ] INIT File
[ sql ] [ DB ] CONNECT:[ UseTime:0.001223s ] mysql:dbname=bill_charge;host=127.0.0.1;port=3306;charset=utf8
[ sql ] [ SQL ] SHOW COLUMNS FROM `bill_public_follow` [ RunTime:0.008814s ]
[ sql ] [ SQL ] SELECT `uid` FROM `bill_public_follow` WHERE  `openid` = 'onVsY0Z7hIknIoGK0kvfXMMp8wLM' LIMIT 1    [ RunTime:0.000444s ]
[ sql ] [ SQL ] SHOW COLUMNS FROM `bill_circle` [ RunTime:0.010705s ]
[ sql ] [ SQL ] SELECT `circle_name`,`cir_id` FROM `bill_circle` WHERE  `cir_id` = 9  AND `user_id` = 1 LIMIT 1     [ RunTime:0.000466s ]

---------------------------------------------------------------
[ 2017-05-19T18:09:37+08:00 ] ::1 ::1 GET /charge/public/index.php/port/circle/CircleMyconsume?cir_id=9&openid=onVsY0Z7hIknIoGK0kvfXMMp8wLM
[ log ] localhost/charge/public/index.php/port/circle/CircleMyconsume?cir_id=9&openid=onVsY0Z7hIknIoGK0kvfXMMp8wLM [运行时间：0.081691s][吞吐率：12.24req/s] [内存消耗：1,719.95kb] [文件加载：41]
[ info ] [ LANG ] D:\WWW\charge\thinkphp\lang\zh-cn.php
[ info ] [ ROUTE ] array (
  'type' => 'module',
  'module' => 
  array (
    0 => 'port',
    1 => 'circle',
    2 => 'CircleMyconsume',
  ),
)
[ info ] [ HEADER ] array (
  'accept-encoding' => 'gzip, deflate, sdch',
  'referer' => 'https://servicewechat.com/wx0d74e7d7020142e0/devtools/page-frame.html',
  'accept' => '*/*',
  'content-type' => 'application/json',
  'user-agent' => 'Mozilla/5.0 (Windows NT 10.0; Win64; x64) AppleWebKit/537.36 (KHTML, like Gecko) Chrome/53.0.2785.143 Safari/537.36 appservice webview/100000',
  'x-requested-with' => 'XMLHttpRequest',
  'cache-control' => 'no-cache',
  'pragma' => 'no-cache',
  'connection' => 'close',
  'host' => 'localhost',
)
[ info ] [ PARAM ] array (
  'cir_id' => '9',
  'openid' => 'onVsY0Z7hIknIoGK0kvfXMMp8wLM',
)
[ info ] [ RUN ] app\port\controller\Circle->CircleMyconsume[ D:\WWW\charge\application\port\controller\Circle.php ]
[ info ] [ DB ] INIT mysql
[ info ] [ LOG ] INIT File
[ sql ] [ DB ] CONNECT:[ UseTime:0.000876s ] mysql:dbname=bill_charge;host=127.0.0.1;port=3306;charset=utf8
[ sql ] [ SQL ] SHOW COLUMNS FROM `bill_public_follow` [ RunTime:0.010734s ]
[ sql ] [ SQL ] SELECT `uid` FROM `bill_public_follow` WHERE  `openid` = 'onVsY0Z7hIknIoGK0kvfXMMp8wLM' LIMIT 1    [ RunTime:0.000401s ]
[ sql ] [ SQL ] SHOW COLUMNS FROM `bill_friend` [ RunTime:0.011363s ]
[ sql ] [ SQL ] SELECT `f_id` FROM `bill_friend` WHERE  `uid` = 1 LIMIT 1    [ RunTime:0.001373s ]
[ sql ] [ SQL ] SHOW COLUMNS FROM `bill_circle_friend_assoct` [ RunTime:0.009966s ]
[ sql ] [ SQL ] SELECT SUM(sum_money) AS tp_sum FROM `bill_circle_friend_assoct` WHERE  `cir_id` = 9  AND `friend_id` = 1  AND `pay_start` = 0 LIMIT 1      [ RunTime:0.001101s ]
[ sql ] [ SQL ] SELECT SUM(sum_money) AS tp_sum FROM `bill_circle_friend_assoct` WHERE  `friend_id` = 1  AND `pay_start` = 1  AND `cir_id` = 9 LIMIT 1      [ RunTime:0.000563s ]
[ sql ] [ SQL ] SELECT SUM(sum_money) AS tp_sum FROM `bill_circle_friend_assoct` WHERE  `pay_start` = 1  AND `cir_id` = 9 LIMIT 1     [ RunTime:0.000595s ]
[ sql ] [ SQL ] SHOW COLUMNS FROM `bill_circle_bill` [ RunTime:0.012633s ]
[ sql ] [ SQL ] SELECT * FROM `bill_circle_bill` `b` INNER JOIN `bill_friend` `f` ON `b`.`payer`=`f`.`f_id` INNER JOIN `bill_inout_class` `i` ON `b`.`class_id`=`i`.`c_id` WHERE  `b`.`cir_id` = '9'  [ RunTime:0.001073s ]
[ sql ] [ SQL ] SELECT COUNT(*) AS tp_count FROM `bill_circle_friend_assoct` WHERE  `cbl_id` = 78 LIMIT 1    [ RunTime:0.000501s ]
[ sql ] [ SQL ] SELECT COUNT(*) AS tp_count FROM `bill_circle_friend_assoct` WHERE  `cbl_id` = 79 LIMIT 1    [ RunTime:0.000502s ]
[ sql ] [ SQL ] SELECT COUNT(*) AS tp_count FROM `bill_circle_friend_assoct` WHERE  `cbl_id` = 80 LIMIT 1    [ RunTime:0.000421s ]

---------------------------------------------------------------
[ 2017-05-19T18:09:38+08:00 ] ::1 ::1 GET /charge/public/index.php/port/circle/CircleFriend?cir_id=9&openid=onVsY0Z7hIknIoGK0kvfXMMp8wLM
[ log ] localhost/charge/public/index.php/port/circle/CircleFriend?cir_id=9&openid=onVsY0Z7hIknIoGK0kvfXMMp8wLM [运行时间：0.071181s][吞吐率：14.05req/s] [内存消耗：1,719.74kb] [文件加载：41]
[ info ] [ LANG ] D:\WWW\charge\thinkphp\lang\zh-cn.php
[ info ] [ ROUTE ] array (
  'type' => 'module',
  'module' => 
  array (
    0 => 'port',
    1 => 'circle',
    2 => 'CircleFriend',
  ),
)
[ info ] [ HEADER ] array (
  'accept-encoding' => 'gzip, deflate, sdch',
  'referer' => 'https://servicewechat.com/wx0d74e7d7020142e0/devtools/page-frame.html',
  'accept' => '*/*',
  'content-type' => 'application/json',
  'user-agent' => 'Mozilla/5.0 (Windows NT 10.0; Win64; x64) AppleWebKit/537.36 (KHTML, like Gecko) Chrome/53.0.2785.143 Safari/537.36 appservice webview/100000',
  'x-requested-with' => 'XMLHttpRequest',
  'cache-control' => 'no-cache',
  'pragma' => 'no-cache',
  'connection' => 'close',
  'host' => 'localhost',
)
[ info ] [ PARAM ] array (
  'cir_id' => '9',
  'openid' => 'onVsY0Z7hIknIoGK0kvfXMMp8wLM',
)
[ info ] [ RUN ] app\port\controller\Circle->CircleFriend[ D:\WWW\charge\application\port\controller\Circle.php ]
[ info ] [ DB ] INIT mysql
[ info ] [ LOG ] INIT File
[ sql ] [ DB ] CONNECT:[ UseTime:0.002709s ] mysql:dbname=bill_charge;host=127.0.0.1;port=3306;charset=utf8
[ sql ] [ SQL ] SHOW COLUMNS FROM `bill_public_follow` [ RunTime:0.010755s ]
[ sql ] [ SQL ] SELECT `uid` FROM `bill_public_follow` WHERE  `openid` = 'onVsY0Z7hIknIoGK0kvfXMMp8wLM' LIMIT 1    [ RunTime:0.000511s ]
[ sql ] [ SQL ] SHOW COLUMNS FROM `bill_circle` [ RunTime:0.011229s ]
[ sql ] [ SQL ] SELECT `friend_id`,`cir_id` FROM `bill_circle` WHERE  `cir_id` = 9  AND `user_id` = 1    [ RunTime:0.000561s ]
[ sql ] [ SQL ] SHOW COLUMNS FROM `bill_friend` [ RunTime:0.012759s ]
[ sql ] [ SQL ] SELECT * FROM `bill_friend` WHERE  `f_id` IN (56,1)    [ RunTime:0.000637s ]

---------------------------------------------------------------
[ 2017-05-19T18:09:38+08:00 ] ::1 ::1 GET /charge/public/index.php/port/circle/CircleList?cir_id=9&openid=onVsY0Z7hIknIoGK0kvfXMMp8wLM
[ log ] localhost/charge/public/index.php/port/circle/CircleList?cir_id=9&openid=onVsY0Z7hIknIoGK0kvfXMMp8wLM [运行时间：0.131009s][吞吐率：7.63req/s] [内存消耗：1,719.92kb] [文件加载：41]
[ info ] [ LANG ] D:\WWW\charge\thinkphp\lang\zh-cn.php
[ info ] [ ROUTE ] array (
  'type' => 'module',
  'module' => 
  array (
    0 => 'port',
    1 => 'circle',
    2 => 'CircleList',
  ),
)
[ info ] [ HEADER ] array (
  'accept-encoding' => 'gzip, deflate, sdch',
  'referer' => 'https://servicewechat.com/wx0d74e7d7020142e0/devtools/page-frame.html',
  'accept' => '*/*',
  'content-type' => 'application/json',
  'user-agent' => 'Mozilla/5.0 (Windows NT 10.0; Win64; x64) AppleWebKit/537.36 (KHTML, like Gecko) Chrome/53.0.2785.143 Safari/537.36 appservice webview/100000',
  'x-requested-with' => 'XMLHttpRequest',
  'cache-control' => 'no-cache',
  'pragma' => 'no-cache',
  'connection' => 'close',
  'host' => 'localhost',
)
[ info ] [ PARAM ] array (
  'cir_id' => '9',
  'openid' => 'onVsY0Z7hIknIoGK0kvfXMMp8wLM',
)
[ info ] [ RUN ] app\port\controller\Circle->CircleList[ D:\WWW\charge\application\port\controller\Circle.php ]
[ info ] [ DB ] INIT mysql
[ info ] [ LOG ] INIT File
[ sql ] [ DB ] CONNECT:[ UseTime:0.002717s ] mysql:dbname=bill_charge;host=127.0.0.1;port=3306;charset=utf8
[ sql ] [ SQL ] SHOW COLUMNS FROM `bill_circle_bill` [ RunTime:0.048477s ]
[ sql ] [ SQL ] SELECT * FROM `bill_circle_bill` `ab` INNER JOIN `bill_inout_class` `ic` ON `ab`.`class_id`=`ic`.`c_id` WHERE  `cir_id` = 9   [ RunTime:0.000932s ]
[ sql ] [ SQL ] SHOW COLUMNS FROM `bill_circle` [ RunTime:0.010951s ]
[ sql ] [ SQL ] SELECT `friend_id` FROM `bill_circle` WHERE  `cir_id` = 9 LIMIT 1    [ RunTime:0.000488s ]
[ sql ] [ SQL ] SHOW COLUMNS FROM `bill_friend` [ RunTime:0.009944s ]
[ sql ] [ SQL ] SELECT * FROM `bill_friend` WHERE  `f_id` IN (1)   [ RunTime:0.000458s ]
[ sql ] [ SQL ] SELECT * FROM `bill_friend` WHERE  `f_id` IN (56)   [ RunTime:0.000369s ]
[ sql ] [ SQL ] SELECT * FROM `bill_friend` WHERE  `f_id` IN (56)   [ RunTime:0.000513s ]

---------------------------------------------------------------
