[ 2017-05-26T18:31:50+08:00 ] ::1 ::1 GET /charge/public/index.php/port/login/sendCode?code=001uIrT01tTAe12dc4W01vJLT01uIrTe&PHPSESSID=mbIeDZUUMxZZ2ZZTbclHYrtRkUC
[ log ] localhost/charge/public/index.php/port/login/sendCode?code=001uIrT01tTAe12dc4W01vJLT01uIrTe&PHPSESSID=mbIeDZUUMxZZ2ZZTbclHYrtRkUC [运行时间：0.223627s][吞吐率：4.47req/s] [内存消耗：1,541.55kb] [文件加载：42]
[ info ] [ LANG ] D:\WWW\charge\thinkphp\lang\zh-cn.php
[ info ] [ ROUTE ] array (
  'type' => 'module',
  'module' => 
  array (
    0 => 'port',
    1 => 'login',
    2 => 'sendCode',
  ),
)
[ info ] [ HEADER ] array (
  'accept-encoding' => 'gzip, deflate, sdch',
  'referer' => 'https://servicewechat.com/wx0d74e7d7020142e0/devtools/page-frame.html',
  'accept' => '*/*',
  'content-type' => 'application/json',
  'user-agent' => 'Mozilla/5.0 (Windows NT 10.0; Win64; x64) AppleWebKit/537.36 (KHTML, like Gecko) Chrome/53.0.2785.143 Safari/537.36 appservice webview/100000',
  'x-requested-with' => 'XMLHttpRequest',
  'cache-control' => 'no-cache',
  'pragma' => 'no-cache',
  'connection' => 'close',
  'host' => 'localhost',
)
[ info ] [ PARAM ] array (
  'code' => '001uIrT01tTAe12dc4W01vJLT01uIrTe',
  'PHPSESSID' => 'mbIeDZUUMxZZ2ZZTbclHYrtRkUC',
)
[ info ] [ RUN ] app\port\controller\Login->sendCode[ D:\WWW\charge\application\port\controller\Login.php ]
[ info ] [ CACHE ] INIT File
[ info ] [ DB ] INIT mysql
[ info ] [ LOG ] INIT File
[ sql ] [ DB ] CONNECT:[ UseTime:0.000998s ] mysql:dbname=bill_charge;host=127.0.0.1;port=3306;charset=utf8
[ sql ] [ SQL ] SHOW COLUMNS FROM `bill_public_follow` [ RunTime:0.018100s ]
[ sql ] [ SQL ] SELECT * FROM `bill_public_follow` WHERE  `openid` = 'onVsY0Z7hIknIoGK0kvfXMMp8wLM' LIMIT 1    [ RunTime:0.000623s ]

---------------------------------------------------------------
[ 2017-05-26T18:31:51+08:00 ] ::1 ::1 GET /charge/public/index.php/port/login/saveUserInfo?encryptedData=A0oZgXvrEduadq0xw1OldcTsmTATauwNjyErKfl45E9MKZ6OrAMR48MiqT0YoyPCiAwEQfOzknPwvsAIEfoLMwitveOwxhuky43bcZIZGLGILSNHoCXNxEnztOYciAHTPDBQxqkB0gGmCX4wgjtrkF%2BDr1L9cGZ3MrczQ3ZZryzEpkptK%2BVREe33G7sOpbHphyBgA%2Fbb2KCAIYfXKhPMfsMp%2BqGhlBhiD%2FFsjtQg3CKi5he3F86%2BnFhcgkQsnrqJvLT58PlItpLYA3bb2WhLzg4XjBp3hoS4HBv%2B3ReAQrzN2CZ0xntiDf1uDORDa476%2FCBKuYdi9KSgSKSxt%2BReFmIb0UK1U05xSLNfsmEArHh3%2Bee0tnRyD3Y0U1PK%2Fg%2FWvhnjDujUPNGmjA88fI%2FwqfXRHVuD2V6ZUTti6vfbOn2dUPfh39JArHOvLZdSCrOILFgAK9Befy6w0wknTBKLhpdaX0f4BPyyoGOHyl6Eo1r685jzKDEMTsSbmT%2FkD7ba&PHPSESSID=w0zDuRhGLhganJynxPSXRd1zlBu&iv=UMeUC4lLnstoJPq%2FM4yRrw%3D%3D
[ log ] localhost/charge/public/index.php/port/login/saveUserInfo?encryptedData=A0oZgXvrEduadq0xw1OldcTsmTATauwNjyErKfl45E9MKZ6OrAMR48MiqT0YoyPCiAwEQfOzknPwvsAIEfoLMwitveOwxhuky43bcZIZGLGILSNHoCXNxEnztOYciAHTPDBQxqkB0gGmCX4wgjtrkF%2BDr1L9cGZ3MrczQ3ZZryzEpkptK%2BVREe33G7sOpbHphyBgA%2Fbb2KCAIYfXKhPMfsMp%2BqGhlBhiD%2FFsjtQg3CKi5he3F86%2BnFhcgkQsnrqJvLT58PlItpLYA3bb2WhLzg4XjBp3hoS4HBv%2B3ReAQrzN2CZ0xntiDf1uDORDa476%2FCBKuYdi9KSgSKSxt%2BReFmIb0UK1U05xSLNfsmEArHh3%2Bee0tnRyD3Y0U1PK%2Fg%2FWvhnjDujUPNGmjA88fI%2FwqfXRHVuD2V6ZUTti6vfbOn2dUPfh39JArHOvLZdSCrOILFgAK9Befy6w0wknTBKLhpdaX0f4BPyyoGOHyl6Eo1r685jzKDEMTsSbmT%2FkD7ba&PHPSESSID=w0zDuRhGLhganJynxPSXRd1zlBu&iv=UMeUC4lLnstoJPq%2FM4yRrw%3D%3D [运行时间：0.091410s][吞吐率：10.94req/s] [内存消耗：1,566.01kb] [文件加载：45]
[ info ] [ LANG ] D:\WWW\charge\thinkphp\lang\zh-cn.php
[ info ] [ ROUTE ] array (
  'type' => 'module',
  'module' => 
  array (
    0 => 'port',
    1 => 'login',
    2 => 'saveUserInfo',
  ),
)
[ info ] [ HEADER ] array (
  'accept-encoding' => 'gzip, deflate, sdch',
  'referer' => 'https://servicewechat.com/wx0d74e7d7020142e0/devtools/page-frame.html',
  'accept' => '*/*',
  'content-type' => 'application/json',
  'user-agent' => 'Mozilla/5.0 (Windows NT 10.0; Win64; x64) AppleWebKit/537.36 (KHTML, like Gecko) Chrome/53.0.2785.143 Safari/537.36 appservice webview/100000',
  'x-requested-with' => 'XMLHttpRequest',
  'cache-control' => 'no-cache',
  'pragma' => 'no-cache',
  'connection' => 'close',
  'host' => 'localhost',
)
[ info ] [ PARAM ] array (
  'encryptedData' => 'A0oZgXvrEduadq0xw1OldcTsmTATauwNjyErKfl45E9MKZ6OrAMR48MiqT0YoyPCiAwEQfOzknPwvsAIEfoLMwitveOwxhuky43bcZIZGLGILSNHoCXNxEnztOYciAHTPDBQxqkB0gGmCX4wgjtrkF+Dr1L9cGZ3MrczQ3ZZryzEpkptK+VREe33G7sOpbHphyBgA/bb2KCAIYfXKhPMfsMp+qGhlBhiD/FsjtQg3CKi5he3F86+nFhcgkQsnrqJvLT58PlItpLYA3bb2WhLzg4XjBp3hoS4HBv+3ReAQrzN2CZ0xntiDf1uDORDa476/CBKuYdi9KSgSKSxt+ReFmIb0UK1U05xSLNfsmEArHh3+ee0tnRyD3Y0U1PK/g/WvhnjDujUPNGmjA88fI/wqfXRHVuD2V6ZUTti6vfbOn2dUPfh39JArHOvLZdSCrOILFgAK9Befy6w0wknTBKLhpdaX0f4BPyyoGOHyl6Eo1r685jzKDEMTsSbmT/kD7ba',
  'PHPSESSID' => 'w0zDuRhGLhganJynxPSXRd1zlBu',
  'iv' => 'UMeUC4lLnstoJPq/M4yRrw==',
)
[ info ] [ RUN ] app\port\controller\Login->saveUserInfo[ D:\WWW\charge\application\port\controller\Login.php ]
[ info ] [ CACHE ] INIT File
[ info ] [ DB ] INIT mysql
[ info ] [ LOG ] INIT File
[ sql ] [ DB ] CONNECT:[ UseTime:0.000946s ] mysql:dbname=bill_charge;host=127.0.0.1;port=3306;charset=utf8
[ sql ] [ SQL ] SHOW COLUMNS FROM `bill_user` [ RunTime:0.019823s ]
[ sql ] [ SQL ] UPDATE `bill_user`  SET `nickname`='伊人回眸泪倾城 ....จุ๊บ',`sex`=1,`city`='',`province`='Beijing',`country`='CN',`headimgurl`='http://wx.qlogo.cn/mmopen/vi_32/Q0j4TwGTfTK6zmnIDhZFZFHuBBTG0fkJ2fWjrXTpv7IiaM0miazveEWEib0FR8mSlRaqKgjg0GYelKOX0XDQGMCyg/0'  WHERE  `uid` = 1          [ RunTime:0.000604s ]
[ sql ] [ SQL ] SHOW COLUMNS FROM `bill_friend` [ RunTime:0.019801s ]
[ sql ] [ SQL ] SELECT * FROM `bill_friend` WHERE  `uid` = 1 LIMIT 1    [ RunTime:0.001073s ]
[ sql ] [ SQL ] UPDATE `bill_friend`  SET `start`=1,`friend_name`='伊人回眸泪倾城 ....จุ๊บ',`friend_imgurl`='http://wx.qlogo.cn/mmopen/vi_32/Q0j4TwGTfTK6zmnIDhZFZFHuBBTG0fkJ2fWjrXTpv7IiaM0miazveEWEib0FR8mSlRaqKgjg0GYelKOX0XDQGMCyg/0',`time`=1495794711  WHERE  `uid` = 1        [ RunTime:0.000737s ]

---------------------------------------------------------------
[ 2017-05-26T18:32:08+08:00 ] ::1 ::1 GET /charge/public/index.php/port/check/UserCheck?openid=onVsY0Z7hIknIoGK0kvfXMMp8wLM&limit=3&lastid=0
[ log ] localhost/charge/public/index.php/port/check/UserCheck?openid=onVsY0Z7hIknIoGK0kvfXMMp8wLM&limit=3&lastid=0 [运行时间：0.086444s][吞吐率：11.57req/s] [内存消耗：1,490.25kb] [文件加载：39]
[ info ] [ LANG ] D:\WWW\charge\thinkphp\lang\zh-cn.php
[ info ] [ ROUTE ] array (
  'type' => 'module',
  'module' => 
  array (
    0 => 'port',
    1 => 'check',
    2 => 'UserCheck',
  ),
)
[ info ] [ HEADER ] array (
  'accept-encoding' => 'gzip, deflate, sdch',
  'referer' => 'https://servicewechat.com/wx0d74e7d7020142e0/devtools/page-frame.html',
  'accept' => '*/*',
  'content-type' => 'application/json',
  'user-agent' => 'Mozilla/5.0 (Windows NT 10.0; Win64; x64) AppleWebKit/537.36 (KHTML, like Gecko) Chrome/53.0.2785.143 Safari/537.36 appservice webview/100000',
  'x-requested-with' => 'XMLHttpRequest',
  'cache-control' => 'no-cache',
  'pragma' => 'no-cache',
  'connection' => 'close',
  'host' => 'localhost',
)
[ info ] [ PARAM ] array (
  'openid' => 'onVsY0Z7hIknIoGK0kvfXMMp8wLM',
  'limit' => '3',
  'lastid' => '0',
)
[ info ] [ RUN ] app\port\controller\Check->UserCheck[ D:\WWW\charge\application\port\controller\Check.php ]
[ info ] [ DB ] INIT mysql
[ info ] [ LOG ] INIT File
[ sql ] [ DB ] CONNECT:[ UseTime:0.000992s ] mysql:dbname=bill_charge;host=127.0.0.1;port=3306;charset=utf8
[ sql ] [ SQL ] SHOW COLUMNS FROM `bill_public_follow` [ RunTime:0.023910s ]
[ sql ] [ SQL ] SELECT `f`.`uid` FROM `bill_public_follow` `f` INNER JOIN `bill_user` `u` ON `f`.`uid`=`u`.`uid` WHERE  `f`.`openid` = 'onVsY0Z7hIknIoGK0kvfXMMp8wLM' LIMIT 1   [ RunTime:0.000687s ]
[ sql ] [ SQL ] SELECT sum(`money`) as `money`,`time` FROM `bill_charge` WHERE `user_id` = '1' AND `inout_start`=1 AND `time` >= unix_timestamp('2017-05-01 00:00:00') AND `time` <= unix_timestamp('2017-05-26 18:32:08') [ RunTime:0.000646s ]
[ sql ] [ SQL ] SELECT sum(`money`) as `money`,`time` FROM `bill_charge` WHERE `user_id` = '1' AND `inout_start`=2 AND `time` >= unix_timestamp('2017-05-01 00:00:00') AND `time` <= unix_timestamp('2017-05-26 18:32:08') [ RunTime:0.000580s ]
[ sql ] [ SQL ] select time,a_id from bill_charge where a_id > 0 group by time order by a_id desc LIMIT 3 [ RunTime:0.000746s ]
[ sql ] [ SQL ] select time,inout_start,sum(money) as money from bill_charge where inout_start=1 and time=1495123200 group by time [ RunTime:0.000503s ]
[ sql ] [ SQL ] select time,inout_start,sum(money) as money from bill_charge where inout_start=2 and time=1495123200 group by time [ RunTime:0.000293s ]
[ sql ] [ SQL ] SHOW COLUMNS FROM `bill_charge` [ RunTime:0.021122s ]
[ sql ] [ SQL ] SELECT * FROM `bill_charge` `c` INNER JOIN `bill_inout_class` `i` ON `c`.`inout_class`=`i`.`c_id` WHERE  `c`.`time` = 1495123200  [ RunTime:0.000760s ]
[ sql ] [ SQL ] select time,inout_start,sum(money) as money from bill_charge where inout_start=1 and time=1494777600 group by time [ RunTime:0.000419s ]
[ sql ] [ SQL ] select time,inout_start,sum(money) as money from bill_charge where inout_start=2 and time=1494777600 group by time [ RunTime:0.000304s ]
[ sql ] [ SQL ] SELECT * FROM `bill_charge` `c` INNER JOIN `bill_inout_class` `i` ON `c`.`inout_class`=`i`.`c_id` WHERE  `c`.`time` = 1494777600  [ RunTime:0.000375s ]
[ sql ] [ SQL ] select time,inout_start,sum(money) as money from bill_charge where inout_start=1 and time=1490976000 group by time [ RunTime:0.000264s ]
[ sql ] [ SQL ] select time,inout_start,sum(money) as money from bill_charge where inout_start=2 and time=1490976000 group by time [ RunTime:0.000387s ]
[ sql ] [ SQL ] SELECT * FROM `bill_charge` `c` INNER JOIN `bill_inout_class` `i` ON `c`.`inout_class`=`i`.`c_id` WHERE  `c`.`time` = 1490976000  [ RunTime:0.000456s ]

---------------------------------------------------------------
[ 2017-05-26T18:32:08+08:00 ] ::1 ::1 GET /charge/public/index.php/port/login/sendCode?code=041ZpnS11wYABM18G4T11ubCS11ZpnSZ&PHPSESSID=w0zDuRhGLhganJynxPSXRd1zlBu
[ log ] localhost/charge/public/index.php/port/login/sendCode?code=041ZpnS11wYABM18G4T11ubCS11ZpnSZ&PHPSESSID=w0zDuRhGLhganJynxPSXRd1zlBu [运行时间：0.302295s][吞吐率：3.31req/s] [内存消耗：1,541.60kb] [文件加载：42]
[ info ] [ LANG ] D:\WWW\charge\thinkphp\lang\zh-cn.php
[ info ] [ ROUTE ] array (
  'type' => 'module',
  'module' => 
  array (
    0 => 'port',
    1 => 'login',
    2 => 'sendCode',
  ),
)
[ info ] [ HEADER ] array (
  'accept-encoding' => 'gzip, deflate, sdch',
  'referer' => 'https://servicewechat.com/wx0d74e7d7020142e0/devtools/page-frame.html',
  'accept' => '*/*',
  'content-type' => 'application/json',
  'user-agent' => 'Mozilla/5.0 (Windows NT 10.0; Win64; x64) AppleWebKit/537.36 (KHTML, like Gecko) Chrome/53.0.2785.143 Safari/537.36 appservice webview/100000',
  'x-requested-with' => 'XMLHttpRequest',
  'cache-control' => 'no-cache',
  'pragma' => 'no-cache',
  'connection' => 'close',
  'host' => 'localhost',
)
[ info ] [ PARAM ] array (
  'code' => '041ZpnS11wYABM18G4T11ubCS11ZpnSZ',
  'PHPSESSID' => 'w0zDuRhGLhganJynxPSXRd1zlBu',
)
[ info ] [ RUN ] app\port\controller\Login->sendCode[ D:\WWW\charge\application\port\controller\Login.php ]
[ info ] [ CACHE ] INIT File
[ info ] [ DB ] INIT mysql
[ info ] [ LOG ] INIT File
[ sql ] [ DB ] CONNECT:[ UseTime:0.001299s ] mysql:dbname=bill_charge;host=127.0.0.1;port=3306;charset=utf8
[ sql ] [ SQL ] SHOW COLUMNS FROM `bill_public_follow` [ RunTime:0.065732s ]
[ sql ] [ SQL ] SELECT * FROM `bill_public_follow` WHERE  `openid` = 'onVsY0Z7hIknIoGK0kvfXMMp8wLM' LIMIT 1    [ RunTime:0.000560s ]

---------------------------------------------------------------
[ 2017-05-26T18:32:09+08:00 ] ::1 ::1 GET /charge/public/index.php/port/login/saveUserInfo?encryptedData=MUHHZwpKK8C1FXsuEm36WL7ROfgf1WBlK355oYYCuyd8l2oVN8815P5VkRbQvFfumg9PKiWG9wityrFnTHcWEgxNmvUt%2FlYzrKlldF3Wn%2FYZe6YgXz52F4h3BbhQZDzoDFz7ISInKj3pi6KiGmmj15VYhXpMPEdP5I1tbIxBEwMf9r1O05Eu1dq9O3G7325Zmv6mUXkw1J9jMGHWAvo83VFub79BwYID8JIqrf2vowcptI3BbxsKIAPamG1lbI8AieVi9pJ7nOX6vAsTq85Erb9P2TC5TXSixtOjV7JIHzbCAE2W2traVx7Kxl0IetsQcskFDRssoPIXVWkL9eMARj7NqxWG%2FQTwgqyZMrFGq%2FKopZkmjgzrPUopvZxS1pguUt%2FEd%2BiTRdQaFfjbARty6jL4SC8zWSGH0PN7T%2FvHnHb0Sv6ujRW%2FEtcMANcLEfgdvcVNpfhN4qONeHuXVjto8RAkMV6lbx32%2BOGuLihiKEuWm6xqwyrq%2F9%2B0Tq9Kwvmr&PHPSESSID=1ZwDt5jpqlGIPYgnxeSkhg6sBdF&iv=Hu9fK%2BBNPzWqneHlCToZcQ%3D%3D
[ log ] localhost/charge/public/index.php/port/login/saveUserInfo?encryptedData=MUHHZwpKK8C1FXsuEm36WL7ROfgf1WBlK355oYYCuyd8l2oVN8815P5VkRbQvFfumg9PKiWG9wityrFnTHcWEgxNmvUt%2FlYzrKlldF3Wn%2FYZe6YgXz52F4h3BbhQZDzoDFz7ISInKj3pi6KiGmmj15VYhXpMPEdP5I1tbIxBEwMf9r1O05Eu1dq9O3G7325Zmv6mUXkw1J9jMGHWAvo83VFub79BwYID8JIqrf2vowcptI3BbxsKIAPamG1lbI8AieVi9pJ7nOX6vAsTq85Erb9P2TC5TXSixtOjV7JIHzbCAE2W2traVx7Kxl0IetsQcskFDRssoPIXVWkL9eMARj7NqxWG%2FQTwgqyZMrFGq%2FKopZkmjgzrPUopvZxS1pguUt%2FEd%2BiTRdQaFfjbARty6jL4SC8zWSGH0PN7T%2FvHnHb0Sv6ujRW%2FEtcMANcLEfgdvcVNpfhN4qONeHuXVjto8RAkMV6lbx32%2BOGuLihiKEuWm6xqwyrq%2F9%2B0Tq9Kwvmr&PHPSESSID=1ZwDt5jpqlGIPYgnxeSkhg6sBdF&iv=Hu9fK%2BBNPzWqneHlCToZcQ%3D%3D [运行时间：0.117605s][吞吐率：8.50req/s] [内存消耗：1,565.77kb] [文件加载：45]
[ info ] [ LANG ] D:\WWW\charge\thinkphp\lang\zh-cn.php
[ info ] [ ROUTE ] array (
  'type' => 'module',
  'module' => 
  array (
    0 => 'port',
    1 => 'login',
    2 => 'saveUserInfo',
  ),
)
[ info ] [ HEADER ] array (
  'accept-encoding' => 'gzip, deflate, sdch',
  'referer' => 'https://servicewechat.com/wx0d74e7d7020142e0/devtools/page-frame.html',
  'accept' => '*/*',
  'content-type' => 'application/json',
  'user-agent' => 'Mozilla/5.0 (Windows NT 10.0; Win64; x64) AppleWebKit/537.36 (KHTML, like Gecko) Chrome/53.0.2785.143 Safari/537.36 appservice webview/100000',
  'x-requested-with' => 'XMLHttpRequest',
  'cache-control' => 'no-cache',
  'pragma' => 'no-cache',
  'connection' => 'close',
  'host' => 'localhost',
)
[ info ] [ PARAM ] array (
  'encryptedData' => 'MUHHZwpKK8C1FXsuEm36WL7ROfgf1WBlK355oYYCuyd8l2oVN8815P5VkRbQvFfumg9PKiWG9wityrFnTHcWEgxNmvUt/lYzrKlldF3Wn/YZe6YgXz52F4h3BbhQZDzoDFz7ISInKj3pi6KiGmmj15VYhXpMPEdP5I1tbIxBEwMf9r1O05Eu1dq9O3G7325Zmv6mUXkw1J9jMGHWAvo83VFub79BwYID8JIqrf2vowcptI3BbxsKIAPamG1lbI8AieVi9pJ7nOX6vAsTq85Erb9P2TC5TXSixtOjV7JIHzbCAE2W2traVx7Kxl0IetsQcskFDRssoPIXVWkL9eMARj7NqxWG/QTwgqyZMrFGq/KopZkmjgzrPUopvZxS1pguUt/Ed+iTRdQaFfjbARty6jL4SC8zWSGH0PN7T/vHnHb0Sv6ujRW/EtcMANcLEfgdvcVNpfhN4qONeHuXVjto8RAkMV6lbx32+OGuLihiKEuWm6xqwyrq/9+0Tq9Kwvmr',
  'PHPSESSID' => '1ZwDt5jpqlGIPYgnxeSkhg6sBdF',
  'iv' => 'Hu9fK+BNPzWqneHlCToZcQ==',
)
[ info ] [ RUN ] app\port\controller\Login->saveUserInfo[ D:\WWW\charge\application\port\controller\Login.php ]
[ info ] [ CACHE ] INIT File
[ info ] [ DB ] INIT mysql
[ info ] [ LOG ] INIT File
[ sql ] [ DB ] CONNECT:[ UseTime:0.012217s ] mysql:dbname=bill_charge;host=127.0.0.1;port=3306;charset=utf8
[ sql ] [ SQL ] SHOW COLUMNS FROM `bill_user` [ RunTime:0.042456s ]
[ sql ] [ SQL ] UPDATE `bill_user`  SET `nickname`='伊人回眸泪倾城 ....จุ๊บ',`sex`=1,`city`='',`province`='Beijing',`country`='CN',`headimgurl`='http://wx.qlogo.cn/mmopen/vi_32/Q0j4TwGTfTK6zmnIDhZFZFHuBBTG0fkJ2fWjrXTpv7IiaM0miazveEWEib0FR8mSlRaqKgjg0GYelKOX0XDQGMCyg/0'  WHERE  `uid` = 1          [ RunTime:0.000703s ]
[ sql ] [ SQL ] SHOW COLUMNS FROM `bill_friend` [ RunTime:0.017684s ]
[ sql ] [ SQL ] SELECT * FROM `bill_friend` WHERE  `uid` = 1 LIMIT 1    [ RunTime:0.000691s ]
[ sql ] [ SQL ] UPDATE `bill_friend`  SET `start`=1,`friend_name`='伊人回眸泪倾城 ....จุ๊บ',`friend_imgurl`='http://wx.qlogo.cn/mmopen/vi_32/Q0j4TwGTfTK6zmnIDhZFZFHuBBTG0fkJ2fWjrXTpv7IiaM0miazveEWEib0FR8mSlRaqKgjg0GYelKOX0XDQGMCyg/0',`time`=1495794729  WHERE  `uid` = 1        [ RunTime:0.000567s ]

---------------------------------------------------------------
[ 2017-05-26T18:32:13+08:00 ] ::1 ::1 GET /charge/public/index.php/port/check/GetTime
[ log ] localhost/charge/public/index.php/port/check/GetTime [运行时间：0.019892s][吞吐率：50.27req/s] [内存消耗：970.39kb] [文件加载：32]
[ info ] [ LANG ] D:\WWW\charge\thinkphp\lang\zh-cn.php
[ info ] [ ROUTE ] array (
  'type' => 'module',
  'module' => 
  array (
    0 => 'port',
    1 => 'check',
    2 => 'GetTime',
  ),
)
[ info ] [ HEADER ] array (
  'accept-encoding' => 'gzip, deflate, sdch',
  'referer' => 'https://servicewechat.com/wx0d74e7d7020142e0/devtools/page-frame.html',
  'accept' => '*/*',
  'content-type' => 'application/json',
  'user-agent' => 'Mozilla/5.0 (Windows NT 10.0; Win64; x64) AppleWebKit/537.36 (KHTML, like Gecko) Chrome/53.0.2785.143 Safari/537.36 appservice webview/100000',
  'x-requested-with' => 'XMLHttpRequest',
  'cache-control' => 'no-cache',
  'pragma' => 'no-cache',
  'connection' => 'close',
  'host' => 'localhost',
)
[ info ] [ PARAM ] array (
)
[ info ] [ RUN ] app\port\controller\Check->GetTime[ D:\WWW\charge\application\port\controller\Check.php ]
[ info ] [ LOG ] INIT File

---------------------------------------------------------------
[ 2017-05-26T18:32:13+08:00 ] ::1 ::1 GET /charge/public/index.php/port/check/inoutClass
[ log ] localhost/charge/public/index.php/port/check/inoutClass [运行时间：0.075944s][吞吐率：13.17req/s] [内存消耗：1,480.57kb] [文件加载：39]
[ info ] [ LANG ] D:\WWW\charge\thinkphp\lang\zh-cn.php
[ info ] [ ROUTE ] array (
  'type' => 'module',
  'module' => 
  array (
    0 => 'port',
    1 => 'check',
    2 => 'inoutClass',
  ),
)
[ info ] [ HEADER ] array (
  'accept-encoding' => 'gzip, deflate, sdch',
  'referer' => 'https://servicewechat.com/wx0d74e7d7020142e0/devtools/page-frame.html',
  'accept' => '*/*',
  'content-type' => 'application/json',
  'user-agent' => 'Mozilla/5.0 (Windows NT 10.0; Win64; x64) AppleWebKit/537.36 (KHTML, like Gecko) Chrome/53.0.2785.143 Safari/537.36 appservice webview/100000',
  'x-requested-with' => 'XMLHttpRequest',
  'cache-control' => 'no-cache',
  'pragma' => 'no-cache',
  'connection' => 'close',
  'host' => 'localhost',
)
[ info ] [ PARAM ] array (
)
[ info ] [ RUN ] app\port\controller\Check->inoutClass[ D:\WWW\charge\application\port\controller\Check.php ]
[ info ] [ DB ] INIT mysql
[ info ] [ LOG ] INIT File
[ sql ] [ DB ] CONNECT:[ UseTime:0.001776s ] mysql:dbname=bill_charge;host=127.0.0.1;port=3306;charset=utf8
[ sql ] [ SQL ] SHOW COLUMNS FROM `bill_inout_class` [ RunTime:0.045243s ]
[ sql ] [ SQL ] SELECT * FROM `bill_inout_class` WHERE  `start` = 1   [ RunTime:0.000582s ]
[ sql ] [ SQL ] SELECT * FROM `bill_inout_class` WHERE  `start` = 2   [ RunTime:0.000458s ]

---------------------------------------------------------------
[ 2017-05-26T18:32:35+08:00 ] ::1 ::1 GET /charge/public/index.php/port/check/UserCheck?openid=onVsY0Z7hIknIoGK0kvfXMMp8wLM&limit=3&lastid=0
[ log ] localhost/charge/public/index.php/port/check/UserCheck?openid=onVsY0Z7hIknIoGK0kvfXMMp8wLM&limit=3&lastid=0 [运行时间：0.109957s][吞吐率：9.09req/s] [内存消耗：1,490.25kb] [文件加载：39]
[ info ] [ LANG ] D:\WWW\charge\thinkphp\lang\zh-cn.php
[ info ] [ ROUTE ] array (
  'type' => 'module',
  'module' => 
  array (
    0 => 'port',
    1 => 'check',
    2 => 'UserCheck',
  ),
)
[ info ] [ HEADER ] array (
  'accept-encoding' => 'gzip, deflate, sdch',
  'referer' => 'https://servicewechat.com/wx0d74e7d7020142e0/devtools/page-frame.html',
  'accept' => '*/*',
  'content-type' => 'application/json',
  'user-agent' => 'Mozilla/5.0 (Windows NT 10.0; Win64; x64) AppleWebKit/537.36 (KHTML, like Gecko) Chrome/53.0.2785.143 Safari/537.36 appservice webview/100000',
  'x-requested-with' => 'XMLHttpRequest',
  'cache-control' => 'no-cache',
  'pragma' => 'no-cache',
  'connection' => 'close',
  'host' => 'localhost',
)
[ info ] [ PARAM ] array (
  'openid' => 'onVsY0Z7hIknIoGK0kvfXMMp8wLM',
  'limit' => '3',
  'lastid' => '0',
)
[ info ] [ RUN ] app\port\controller\Check->UserCheck[ D:\WWW\charge\application\port\controller\Check.php ]
[ info ] [ DB ] INIT mysql
[ info ] [ LOG ] INIT File
[ sql ] [ DB ] CONNECT:[ UseTime:0.001059s ] mysql:dbname=bill_charge;host=127.0.0.1;port=3306;charset=utf8
[ sql ] [ SQL ] SHOW COLUMNS FROM `bill_public_follow` [ RunTime:0.041903s ]
[ sql ] [ SQL ] SELECT `f`.`uid` FROM `bill_public_follow` `f` INNER JOIN `bill_user` `u` ON `f`.`uid`=`u`.`uid` WHERE  `f`.`openid` = 'onVsY0Z7hIknIoGK0kvfXMMp8wLM' LIMIT 1   [ RunTime:0.000573s ]
[ sql ] [ SQL ] SELECT sum(`money`) as `money`,`time` FROM `bill_charge` WHERE `user_id` = '1' AND `inout_start`=1 AND `time` >= unix_timestamp('2017-05-01 00:00:00') AND `time` <= unix_timestamp('2017-05-26 18:32:35') [ RunTime:0.000620s ]
[ sql ] [ SQL ] SELECT sum(`money`) as `money`,`time` FROM `bill_charge` WHERE `user_id` = '1' AND `inout_start`=2 AND `time` >= unix_timestamp('2017-05-01 00:00:00') AND `time` <= unix_timestamp('2017-05-26 18:32:35') [ RunTime:0.001656s ]
[ sql ] [ SQL ] select time,a_id from bill_charge where a_id > 0 group by time order by a_id desc LIMIT 3 [ RunTime:0.001101s ]
[ sql ] [ SQL ] select time,inout_start,sum(money) as money from bill_charge where inout_start=1 and time=1495123200 group by time [ RunTime:0.000545s ]
[ sql ] [ SQL ] select time,inout_start,sum(money) as money from bill_charge where inout_start=2 and time=1495123200 group by time [ RunTime:0.000579s ]
[ sql ] [ SQL ] SHOW COLUMNS FROM `bill_charge` [ RunTime:0.017347s ]
[ sql ] [ SQL ] SELECT * FROM `bill_charge` `c` INNER JOIN `bill_inout_class` `i` ON `c`.`inout_class`=`i`.`c_id` WHERE  `c`.`time` = 1495123200  [ RunTime:0.000547s ]
[ sql ] [ SQL ] select time,inout_start,sum(money) as money from bill_charge where inout_start=1 and time=1494777600 group by time [ RunTime:0.000293s ]
[ sql ] [ SQL ] select time,inout_start,sum(money) as money from bill_charge where inout_start=2 and time=1494777600 group by time [ RunTime:0.000259s ]
[ sql ] [ SQL ] SELECT * FROM `bill_charge` `c` INNER JOIN `bill_inout_class` `i` ON `c`.`inout_class`=`i`.`c_id` WHERE  `c`.`time` = 1494777600  [ RunTime:0.000354s ]
[ sql ] [ SQL ] select time,inout_start,sum(money) as money from bill_charge where inout_start=1 and time=1490976000 group by time [ RunTime:0.000301s ]
[ sql ] [ SQL ] select time,inout_start,sum(money) as money from bill_charge where inout_start=2 and time=1490976000 group by time [ RunTime:0.000418s ]
[ sql ] [ SQL ] SELECT * FROM `bill_charge` `c` INNER JOIN `bill_inout_class` `i` ON `c`.`inout_class`=`i`.`c_id` WHERE  `c`.`time` = 1490976000  [ RunTime:0.000563s ]

---------------------------------------------------------------
[ 2017-05-26T18:32:35+08:00 ] ::1 ::1 GET /charge/public/index.php/port/login/sendCode?code=0718yLTz1kVG6h0wkKSz1NqvTz18yLTI&PHPSESSID=1ZwDt5jpqlGIPYgnxeSkhg6sBdF
[ log ] localhost/charge/public/index.php/port/login/sendCode?code=0718yLTz1kVG6h0wkKSz1NqvTz18yLTI&PHPSESSID=1ZwDt5jpqlGIPYgnxeSkhg6sBdF [运行时间：0.271269s][吞吐率：3.69req/s] [内存消耗：1,541.60kb] [文件加载：42]
[ info ] [ LANG ] D:\WWW\charge\thinkphp\lang\zh-cn.php
[ info ] [ ROUTE ] array (
  'type' => 'module',
  'module' => 
  array (
    0 => 'port',
    1 => 'login',
    2 => 'sendCode',
  ),
)
[ info ] [ HEADER ] array (
  'accept-encoding' => 'gzip, deflate, sdch',
  'referer' => 'https://servicewechat.com/wx0d74e7d7020142e0/devtools/page-frame.html',
  'accept' => '*/*',
  'content-type' => 'application/json',
  'user-agent' => 'Mozilla/5.0 (Windows NT 10.0; Win64; x64) AppleWebKit/537.36 (KHTML, like Gecko) Chrome/53.0.2785.143 Safari/537.36 appservice webview/100000',
  'x-requested-with' => 'XMLHttpRequest',
  'cache-control' => 'no-cache',
  'pragma' => 'no-cache',
  'connection' => 'close',
  'host' => 'localhost',
)
[ info ] [ PARAM ] array (
  'code' => '0718yLTz1kVG6h0wkKSz1NqvTz18yLTI',
  'PHPSESSID' => '1ZwDt5jpqlGIPYgnxeSkhg6sBdF',
)
[ info ] [ RUN ] app\port\controller\Login->sendCode[ D:\WWW\charge\application\port\controller\Login.php ]
[ info ] [ CACHE ] INIT File
[ info ] [ DB ] INIT mysql
[ info ] [ LOG ] INIT File
[ sql ] [ DB ] CONNECT:[ UseTime:0.001162s ] mysql:dbname=bill_charge;host=127.0.0.1;port=3306;charset=utf8
[ sql ] [ SQL ] SHOW COLUMNS FROM `bill_public_follow` [ RunTime:0.016817s ]
[ sql ] [ SQL ] SELECT * FROM `bill_public_follow` WHERE  `openid` = 'onVsY0Z7hIknIoGK0kvfXMMp8wLM' LIMIT 1    [ RunTime:0.000550s ]

---------------------------------------------------------------
[ 2017-05-26T18:32:36+08:00 ] ::1 ::1 GET /charge/public/index.php/port/login/saveUserInfo?encryptedData=opPnBHUIO5FJMJyIc7%2Bl1Cp0zEzPUVU96JZAuEC2kyEPNO5tD%2FTqOzRZE8Eon%2BJA8QCML1xUCLpfr5ONOKr7S5rA80LeaPMIRxu40l2a5my9w2KudAiwbndD2R4qyqi8VvMplGn0sUocfEHnFM04tu%2B%2FMRoyuqsvGLx4Pn5gTQBoqMjdw%2FGN%2FpyA5LmBRR6WhIKGMrxS1IPhzsCGPJssUCdsGaexlW96x8XWNMuRaGlblPXOGrwZVqALRMVK41x6vfrEx3yldadkoNuGkTVe9%2FzjZdzxcZF4cqFoqQ137hVjk%2FRhQpzhsJ9AbhkS7hCYiGPMf4T6VqLgvY%2BdQAirbA%2FP%2BjG7RVgaVOoLkqSSdTS59s%2Fx%2F5DnwGw7YXBe1StHl%2BdbXdRSzbG972JNi1oOG3m9IatKqmtSOTC0nVDSMDfDQstwuvOObYBiRwD%2F46ZDOJ7fJIYl3y6lJCIoSWdEseSOPK9%2BYjfwa7TPYDxwVHsTTknMylUxmKoHManBmMcM&PHPSESSID=EGkXmzdXvI5wMHYzlGpR30LW6T3&iv=4VpHEX7iVoXgy3gunKV5Eg%3D%3D
[ log ] localhost/charge/public/index.php/port/login/saveUserInfo?encryptedData=opPnBHUIO5FJMJyIc7%2Bl1Cp0zEzPUVU96JZAuEC2kyEPNO5tD%2FTqOzRZE8Eon%2BJA8QCML1xUCLpfr5ONOKr7S5rA80LeaPMIRxu40l2a5my9w2KudAiwbndD2R4qyqi8VvMplGn0sUocfEHnFM04tu%2B%2FMRoyuqsvGLx4Pn5gTQBoqMjdw%2FGN%2FpyA5LmBRR6WhIKGMrxS1IPhzsCGPJssUCdsGaexlW96x8XWNMuRaGlblPXOGrwZVqALRMVK41x6vfrEx3yldadkoNuGkTVe9%2FzjZdzxcZF4cqFoqQ137hVjk%2FRhQpzhsJ9AbhkS7hCYiGPMf4T6VqLgvY%2BdQAirbA%2FP%2BjG7RVgaVOoLkqSSdTS59s%2Fx%2F5DnwGw7YXBe1StHl%2BdbXdRSzbG972JNi1oOG3m9IatKqmtSOTC0nVDSMDfDQstwuvOObYBiRwD%2F46ZDOJ7fJIYl3y6lJCIoSWdEseSOPK9%2BYjfwa7TPYDxwVHsTTknMylUxmKoHManBmMcM&PHPSESSID=EGkXmzdXvI5wMHYzlGpR30LW6T3&iv=4VpHEX7iVoXgy3gunKV5Eg%3D%3D [运行时间：0.114858s][吞吐率：8.71req/s] [内存消耗：1,566.02kb] [文件加载：45]
[ info ] [ LANG ] D:\WWW\charge\thinkphp\lang\zh-cn.php
[ info ] [ ROUTE ] array (
  'type' => 'module',
  'module' => 
  array (
    0 => 'port',
    1 => 'login',
    2 => 'saveUserInfo',
  ),
)
[ info ] [ HEADER ] array (
  'accept-encoding' => 'gzip, deflate, sdch',
  'referer' => 'https://servicewechat.com/wx0d74e7d7020142e0/devtools/page-frame.html',
  'accept' => '*/*',
  'content-type' => 'application/json',
  'user-agent' => 'Mozilla/5.0 (Windows NT 10.0; Win64; x64) AppleWebKit/537.36 (KHTML, like Gecko) Chrome/53.0.2785.143 Safari/537.36 appservice webview/100000',
  'x-requested-with' => 'XMLHttpRequest',
  'cache-control' => 'no-cache',
  'pragma' => 'no-cache',
  'connection' => 'close',
  'host' => 'localhost',
)
[ info ] [ PARAM ] array (
  'encryptedData' => 'opPnBHUIO5FJMJyIc7+l1Cp0zEzPUVU96JZAuEC2kyEPNO5tD/TqOzRZE8Eon+JA8QCML1xUCLpfr5ONOKr7S5rA80LeaPMIRxu40l2a5my9w2KudAiwbndD2R4qyqi8VvMplGn0sUocfEHnFM04tu+/MRoyuqsvGLx4Pn5gTQBoqMjdw/GN/pyA5LmBRR6WhIKGMrxS1IPhzsCGPJssUCdsGaexlW96x8XWNMuRaGlblPXOGrwZVqALRMVK41x6vfrEx3yldadkoNuGkTVe9/zjZdzxcZF4cqFoqQ137hVjk/RhQpzhsJ9AbhkS7hCYiGPMf4T6VqLgvY+dQAirbA/P+jG7RVgaVOoLkqSSdTS59s/x/5DnwGw7YXBe1StHl+dbXdRSzbG972JNi1oOG3m9IatKqmtSOTC0nVDSMDfDQstwuvOObYBiRwD/46ZDOJ7fJIYl3y6lJCIoSWdEseSOPK9+Yjfwa7TPYDxwVHsTTknMylUxmKoHManBmMcM',
  'PHPSESSID' => 'EGkXmzdXvI5wMHYzlGpR30LW6T3',
  'iv' => '4VpHEX7iVoXgy3gunKV5Eg==',
)
[ info ] [ RUN ] app\port\controller\Login->saveUserInfo[ D:\WWW\charge\application\port\controller\Login.php ]
[ info ] [ CACHE ] INIT File
[ info ] [ DB ] INIT mysql
[ info ] [ LOG ] INIT File
[ sql ] [ DB ] CONNECT:[ UseTime:0.001394s ] mysql:dbname=bill_charge;host=127.0.0.1;port=3306;charset=utf8
[ sql ] [ SQL ] SHOW COLUMNS FROM `bill_user` [ RunTime:0.034733s ]
[ sql ] [ SQL ] UPDATE `bill_user`  SET `nickname`='伊人回眸泪倾城 ....จุ๊บ',`sex`=1,`city`='',`province`='Beijing',`country`='CN',`headimgurl`='http://wx.qlogo.cn/mmopen/vi_32/Q0j4TwGTfTK6zmnIDhZFZFHuBBTG0fkJ2fWjrXTpv7IiaM0miazveEWEib0FR8mSlRaqKgjg0GYelKOX0XDQGMCyg/0'  WHERE  `uid` = 1          [ RunTime:0.000616s ]
[ sql ] [ SQL ] SHOW COLUMNS FROM `bill_friend` [ RunTime:0.025104s ]
[ sql ] [ SQL ] SELECT * FROM `bill_friend` WHERE  `uid` = 1 LIMIT 1    [ RunTime:0.000700s ]
[ sql ] [ SQL ] UPDATE `bill_friend`  SET `start`=1,`friend_name`='伊人回眸泪倾城 ....จุ๊บ',`friend_imgurl`='http://wx.qlogo.cn/mmopen/vi_32/Q0j4TwGTfTK6zmnIDhZFZFHuBBTG0fkJ2fWjrXTpv7IiaM0miazveEWEib0FR8mSlRaqKgjg0GYelKOX0XDQGMCyg/0',`time`=1495794756  WHERE  `uid` = 1        [ RunTime:0.000662s ]

---------------------------------------------------------------
[ 2017-05-26T18:33:51+08:00 ] ::1 ::1 GET /charge/public/index.php/port/check/UserCheck?openid=onVsY0Z7hIknIoGK0kvfXMMp8wLM&limit=3&lastid=0
[ log ] localhost/charge/public/index.php/port/check/UserCheck?openid=onVsY0Z7hIknIoGK0kvfXMMp8wLM&limit=3&lastid=0 [运行时间：0.100553s][吞吐率：9.95req/s] [内存消耗：1,490.25kb] [文件加载：39]
[ info ] [ LANG ] D:\WWW\charge\thinkphp\lang\zh-cn.php
[ info ] [ ROUTE ] array (
  'type' => 'module',
  'module' => 
  array (
    0 => 'port',
    1 => 'check',
    2 => 'UserCheck',
  ),
)
[ info ] [ HEADER ] array (
  'accept-encoding' => 'gzip, deflate, sdch',
  'referer' => 'https://servicewechat.com/wx0d74e7d7020142e0/devtools/page-frame.html',
  'accept' => '*/*',
  'content-type' => 'application/json',
  'user-agent' => 'Mozilla/5.0 (Windows NT 10.0; Win64; x64) AppleWebKit/537.36 (KHTML, like Gecko) Chrome/53.0.2785.143 Safari/537.36 appservice webview/100000',
  'x-requested-with' => 'XMLHttpRequest',
  'cache-control' => 'no-cache',
  'pragma' => 'no-cache',
  'connection' => 'close',
  'host' => 'localhost',
)
[ info ] [ PARAM ] array (
  'openid' => 'onVsY0Z7hIknIoGK0kvfXMMp8wLM',
  'limit' => '3',
  'lastid' => '0',
)
[ info ] [ RUN ] app\port\controller\Check->UserCheck[ D:\WWW\charge\application\port\controller\Check.php ]
[ info ] [ DB ] INIT mysql
[ info ] [ LOG ] INIT File
[ sql ] [ DB ] CONNECT:[ UseTime:0.001190s ] mysql:dbname=bill_charge;host=127.0.0.1;port=3306;charset=utf8
[ sql ] [ SQL ] SHOW COLUMNS FROM `bill_public_follow` [ RunTime:0.023412s ]
[ sql ] [ SQL ] SELECT `f`.`uid` FROM `bill_public_follow` `f` INNER JOIN `bill_user` `u` ON `f`.`uid`=`u`.`uid` WHERE  `f`.`openid` = 'onVsY0Z7hIknIoGK0kvfXMMp8wLM' LIMIT 1   [ RunTime:0.000762s ]
[ sql ] [ SQL ] SELECT sum(`money`) as `money`,`time` FROM `bill_charge` WHERE `user_id` = '1' AND `inout_start`=1 AND `time` >= unix_timestamp('2017-05-01 00:00:00') AND `time` <= unix_timestamp('2017-05-26 18:33:51') [ RunTime:0.000542s ]
[ sql ] [ SQL ] SELECT sum(`money`) as `money`,`time` FROM `bill_charge` WHERE `user_id` = '1' AND `inout_start`=2 AND `time` >= unix_timestamp('2017-05-01 00:00:00') AND `time` <= unix_timestamp('2017-05-26 18:33:51') [ RunTime:0.000477s ]
[ sql ] [ SQL ] select time,a_id from bill_charge where a_id > 0 group by time order by a_id desc LIMIT 3 [ RunTime:0.000774s ]
[ sql ] [ SQL ] select time,inout_start,sum(money) as money from bill_charge where inout_start=1 and time=1495123200 group by time [ RunTime:0.000579s ]
[ sql ] [ SQL ] select time,inout_start,sum(money) as money from bill_charge where inout_start=2 and time=1495123200 group by time [ RunTime:0.000532s ]
[ sql ] [ SQL ] SHOW COLUMNS FROM `bill_charge` [ RunTime:0.029354s ]
[ sql ] [ SQL ] SELECT * FROM `bill_charge` `c` INNER JOIN `bill_inout_class` `i` ON `c`.`inout_class`=`i`.`c_id` WHERE  `c`.`time` = 1495123200  [ RunTime:0.000573s ]
[ sql ] [ SQL ] select time,inout_start,sum(money) as money from bill_charge where inout_start=1 and time=1494777600 group by time [ RunTime:0.000303s ]
[ sql ] [ SQL ] select time,inout_start,sum(money) as money from bill_charge where inout_start=2 and time=1494777600 group by time [ RunTime:0.000302s ]
[ sql ] [ SQL ] SELECT * FROM `bill_charge` `c` INNER JOIN `bill_inout_class` `i` ON `c`.`inout_class`=`i`.`c_id` WHERE  `c`.`time` = 1494777600  [ RunTime:0.001268s ]
[ sql ] [ SQL ] select time,inout_start,sum(money) as money from bill_charge where inout_start=1 and time=1490976000 group by time [ RunTime:0.000627s ]
[ sql ] [ SQL ] select time,inout_start,sum(money) as money from bill_charge where inout_start=2 and time=1490976000 group by time [ RunTime:0.000492s ]
[ sql ] [ SQL ] SELECT * FROM `bill_charge` `c` INNER JOIN `bill_inout_class` `i` ON `c`.`inout_class`=`i`.`c_id` WHERE  `c`.`time` = 1490976000  [ RunTime:0.001989s ]

---------------------------------------------------------------
[ 2017-05-26T18:33:51+08:00 ] ::1 ::1 GET /charge/public/index.php/port/login/sendCode?code=081EDZNg2K3AcG0qMgQg2n5RNg2EDZNk&PHPSESSID=EGkXmzdXvI5wMHYzlGpR30LW6T3
[ log ] localhost/charge/public/index.php/port/login/sendCode?code=081EDZNg2K3AcG0qMgQg2n5RNg2EDZNk&PHPSESSID=EGkXmzdXvI5wMHYzlGpR30LW6T3 [运行时间：0.240827s][吞吐率：4.15req/s] [内存消耗：1,541.60kb] [文件加载：42]
[ info ] [ LANG ] D:\WWW\charge\thinkphp\lang\zh-cn.php
[ info ] [ ROUTE ] array (
  'type' => 'module',
  'module' => 
  array (
    0 => 'port',
    1 => 'login',
    2 => 'sendCode',
  ),
)
[ info ] [ HEADER ] array (
  'accept-encoding' => 'gzip, deflate, sdch',
  'referer' => 'https://servicewechat.com/wx0d74e7d7020142e0/devtools/page-frame.html',
  'accept' => '*/*',
  'content-type' => 'application/json',
  'user-agent' => 'Mozilla/5.0 (Windows NT 10.0; Win64; x64) AppleWebKit/537.36 (KHTML, like Gecko) Chrome/53.0.2785.143 Safari/537.36 appservice webview/100000',
  'x-requested-with' => 'XMLHttpRequest',
  'cache-control' => 'no-cache',
  'pragma' => 'no-cache',
  'connection' => 'close',
  'host' => 'localhost',
)
[ info ] [ PARAM ] array (
  'code' => '081EDZNg2K3AcG0qMgQg2n5RNg2EDZNk',
  'PHPSESSID' => 'EGkXmzdXvI5wMHYzlGpR30LW6T3',
)
[ info ] [ RUN ] app\port\controller\Login->sendCode[ D:\WWW\charge\application\port\controller\Login.php ]
[ info ] [ CACHE ] INIT File
[ info ] [ DB ] INIT mysql
[ info ] [ LOG ] INIT File
[ sql ] [ DB ] CONNECT:[ UseTime:0.000865s ] mysql:dbname=bill_charge;host=127.0.0.1;port=3306;charset=utf8
[ sql ] [ SQL ] SHOW COLUMNS FROM `bill_public_follow` [ RunTime:0.018763s ]
[ sql ] [ SQL ] SELECT * FROM `bill_public_follow` WHERE  `openid` = 'onVsY0Z7hIknIoGK0kvfXMMp8wLM' LIMIT 1    [ RunTime:0.000553s ]

---------------------------------------------------------------
[ 2017-05-26T18:33:52+08:00 ] ::1 ::1 GET /charge/public/index.php/port/login/saveUserInfo?encryptedData=YNjEdBJLg8dDroydTcVdf21fT3nbnU31DwoiIo1ADIIbN42gkIOw%2FUta0vJwrzAtjfdV9JyH3SZoaq188gEMZQmtH9QVV8wr9fa10sV5NrFRdFdAZxNpKQpUsIXUw6X6T0kLN513Ecfn2K2n6nPmanTb%2FHTVcwEjkyO3v16jjvsnKr4vh4krAQIgMv1Z9exCzKXYQNRUEqHLeigEqu1x5aqTHLHhWL4D2uopMn8OyOx3cyX%2FgAy6G1ZVJH76BwuA%2BJsmPYed%2Bjhp3b%2BL5A56MPAs4kV40JCbY%2B3IQUndaqTPkrRGKRkJoZ%2FgktmbOM%2BrdYDIXppBS1bN6ars7B5SmrjmzgI1YnKNRHv1ijK7Uv4WbNV6cDjQyB3fuJbZqmNuFCKqHeK0%2BZPHcsdvpXdX62jxHntp8A%2B3x03urADAIAlYEKtetoXS5Fotp3wK0VXJHytlclbLPUJ5%2FeosuzF6Sg8brUKx%2BJFU%2FlvhK5WxFxl9rHunY3Ju%2BVZYCeujqe9a&PHPSESSID=rBzNjB7M3HUV0fUvh32QHw86sQu&iv=SWPZGRRG3RXlS2yguHQcAw%3D%3D
[ log ] localhost/charge/public/index.php/port/login/saveUserInfo?encryptedData=YNjEdBJLg8dDroydTcVdf21fT3nbnU31DwoiIo1ADIIbN42gkIOw%2FUta0vJwrzAtjfdV9JyH3SZoaq188gEMZQmtH9QVV8wr9fa10sV5NrFRdFdAZxNpKQpUsIXUw6X6T0kLN513Ecfn2K2n6nPmanTb%2FHTVcwEjkyO3v16jjvsnKr4vh4krAQIgMv1Z9exCzKXYQNRUEqHLeigEqu1x5aqTHLHhWL4D2uopMn8OyOx3cyX%2FgAy6G1ZVJH76BwuA%2BJsmPYed%2Bjhp3b%2BL5A56MPAs4kV40JCbY%2B3IQUndaqTPkrRGKRkJoZ%2FgktmbOM%2BrdYDIXppBS1bN6ars7B5SmrjmzgI1YnKNRHv1ijK7Uv4WbNV6cDjQyB3fuJbZqmNuFCKqHeK0%2BZPHcsdvpXdX62jxHntp8A%2B3x03urADAIAlYEKtetoXS5Fotp3wK0VXJHytlclbLPUJ5%2FeosuzF6Sg8brUKx%2BJFU%2FlvhK5WxFxl9rHunY3Ju%2BVZYCeujqe9a&PHPSESSID=rBzNjB7M3HUV0fUvh32QHw86sQu&iv=SWPZGRRG3RXlS2yguHQcAw%3D%3D [运行时间：0.149474s][吞吐率：6.69req/s] [内存消耗：1,566.01kb] [文件加载：45]
[ info ] [ LANG ] D:\WWW\charge\thinkphp\lang\zh-cn.php
[ info ] [ ROUTE ] array (
  'type' => 'module',
  'module' => 
  array (
    0 => 'port',
    1 => 'login',
    2 => 'saveUserInfo',
  ),
)
[ info ] [ HEADER ] array (
  'accept-encoding' => 'gzip, deflate, sdch',
  'referer' => 'https://servicewechat.com/wx0d74e7d7020142e0/devtools/page-frame.html',
  'accept' => '*/*',
  'content-type' => 'application/json',
  'user-agent' => 'Mozilla/5.0 (Windows NT 10.0; Win64; x64) AppleWebKit/537.36 (KHTML, like Gecko) Chrome/53.0.2785.143 Safari/537.36 appservice webview/100000',
  'x-requested-with' => 'XMLHttpRequest',
  'cache-control' => 'no-cache',
  'pragma' => 'no-cache',
  'connection' => 'close',
  'host' => 'localhost',
)
[ info ] [ PARAM ] array (
  'encryptedData' => 'YNjEdBJLg8dDroydTcVdf21fT3nbnU31DwoiIo1ADIIbN42gkIOw/Uta0vJwrzAtjfdV9JyH3SZoaq188gEMZQmtH9QVV8wr9fa10sV5NrFRdFdAZxNpKQpUsIXUw6X6T0kLN513Ecfn2K2n6nPmanTb/HTVcwEjkyO3v16jjvsnKr4vh4krAQIgMv1Z9exCzKXYQNRUEqHLeigEqu1x5aqTHLHhWL4D2uopMn8OyOx3cyX/gAy6G1ZVJH76BwuA+JsmPYed+jhp3b+L5A56MPAs4kV40JCbY+3IQUndaqTPkrRGKRkJoZ/gktmbOM+rdYDIXppBS1bN6ars7B5SmrjmzgI1YnKNRHv1ijK7Uv4WbNV6cDjQyB3fuJbZqmNuFCKqHeK0+ZPHcsdvpXdX62jxHntp8A+3x03urADAIAlYEKtetoXS5Fotp3wK0VXJHytlclbLPUJ5/eosuzF6Sg8brUKx+JFU/lvhK5WxFxl9rHunY3Ju+VZYCeujqe9a',
  'PHPSESSID' => 'rBzNjB7M3HUV0fUvh32QHw86sQu',
  'iv' => 'SWPZGRRG3RXlS2yguHQcAw==',
)
[ info ] [ RUN ] app\port\controller\Login->saveUserInfo[ D:\WWW\charge\application\port\controller\Login.php ]
[ info ] [ CACHE ] INIT File
[ info ] [ DB ] INIT mysql
[ info ] [ LOG ] INIT File
[ sql ] [ DB ] CONNECT:[ UseTime:0.001070s ] mysql:dbname=bill_charge;host=127.0.0.1;port=3306;charset=utf8
[ sql ] [ SQL ] SHOW COLUMNS FROM `bill_user` [ RunTime:0.024811s ]
[ sql ] [ SQL ] UPDATE `bill_user`  SET `nickname`='伊人回眸泪倾城 ....จุ๊บ',`sex`=1,`city`='',`province`='Beijing',`country`='CN',`headimgurl`='http://wx.qlogo.cn/mmopen/vi_32/Q0j4TwGTfTK6zmnIDhZFZFHuBBTG0fkJ2fWjrXTpv7IiaM0miazveEWEib0FR8mSlRaqKgjg0GYelKOX0XDQGMCyg/0'  WHERE  `uid` = 1          [ RunTime:0.000632s ]
[ sql ] [ SQL ] SHOW COLUMNS FROM `bill_friend` [ RunTime:0.075959s ]
[ sql ] [ SQL ] SELECT * FROM `bill_friend` WHERE  `uid` = 1 LIMIT 1    [ RunTime:0.000606s ]
[ sql ] [ SQL ] UPDATE `bill_friend`  SET `start`=1,`friend_name`='伊人回眸泪倾城 ....จุ๊บ',`friend_imgurl`='http://wx.qlogo.cn/mmopen/vi_32/Q0j4TwGTfTK6zmnIDhZFZFHuBBTG0fkJ2fWjrXTpv7IiaM0miazveEWEib0FR8mSlRaqKgjg0GYelKOX0XDQGMCyg/0',`time`=1495794832  WHERE  `uid` = 1        [ RunTime:0.000636s ]

---------------------------------------------------------------
[ 2017-05-26T18:34:10+08:00 ] ::1 ::1 GET /charge/public/index.php/port/check/UserCheck?openid=onVsY0Z7hIknIoGK0kvfXMMp8wLM&limit=3&lastid=0
[ log ] localhost/charge/public/index.php/port/check/UserCheck?openid=onVsY0Z7hIknIoGK0kvfXMMp8wLM&limit=3&lastid=0 [运行时间：0.111963s][吞吐率：8.93req/s] [内存消耗：1,490.25kb] [文件加载：39]
[ info ] [ LANG ] D:\WWW\charge\thinkphp\lang\zh-cn.php
[ info ] [ ROUTE ] array (
  'type' => 'module',
  'module' => 
  array (
    0 => 'port',
    1 => 'check',
    2 => 'UserCheck',
  ),
)
[ info ] [ HEADER ] array (
  'accept-encoding' => 'gzip, deflate, sdch',
  'referer' => 'https://servicewechat.com/wx0d74e7d7020142e0/devtools/page-frame.html',
  'accept' => '*/*',
  'content-type' => 'application/json',
  'user-agent' => 'Mozilla/5.0 (Windows NT 10.0; Win64; x64) AppleWebKit/537.36 (KHTML, like Gecko) Chrome/53.0.2785.143 Safari/537.36 appservice webview/100000',
  'x-requested-with' => 'XMLHttpRequest',
  'cache-control' => 'no-cache',
  'pragma' => 'no-cache',
  'connection' => 'close',
  'host' => 'localhost',
)
[ info ] [ PARAM ] array (
  'openid' => 'onVsY0Z7hIknIoGK0kvfXMMp8wLM',
  'limit' => '3',
  'lastid' => '0',
)
[ info ] [ RUN ] app\port\controller\Check->UserCheck[ D:\WWW\charge\application\port\controller\Check.php ]
[ info ] [ DB ] INIT mysql
[ info ] [ LOG ] INIT File
[ sql ] [ DB ] CONNECT:[ UseTime:0.001132s ] mysql:dbname=bill_charge;host=127.0.0.1;port=3306;charset=utf8
[ sql ] [ SQL ] SHOW COLUMNS FROM `bill_public_follow` [ RunTime:0.055046s ]
[ sql ] [ SQL ] SELECT `f`.`uid` FROM `bill_public_follow` `f` INNER JOIN `bill_user` `u` ON `f`.`uid`=`u`.`uid` WHERE  `f`.`openid` = 'onVsY0Z7hIknIoGK0kvfXMMp8wLM' LIMIT 1   [ RunTime:0.000511s ]
[ sql ] [ SQL ] SELECT sum(`money`) as `money`,`time` FROM `bill_charge` WHERE `user_id` = '1' AND `inout_start`=1 AND `time` >= unix_timestamp('2017-05-01 00:00:00') AND `time` <= unix_timestamp('2017-05-26 18:34:10') [ RunTime:0.000512s ]
[ sql ] [ SQL ] SELECT sum(`money`) as `money`,`time` FROM `bill_charge` WHERE `user_id` = '1' AND `inout_start`=2 AND `time` >= unix_timestamp('2017-05-01 00:00:00') AND `time` <= unix_timestamp('2017-05-26 18:34:10') [ RunTime:0.000460s ]
[ sql ] [ SQL ] select time,a_id from bill_charge where a_id > 0 group by time order by a_id desc LIMIT 3 [ RunTime:0.000589s ]
[ sql ] [ SQL ] select time,inout_start,sum(money) as money from bill_charge where inout_start=1 and time=1495123200 group by time [ RunTime:0.000422s ]
[ sql ] [ SQL ] select time,inout_start,sum(money) as money from bill_charge where inout_start=2 and time=1495123200 group by time [ RunTime:0.000350s ]
[ sql ] [ SQL ] SHOW COLUMNS FROM `bill_charge` [ RunTime:0.015356s ]
[ sql ] [ SQL ] SELECT * FROM `bill_charge` `c` INNER JOIN `bill_inout_class` `i` ON `c`.`inout_class`=`i`.`c_id` WHERE  `c`.`time` = 1495123200  [ RunTime:0.000836s ]
[ sql ] [ SQL ] select time,inout_start,sum(money) as money from bill_charge where inout_start=1 and time=1494777600 group by time [ RunTime:0.000544s ]
[ sql ] [ SQL ] select time,inout_start,sum(money) as money from bill_charge where inout_start=2 and time=1494777600 group by time [ RunTime:0.000361s ]
[ sql ] [ SQL ] SELECT * FROM `bill_charge` `c` INNER JOIN `bill_inout_class` `i` ON `c`.`inout_class`=`i`.`c_id` WHERE  `c`.`time` = 1494777600  [ RunTime:0.000401s ]
[ sql ] [ SQL ] select time,inout_start,sum(money) as money from bill_charge where inout_start=1 and time=1490976000 group by time [ RunTime:0.000327s ]
[ sql ] [ SQL ] select time,inout_start,sum(money) as money from bill_charge where inout_start=2 and time=1490976000 group by time [ RunTime:0.000256s ]
[ sql ] [ SQL ] SELECT * FROM `bill_charge` `c` INNER JOIN `bill_inout_class` `i` ON `c`.`inout_class`=`i`.`c_id` WHERE  `c`.`time` = 1490976000  [ RunTime:0.000442s ]

---------------------------------------------------------------
[ 2017-05-26T18:34:10+08:00 ] ::1 ::1 GET /charge/public/index.php/port/login/sendCode?code=041DtCFn1QStQk03ZzIn1qGEFn1DtCFB&PHPSESSID=rBzNjB7M3HUV0fUvh32QHw86sQu
[ log ] localhost/charge/public/index.php/port/login/sendCode?code=041DtCFn1QStQk03ZzIn1qGEFn1DtCFB&PHPSESSID=rBzNjB7M3HUV0fUvh32QHw86sQu [运行时间：0.216749s][吞吐率：4.61req/s] [内存消耗：1,541.60kb] [文件加载：42]
[ info ] [ LANG ] D:\WWW\charge\thinkphp\lang\zh-cn.php
[ info ] [ ROUTE ] array (
  'type' => 'module',
  'module' => 
  array (
    0 => 'port',
    1 => 'login',
    2 => 'sendCode',
  ),
)
[ info ] [ HEADER ] array (
  'accept-encoding' => 'gzip, deflate, sdch',
  'referer' => 'https://servicewechat.com/wx0d74e7d7020142e0/devtools/page-frame.html',
  'accept' => '*/*',
  'content-type' => 'application/json',
  'user-agent' => 'Mozilla/5.0 (Windows NT 10.0; Win64; x64) AppleWebKit/537.36 (KHTML, like Gecko) Chrome/53.0.2785.143 Safari/537.36 appservice webview/100000',
  'x-requested-with' => 'XMLHttpRequest',
  'cache-control' => 'no-cache',
  'pragma' => 'no-cache',
  'connection' => 'close',
  'host' => 'localhost',
)
[ info ] [ PARAM ] array (
  'code' => '041DtCFn1QStQk03ZzIn1qGEFn1DtCFB',
  'PHPSESSID' => 'rBzNjB7M3HUV0fUvh32QHw86sQu',
)
[ info ] [ RUN ] app\port\controller\Login->sendCode[ D:\WWW\charge\application\port\controller\Login.php ]
[ info ] [ CACHE ] INIT File
[ info ] [ DB ] INIT mysql
[ info ] [ LOG ] INIT File
[ sql ] [ DB ] CONNECT:[ UseTime:0.000955s ] mysql:dbname=bill_charge;host=127.0.0.1;port=3306;charset=utf8
[ sql ] [ SQL ] SHOW COLUMNS FROM `bill_public_follow` [ RunTime:0.015884s ]
[ sql ] [ SQL ] SELECT * FROM `bill_public_follow` WHERE  `openid` = 'onVsY0Z7hIknIoGK0kvfXMMp8wLM' LIMIT 1    [ RunTime:0.000530s ]

---------------------------------------------------------------
[ 2017-05-26T18:34:11+08:00 ] ::1 ::1 GET /charge/public/index.php/port/login/saveUserInfo?encryptedData=ykdHew7heoJ49xRNh9ZLgXEieeizSAVDWmjpXQciCAVyiALHroeC2fQKVzIQVfvLAk5Ry31lzfvks1uPWtq1PcOzoBQ1rXvabNoIB6ZdhDDNgZNGK04OB5jA%2BO9a2gs9fQuFwHZ%2BChoD0JBcAb%2FfRUtVfj%2BIslYO7%2FcM8OczO%2Fv5hSRISWtdUPAh%2B6ojzzMbGjClPvs9NaT6tn3RPX7fV7xQVENsjoSlBeT00rGChAHwyqrVM7bb0EEOu25K1mbf0DVeIk1496ZNCGgdEP4Qp2r2m2zCPDD3bx%2BZHopP8CVHr0V2osQKccD2O%2B0oCqW07TtM2i8koUFOleg25Abik13UC6KouH0Q5nSb%2FKjFZozjzFc6KXImkxC6wfAdUj8%2FkC7tF9UuMn73ZXf%2BCv64cJFVYvlY6nNd5JoDWu8GbSYNE3ahqjJd7pWNJ7tujA07e%2BsqsBHKVn8v1QYvNPkCH%2FZAz%2B%2BIODQVYAFJeC14uBhuxUs9qKS2ni04bXX5R3PO&PHPSESSID=dhsaXxAWEOkvbnNvWVd4s62U25d&iv=861VaWF4gMFsRCmhy9lqOQ%3D%3D
[ log ] localhost/charge/public/index.php/port/login/saveUserInfo?encryptedData=ykdHew7heoJ49xRNh9ZLgXEieeizSAVDWmjpXQciCAVyiALHroeC2fQKVzIQVfvLAk5Ry31lzfvks1uPWtq1PcOzoBQ1rXvabNoIB6ZdhDDNgZNGK04OB5jA%2BO9a2gs9fQuFwHZ%2BChoD0JBcAb%2FfRUtVfj%2BIslYO7%2FcM8OczO%2Fv5hSRISWtdUPAh%2B6ojzzMbGjClPvs9NaT6tn3RPX7fV7xQVENsjoSlBeT00rGChAHwyqrVM7bb0EEOu25K1mbf0DVeIk1496ZNCGgdEP4Qp2r2m2zCPDD3bx%2BZHopP8CVHr0V2osQKccD2O%2B0oCqW07TtM2i8koUFOleg25Abik13UC6KouH0Q5nSb%2FKjFZozjzFc6KXImkxC6wfAdUj8%2FkC7tF9UuMn73ZXf%2BCv64cJFVYvlY6nNd5JoDWu8GbSYNE3ahqjJd7pWNJ7tujA07e%2BsqsBHKVn8v1QYvNPkCH%2FZAz%2B%2BIODQVYAFJeC14uBhuxUs9qKS2ni04bXX5R3PO&PHPSESSID=dhsaXxAWEOkvbnNvWVd4s62U25d&iv=861VaWF4gMFsRCmhy9lqOQ%3D%3D [运行时间：0.144331s][吞吐率：6.93req/s] [内存消耗：1,566.01kb] [文件加载：45]
[ info ] [ LANG ] D:\WWW\charge\thinkphp\lang\zh-cn.php
[ info ] [ ROUTE ] array (
  'type' => 'module',
  'module' => 
  array (
    0 => 'port',
    1 => 'login',
    2 => 'saveUserInfo',
  ),
)
[ info ] [ HEADER ] array (
  'accept-encoding' => 'gzip, deflate, sdch',
  'referer' => 'https://servicewechat.com/wx0d74e7d7020142e0/devtools/page-frame.html',
  'accept' => '*/*',
  'content-type' => 'application/json',
  'user-agent' => 'Mozilla/5.0 (Windows NT 10.0; Win64; x64) AppleWebKit/537.36 (KHTML, like Gecko) Chrome/53.0.2785.143 Safari/537.36 appservice webview/100000',
  'x-requested-with' => 'XMLHttpRequest',
  'cache-control' => 'no-cache',
  'pragma' => 'no-cache',
  'connection' => 'close',
  'host' => 'localhost',
)
[ info ] [ PARAM ] array (
  'encryptedData' => 'ykdHew7heoJ49xRNh9ZLgXEieeizSAVDWmjpXQciCAVyiALHroeC2fQKVzIQVfvLAk5Ry31lzfvks1uPWtq1PcOzoBQ1rXvabNoIB6ZdhDDNgZNGK04OB5jA+O9a2gs9fQuFwHZ+ChoD0JBcAb/fRUtVfj+IslYO7/cM8OczO/v5hSRISWtdUPAh+6ojzzMbGjClPvs9NaT6tn3RPX7fV7xQVENsjoSlBeT00rGChAHwyqrVM7bb0EEOu25K1mbf0DVeIk1496ZNCGgdEP4Qp2r2m2zCPDD3bx+ZHopP8CVHr0V2osQKccD2O+0oCqW07TtM2i8koUFOleg25Abik13UC6KouH0Q5nSb/KjFZozjzFc6KXImkxC6wfAdUj8/kC7tF9UuMn73ZXf+Cv64cJFVYvlY6nNd5JoDWu8GbSYNE3ahqjJd7pWNJ7tujA07e+sqsBHKVn8v1QYvNPkCH/ZAz++IODQVYAFJeC14uBhuxUs9qKS2ni04bXX5R3PO',
  'PHPSESSID' => 'dhsaXxAWEOkvbnNvWVd4s62U25d',
  'iv' => '861VaWF4gMFsRCmhy9lqOQ==',
)
[ info ] [ RUN ] app\port\controller\Login->saveUserInfo[ D:\WWW\charge\application\port\controller\Login.php ]
[ info ] [ CACHE ] INIT File
[ info ] [ DB ] INIT mysql
[ info ] [ LOG ] INIT File
[ sql ] [ DB ] CONNECT:[ UseTime:0.001918s ] mysql:dbname=bill_charge;host=127.0.0.1;port=3306;charset=utf8
[ sql ] [ SQL ] SHOW COLUMNS FROM `bill_user` [ RunTime:0.024297s ]
[ sql ] [ SQL ] UPDATE `bill_user`  SET `nickname`='伊人回眸泪倾城 ....จุ๊บ',`sex`=1,`city`='',`province`='Beijing',`country`='CN',`headimgurl`='http://wx.qlogo.cn/mmopen/vi_32/Q0j4TwGTfTK6zmnIDhZFZFHuBBTG0fkJ2fWjrXTpv7IiaM0miazveEWEib0FR8mSlRaqKgjg0GYelKOX0XDQGMCyg/0'  WHERE  `uid` = 1          [ RunTime:0.000640s ]
[ sql ] [ SQL ] SHOW COLUMNS FROM `bill_friend` [ RunTime:0.073406s ]
[ sql ] [ SQL ] SELECT * FROM `bill_friend` WHERE  `uid` = 1 LIMIT 1    [ RunTime:0.000634s ]
[ sql ] [ SQL ] UPDATE `bill_friend`  SET `start`=1,`friend_name`='伊人回眸泪倾城 ....จุ๊บ',`friend_imgurl`='http://wx.qlogo.cn/mmopen/vi_32/Q0j4TwGTfTK6zmnIDhZFZFHuBBTG0fkJ2fWjrXTpv7IiaM0miazveEWEib0FR8mSlRaqKgjg0GYelKOX0XDQGMCyg/0',`time`=1495794851  WHERE  `uid` = 1        [ RunTime:0.000675s ]

---------------------------------------------------------------
[ 2017-05-26T18:34:57+08:00 ] ::1 ::1 GET /charge/public/index.php/port/check/UserCheck?openid=onVsY0Z7hIknIoGK0kvfXMMp8wLM&limit=3&lastid=0
[ log ] localhost/charge/public/index.php/port/check/UserCheck?openid=onVsY0Z7hIknIoGK0kvfXMMp8wLM&limit=3&lastid=0 [运行时间：0.106400s][吞吐率：9.40req/s] [内存消耗：1,490.23kb] [文件加载：39]
[ info ] [ LANG ] D:\WWW\charge\thinkphp\lang\zh-cn.php
[ info ] [ ROUTE ] array (
  'type' => 'module',
  'module' => 
  array (
    0 => 'port',
    1 => 'check',
    2 => 'UserCheck',
  ),
)
[ info ] [ HEADER ] array (
  'accept-encoding' => 'gzip, deflate, sdch',
  'referer' => 'https://servicewechat.com/wx0d74e7d7020142e0/devtools/page-frame.html',
  'accept' => '*/*',
  'content-type' => 'application/json',
  'user-agent' => 'Mozilla/5.0 (Windows NT 10.0; Win64; x64) AppleWebKit/537.36 (KHTML, like Gecko) Chrome/53.0.2785.143 Safari/537.36 appservice webview/100000',
  'x-requested-with' => 'XMLHttpRequest',
  'cache-control' => 'no-cache',
  'pragma' => 'no-cache',
  'connection' => 'close',
  'host' => 'localhost',
)
[ info ] [ PARAM ] array (
  'openid' => 'onVsY0Z7hIknIoGK0kvfXMMp8wLM',
  'limit' => '3',
  'lastid' => '0',
)
[ info ] [ RUN ] app\port\controller\Check->UserCheck[ D:\WWW\charge\application\port\controller\Check.php ]
[ info ] [ DB ] INIT mysql
[ info ] [ LOG ] INIT File
[ sql ] [ DB ] CONNECT:[ UseTime:0.005222s ] mysql:dbname=bill_charge;host=127.0.0.1;port=3306;charset=utf8
[ sql ] [ SQL ] SHOW COLUMNS FROM `bill_public_follow` [ RunTime:0.020570s ]
[ sql ] [ SQL ] SELECT `f`.`uid` FROM `bill_public_follow` `f` INNER JOIN `bill_user` `u` ON `f`.`uid`=`u`.`uid` WHERE  `f`.`openid` = 'onVsY0Z7hIknIoGK0kvfXMMp8wLM' LIMIT 1   [ RunTime:0.001172s ]
[ sql ] [ SQL ] SELECT sum(`money`) as `money`,`time` FROM `bill_charge` WHERE `user_id` = '1' AND `inout_start`=1 AND `time` >= unix_timestamp('2017-05-01 00:00:00') AND `time` <= unix_timestamp('2017-05-26 18:34:57') [ RunTime:0.001679s ]
[ sql ] [ SQL ] SELECT sum(`money`) as `money`,`time` FROM `bill_charge` WHERE `user_id` = '1' AND `inout_start`=2 AND `time` >= unix_timestamp('2017-05-01 00:00:00') AND `time` <= unix_timestamp('2017-05-26 18:34:57') [ RunTime:0.000507s ]
[ sql ] [ SQL ] select time,a_id from bill_charge where a_id > 0 group by time order by a_id desc LIMIT 3 [ RunTime:0.000895s ]
[ sql ] [ SQL ] select time,inout_start,sum(money) as money from bill_charge where inout_start=1 and time=1495123200 group by time [ RunTime:0.000543s ]
[ sql ] [ SQL ] select time,inout_start,sum(money) as money from bill_charge where inout_start=2 and time=1495123200 group by time [ RunTime:0.000460s ]
[ sql ] [ SQL ] SHOW COLUMNS FROM `bill_charge` [ RunTime:0.033287s ]
[ sql ] [ SQL ] SELECT * FROM `bill_charge` `c` INNER JOIN `bill_inout_class` `i` ON `c`.`inout_class`=`i`.`c_id` WHERE  `c`.`time` = 1495123200  [ RunTime:0.001248s ]
[ sql ] [ SQL ] select time,inout_start,sum(money) as money from bill_charge where inout_start=1 and time=1494777600 group by time [ RunTime:0.000284s ]
[ sql ] [ SQL ] select time,inout_start,sum(money) as money from bill_charge where inout_start=2 and time=1494777600 group by time [ RunTime:0.000371s ]
[ sql ] [ SQL ] SELECT * FROM `bill_charge` `c` INNER JOIN `bill_inout_class` `i` ON `c`.`inout_class`=`i`.`c_id` WHERE  `c`.`time` = 1494777600  [ RunTime:0.000663s ]
[ sql ] [ SQL ] select time,inout_start,sum(money) as money from bill_charge where inout_start=1 and time=1490976000 group by time [ RunTime:0.000465s ]
[ sql ] [ SQL ] select time,inout_start,sum(money) as money from bill_charge where inout_start=2 and time=1490976000 group by time [ RunTime:0.000421s ]
[ sql ] [ SQL ] SELECT * FROM `bill_charge` `c` INNER JOIN `bill_inout_class` `i` ON `c`.`inout_class`=`i`.`c_id` WHERE  `c`.`time` = 1490976000  [ RunTime:0.000389s ]

---------------------------------------------------------------
[ 2017-05-26T18:34:58+08:00 ] ::1 ::1 GET /charge/public/index.php/port/login/sendCode?code=07170hXa0fyKst1tRkZa0pblXa070hXC&PHPSESSID=dhsaXxAWEOkvbnNvWVd4s62U25d
[ log ] localhost/charge/public/index.php/port/login/sendCode?code=07170hXa0fyKst1tRkZa0pblXa070hXC&PHPSESSID=dhsaXxAWEOkvbnNvWVd4s62U25d [运行时间：0.721240s][吞吐率：1.39req/s] [内存消耗：1,541.60kb] [文件加载：42]
[ info ] [ LANG ] D:\WWW\charge\thinkphp\lang\zh-cn.php
[ info ] [ ROUTE ] array (
  'type' => 'module',
  'module' => 
  array (
    0 => 'port',
    1 => 'login',
    2 => 'sendCode',
  ),
)
[ info ] [ HEADER ] array (
  'accept-encoding' => 'gzip, deflate, sdch',
  'referer' => 'https://servicewechat.com/wx0d74e7d7020142e0/devtools/page-frame.html',
  'accept' => '*/*',
  'content-type' => 'application/json',
  'user-agent' => 'Mozilla/5.0 (Windows NT 10.0; Win64; x64) AppleWebKit/537.36 (KHTML, like Gecko) Chrome/53.0.2785.143 Safari/537.36 appservice webview/100000',
  'x-requested-with' => 'XMLHttpRequest',
  'cache-control' => 'no-cache',
  'pragma' => 'no-cache',
  'connection' => 'close',
  'host' => 'localhost',
)
[ info ] [ PARAM ] array (
  'code' => '07170hXa0fyKst1tRkZa0pblXa070hXC',
  'PHPSESSID' => 'dhsaXxAWEOkvbnNvWVd4s62U25d',
)
[ info ] [ RUN ] app\port\controller\Login->sendCode[ D:\WWW\charge\application\port\controller\Login.php ]
[ info ] [ CACHE ] INIT File
[ info ] [ DB ] INIT mysql
[ info ] [ LOG ] INIT File
[ sql ] [ DB ] CONNECT:[ UseTime:0.000902s ] mysql:dbname=bill_charge;host=127.0.0.1;port=3306;charset=utf8
[ sql ] [ SQL ] SHOW COLUMNS FROM `bill_public_follow` [ RunTime:0.019372s ]
[ sql ] [ SQL ] SELECT * FROM `bill_public_follow` WHERE  `openid` = 'onVsY0Z7hIknIoGK0kvfXMMp8wLM' LIMIT 1    [ RunTime:0.000522s ]

---------------------------------------------------------------
[ 2017-05-26T18:34:58+08:00 ] ::1 ::1 GET /charge/public/index.php/port/login/saveUserInfo?encryptedData=GUmZt3OfuwHeJ%2F%2FDRDpUueNN81jN8gk0huxqWkOczXGqEj5m9W8aNC0m%2B2lpUi5FPweqrzwb09BjFSrpZcLLoPQ377BUdPK1Hxr%2FeVycOglTaVPQxXSex5scIor%2FvHvG%2B9BW4sIs6k4p17BbACvIc0uoTMqSRZsNwMvw60yZFSa34E9b5DTBQ7yPmd6KkXBuBMeS8P7s5uASiOmwakbfgyL98ump2Ec%2FMffKQPQyjcjebJvP3ucv2EKk7M527sw%2B0I3CpuHLCV0fIGTj6l7%2BeNDoslwo0OGN7cIrx8i7qg7n%2FY4WL6EhVz1aV9ZfDlLQdswh0Eax9Nl5ZAUGVND8wlITbXSmWGy9O%2F0oyGgdY7SMnxrlmVCibWEZ3PPrnICrxuQ9TcBar62vGK9m56cXWrd6P8%2FHL4%2FUiR76MfQnfLWMQe%2BMUvnTrPA6fe2H4I2PODcEiHKH8O6PiLJweHTqd%2F2CKI8%2BBfghWCNmxoSGCqwutkSWNVymTMWHxRtZhGKv&PHPSESSID=t4Q6ZphfQCBehjg7X7aEFgwhfUx&iv=uvtXvp7KLpmVlkj9VuR3oA%3D%3D
[ log ] localhost/charge/public/index.php/port/login/saveUserInfo?encryptedData=GUmZt3OfuwHeJ%2F%2FDRDpUueNN81jN8gk0huxqWkOczXGqEj5m9W8aNC0m%2B2lpUi5FPweqrzwb09BjFSrpZcLLoPQ377BUdPK1Hxr%2FeVycOglTaVPQxXSex5scIor%2FvHvG%2B9BW4sIs6k4p17BbACvIc0uoTMqSRZsNwMvw60yZFSa34E9b5DTBQ7yPmd6KkXBuBMeS8P7s5uASiOmwakbfgyL98ump2Ec%2FMffKQPQyjcjebJvP3ucv2EKk7M527sw%2B0I3CpuHLCV0fIGTj6l7%2BeNDoslwo0OGN7cIrx8i7qg7n%2FY4WL6EhVz1aV9ZfDlLQdswh0Eax9Nl5ZAUGVND8wlITbXSmWGy9O%2F0oyGgdY7SMnxrlmVCibWEZ3PPrnICrxuQ9TcBar62vGK9m56cXWrd6P8%2FHL4%2FUiR76MfQnfLWMQe%2BMUvnTrPA6fe2H4I2PODcEiHKH8O6PiLJweHTqd%2F2CKI8%2BBfghWCNmxoSGCqwutkSWNVymTMWHxRtZhGKv&PHPSESSID=t4Q6ZphfQCBehjg7X7aEFgwhfUx&iv=uvtXvp7KLpmVlkj9VuR3oA%3D%3D [运行时间：0.086512s][吞吐率：11.56req/s] [内存消耗：1,566.01kb] [文件加载：45]
[ info ] [ LANG ] D:\WWW\charge\thinkphp\lang\zh-cn.php
[ info ] [ ROUTE ] array (
  'type' => 'module',
  'module' => 
  array (
    0 => 'port',
    1 => 'login',
    2 => 'saveUserInfo',
  ),
)
[ info ] [ HEADER ] array (
  'accept-encoding' => 'gzip, deflate, sdch',
  'referer' => 'https://servicewechat.com/wx0d74e7d7020142e0/devtools/page-frame.html',
  'accept' => '*/*',
  'content-type' => 'application/json',
  'user-agent' => 'Mozilla/5.0 (Windows NT 10.0; Win64; x64) AppleWebKit/537.36 (KHTML, like Gecko) Chrome/53.0.2785.143 Safari/537.36 appservice webview/100000',
  'x-requested-with' => 'XMLHttpRequest',
  'cache-control' => 'no-cache',
  'pragma' => 'no-cache',
  'connection' => 'close',
  'host' => 'localhost',
)
[ info ] [ PARAM ] array (
  'encryptedData' => 'GUmZt3OfuwHeJ//DRDpUueNN81jN8gk0huxqWkOczXGqEj5m9W8aNC0m+2lpUi5FPweqrzwb09BjFSrpZcLLoPQ377BUdPK1Hxr/eVycOglTaVPQxXSex5scIor/vHvG+9BW4sIs6k4p17BbACvIc0uoTMqSRZsNwMvw60yZFSa34E9b5DTBQ7yPmd6KkXBuBMeS8P7s5uASiOmwakbfgyL98ump2Ec/MffKQPQyjcjebJvP3ucv2EKk7M527sw+0I3CpuHLCV0fIGTj6l7+eNDoslwo0OGN7cIrx8i7qg7n/Y4WL6EhVz1aV9ZfDlLQdswh0Eax9Nl5ZAUGVND8wlITbXSmWGy9O/0oyGgdY7SMnxrlmVCibWEZ3PPrnICrxuQ9TcBar62vGK9m56cXWrd6P8/HL4/UiR76MfQnfLWMQe+MUvnTrPA6fe2H4I2PODcEiHKH8O6PiLJweHTqd/2CKI8+BfghWCNmxoSGCqwutkSWNVymTMWHxRtZhGKv',
  'PHPSESSID' => 't4Q6ZphfQCBehjg7X7aEFgwhfUx',
  'iv' => 'uvtXvp7KLpmVlkj9VuR3oA==',
)
[ info ] [ RUN ] app\port\controller\Login->saveUserInfo[ D:\WWW\charge\application\port\controller\Login.php ]
[ info ] [ CACHE ] INIT File
[ info ] [ DB ] INIT mysql
[ info ] [ LOG ] INIT File
[ sql ] [ DB ] CONNECT:[ UseTime:0.000962s ] mysql:dbname=bill_charge;host=127.0.0.1;port=3306;charset=utf8
[ sql ] [ SQL ] SHOW COLUMNS FROM `bill_user` [ RunTime:0.023462s ]
[ sql ] [ SQL ] UPDATE `bill_user`  SET `nickname`='伊人回眸泪倾城 ....จุ๊บ',`sex`=1,`city`='',`province`='Beijing',`country`='CN',`headimgurl`='http://wx.qlogo.cn/mmopen/vi_32/Q0j4TwGTfTK6zmnIDhZFZFHuBBTG0fkJ2fWjrXTpv7IiaM0miazveEWEib0FR8mSlRaqKgjg0GYelKOX0XDQGMCyg/0'  WHERE  `uid` = 1          [ RunTime:0.000662s ]
[ sql ] [ SQL ] SHOW COLUMNS FROM `bill_friend` [ RunTime:0.022272s ]
[ sql ] [ SQL ] SELECT * FROM `bill_friend` WHERE  `uid` = 1 LIMIT 1    [ RunTime:0.000525s ]
[ sql ] [ SQL ] UPDATE `bill_friend`  SET `start`=1,`friend_name`='伊人回眸泪倾城 ....จุ๊บ',`friend_imgurl`='http://wx.qlogo.cn/mmopen/vi_32/Q0j4TwGTfTK6zmnIDhZFZFHuBBTG0fkJ2fWjrXTpv7IiaM0miazveEWEib0FR8mSlRaqKgjg0GYelKOX0XDQGMCyg/0',`time`=1495794898  WHERE  `uid` = 1        [ RunTime:0.000508s ]

---------------------------------------------------------------
