[ 2017-05-28T21:27:32+08:00 ] ::1 ::1 GET /charge/public/index.php/port/check/GetTime
[ log ] localhost/charge/public/index.php/port/check/GetTime [运行时间：0.815572s][吞吐率：1.23req/s] [内存消耗：972.09kb] [文件加载：32]
[ info ] [ LANG ] D:\WWW\charge\thinkphp\lang\zh-cn.php
[ info ] [ ROUTE ] array (
  'type' => 'module',
  'module' => 
  array (
    0 => 'port',
    1 => 'check',
    2 => 'GetTime',
  ),
)
[ info ] [ HEADER ] array (
  'accept-encoding' => 'gzip, deflate, sdch',
  'referer' => 'https://servicewechat.com/wx0d74e7d7020142e0/devtools/page-frame.html',
  'accept' => '*/*',
  'content-type' => 'application/json',
  'user-agent' => 'Mozilla/5.0 (Windows NT 10.0; Win64; x64) AppleWebKit/537.36 (KHTML, like Gecko) Chrome/53.0.2785.143 Safari/537.36 appservice webview/100000',
  'x-requested-with' => 'XMLHttpRequest',
  'cache-control' => 'no-cache',
  'pragma' => 'no-cache',
  'connection' => 'close',
  'host' => 'localhost',
)
[ info ] [ PARAM ] array (
)
[ info ] [ RUN ] app\port\controller\Check->GetTime[ D:\WWW\charge\application\port\controller\Check.php ]
[ info ] [ LOG ] INIT File

---------------------------------------------------------------
[ 2017-05-28T21:27:33+08:00 ] ::1 ::1 GET /charge/public/index.php/port/check/inoutClass
[ log ] localhost/charge/public/index.php/port/check/inoutClass [运行时间：1.218184s][吞吐率：0.82req/s] [内存消耗：1,483.34kb] [文件加载：39]
[ info ] [ LANG ] D:\WWW\charge\thinkphp\lang\zh-cn.php
[ info ] [ ROUTE ] array (
  'type' => 'module',
  'module' => 
  array (
    0 => 'port',
    1 => 'check',
    2 => 'inoutClass',
  ),
)
[ info ] [ HEADER ] array (
  'accept-encoding' => 'gzip, deflate, sdch',
  'referer' => 'https://servicewechat.com/wx0d74e7d7020142e0/devtools/page-frame.html',
  'accept' => '*/*',
  'content-type' => 'application/json',
  'user-agent' => 'Mozilla/5.0 (Windows NT 10.0; Win64; x64) AppleWebKit/537.36 (KHTML, like Gecko) Chrome/53.0.2785.143 Safari/537.36 appservice webview/100000',
  'x-requested-with' => 'XMLHttpRequest',
  'cache-control' => 'no-cache',
  'pragma' => 'no-cache',
  'connection' => 'close',
  'host' => 'localhost',
)
[ info ] [ PARAM ] array (
)
[ info ] [ RUN ] app\port\controller\Check->inoutClass[ D:\WWW\charge\application\port\controller\Check.php ]
[ info ] [ DB ] INIT mysql
[ info ] [ LOG ] INIT File
[ sql ] [ DB ] CONNECT:[ UseTime:0.003141s ] mysql:dbname=bill_charge;host=127.0.0.1;port=3306;charset=utf8
[ sql ] [ SQL ] SHOW COLUMNS FROM `bill_inout_class` [ RunTime:0.091085s ]
[ sql ] [ SQL ] SELECT * FROM `bill_inout_class` WHERE  `start` = 1   [ RunTime:0.068394s ]
[ sql ] [ SQL ] SELECT * FROM `bill_inout_class` WHERE  `start` = 2   [ RunTime:0.000515s ]

---------------------------------------------------------------
[ 2017-05-28T21:27:35+08:00 ] ::1 ::1 GET /charge/public/index.php/port/check/UserCheck?openid=onVsY0Z7hIknIoGK0kvfXMMp8wLM&limit=3&lastid=0
[ log ] localhost/charge/public/index.php/port/check/UserCheck?openid=onVsY0Z7hIknIoGK0kvfXMMp8wLM&limit=3&lastid=0 [运行时间：0.288897s][吞吐率：3.46req/s] [内存消耗：1,493.48kb] [文件加载：39]
[ info ] [ LANG ] D:\WWW\charge\thinkphp\lang\zh-cn.php
[ info ] [ ROUTE ] array (
  'type' => 'module',
  'module' => 
  array (
    0 => 'port',
    1 => 'check',
    2 => 'UserCheck',
  ),
)
[ info ] [ HEADER ] array (
  'accept-encoding' => 'gzip, deflate, sdch',
  'referer' => 'https://servicewechat.com/wx0d74e7d7020142e0/devtools/page-frame.html',
  'accept' => '*/*',
  'content-type' => 'application/json',
  'user-agent' => 'Mozilla/5.0 (Windows NT 10.0; Win64; x64) AppleWebKit/537.36 (KHTML, like Gecko) Chrome/53.0.2785.143 Safari/537.36 appservice webview/100000',
  'x-requested-with' => 'XMLHttpRequest',
  'cache-control' => 'no-cache',
  'pragma' => 'no-cache',
  'connection' => 'close',
  'host' => 'localhost',
)
[ info ] [ PARAM ] array (
  'openid' => 'onVsY0Z7hIknIoGK0kvfXMMp8wLM',
  'limit' => '3',
  'lastid' => '0',
)
[ info ] [ RUN ] app\port\controller\Check->UserCheck[ D:\WWW\charge\application\port\controller\Check.php ]
[ info ] [ DB ] INIT mysql
[ info ] [ LOG ] INIT File
[ sql ] [ DB ] CONNECT:[ UseTime:0.000962s ] mysql:dbname=bill_charge;host=127.0.0.1;port=3306;charset=utf8
[ sql ] [ SQL ] SHOW COLUMNS FROM `bill_public_follow` [ RunTime:0.053449s ]
[ sql ] [ SQL ] SELECT `f`.`uid` FROM `bill_public_follow` `f` INNER JOIN `bill_user` `u` ON `f`.`uid`=`u`.`uid` WHERE  `f`.`openid` = 'onVsY0Z7hIknIoGK0kvfXMMp8wLM' LIMIT 1   [ RunTime:0.019751s ]
[ sql ] [ SQL ] SELECT sum(`money`) as `money`,`time` FROM `bill_charge` WHERE `user_id` = '6' AND `inout_start`=1 AND `time` >= unix_timestamp('2017-05-01 00:00:00') AND `time` <= unix_timestamp('2017-05-28 21:27:35') [ RunTime:0.144698s ]
[ sql ] [ SQL ] SELECT sum(`money`) as `money`,`time` FROM `bill_charge` WHERE `user_id` = '6' AND `inout_start`=2 AND `time` >= unix_timestamp('2017-05-01 00:00:00') AND `time` <= unix_timestamp('2017-05-28 21:27:35') [ RunTime:0.000626s ]
[ sql ] [ SQL ] select time,a_id from bill_charge where a_id > 0 group by time order by a_id desc LIMIT 3 [ RunTime:0.001005s ]
[ sql ] [ SQL ] select time,inout_start,sum(money) as money from bill_charge where inout_start=1 and time=1490976000 group by time [ RunTime:0.000634s ]
[ sql ] [ SQL ] select time,inout_start,sum(money) as money from bill_charge where inout_start=2 and time=1490976000 group by time [ RunTime:0.000679s ]
[ sql ] [ SQL ] SHOW COLUMNS FROM `bill_charge` [ RunTime:0.017354s ]
[ sql ] [ SQL ] SELECT * FROM `bill_charge` `c` INNER JOIN `bill_inout_class` `i` ON `c`.`inout_class`=`i`.`c_id` WHERE  `c`.`time` = 1490976000  [ RunTime:0.000618s ]
[ sql ] [ SQL ] select time,inout_start,sum(money) as money from bill_charge where inout_start=1 and time=1488988800 group by time [ RunTime:0.000436s ]
[ sql ] [ SQL ] select time,inout_start,sum(money) as money from bill_charge where inout_start=2 and time=1488988800 group by time [ RunTime:0.000442s ]
[ sql ] [ SQL ] SELECT * FROM `bill_charge` `c` INNER JOIN `bill_inout_class` `i` ON `c`.`inout_class`=`i`.`c_id` WHERE  `c`.`time` = 1488988800  [ RunTime:0.000630s ]
[ sql ] [ SQL ] select time,inout_start,sum(money) as money from bill_charge where inout_start=1 and time=1483718400 group by time [ RunTime:0.000567s ]
[ sql ] [ SQL ] select time,inout_start,sum(money) as money from bill_charge where inout_start=2 and time=1483718400 group by time [ RunTime:0.000944s ]
[ sql ] [ SQL ] SELECT * FROM `bill_charge` `c` INNER JOIN `bill_inout_class` `i` ON `c`.`inout_class`=`i`.`c_id` WHERE  `c`.`time` = 1483718400  [ RunTime:0.000842s ]

---------------------------------------------------------------
[ 2017-05-28T21:27:37+08:00 ] ::1 ::1 GET /charge/public/index.php/port/login/sendCode?code=011BF6gi2ribjF0eH7di2LCdgi2BF6gf&PHPSESSID=97IFjZeQ6EUqOCIQTNegKb5Y8t3
[ log ] localhost/charge/public/index.php/port/login/sendCode?code=011BF6gi2ribjF0eH7di2LCdgi2BF6gf&PHPSESSID=97IFjZeQ6EUqOCIQTNegKb5Y8t3 [运行时间：1.320181s][吞吐率：0.76req/s] [内存消耗：1,544.48kb] [文件加载：42]
[ info ] [ LANG ] D:\WWW\charge\thinkphp\lang\zh-cn.php
[ info ] [ ROUTE ] array (
  'type' => 'module',
  'module' => 
  array (
    0 => 'port',
    1 => 'login',
    2 => 'sendCode',
  ),
)
[ info ] [ HEADER ] array (
  'accept-encoding' => 'gzip, deflate, sdch',
  'referer' => 'https://servicewechat.com/wx0d74e7d7020142e0/devtools/page-frame.html',
  'accept' => '*/*',
  'content-type' => 'application/json',
  'user-agent' => 'Mozilla/5.0 (Windows NT 10.0; Win64; x64) AppleWebKit/537.36 (KHTML, like Gecko) Chrome/53.0.2785.143 Safari/537.36 appservice webview/100000',
  'x-requested-with' => 'XMLHttpRequest',
  'cache-control' => 'no-cache',
  'pragma' => 'no-cache',
  'connection' => 'close',
  'host' => 'localhost',
)
[ info ] [ PARAM ] array (
  'code' => '011BF6gi2ribjF0eH7di2LCdgi2BF6gf',
  'PHPSESSID' => '97IFjZeQ6EUqOCIQTNegKb5Y8t3',
)
[ info ] [ RUN ] app\port\controller\Login->sendCode[ D:\WWW\charge\application\port\controller\Login.php ]
[ info ] [ CACHE ] INIT File
[ info ] [ DB ] INIT mysql
[ info ] [ LOG ] INIT File
[ sql ] [ DB ] CONNECT:[ UseTime:0.001188s ] mysql:dbname=bill_charge;host=127.0.0.1;port=3306;charset=utf8
[ sql ] [ SQL ] SHOW COLUMNS FROM `bill_public_follow` [ RunTime:0.011663s ]
[ sql ] [ SQL ] SELECT * FROM `bill_public_follow` WHERE  `openid` = 'onVsY0Z7hIknIoGK0kvfXMMp8wLM' LIMIT 1    [ RunTime:0.000633s ]

---------------------------------------------------------------
[ 2017-05-28T21:27:37+08:00 ] ::1 ::1 GET /charge/public/index.php/port/login/saveUserInfo?encryptedData=59BlqsBBkXqKORUNV4FjD89VUik14LgjImLn8qjlYQdJIIVXeKOJMx1LAjNB6am3C%2F2mXM348qGd4PrUD0QP3huz7psr8aSTPcXm0e31h7Roxh4V21Jvwse5tBxgcrWjWlRnv1huZbjzVR5iLldnwYZ5%2B2giPHrXzmqttM7YfPNEoWEFUFzTCTvXCpxySa2iy56K5bN0C1hgrV7jwx9CTjCP%2BQv8iZQOMPlWpF44LmKg%2FJ%2BsL379CNNeQ6znPCq3JSQKCY5ChcGmqdLzHTtMm4qv83zuRpQ%2FXY2qMGfk0DwwS3P0stbxsG%2B4vnXjgx3ZUQmhfF5KJFo%2BLyFLN7F82g4e%2F0aVQLfmMhJaWgzzIO65QDDRZhr1ulVW5YUvz4Dbyl3KwcjYvz2yqmplsUUTSm%2F6EpmHgAaEdCaw9ushVR5vqYNDdx4abnFbxyu6a5dzf7bj7m6W0S52KyR%2BS6FeSwW%2B%2BtADc3120pPA63JleYc0IUzmlJNS46yiGlRME5iL&PHPSESSID=V8FFDs4l1o9y6dbjVWElYNXqebO&iv=3rG7doE%2FUZGiXS2KmevfgA%3D%3D
[ log ] localhost/charge/public/index.php/port/login/saveUserInfo?encryptedData=59BlqsBBkXqKORUNV4FjD89VUik14LgjImLn8qjlYQdJIIVXeKOJMx1LAjNB6am3C%2F2mXM348qGd4PrUD0QP3huz7psr8aSTPcXm0e31h7Roxh4V21Jvwse5tBxgcrWjWlRnv1huZbjzVR5iLldnwYZ5%2B2giPHrXzmqttM7YfPNEoWEFUFzTCTvXCpxySa2iy56K5bN0C1hgrV7jwx9CTjCP%2BQv8iZQOMPlWpF44LmKg%2FJ%2BsL379CNNeQ6znPCq3JSQKCY5ChcGmqdLzHTtMm4qv83zuRpQ%2FXY2qMGfk0DwwS3P0stbxsG%2B4vnXjgx3ZUQmhfF5KJFo%2BLyFLN7F82g4e%2F0aVQLfmMhJaWgzzIO65QDDRZhr1ulVW5YUvz4Dbyl3KwcjYvz2yqmplsUUTSm%2F6EpmHgAaEdCaw9ushVR5vqYNDdx4abnFbxyu6a5dzf7bj7m6W0S52KyR%2BS6FeSwW%2B%2BtADc3120pPA63JleYc0IUzmlJNS46yiGlRME5iL&PHPSESSID=V8FFDs4l1o9y6dbjVWElYNXqebO&iv=3rG7doE%2FUZGiXS2KmevfgA%3D%3D [运行时间：0.147856s][吞吐率：6.76req/s] [内存消耗：1,074.12kb] [文件加载：41]
[ info ] [ LANG ] D:\WWW\charge\thinkphp\lang\zh-cn.php
[ info ] [ ROUTE ] array (
  'type' => 'module',
  'module' => 
  array (
    0 => 'port',
    1 => 'login',
    2 => 'saveUserInfo',
  ),
)
[ info ] [ HEADER ] array (
  'accept-encoding' => 'gzip, deflate, sdch',
  'referer' => 'https://servicewechat.com/wx0d74e7d7020142e0/devtools/page-frame.html',
  'accept' => '*/*',
  'content-type' => 'application/json',
  'user-agent' => 'Mozilla/5.0 (Windows NT 10.0; Win64; x64) AppleWebKit/537.36 (KHTML, like Gecko) Chrome/53.0.2785.143 Safari/537.36 appservice webview/100000',
  'x-requested-with' => 'XMLHttpRequest',
  'cache-control' => 'no-cache',
  'pragma' => 'no-cache',
  'connection' => 'close',
  'host' => 'localhost',
)
[ info ] [ PARAM ] array (
  'encryptedData' => '59BlqsBBkXqKORUNV4FjD89VUik14LgjImLn8qjlYQdJIIVXeKOJMx1LAjNB6am3C/2mXM348qGd4PrUD0QP3huz7psr8aSTPcXm0e31h7Roxh4V21Jvwse5tBxgcrWjWlRnv1huZbjzVR5iLldnwYZ5+2giPHrXzmqttM7YfPNEoWEFUFzTCTvXCpxySa2iy56K5bN0C1hgrV7jwx9CTjCP+Qv8iZQOMPlWpF44LmKg/J+sL379CNNeQ6znPCq3JSQKCY5ChcGmqdLzHTtMm4qv83zuRpQ/XY2qMGfk0DwwS3P0stbxsG+4vnXjgx3ZUQmhfF5KJFo+LyFLN7F82g4e/0aVQLfmMhJaWgzzIO65QDDRZhr1ulVW5YUvz4Dbyl3KwcjYvz2yqmplsUUTSm/6EpmHgAaEdCaw9ushVR5vqYNDdx4abnFbxyu6a5dzf7bj7m6W0S52KyR+S6FeSwW++tADc3120pPA63JleYc0IUzmlJNS46yiGlRME5iL',
  'PHPSESSID' => 'V8FFDs4l1o9y6dbjVWElYNXqebO',
  'iv' => '3rG7doE/UZGiXS2KmevfgA==',
)
[ info ] [ RUN ] app\port\controller\Login->saveUserInfo[ D:\WWW\charge\application\port\controller\Login.php ]
[ info ] [ CACHE ] INIT File
[ info ] [ LOG ] INIT File
[ error ] [8]unserialize(): Error at offset 0 of 10 bytes[D:\WWW\charge\thinkphp\library\think\cache\driver\File.php:122]

---------------------------------------------------------------
[ 2017-05-28T22:05:29+08:00 ] ::1 ::1 GET /charge/public/index.php/port/check/GetTime
[ log ] localhost/charge/public/index.php/port/check/GetTime [运行时间：0.042928s][吞吐率：23.29req/s] [内存消耗：972.09kb] [文件加载：32]
[ info ] [ LANG ] D:\WWW\charge\thinkphp\lang\zh-cn.php
[ info ] [ ROUTE ] array (
  'type' => 'module',
  'module' => 
  array (
    0 => 'port',
    1 => 'check',
    2 => 'GetTime',
  ),
)
[ info ] [ HEADER ] array (
  'accept-encoding' => 'gzip, deflate, sdch',
  'referer' => 'https://servicewechat.com/wx0d74e7d7020142e0/devtools/page-frame.html',
  'accept' => '*/*',
  'content-type' => 'application/json',
  'user-agent' => 'Mozilla/5.0 (Windows NT 10.0; Win64; x64) AppleWebKit/537.36 (KHTML, like Gecko) Chrome/53.0.2785.143 Safari/537.36 appservice webview/100000',
  'x-requested-with' => 'XMLHttpRequest',
  'cache-control' => 'no-cache',
  'pragma' => 'no-cache',
  'connection' => 'close',
  'host' => 'localhost',
)
[ info ] [ PARAM ] array (
)
[ info ] [ RUN ] app\port\controller\Check->GetTime[ D:\WWW\charge\application\port\controller\Check.php ]
[ info ] [ LOG ] INIT File

---------------------------------------------------------------
[ 2017-05-28T22:05:29+08:00 ] ::1 ::1 GET /charge/public/index.php/port/check/inoutClass
[ log ] localhost/charge/public/index.php/port/check/inoutClass [运行时间：0.081769s][吞吐率：12.23req/s] [内存消耗：1,483.34kb] [文件加载：39]
[ info ] [ LANG ] D:\WWW\charge\thinkphp\lang\zh-cn.php
[ info ] [ ROUTE ] array (
  'type' => 'module',
  'module' => 
  array (
    0 => 'port',
    1 => 'check',
    2 => 'inoutClass',
  ),
)
[ info ] [ HEADER ] array (
  'accept-encoding' => 'gzip, deflate, sdch',
  'referer' => 'https://servicewechat.com/wx0d74e7d7020142e0/devtools/page-frame.html',
  'accept' => '*/*',
  'content-type' => 'application/json',
  'user-agent' => 'Mozilla/5.0 (Windows NT 10.0; Win64; x64) AppleWebKit/537.36 (KHTML, like Gecko) Chrome/53.0.2785.143 Safari/537.36 appservice webview/100000',
  'x-requested-with' => 'XMLHttpRequest',
  'cache-control' => 'no-cache',
  'pragma' => 'no-cache',
  'connection' => 'close',
  'host' => 'localhost',
)
[ info ] [ PARAM ] array (
)
[ info ] [ RUN ] app\port\controller\Check->inoutClass[ D:\WWW\charge\application\port\controller\Check.php ]
[ info ] [ DB ] INIT mysql
[ info ] [ LOG ] INIT File
[ sql ] [ DB ] CONNECT:[ UseTime:0.003228s ] mysql:dbname=bill_charge;host=127.0.0.1;port=3306;charset=utf8
[ sql ] [ SQL ] SHOW COLUMNS FROM `bill_inout_class` [ RunTime:0.017575s ]
[ sql ] [ SQL ] SELECT * FROM `bill_inout_class` WHERE  `start` = 1   [ RunTime:0.000917s ]
[ sql ] [ SQL ] SELECT * FROM `bill_inout_class` WHERE  `start` = 2   [ RunTime:0.000903s ]

---------------------------------------------------------------
[ 2017-05-28T22:05:35+08:00 ] ::1 ::1 GET /charge/public/index.php/port/check/charge?openid=onVsY0Z7hIknIoGK0kvfXMMp8wLM&formData=%7B%22input%22%3A%22%22%2C%22date%22%3A%222017-05-28%22%2C%22input1%22%3A%22%22%2C%22inout_start%22%3A2%2C%22inout_class%22%3A13%2C%22money%22%3A%22%22%2C%22remark%22%3A%22%22%2C%22time%22%3A%222017-05-28%22%7D
[ log ] localhost/charge/public/index.php/port/check/charge?openid=onVsY0Z7hIknIoGK0kvfXMMp8wLM&formData=%7B%22input%22%3A%22%22%2C%22date%22%3A%222017-05-28%22%2C%22input1%22%3A%22%22%2C%22inout_start%22%3A2%2C%22inout_class%22%3A13%2C%22money%22%3A%22%22%2C%22remark%22%3A%22%22%2C%22time%22%3A%222017-05-28%22%7D [运行时间：0.155421s][吞吐率：6.43req/s] [内存消耗：1,485.76kb] [文件加载：39]
[ info ] [ LANG ] D:\WWW\charge\thinkphp\lang\zh-cn.php
[ info ] [ ROUTE ] array (
  'type' => 'module',
  'module' => 
  array (
    0 => 'port',
    1 => 'check',
    2 => 'charge',
  ),
)
[ info ] [ HEADER ] array (
  'accept-encoding' => 'gzip, deflate, sdch',
  'referer' => 'https://servicewechat.com/wx0d74e7d7020142e0/devtools/page-frame.html',
  'accept' => '*/*',
  'content-type' => 'application/json',
  'user-agent' => 'Mozilla/5.0 (Windows NT 10.0; Win64; x64) AppleWebKit/537.36 (KHTML, like Gecko) Chrome/53.0.2785.143 Safari/537.36 appservice webview/100000',
  'x-requested-with' => 'XMLHttpRequest',
  'cache-control' => 'no-cache',
  'pragma' => 'no-cache',
  'connection' => 'close',
  'host' => 'localhost',
)
[ info ] [ PARAM ] array (
  'openid' => 'onVsY0Z7hIknIoGK0kvfXMMp8wLM',
  'formData' => '{"input":"","date":"2017-05-28","input1":"","inout_start":2,"inout_class":13,"money":"","remark":"","time":"2017-05-28"}',
)
[ info ] [ RUN ] app\port\controller\Check->charge[ D:\WWW\charge\application\port\controller\Check.php ]
[ info ] [ DB ] INIT mysql
[ info ] [ LOG ] INIT File
[ sql ] [ DB ] CONNECT:[ UseTime:0.001486s ] mysql:dbname=bill_charge;host=127.0.0.1;port=3306;charset=utf8
[ sql ] [ SQL ] SHOW COLUMNS FROM `bill_public_follow` [ RunTime:0.017859s ]
[ sql ] [ SQL ] SELECT `f`.`uid` FROM `bill_public_follow` `f` INNER JOIN `bill_user` `u` ON `f`.`uid`=`u`.`uid` WHERE  `f`.`openid` = 'onVsY0Z7hIknIoGK0kvfXMMp8wLM' LIMIT 1   [ RunTime:0.003900s ]
[ sql ] [ SQL ] select COLUMN_NAME from information_schema.COLUMNS where table_name = 'bill_charge' [ RunTime:0.016835s ]
[ sql ] [ SQL ] SHOW COLUMNS FROM `bill_charge` [ RunTime:0.013862s ]
[ sql ] [ SQL ] INSERT INTO `bill_charge` (`inout_start` , `inout_class` , `money` , `remark` , `time` , `user_id`) VALUES (2 , 13 , '' , '' , 1495900800 , 6)        [ RunTime:0.000585s ]

---------------------------------------------------------------
[ 2017-05-28T22:05:36+08:00 ] ::1 ::1 GET /charge/public/index.php/port/check/UserCheck?openid=onVsY0Z7hIknIoGK0kvfXMMp8wLM&limit=3&lastid=0
[ log ] localhost/charge/public/index.php/port/check/UserCheck?openid=onVsY0Z7hIknIoGK0kvfXMMp8wLM&limit=3&lastid=0 [运行时间：0.120713s][吞吐率：8.28req/s] [内存消耗：1,492.88kb] [文件加载：39]
[ info ] [ LANG ] D:\WWW\charge\thinkphp\lang\zh-cn.php
[ info ] [ ROUTE ] array (
  'type' => 'module',
  'module' => 
  array (
    0 => 'port',
    1 => 'check',
    2 => 'UserCheck',
  ),
)
[ info ] [ HEADER ] array (
  'accept-encoding' => 'gzip, deflate, sdch',
  'referer' => 'https://servicewechat.com/wx0d74e7d7020142e0/devtools/page-frame.html',
  'accept' => '*/*',
  'content-type' => 'application/json',
  'user-agent' => 'Mozilla/5.0 (Windows NT 10.0; Win64; x64) AppleWebKit/537.36 (KHTML, like Gecko) Chrome/53.0.2785.143 Safari/537.36 appservice webview/100000',
  'x-requested-with' => 'XMLHttpRequest',
  'cache-control' => 'no-cache',
  'pragma' => 'no-cache',
  'connection' => 'close',
  'host' => 'localhost',
)
[ info ] [ PARAM ] array (
  'openid' => 'onVsY0Z7hIknIoGK0kvfXMMp8wLM',
  'limit' => '3',
  'lastid' => '0',
)
[ info ] [ RUN ] app\port\controller\Check->UserCheck[ D:\WWW\charge\application\port\controller\Check.php ]
[ info ] [ DB ] INIT mysql
[ info ] [ LOG ] INIT File
[ sql ] [ DB ] CONNECT:[ UseTime:0.001310s ] mysql:dbname=bill_charge;host=127.0.0.1;port=3306;charset=utf8
[ sql ] [ SQL ] SHOW COLUMNS FROM `bill_public_follow` [ RunTime:0.013863s ]
[ sql ] [ SQL ] SELECT `f`.`uid` FROM `bill_public_follow` `f` INNER JOIN `bill_user` `u` ON `f`.`uid`=`u`.`uid` WHERE  `f`.`openid` = 'onVsY0Z7hIknIoGK0kvfXMMp8wLM' LIMIT 1   [ RunTime:0.000647s ]
[ sql ] [ SQL ] SELECT sum(`money`) as `money`,`time` FROM `bill_charge` WHERE `user_id` = '6' AND `inout_start`=1 AND `time` >= unix_timestamp('2017-05-01 00:00:00') AND `time` <= unix_timestamp('2017-05-28 22:05:36') [ RunTime:0.000738s ]
[ sql ] [ SQL ] SELECT sum(`money`) as `money`,`time` FROM `bill_charge` WHERE `user_id` = '6' AND `inout_start`=2 AND `time` >= unix_timestamp('2017-05-01 00:00:00') AND `time` <= unix_timestamp('2017-05-28 22:05:36') [ RunTime:0.000557s ]
[ sql ] [ SQL ] select time,a_id from bill_charge where a_id > 0 group by time order by a_id desc LIMIT 3 [ RunTime:0.001489s ]
[ sql ] [ SQL ] select time,inout_start,sum(money) as money from bill_charge where inout_start=1 and time=1495900800 group by time [ RunTime:0.000578s ]
[ sql ] [ SQL ] select time,inout_start,sum(money) as money from bill_charge where inout_start=2 and time=1495900800 group by time [ RunTime:0.000467s ]
[ sql ] [ SQL ] SHOW COLUMNS FROM `bill_charge` [ RunTime:0.013611s ]
[ sql ] [ SQL ] SELECT * FROM `bill_charge` `c` INNER JOIN `bill_inout_class` `i` ON `c`.`inout_class`=`i`.`c_id` WHERE  `c`.`time` = 1495900800  [ RunTime:0.000719s ]
[ sql ] [ SQL ] select time,inout_start,sum(money) as money from bill_charge where inout_start=1 and time=1490976000 group by time [ RunTime:0.000478s ]
[ sql ] [ SQL ] select time,inout_start,sum(money) as money from bill_charge where inout_start=2 and time=1490976000 group by time [ RunTime:0.000475s ]
[ sql ] [ SQL ] SELECT * FROM `bill_charge` `c` INNER JOIN `bill_inout_class` `i` ON `c`.`inout_class`=`i`.`c_id` WHERE  `c`.`time` = 1490976000  [ RunTime:0.000695s ]
[ sql ] [ SQL ] select time,inout_start,sum(money) as money from bill_charge where inout_start=1 and time=1488988800 group by time [ RunTime:0.000506s ]
[ sql ] [ SQL ] select time,inout_start,sum(money) as money from bill_charge where inout_start=2 and time=1488988800 group by time [ RunTime:0.000596s ]
[ sql ] [ SQL ] SELECT * FROM `bill_charge` `c` INNER JOIN `bill_inout_class` `i` ON `c`.`inout_class`=`i`.`c_id` WHERE  `c`.`time` = 1488988800  [ RunTime:0.000764s ]

---------------------------------------------------------------
[ 2017-05-28T22:05:38+08:00 ] ::1 ::1 GET /charge/public/index.php/port/login/sendCode?code=011kbYT21aPS0L1Ur4U21U7QT21kbYTG&PHPSESSID=V8FFDs4l1o9y6dbjVWElYNXqebO
[ log ] localhost/charge/public/index.php/port/login/sendCode?code=011kbYT21aPS0L1Ur4U21U7QT21kbYTG&PHPSESSID=V8FFDs4l1o9y6dbjVWElYNXqebO [运行时间：0.946488s][吞吐率：1.06req/s] [内存消耗：1,544.48kb] [文件加载：42]
[ info ] [ LANG ] D:\WWW\charge\thinkphp\lang\zh-cn.php
[ info ] [ ROUTE ] array (
  'type' => 'module',
  'module' => 
  array (
    0 => 'port',
    1 => 'login',
    2 => 'sendCode',
  ),
)
[ info ] [ HEADER ] array (
  'accept-encoding' => 'gzip, deflate, sdch',
  'referer' => 'https://servicewechat.com/wx0d74e7d7020142e0/devtools/page-frame.html',
  'accept' => '*/*',
  'content-type' => 'application/json',
  'user-agent' => 'Mozilla/5.0 (Windows NT 10.0; Win64; x64) AppleWebKit/537.36 (KHTML, like Gecko) Chrome/53.0.2785.143 Safari/537.36 appservice webview/100000',
  'x-requested-with' => 'XMLHttpRequest',
  'cache-control' => 'no-cache',
  'pragma' => 'no-cache',
  'connection' => 'close',
  'host' => 'localhost',
)
[ info ] [ PARAM ] array (
  'code' => '011kbYT21aPS0L1Ur4U21U7QT21kbYTG',
  'PHPSESSID' => 'V8FFDs4l1o9y6dbjVWElYNXqebO',
)
[ info ] [ RUN ] app\port\controller\Login->sendCode[ D:\WWW\charge\application\port\controller\Login.php ]
[ info ] [ CACHE ] INIT File
[ info ] [ DB ] INIT mysql
[ info ] [ LOG ] INIT File
[ sql ] [ DB ] CONNECT:[ UseTime:0.001703s ] mysql:dbname=bill_charge;host=127.0.0.1;port=3306;charset=utf8
[ sql ] [ SQL ] SHOW COLUMNS FROM `bill_public_follow` [ RunTime:0.018175s ]
[ sql ] [ SQL ] SELECT * FROM `bill_public_follow` WHERE  `openid` = 'onVsY0Z7hIknIoGK0kvfXMMp8wLM' LIMIT 1    [ RunTime:0.000791s ]

---------------------------------------------------------------
[ 2017-05-28T22:05:38+08:00 ] ::1 ::1 GET /charge/public/index.php/port/login/saveUserInfo?encryptedData=8I7WStv%2B4My7JhMCeI%2FJLNo9Y%2BCgnQ%2FLqNi95UEyJfY2hcQzvBYKcy7okeB36MtMTWE4q9k3O1wh%2BjKwZOUzUZqQdobhhAdsiIW%2BJMvle86iVLU7KsdVVYQaR3qtg6OvLE7KARtpT%2B0SvbshrNA50bzWjRfCj3NOuWR34Bxww%2F5yC5mHmVJMxVShsE6joAdHZBlzUWW7QQ6uzkoxtputy5Vz1XTkQte1RMSuH%2FJW087OrZKo0dRGJM0cF9PdID2ENg0spPC6UxpvwRgEWil08cTyjoNdTazYB1Iu4yLuEnvZzIYqHW2nDcqqSx6qvGueeqdqWBA48TW0siRQcH5GQFmHZmqIxSTTLaWQY%2BNJm8Ql%2BBQ6wDIU91xKTJEs03mKiuIsixgVh15nwjpJGA473P9LGT8LFrdzV0sRCEWjKq03Nkmvt%2BoCXre%2FhZ7rWMEmK7P%2F%2BHkxkyGp1ByuRSmlIM8uSE6tYQxaKLqi2Aapv1scvpcMzo5gHdnOC7MaIYFk&PHPSESSID=lZr06KmtCT958YpDKVqtv8UKBLf&iv=GBpMiXFpzg3cs5dlWyxUAA%3D%3D
[ log ] localhost/charge/public/index.php/port/login/saveUserInfo?encryptedData=8I7WStv%2B4My7JhMCeI%2FJLNo9Y%2BCgnQ%2FLqNi95UEyJfY2hcQzvBYKcy7okeB36MtMTWE4q9k3O1wh%2BjKwZOUzUZqQdobhhAdsiIW%2BJMvle86iVLU7KsdVVYQaR3qtg6OvLE7KARtpT%2B0SvbshrNA50bzWjRfCj3NOuWR34Bxww%2F5yC5mHmVJMxVShsE6joAdHZBlzUWW7QQ6uzkoxtputy5Vz1XTkQte1RMSuH%2FJW087OrZKo0dRGJM0cF9PdID2ENg0spPC6UxpvwRgEWil08cTyjoNdTazYB1Iu4yLuEnvZzIYqHW2nDcqqSx6qvGueeqdqWBA48TW0siRQcH5GQFmHZmqIxSTTLaWQY%2BNJm8Ql%2BBQ6wDIU91xKTJEs03mKiuIsixgVh15nwjpJGA473P9LGT8LFrdzV0sRCEWjKq03Nkmvt%2BoCXre%2FhZ7rWMEmK7P%2F%2BHkxkyGp1ByuRSmlIM8uSE6tYQxaKLqi2Aapv1scvpcMzo5gHdnOC7MaIYFk&PHPSESSID=lZr06KmtCT958YpDKVqtv8UKBLf&iv=GBpMiXFpzg3cs5dlWyxUAA%3D%3D [运行时间：0.050285s][吞吐率：19.89req/s] [内存消耗：1,074.12kb] [文件加载：41]
[ info ] [ LANG ] D:\WWW\charge\thinkphp\lang\zh-cn.php
[ info ] [ ROUTE ] array (
  'type' => 'module',
  'module' => 
  array (
    0 => 'port',
    1 => 'login',
    2 => 'saveUserInfo',
  ),
)
[ info ] [ HEADER ] array (
  'accept-encoding' => 'gzip, deflate, sdch',
  'referer' => 'https://servicewechat.com/wx0d74e7d7020142e0/devtools/page-frame.html',
  'accept' => '*/*',
  'content-type' => 'application/json',
  'user-agent' => 'Mozilla/5.0 (Windows NT 10.0; Win64; x64) AppleWebKit/537.36 (KHTML, like Gecko) Chrome/53.0.2785.143 Safari/537.36 appservice webview/100000',
  'x-requested-with' => 'XMLHttpRequest',
  'cache-control' => 'no-cache',
  'pragma' => 'no-cache',
  'connection' => 'close',
  'host' => 'localhost',
)
[ info ] [ PARAM ] array (
  'encryptedData' => '8I7WStv+4My7JhMCeI/JLNo9Y+CgnQ/LqNi95UEyJfY2hcQzvBYKcy7okeB36MtMTWE4q9k3O1wh+jKwZOUzUZqQdobhhAdsiIW+JMvle86iVLU7KsdVVYQaR3qtg6OvLE7KARtpT+0SvbshrNA50bzWjRfCj3NOuWR34Bxww/5yC5mHmVJMxVShsE6joAdHZBlzUWW7QQ6uzkoxtputy5Vz1XTkQte1RMSuH/JW087OrZKo0dRGJM0cF9PdID2ENg0spPC6UxpvwRgEWil08cTyjoNdTazYB1Iu4yLuEnvZzIYqHW2nDcqqSx6qvGueeqdqWBA48TW0siRQcH5GQFmHZmqIxSTTLaWQY+NJm8Ql+BQ6wDIU91xKTJEs03mKiuIsixgVh15nwjpJGA473P9LGT8LFrdzV0sRCEWjKq03Nkmvt+oCXre/hZ7rWMEmK7P/+HkxkyGp1ByuRSmlIM8uSE6tYQxaKLqi2Aapv1scvpcMzo5gHdnOC7MaIYFk',
  'PHPSESSID' => 'lZr06KmtCT958YpDKVqtv8UKBLf',
  'iv' => 'GBpMiXFpzg3cs5dlWyxUAA==',
)
[ info ] [ RUN ] app\port\controller\Login->saveUserInfo[ D:\WWW\charge\application\port\controller\Login.php ]
[ info ] [ CACHE ] INIT File
[ info ] [ LOG ] INIT File
[ error ] [8]unserialize(): Error at offset 0 of 10 bytes[D:\WWW\charge\thinkphp\library\think\cache\driver\File.php:122]

---------------------------------------------------------------
[ 2017-05-28T22:10:12+08:00 ] ::1 ::1 GET /charge/public/index.php/port/check/GetTime
[ log ] localhost/charge/public/index.php/port/check/GetTime [运行时间：0.031876s][吞吐率：31.37req/s] [内存消耗：972.09kb] [文件加载：32]
[ info ] [ LANG ] D:\WWW\charge\thinkphp\lang\zh-cn.php
[ info ] [ ROUTE ] array (
  'type' => 'module',
  'module' => 
  array (
    0 => 'port',
    1 => 'check',
    2 => 'GetTime',
  ),
)
[ info ] [ HEADER ] array (
  'accept-encoding' => 'gzip, deflate, sdch',
  'referer' => 'https://servicewechat.com/wx0d74e7d7020142e0/devtools/page-frame.html',
  'accept' => '*/*',
  'content-type' => 'application/json',
  'user-agent' => 'Mozilla/5.0 (Windows NT 10.0; Win64; x64) AppleWebKit/537.36 (KHTML, like Gecko) Chrome/53.0.2785.143 Safari/537.36 appservice webview/100000',
  'x-requested-with' => 'XMLHttpRequest',
  'cache-control' => 'no-cache',
  'pragma' => 'no-cache',
  'connection' => 'close',
  'host' => 'localhost',
)
[ info ] [ PARAM ] array (
)
[ info ] [ RUN ] app\port\controller\Check->GetTime[ D:\WWW\charge\application\port\controller\Check.php ]
[ info ] [ LOG ] INIT File

---------------------------------------------------------------
[ 2017-05-28T22:10:12+08:00 ] ::1 ::1 GET /charge/public/index.php/port/check/inoutClass
[ log ] localhost/charge/public/index.php/port/check/inoutClass [运行时间：0.082636s][吞吐率：12.10req/s] [内存消耗：1,483.34kb] [文件加载：39]
[ info ] [ LANG ] D:\WWW\charge\thinkphp\lang\zh-cn.php
[ info ] [ ROUTE ] array (
  'type' => 'module',
  'module' => 
  array (
    0 => 'port',
    1 => 'check',
    2 => 'inoutClass',
  ),
)
[ info ] [ HEADER ] array (
  'accept-encoding' => 'gzip, deflate, sdch',
  'referer' => 'https://servicewechat.com/wx0d74e7d7020142e0/devtools/page-frame.html',
  'accept' => '*/*',
  'content-type' => 'application/json',
  'user-agent' => 'Mozilla/5.0 (Windows NT 10.0; Win64; x64) AppleWebKit/537.36 (KHTML, like Gecko) Chrome/53.0.2785.143 Safari/537.36 appservice webview/100000',
  'x-requested-with' => 'XMLHttpRequest',
  'cache-control' => 'no-cache',
  'pragma' => 'no-cache',
  'connection' => 'close',
  'host' => 'localhost',
)
[ info ] [ PARAM ] array (
)
[ info ] [ RUN ] app\port\controller\Check->inoutClass[ D:\WWW\charge\application\port\controller\Check.php ]
[ info ] [ DB ] INIT mysql
[ info ] [ LOG ] INIT File
[ sql ] [ DB ] CONNECT:[ UseTime:0.003650s ] mysql:dbname=bill_charge;host=127.0.0.1;port=3306;charset=utf8
[ sql ] [ SQL ] SHOW COLUMNS FROM `bill_inout_class` [ RunTime:0.021592s ]
[ sql ] [ SQL ] SELECT * FROM `bill_inout_class` WHERE  `start` = 1   [ RunTime:0.002359s ]
[ sql ] [ SQL ] SELECT * FROM `bill_inout_class` WHERE  `start` = 2   [ RunTime:0.000693s ]

---------------------------------------------------------------
[ 2017-05-28T22:16:28+08:00 ] ::1 ::1 GET /charge/public/index.php/port/check/GetTime
[ log ] localhost/charge/public/index.php/port/check/GetTime [运行时间：0.063102s][吞吐率：15.85req/s] [内存消耗：972.09kb] [文件加载：32]
[ info ] [ LANG ] D:\WWW\charge\thinkphp\lang\zh-cn.php
[ info ] [ ROUTE ] array (
  'type' => 'module',
  'module' => 
  array (
    0 => 'port',
    1 => 'check',
    2 => 'GetTime',
  ),
)
[ info ] [ HEADER ] array (
  'accept-encoding' => 'gzip, deflate, sdch',
  'referer' => 'https://servicewechat.com/wx0d74e7d7020142e0/devtools/page-frame.html',
  'accept' => '*/*',
  'content-type' => 'application/json',
  'user-agent' => 'Mozilla/5.0 (Windows NT 10.0; Win64; x64) AppleWebKit/537.36 (KHTML, like Gecko) Chrome/53.0.2785.143 Safari/537.36 appservice webview/100000',
  'x-requested-with' => 'XMLHttpRequest',
  'cache-control' => 'no-cache',
  'pragma' => 'no-cache',
  'connection' => 'close',
  'host' => 'localhost',
)
[ info ] [ PARAM ] array (
)
[ info ] [ RUN ] app\port\controller\Check->GetTime[ D:\WWW\charge\application\port\controller\Check.php ]
[ info ] [ LOG ] INIT File

---------------------------------------------------------------
[ 2017-05-28T22:16:29+08:00 ] ::1 ::1 GET /charge/public/index.php/port/check/inoutClass
[ log ] localhost/charge/public/index.php/port/check/inoutClass [运行时间：0.092075s][吞吐率：10.86req/s] [内存消耗：1,483.34kb] [文件加载：39]
[ info ] [ LANG ] D:\WWW\charge\thinkphp\lang\zh-cn.php
[ info ] [ ROUTE ] array (
  'type' => 'module',
  'module' => 
  array (
    0 => 'port',
    1 => 'check',
    2 => 'inoutClass',
  ),
)
[ info ] [ HEADER ] array (
  'accept-encoding' => 'gzip, deflate, sdch',
  'referer' => 'https://servicewechat.com/wx0d74e7d7020142e0/devtools/page-frame.html',
  'accept' => '*/*',
  'content-type' => 'application/json',
  'user-agent' => 'Mozilla/5.0 (Windows NT 10.0; Win64; x64) AppleWebKit/537.36 (KHTML, like Gecko) Chrome/53.0.2785.143 Safari/537.36 appservice webview/100000',
  'x-requested-with' => 'XMLHttpRequest',
  'cache-control' => 'no-cache',
  'pragma' => 'no-cache',
  'connection' => 'close',
  'host' => 'localhost',
)
[ info ] [ PARAM ] array (
)
[ info ] [ RUN ] app\port\controller\Check->inoutClass[ D:\WWW\charge\application\port\controller\Check.php ]
[ info ] [ DB ] INIT mysql
[ info ] [ LOG ] INIT File
[ sql ] [ DB ] CONNECT:[ UseTime:0.003487s ] mysql:dbname=bill_charge;host=127.0.0.1;port=3306;charset=utf8
[ sql ] [ SQL ] SHOW COLUMNS FROM `bill_inout_class` [ RunTime:0.014984s ]
[ sql ] [ SQL ] SELECT * FROM `bill_inout_class` WHERE  `start` = 1   [ RunTime:0.000908s ]
[ sql ] [ SQL ] SELECT * FROM `bill_inout_class` WHERE  `start` = 2   [ RunTime:0.000664s ]

---------------------------------------------------------------
[ 2017-05-28T22:24:02+08:00 ] ::1 ::1 GET /charge/public/index.php/port/check/UserCheck?openid=onVsY0Z7hIknIoGK0kvfXMMp8wLM&limit=3&lastid=0
[ log ] localhost/charge/public/index.php/port/check/UserCheck?openid=onVsY0Z7hIknIoGK0kvfXMMp8wLM&limit=3&lastid=0 [运行时间：0.105911s][吞吐率：9.44req/s] [内存消耗：1,493.45kb] [文件加载：39]
[ info ] [ LANG ] D:\WWW\charge\thinkphp\lang\zh-cn.php
[ info ] [ ROUTE ] array (
  'type' => 'module',
  'module' => 
  array (
    0 => 'port',
    1 => 'check',
    2 => 'UserCheck',
  ),
)
[ info ] [ HEADER ] array (
  'accept-encoding' => 'gzip, deflate, sdch',
  'referer' => 'https://servicewechat.com/wx0d74e7d7020142e0/devtools/page-frame.html',
  'accept' => '*/*',
  'content-type' => 'application/json',
  'user-agent' => 'Mozilla/5.0 (Windows NT 10.0; Win64; x64) AppleWebKit/537.36 (KHTML, like Gecko) Chrome/53.0.2785.143 Safari/537.36 appservice webview/100000',
  'x-requested-with' => 'XMLHttpRequest',
  'cache-control' => 'no-cache',
  'pragma' => 'no-cache',
  'connection' => 'close',
  'host' => 'localhost',
)
[ info ] [ PARAM ] array (
  'openid' => 'onVsY0Z7hIknIoGK0kvfXMMp8wLM',
  'limit' => '3',
  'lastid' => '0',
)
[ info ] [ RUN ] app\port\controller\Check->UserCheck[ D:\WWW\charge\application\port\controller\Check.php ]
[ info ] [ DB ] INIT mysql
[ info ] [ LOG ] INIT File
[ sql ] [ DB ] CONNECT:[ UseTime:0.003484s ] mysql:dbname=bill_charge;host=127.0.0.1;port=3306;charset=utf8
[ sql ] [ SQL ] SHOW COLUMNS FROM `bill_public_follow` [ RunTime:0.015737s ]
[ sql ] [ SQL ] SELECT `f`.`uid` FROM `bill_public_follow` `f` INNER JOIN `bill_user` `u` ON `f`.`uid`=`u`.`uid` WHERE  `f`.`openid` = 'onVsY0Z7hIknIoGK0kvfXMMp8wLM' LIMIT 1   [ RunTime:0.000829s ]
[ sql ] [ SQL ] SELECT sum(`money`) as `money`,`time` FROM `bill_charge` WHERE `user_id` = '6' AND `inout_start`=1 AND `time` >= unix_timestamp('2017-05-01 00:00:00') AND `time` <= unix_timestamp('2017-05-28 22:24:01') [ RunTime:0.000756s ]
[ sql ] [ SQL ] SELECT sum(`money`) as `money`,`time` FROM `bill_charge` WHERE `user_id` = '6' AND `inout_start`=2 AND `time` >= unix_timestamp('2017-05-01 00:00:00') AND `time` <= unix_timestamp('2017-05-28 22:24:01') [ RunTime:0.000621s ]
[ sql ] [ SQL ] select time,a_id from bill_charge where a_id > 0 group by time order by a_id desc LIMIT 3 [ RunTime:0.000828s ]
[ sql ] [ SQL ] select time,inout_start,sum(money) as money from bill_charge where inout_start=1 and time=1495900800 group by time [ RunTime:0.000474s ]
[ sql ] [ SQL ] select time,inout_start,sum(money) as money from bill_charge where inout_start=2 and time=1495900800 group by time [ RunTime:0.000722s ]
[ sql ] [ SQL ] SHOW COLUMNS FROM `bill_charge` [ RunTime:0.015606s ]
[ sql ] [ SQL ] SELECT * FROM `bill_charge` `c` INNER JOIN `bill_inout_class` `i` ON `c`.`inout_class`=`i`.`c_id` WHERE  `c`.`time` = 1495900800  [ RunTime:0.000893s ]
[ sql ] [ SQL ] select time,inout_start,sum(money) as money from bill_charge where inout_start=1 and time=1490976000 group by time [ RunTime:0.000524s ]
[ sql ] [ SQL ] select time,inout_start,sum(money) as money from bill_charge where inout_start=2 and time=1490976000 group by time [ RunTime:0.000492s ]
[ sql ] [ SQL ] SELECT * FROM `bill_charge` `c` INNER JOIN `bill_inout_class` `i` ON `c`.`inout_class`=`i`.`c_id` WHERE  `c`.`time` = 1490976000  [ RunTime:0.000655s ]
[ sql ] [ SQL ] select time,inout_start,sum(money) as money from bill_charge where inout_start=1 and time=1488988800 group by time [ RunTime:0.000537s ]
[ sql ] [ SQL ] select time,inout_start,sum(money) as money from bill_charge where inout_start=2 and time=1488988800 group by time [ RunTime:0.000646s ]
[ sql ] [ SQL ] SELECT * FROM `bill_charge` `c` INNER JOIN `bill_inout_class` `i` ON `c`.`inout_class`=`i`.`c_id` WHERE  `c`.`time` = 1488988800  [ RunTime:0.000762s ]

---------------------------------------------------------------
[ 2017-05-28T22:24:03+08:00 ] ::1 ::1 GET /charge/public/index.php/port/login/sendCode?code=0710pSq41i9t9P1GbSt41OxHq410pSqq&PHPSESSID=lZr06KmtCT958YpDKVqtv8UKBLf
[ log ] localhost/charge/public/index.php/port/login/sendCode?code=0710pSq41i9t9P1GbSt41OxHq410pSqq&PHPSESSID=lZr06KmtCT958YpDKVqtv8UKBLf [运行时间：1.045298s][吞吐率：0.96req/s] [内存消耗：1,544.48kb] [文件加载：42]
[ info ] [ LANG ] D:\WWW\charge\thinkphp\lang\zh-cn.php
[ info ] [ ROUTE ] array (
  'type' => 'module',
  'module' => 
  array (
    0 => 'port',
    1 => 'login',
    2 => 'sendCode',
  ),
)
[ info ] [ HEADER ] array (
  'accept-encoding' => 'gzip, deflate, sdch',
  'referer' => 'https://servicewechat.com/wx0d74e7d7020142e0/devtools/page-frame.html',
  'accept' => '*/*',
  'content-type' => 'application/json',
  'user-agent' => 'Mozilla/5.0 (Windows NT 10.0; Win64; x64) AppleWebKit/537.36 (KHTML, like Gecko) Chrome/53.0.2785.143 Safari/537.36 appservice webview/100000',
  'x-requested-with' => 'XMLHttpRequest',
  'cache-control' => 'no-cache',
  'pragma' => 'no-cache',
  'connection' => 'close',
  'host' => 'localhost',
)
[ info ] [ PARAM ] array (
  'code' => '0710pSq41i9t9P1GbSt41OxHq410pSqq',
  'PHPSESSID' => 'lZr06KmtCT958YpDKVqtv8UKBLf',
)
[ info ] [ RUN ] app\port\controller\Login->sendCode[ D:\WWW\charge\application\port\controller\Login.php ]
[ info ] [ CACHE ] INIT File
[ info ] [ DB ] INIT mysql
[ info ] [ LOG ] INIT File
[ sql ] [ DB ] CONNECT:[ UseTime:0.001173s ] mysql:dbname=bill_charge;host=127.0.0.1;port=3306;charset=utf8
[ sql ] [ SQL ] SHOW COLUMNS FROM `bill_public_follow` [ RunTime:0.011521s ]
[ sql ] [ SQL ] SELECT * FROM `bill_public_follow` WHERE  `openid` = 'onVsY0Z7hIknIoGK0kvfXMMp8wLM' LIMIT 1    [ RunTime:0.000669s ]

---------------------------------------------------------------
[ 2017-05-28T22:24:03+08:00 ] ::1 ::1 GET /charge/public/index.php/port/login/saveUserInfo?encryptedData=jrAHBIKwp8asHIuIhzVXndCkNeb8OUXYuhnU5kgfZuhvBuitqMC0mKTtwCJGSpXjVqwZ470OETnJEHItQ9zjK5Hx6QB9xcBwglipIFLjq0zMPAfkadF%2B9Xx9eVxqznASFoPKgOQUtaf8JvT9WFQ5VGYkVr1VDYkL4gFxl7keOe5w%2F6GP2ZYibl8beKxafv%2F72zEXj1i5pqwC9qB1bohgpF1pK0EnbUdNumcVsYLpOvnoF6MznVbWRnjwbcPx%2FvI48xUjQgZKz46VeW2h1V6FlOXW3wsP2K6d8NXnoY%2FKt5cMOuFVX9oCUYPWeGw44v%2BBIBALo0nz4llTRp8qZ4%2FZcABkTkHjwcM2dyfqM2Nb0ST6SwcGzGlU9NYks6WzND6gLMhvrKLzWSuhbenQQyHOGkg%2FBKhjyOAbpCZsdwELhs%2FbAxjpUgxi8LuNOr79giPskpE6Wvm4jQkCmkfxkBo60BPWV7FJFUM7ZMQl1hr8sBnDPbyaVY0UH1nadotSC9zW&PHPSESSID=uZXLV4FnEZpn5Os4b8aIZJatqKY&iv=2Rofay63mLNAuk9LTO0vIg%3D%3D
[ log ] localhost/charge/public/index.php/port/login/saveUserInfo?encryptedData=jrAHBIKwp8asHIuIhzVXndCkNeb8OUXYuhnU5kgfZuhvBuitqMC0mKTtwCJGSpXjVqwZ470OETnJEHItQ9zjK5Hx6QB9xcBwglipIFLjq0zMPAfkadF%2B9Xx9eVxqznASFoPKgOQUtaf8JvT9WFQ5VGYkVr1VDYkL4gFxl7keOe5w%2F6GP2ZYibl8beKxafv%2F72zEXj1i5pqwC9qB1bohgpF1pK0EnbUdNumcVsYLpOvnoF6MznVbWRnjwbcPx%2FvI48xUjQgZKz46VeW2h1V6FlOXW3wsP2K6d8NXnoY%2FKt5cMOuFVX9oCUYPWeGw44v%2BBIBALo0nz4llTRp8qZ4%2FZcABkTkHjwcM2dyfqM2Nb0ST6SwcGzGlU9NYks6WzND6gLMhvrKLzWSuhbenQQyHOGkg%2FBKhjyOAbpCZsdwELhs%2FbAxjpUgxi8LuNOr79giPskpE6Wvm4jQkCmkfxkBo60BPWV7FJFUM7ZMQl1hr8sBnDPbyaVY0UH1nadotSC9zW&PHPSESSID=uZXLV4FnEZpn5Os4b8aIZJatqKY&iv=2Rofay63mLNAuk9LTO0vIg%3D%3D [运行时间：0.049938s][吞吐率：20.02req/s] [内存消耗：1,074.10kb] [文件加载：41]
[ info ] [ LANG ] D:\WWW\charge\thinkphp\lang\zh-cn.php
[ info ] [ ROUTE ] array (
  'type' => 'module',
  'module' => 
  array (
    0 => 'port',
    1 => 'login',
    2 => 'saveUserInfo',
  ),
)
[ info ] [ HEADER ] array (
  'accept-encoding' => 'gzip, deflate, sdch',
  'referer' => 'https://servicewechat.com/wx0d74e7d7020142e0/devtools/page-frame.html',
  'accept' => '*/*',
  'content-type' => 'application/json',
  'user-agent' => 'Mozilla/5.0 (Windows NT 10.0; Win64; x64) AppleWebKit/537.36 (KHTML, like Gecko) Chrome/53.0.2785.143 Safari/537.36 appservice webview/100000',
  'x-requested-with' => 'XMLHttpRequest',
  'cache-control' => 'no-cache',
  'pragma' => 'no-cache',
  'connection' => 'close',
  'host' => 'localhost',
)
[ info ] [ PARAM ] array (
  'encryptedData' => 'jrAHBIKwp8asHIuIhzVXndCkNeb8OUXYuhnU5kgfZuhvBuitqMC0mKTtwCJGSpXjVqwZ470OETnJEHItQ9zjK5Hx6QB9xcBwglipIFLjq0zMPAfkadF+9Xx9eVxqznASFoPKgOQUtaf8JvT9WFQ5VGYkVr1VDYkL4gFxl7keOe5w/6GP2ZYibl8beKxafv/72zEXj1i5pqwC9qB1bohgpF1pK0EnbUdNumcVsYLpOvnoF6MznVbWRnjwbcPx/vI48xUjQgZKz46VeW2h1V6FlOXW3wsP2K6d8NXnoY/Kt5cMOuFVX9oCUYPWeGw44v+BIBALo0nz4llTRp8qZ4/ZcABkTkHjwcM2dyfqM2Nb0ST6SwcGzGlU9NYks6WzND6gLMhvrKLzWSuhbenQQyHOGkg/BKhjyOAbpCZsdwELhs/bAxjpUgxi8LuNOr79giPskpE6Wvm4jQkCmkfxkBo60BPWV7FJFUM7ZMQl1hr8sBnDPbyaVY0UH1nadotSC9zW',
  'PHPSESSID' => 'uZXLV4FnEZpn5Os4b8aIZJatqKY',
  'iv' => '2Rofay63mLNAuk9LTO0vIg==',
)
[ info ] [ RUN ] app\port\controller\Login->saveUserInfo[ D:\WWW\charge\application\port\controller\Login.php ]
[ info ] [ CACHE ] INIT File
[ info ] [ LOG ] INIT File
[ error ] [8]unserialize(): Error at offset 0 of 10 bytes[D:\WWW\charge\thinkphp\library\think\cache\driver\File.php:122]

---------------------------------------------------------------
